2016-12-20
2016-12-19

Logging initialized using configuration in file:/etc/hive/conf/hive-log4j.properties
Could not open input file for reading. (File file:/home/hdp_oc_team/hivescripts/hdp_test/add_to_cart_stage.hql does not exist)
16/12/20 04:00:43 INFO tool.ConnectorExportTool: ConnectorExportTool starts at 1482231643860
16/12/20 04:00:45 INFO common.ConnectorPlugin: load plugins in file:/tmp/hadoop-unjar531242985101196703/teradata.connector.plugins.xml
16/12/20 04:00:46 INFO processor.TeradataOutputProcessor: output preprocessor com.teradata.connector.teradata.processor.TeradataBatchInsertProcessor starts at:  1482231646272
16/12/20 04:00:47 INFO utils.TeradataUtils: the output database product is Teradata
16/12/20 04:00:47 INFO utils.TeradataUtils: the output database version is 15.0
16/12/20 04:00:47 INFO utils.TeradataUtils: the jdbc driver version is 15.0
16/12/20 04:00:47 INFO processor.TeradataOutputProcessor: the teradata connector for hadoop version is: 1.4.2
16/12/20 04:00:47 INFO processor.TeradataOutputProcessor: output jdbc properties are jdbc:teradata://godaddy3.prod.phx3.gdg/DATABASE=P_HadoopImp_S
16/12/20 04:00:49 INFO processor.TeradataBatchInsertProcessor: create output stage table add_to_cart_stg_040048877the sql is CREATE MULTISET TABLE "add_to_cart_stg_040048877", DATABLOCKSIZE = 130048 BYTES, NO FALLBACK, NO BEFORE JOURNAL, NO AFTER JOURNAL, CHECKSUM = DEFAULT ("cart_date" DATE NULL, "shopper_id" VARCHAR(10) CHARACTER SET UNICODE NOT CASESPECIFIC NULL, "vguid" VARCHAR(200) CHARACTER SET UNICODE NOT CASESPECIFIC NULL, "domain_name" VARCHAR(200) CHARACTER SET UNICODE NOT CASESPECIFIC NULL, "cart_tld_name" VARCHAR(200) CHARACTER SET UNICODE NOT CASESPECIFIC NULL, "TDCH_BI_TASKID" VARCHAR(40) NOT CASESPECIFIC NULL) NO PRIMARY INDEX  
16/12/20 04:00:49 INFO processor.TeradataOutputProcessor: the number of mappers are 144
16/12/20 04:00:49 INFO processor.TeradataOutputProcessor: output preprocessor com.teradata.connector.teradata.processor.TeradataBatchInsertProcessor ends at:  1482231649140
16/12/20 04:00:49 INFO processor.TeradataOutputProcessor: the total elapsed time of output preprocessor com.teradata.connector.teradata.processor.TeradataBatchInsertProcessor is: 2s
16/12/20 04:00:51 INFO hdfs.DFSClient: Created HDFS_DELEGATION_TOKEN token 20991428 for hdp_oc_team on ha-hdfs:production
16/12/20 04:00:51 INFO security.TokenCache: Got dt for hdfs://production; Kind: HDFS_DELEGATION_TOKEN, Service: ha-hdfs:production, Ident: (HDFS_DELEGATION_TOKEN token 20991428 for hdp_oc_team)
16/12/20 04:00:51 INFO input.FileInputFormat: Total input paths to process : 7
16/12/20 04:00:52 INFO input.FileInputFormat: Total input paths to process : 7
16/12/20 04:00:52 INFO input.CombineFileInputFormat: DEBUG: Terminated node allocation with : CompletedNodes: 26, size left: 0
16/12/20 04:00:52 INFO mapreduce.JobSubmitter: number of splits:140
16/12/20 04:00:52 INFO mapreduce.JobSubmitter: Submitting tokens for job: job_1478649307064_891092
16/12/20 04:00:52 INFO mapreduce.JobSubmitter: Kind: HDFS_DELEGATION_TOKEN, Service: ha-hdfs:production, Ident: (HDFS_DELEGATION_TOKEN token 20991428 for hdp_oc_team)
16/12/20 04:00:53 INFO impl.YarnClientImpl: Submitted application application_1478649307064_891092
16/12/20 04:00:53 INFO mapreduce.Job: The url to track the job: http://p3plpaname02.prod.phx3.gdg:8088/proxy/application_1478649307064_891092/
16/12/20 04:00:53 INFO mapreduce.Job: Running job: job_1478649307064_891092
16/12/20 04:01:02 INFO mapreduce.Job: Job job_1478649307064_891092 running in uber mode : false
16/12/20 04:01:02 INFO mapreduce.Job:  map 0% reduce 0%
16/12/20 04:01:15 INFO mapreduce.Job:  map 1% reduce 0%
16/12/20 04:01:16 INFO mapreduce.Job:  map 3% reduce 0%
16/12/20 04:01:17 INFO mapreduce.Job:  map 4% reduce 0%
16/12/20 04:01:18 INFO mapreduce.Job:  map 5% reduce 0%
16/12/20 04:01:19 INFO mapreduce.Job:  map 6% reduce 0%
16/12/20 04:01:20 INFO mapreduce.Job:  map 12% reduce 0%
16/12/20 04:01:21 INFO mapreduce.Job:  map 13% reduce 0%
16/12/20 04:01:22 INFO mapreduce.Job:  map 21% reduce 0%
16/12/20 04:01:23 INFO mapreduce.Job:  map 26% reduce 0%
16/12/20 04:01:24 INFO mapreduce.Job:  map 27% reduce 0%
16/12/20 04:01:25 INFO mapreduce.Job:  map 37% reduce 0%
16/12/20 04:01:26 INFO mapreduce.Job:  map 44% reduce 0%
16/12/20 04:01:27 INFO mapreduce.Job:  map 45% reduce 0%
16/12/20 04:01:28 INFO mapreduce.Job:  map 56% reduce 0%
16/12/20 04:01:29 INFO mapreduce.Job:  map 62% reduce 0%
16/12/20 04:01:30 INFO mapreduce.Job:  map 63% reduce 0%
16/12/20 04:01:31 INFO mapreduce.Job:  map 70% reduce 0%
16/12/20 04:01:32 INFO mapreduce.Job:  map 77% reduce 0%
16/12/20 04:01:33 INFO mapreduce.Job:  map 80% reduce 0%
16/12/20 04:01:34 INFO mapreduce.Job:  map 88% reduce 0%
16/12/20 04:01:35 INFO mapreduce.Job:  map 93% reduce 0%
16/12/20 04:01:36 INFO mapreduce.Job:  map 94% reduce 0%
16/12/20 04:01:37 INFO mapreduce.Job:  map 98% reduce 0%
16/12/20 04:01:38 INFO mapreduce.Job:  map 99% reduce 0%
16/12/20 04:01:41 INFO mapreduce.Job:  map 100% reduce 0%
16/12/20 04:01:48 INFO mapreduce.Job: Job job_1478649307064_891092 completed successfully
16/12/20 04:01:48 INFO mapreduce.Job: Counters: 32
	File System Counters
		FILE: Number of bytes read=0
		FILE: Number of bytes written=19657330
		FILE: Number of read operations=0
		FILE: Number of large read operations=0
		FILE: Number of write operations=0
		HDFS: Number of bytes read=1151869873
		HDFS: Number of bytes written=0
		HDFS: Number of read operations=294
		HDFS: Number of large read operations=0
		HDFS: Number of write operations=0
	Job Counters 
		Launched map tasks=140
		Other local map tasks=43
		Data-local map tasks=14
		Rack-local map tasks=83
		Total time spent by all maps in occupied slots (ms)=7785938
		Total time spent by all reduces in occupied slots (ms)=0
		Total time spent by all map tasks (ms)=3892969
		Total vcore-milliseconds taken by all map tasks=3892969
		Total megabyte-milliseconds taken by all map tasks=15945601024
	Map-Reduce Framework
		Map input records=14362464
		Map output records=14362464
		Input split bytes=24822
		Spilled Records=0
		Failed Shuffles=0
		Merged Map outputs=0
		GC time elapsed (ms)=29125
		CPU time spent (ms)=1237530
		Physical memory (bytes) snapshot=54166499328
		Virtual memory (bytes) snapshot=587506040832
		Total committed heap usage (bytes)=57137430528
	File Input Format Counters 
		Bytes Read=0
	File Output Format Counters 
		Bytes Written=0
16/12/20 04:01:48 INFO processor.TeradataOutputProcessor: output postprocessor com.teradata.connector.teradata.processor.TeradataBatchInsertProcessor starts at:  1482231708246
16/12/20 04:01:48 INFO processor.TeradataBatchInsertProcessor: insert from staget table to target table 
16/12/20 04:01:48 INFO processor.TeradataBatchInsertProcessor: the insert select sql starts at: 1482231708522
16/12/20 04:01:59 INFO processor.TeradataBatchInsertProcessor: the insert select sql ends at: 1482231719786
16/12/20 04:01:59 INFO processor.TeradataBatchInsertProcessor: the total elapsed time of the insert select sql  is: 11s
16/12/20 04:02:01 INFO processor.TeradataBatchInsertProcessor: drop stage table "add_to_cart_stg_040048877"
16/12/20 04:02:01 INFO processor.TeradataOutputProcessor: output postprocessor com.teradata.connector.teradata.processor.TeradataBatchInsertProcessor ends at:  1482231708246
16/12/20 04:02:01 INFO processor.TeradataOutputProcessor: the total elapsed time of output postprocessor com.teradata.connector.teradata.processor.TeradataBatchInsertProcessor is: 13s
16/12/20 04:02:01 INFO tool.ConnectorExportTool: ConnectorExportTool ends at 1482231721504
16/12/20 04:02:01 INFO tool.ConnectorExportTool: ConnectorExportTool time is 77s
16/12/20 04:02:01 INFO tool.ConnectorExportTool: job completed with exit code 0
BTEQ 15.00.00.02 Tue Dec 20 04:02:02 2016 PID: 25871
 
+---------+---------+---------+---------+---------+---------+---------+----


.SET ECHOREQ ON
+---------+---------+---------+---------+---------+---------+---------+----
.SET ERROROUT STDOUT
 *** Error messages now directed to STDOUT.
+---------+---------+---------+---------+---------+---------+---------+----
.SET WIDTH 256
+---------+---------+---------+---------+---------+---------+---------+---------+---------+---------+---------+---------+---------+-

.LOGON godaddy3.prod.phx3.gdg/P_BTCH_HadoopImp,

 *** Logon successfully completed.
 *** Teradata Database Release is 15.00.02.03                   
 *** Teradata Database Version is 15.00.02.05                     
 *** Transaction Semantics are BTET.
 *** Session Character Set Name is 'ASCII'.
 
 *** Total elapsed time was 1 second.
 
+---------+---------+---------+---------+---------+---------+---------+---------+---------+---------+---------+---------+---------+-


LOCKING ROW FOR ACCESS SELECT TOP 1 * FROM P_HadoopImp_S.add_to_cart_STG;

 *** Query completed. One row found. 5 columns returned. 
 *** Total elapsed time was 1 second.

 cart_date shopper_id vguid                                                                                                                                                                                                    domain_name          cart_tld_nam
---------- ---------- -------------------------------------------------------------------------------------------------------------------------------------------------------------------------------------------------------- -------------------- ------------
2016-09-15 137052903  bd91d90c-9ba8-4c4e-8aa3-a5e669226f6f                                                                                                                                                                     universallawofattrac com

+---------+---------+---------+---------+---------+---------+---------+---------+---------+---------+---------+---------+---------+-

.IF ACTIVITYCOUNT = 0 THEN .GOTO E003;
+---------+---------+---------+---------+---------+---------+---------+---------+---------+---------+---------+---------+---------+-

BEGIN TRANSACTION;

 *** Begin transaction accepted. 
 *** Total elapsed time was 1 second.


+---------+---------+---------+---------+---------+---------+---------+---------+---------+---------+---------+---------+---------+-


INSERT P_HadoopImp_T.add_to_cart
(       cart_date, 
        shopper_id, 
        vguid, 
        domain_name, 
        cart_tld_name
 )
SELECT  cart_date, 
        shopper_id, 
        vguid, 
        domain_name, 
        cart_tld_name
FROM P_HadoopImp_S.add_to_cart_STG;

 *** Insert completed. 14362464 rows added. 
 *** Total elapsed time was 45 seconds.


+---------+---------+---------+---------+---------+---------+---------+---------+---------+---------+---------+---------+---------+-

DELETE P_HadoopImp_S.add_to_cart_STG ALL;

 *** Delete completed. 14362464 rows removed. 
 *** Total elapsed time was 1 second.


+---------+---------+---------+---------+---------+---------+---------+---------+---------+---------+---------+---------+---------+-


.IF ERRORCODE <> 0 THEN .GOTO E003
+---------+---------+---------+---------+---------+---------+---------+---------+---------+---------+---------+---------+---------+-


END TRANSACTION;

 *** End transaction accepted. 
 *** Total elapsed time was 1 second.


+---------+---------+---------+---------+---------+---------+---------+---------+---------+---------+---------+---------+---------+-

.LOGOFF
 *** You are now logged off from the DBC.
+---------+---------+---------+---------+---------+---------+---------+---------+---------+---------+---------+---------+---------+-
.QUIT
 *** Exiting BTEQ...
 *** RC (return code) = 0 
