
Logging initialized using configuration in file:/etc/hive/conf/hive-log4j.properties
OK
Time taken: 9.893 seconds
Query ID = hdp_oc_team_20161220080149_a464eb4c-2d77-4acf-b6fc-97dc652b091f
Total jobs = 3
Launching Job 1 out of 3
Number of reduce tasks is set to 0 since there's no reduce operator
16/12/20 08:02:03 ERROR mr.ExecDriver: yarn
16/12/20 08:02:06 WARN mapreduce.JobResourceUploader: Hadoop command-line option parsing not performed. Implement the Tool interface and execute your application with ToolRunner to remedy this.
Starting Job = job_1478649307064_896888, Tracking URL = http://p3plpaname02.prod.phx3.gdg:8088/proxy/application_1478649307064_896888/
Kill Command = /usr/lib/hadoop/bin/hadoop job  -kill job_1478649307064_896888
Hadoop job information for Stage-1: number of mappers: 281; number of reducers: 0
16/12/20 08:02:21 WARN mapreduce.Counters: Group org.apache.hadoop.mapred.Task$Counter is deprecated. Use org.apache.hadoop.mapreduce.TaskCounter instead
2016-12-20 08:02:21,086 Stage-1 map = 0%,  reduce = 0%
2016-12-20 08:02:42,741 Stage-1 map = 2%,  reduce = 0%, Cumulative CPU 57.35 sec
2016-12-20 08:02:44,245 Stage-1 map = 7%,  reduce = 0%, Cumulative CPU 167.03 sec
2016-12-20 08:02:45,577 Stage-1 map = 18%,  reduce = 0%, Cumulative CPU 536.9 sec
2016-12-20 08:02:46,721 Stage-1 map = 35%,  reduce = 0%, Cumulative CPU 1313.37 sec
2016-12-20 08:02:47,965 Stage-1 map = 59%,  reduce = 0%, Cumulative CPU 2342.54 sec
2016-12-20 08:02:49,174 Stage-1 map = 78%,  reduce = 0%, Cumulative CPU 3030.33 sec
2016-12-20 08:02:50,376 Stage-1 map = 90%,  reduce = 0%, Cumulative CPU 3414.47 sec
2016-12-20 08:02:51,630 Stage-1 map = 95%,  reduce = 0%, Cumulative CPU 3520.69 sec
2016-12-20 08:02:52,865 Stage-1 map = 99%,  reduce = 0%, Cumulative CPU 3602.66 sec
2016-12-20 08:02:56,340 Stage-1 map = 100%,  reduce = 0%, Cumulative CPU 3613.33 sec
MapReduce Total cumulative CPU time: 0 days 1 hours 0 minutes 13 seconds 330 msec
Ended Job = job_1478649307064_896888
Stage-4 is selected by condition resolver.
Stage-3 is filtered out by condition resolver.
Stage-5 is filtered out by condition resolver.
Moving data to: hdfs://production/user/hdp_oc_team/hdp_oc_team.db/tmp_cdl_attributes/.hive-staging_hive_2016-12-20_08-01-49_775_6808006782118595265-1/-ext-10000
Loading data to table hdp_oc_team.tmp_cdl_attributes
Moved: 'hdfs://production/user/hdp_oc_team/hdp_oc_team.db/tmp_cdl_attributes/000000_0' to trash at: hdfs://production/user/hdp_oc_team/.Trash/Current
Moved: 'hdfs://production/user/hdp_oc_team/hdp_oc_team.db/tmp_cdl_attributes/000001_0' to trash at: hdfs://production/user/hdp_oc_team/.Trash/Current
Moved: 'hdfs://production/user/hdp_oc_team/hdp_oc_team.db/tmp_cdl_attributes/000002_0' to trash at: hdfs://production/user/hdp_oc_team/.Trash/Current
Moved: 'hdfs://production/user/hdp_oc_team/hdp_oc_team.db/tmp_cdl_attributes/000003_0' to trash at: hdfs://production/user/hdp_oc_team/.Trash/Current
Moved: 'hdfs://production/user/hdp_oc_team/hdp_oc_team.db/tmp_cdl_attributes/000004_0' to trash at: hdfs://production/user/hdp_oc_team/.Trash/Current
Moved: 'hdfs://production/user/hdp_oc_team/hdp_oc_team.db/tmp_cdl_attributes/000005_0' to trash at: hdfs://production/user/hdp_oc_team/.Trash/Current
Moved: 'hdfs://production/user/hdp_oc_team/hdp_oc_team.db/tmp_cdl_attributes/000006_0' to trash at: hdfs://production/user/hdp_oc_team/.Trash/Current
Moved: 'hdfs://production/user/hdp_oc_team/hdp_oc_team.db/tmp_cdl_attributes/000007_0' to trash at: hdfs://production/user/hdp_oc_team/.Trash/Current
Moved: 'hdfs://production/user/hdp_oc_team/hdp_oc_team.db/tmp_cdl_attributes/000008_0' to trash at: hdfs://production/user/hdp_oc_team/.Trash/Current
Moved: 'hdfs://production/user/hdp_oc_team/hdp_oc_team.db/tmp_cdl_attributes/000009_0' to trash at: hdfs://production/user/hdp_oc_team/.Trash/Current
Moved: 'hdfs://production/user/hdp_oc_team/hdp_oc_team.db/tmp_cdl_attributes/000010_0' to trash at: hdfs://production/user/hdp_oc_team/.Trash/Current
Moved: 'hdfs://production/user/hdp_oc_team/hdp_oc_team.db/tmp_cdl_attributes/000011_0' to trash at: hdfs://production/user/hdp_oc_team/.Trash/Current
Moved: 'hdfs://production/user/hdp_oc_team/hdp_oc_team.db/tmp_cdl_attributes/000012_0' to trash at: hdfs://production/user/hdp_oc_team/.Trash/Current
Moved: 'hdfs://production/user/hdp_oc_team/hdp_oc_team.db/tmp_cdl_attributes/000013_0' to trash at: hdfs://production/user/hdp_oc_team/.Trash/Current
Moved: 'hdfs://production/user/hdp_oc_team/hdp_oc_team.db/tmp_cdl_attributes/000014_0' to trash at: hdfs://production/user/hdp_oc_team/.Trash/Current
Moved: 'hdfs://production/user/hdp_oc_team/hdp_oc_team.db/tmp_cdl_attributes/000015_0' to trash at: hdfs://production/user/hdp_oc_team/.Trash/Current
Moved: 'hdfs://production/user/hdp_oc_team/hdp_oc_team.db/tmp_cdl_attributes/000016_0' to trash at: hdfs://production/user/hdp_oc_team/.Trash/Current
Moved: 'hdfs://production/user/hdp_oc_team/hdp_oc_team.db/tmp_cdl_attributes/000017_0' to trash at: hdfs://production/user/hdp_oc_team/.Trash/Current
Moved: 'hdfs://production/user/hdp_oc_team/hdp_oc_team.db/tmp_cdl_attributes/000018_0' to trash at: hdfs://production/user/hdp_oc_team/.Trash/Current
Moved: 'hdfs://production/user/hdp_oc_team/hdp_oc_team.db/tmp_cdl_attributes/000019_0' to trash at: hdfs://production/user/hdp_oc_team/.Trash/Current
Moved: 'hdfs://production/user/hdp_oc_team/hdp_oc_team.db/tmp_cdl_attributes/000020_0' to trash at: hdfs://production/user/hdp_oc_team/.Trash/Current
Moved: 'hdfs://production/user/hdp_oc_team/hdp_oc_team.db/tmp_cdl_attributes/000021_0' to trash at: hdfs://production/user/hdp_oc_team/.Trash/Current
Moved: 'hdfs://production/user/hdp_oc_team/hdp_oc_team.db/tmp_cdl_attributes/000022_0' to trash at: hdfs://production/user/hdp_oc_team/.Trash/Current
Moved: 'hdfs://production/user/hdp_oc_team/hdp_oc_team.db/tmp_cdl_attributes/000023_0' to trash at: hdfs://production/user/hdp_oc_team/.Trash/Current
Moved: 'hdfs://production/user/hdp_oc_team/hdp_oc_team.db/tmp_cdl_attributes/000024_0' to trash at: hdfs://production/user/hdp_oc_team/.Trash/Current
Moved: 'hdfs://production/user/hdp_oc_team/hdp_oc_team.db/tmp_cdl_attributes/000025_0' to trash at: hdfs://production/user/hdp_oc_team/.Trash/Current
Moved: 'hdfs://production/user/hdp_oc_team/hdp_oc_team.db/tmp_cdl_attributes/000026_0' to trash at: hdfs://production/user/hdp_oc_team/.Trash/Current
Moved: 'hdfs://production/user/hdp_oc_team/hdp_oc_team.db/tmp_cdl_attributes/000027_0' to trash at: hdfs://production/user/hdp_oc_team/.Trash/Current
Moved: 'hdfs://production/user/hdp_oc_team/hdp_oc_team.db/tmp_cdl_attributes/000028_0' to trash at: hdfs://production/user/hdp_oc_team/.Trash/Current
Moved: 'hdfs://production/user/hdp_oc_team/hdp_oc_team.db/tmp_cdl_attributes/000029_0' to trash at: hdfs://production/user/hdp_oc_team/.Trash/Current
Moved: 'hdfs://production/user/hdp_oc_team/hdp_oc_team.db/tmp_cdl_attributes/000030_0' to trash at: hdfs://production/user/hdp_oc_team/.Trash/Current
Moved: 'hdfs://production/user/hdp_oc_team/hdp_oc_team.db/tmp_cdl_attributes/000031_0' to trash at: hdfs://production/user/hdp_oc_team/.Trash/Current
Moved: 'hdfs://production/user/hdp_oc_team/hdp_oc_team.db/tmp_cdl_attributes/000032_0' to trash at: hdfs://production/user/hdp_oc_team/.Trash/Current
Moved: 'hdfs://production/user/hdp_oc_team/hdp_oc_team.db/tmp_cdl_attributes/000033_0' to trash at: hdfs://production/user/hdp_oc_team/.Trash/Current
Moved: 'hdfs://production/user/hdp_oc_team/hdp_oc_team.db/tmp_cdl_attributes/000034_0' to trash at: hdfs://production/user/hdp_oc_team/.Trash/Current
Moved: 'hdfs://production/user/hdp_oc_team/hdp_oc_team.db/tmp_cdl_attributes/000035_0' to trash at: hdfs://production/user/hdp_oc_team/.Trash/Current
Moved: 'hdfs://production/user/hdp_oc_team/hdp_oc_team.db/tmp_cdl_attributes/000036_0' to trash at: hdfs://production/user/hdp_oc_team/.Trash/Current
Moved: 'hdfs://production/user/hdp_oc_team/hdp_oc_team.db/tmp_cdl_attributes/000037_0' to trash at: hdfs://production/user/hdp_oc_team/.Trash/Current
Moved: 'hdfs://production/user/hdp_oc_team/hdp_oc_team.db/tmp_cdl_attributes/000038_0' to trash at: hdfs://production/user/hdp_oc_team/.Trash/Current
Moved: 'hdfs://production/user/hdp_oc_team/hdp_oc_team.db/tmp_cdl_attributes/000039_0' to trash at: hdfs://production/user/hdp_oc_team/.Trash/Current
Moved: 'hdfs://production/user/hdp_oc_team/hdp_oc_team.db/tmp_cdl_attributes/000040_0' to trash at: hdfs://production/user/hdp_oc_team/.Trash/Current
Moved: 'hdfs://production/user/hdp_oc_team/hdp_oc_team.db/tmp_cdl_attributes/000041_0' to trash at: hdfs://production/user/hdp_oc_team/.Trash/Current
Moved: 'hdfs://production/user/hdp_oc_team/hdp_oc_team.db/tmp_cdl_attributes/000042_0' to trash at: hdfs://production/user/hdp_oc_team/.Trash/Current
Moved: 'hdfs://production/user/hdp_oc_team/hdp_oc_team.db/tmp_cdl_attributes/000043_0' to trash at: hdfs://production/user/hdp_oc_team/.Trash/Current
Moved: 'hdfs://production/user/hdp_oc_team/hdp_oc_team.db/tmp_cdl_attributes/000044_0' to trash at: hdfs://production/user/hdp_oc_team/.Trash/Current
Moved: 'hdfs://production/user/hdp_oc_team/hdp_oc_team.db/tmp_cdl_attributes/000045_0' to trash at: hdfs://production/user/hdp_oc_team/.Trash/Current
Moved: 'hdfs://production/user/hdp_oc_team/hdp_oc_team.db/tmp_cdl_attributes/000046_0' to trash at: hdfs://production/user/hdp_oc_team/.Trash/Current
Moved: 'hdfs://production/user/hdp_oc_team/hdp_oc_team.db/tmp_cdl_attributes/000047_0' to trash at: hdfs://production/user/hdp_oc_team/.Trash/Current
Moved: 'hdfs://production/user/hdp_oc_team/hdp_oc_team.db/tmp_cdl_attributes/000048_0' to trash at: hdfs://production/user/hdp_oc_team/.Trash/Current
Moved: 'hdfs://production/user/hdp_oc_team/hdp_oc_team.db/tmp_cdl_attributes/000049_0' to trash at: hdfs://production/user/hdp_oc_team/.Trash/Current
Moved: 'hdfs://production/user/hdp_oc_team/hdp_oc_team.db/tmp_cdl_attributes/000050_0' to trash at: hdfs://production/user/hdp_oc_team/.Trash/Current
Moved: 'hdfs://production/user/hdp_oc_team/hdp_oc_team.db/tmp_cdl_attributes/000051_0' to trash at: hdfs://production/user/hdp_oc_team/.Trash/Current
Moved: 'hdfs://production/user/hdp_oc_team/hdp_oc_team.db/tmp_cdl_attributes/000052_0' to trash at: hdfs://production/user/hdp_oc_team/.Trash/Current
Moved: 'hdfs://production/user/hdp_oc_team/hdp_oc_team.db/tmp_cdl_attributes/000053_0' to trash at: hdfs://production/user/hdp_oc_team/.Trash/Current
Moved: 'hdfs://production/user/hdp_oc_team/hdp_oc_team.db/tmp_cdl_attributes/000054_0' to trash at: hdfs://production/user/hdp_oc_team/.Trash/Current
Moved: 'hdfs://production/user/hdp_oc_team/hdp_oc_team.db/tmp_cdl_attributes/000055_0' to trash at: hdfs://production/user/hdp_oc_team/.Trash/Current
Moved: 'hdfs://production/user/hdp_oc_team/hdp_oc_team.db/tmp_cdl_attributes/000056_0' to trash at: hdfs://production/user/hdp_oc_team/.Trash/Current
Moved: 'hdfs://production/user/hdp_oc_team/hdp_oc_team.db/tmp_cdl_attributes/000057_0' to trash at: hdfs://production/user/hdp_oc_team/.Trash/Current
Moved: 'hdfs://production/user/hdp_oc_team/hdp_oc_team.db/tmp_cdl_attributes/000058_0' to trash at: hdfs://production/user/hdp_oc_team/.Trash/Current
Moved: 'hdfs://production/user/hdp_oc_team/hdp_oc_team.db/tmp_cdl_attributes/000059_0' to trash at: hdfs://production/user/hdp_oc_team/.Trash/Current
Moved: 'hdfs://production/user/hdp_oc_team/hdp_oc_team.db/tmp_cdl_attributes/000060_0' to trash at: hdfs://production/user/hdp_oc_team/.Trash/Current
Moved: 'hdfs://production/user/hdp_oc_team/hdp_oc_team.db/tmp_cdl_attributes/000061_0' to trash at: hdfs://production/user/hdp_oc_team/.Trash/Current
Moved: 'hdfs://production/user/hdp_oc_team/hdp_oc_team.db/tmp_cdl_attributes/000062_0' to trash at: hdfs://production/user/hdp_oc_team/.Trash/Current
Moved: 'hdfs://production/user/hdp_oc_team/hdp_oc_team.db/tmp_cdl_attributes/000063_0' to trash at: hdfs://production/user/hdp_oc_team/.Trash/Current
Moved: 'hdfs://production/user/hdp_oc_team/hdp_oc_team.db/tmp_cdl_attributes/000064_0' to trash at: hdfs://production/user/hdp_oc_team/.Trash/Current
Moved: 'hdfs://production/user/hdp_oc_team/hdp_oc_team.db/tmp_cdl_attributes/000065_0' to trash at: hdfs://production/user/hdp_oc_team/.Trash/Current
Moved: 'hdfs://production/user/hdp_oc_team/hdp_oc_team.db/tmp_cdl_attributes/000066_0' to trash at: hdfs://production/user/hdp_oc_team/.Trash/Current
Moved: 'hdfs://production/user/hdp_oc_team/hdp_oc_team.db/tmp_cdl_attributes/000067_0' to trash at: hdfs://production/user/hdp_oc_team/.Trash/Current
Moved: 'hdfs://production/user/hdp_oc_team/hdp_oc_team.db/tmp_cdl_attributes/000068_0' to trash at: hdfs://production/user/hdp_oc_team/.Trash/Current
Moved: 'hdfs://production/user/hdp_oc_team/hdp_oc_team.db/tmp_cdl_attributes/000069_0' to trash at: hdfs://production/user/hdp_oc_team/.Trash/Current
Moved: 'hdfs://production/user/hdp_oc_team/hdp_oc_team.db/tmp_cdl_attributes/000070_0' to trash at: hdfs://production/user/hdp_oc_team/.Trash/Current
Moved: 'hdfs://production/user/hdp_oc_team/hdp_oc_team.db/tmp_cdl_attributes/000071_0' to trash at: hdfs://production/user/hdp_oc_team/.Trash/Current
Moved: 'hdfs://production/user/hdp_oc_team/hdp_oc_team.db/tmp_cdl_attributes/000072_0' to trash at: hdfs://production/user/hdp_oc_team/.Trash/Current
Moved: 'hdfs://production/user/hdp_oc_team/hdp_oc_team.db/tmp_cdl_attributes/000073_0' to trash at: hdfs://production/user/hdp_oc_team/.Trash/Current
Moved: 'hdfs://production/user/hdp_oc_team/hdp_oc_team.db/tmp_cdl_attributes/000074_0' to trash at: hdfs://production/user/hdp_oc_team/.Trash/Current
Moved: 'hdfs://production/user/hdp_oc_team/hdp_oc_team.db/tmp_cdl_attributes/000075_0' to trash at: hdfs://production/user/hdp_oc_team/.Trash/Current
Moved: 'hdfs://production/user/hdp_oc_team/hdp_oc_team.db/tmp_cdl_attributes/000076_0' to trash at: hdfs://production/user/hdp_oc_team/.Trash/Current
Moved: 'hdfs://production/user/hdp_oc_team/hdp_oc_team.db/tmp_cdl_attributes/000077_0' to trash at: hdfs://production/user/hdp_oc_team/.Trash/Current
Moved: 'hdfs://production/user/hdp_oc_team/hdp_oc_team.db/tmp_cdl_attributes/000078_0' to trash at: hdfs://production/user/hdp_oc_team/.Trash/Current
Moved: 'hdfs://production/user/hdp_oc_team/hdp_oc_team.db/tmp_cdl_attributes/000079_0' to trash at: hdfs://production/user/hdp_oc_team/.Trash/Current
Moved: 'hdfs://production/user/hdp_oc_team/hdp_oc_team.db/tmp_cdl_attributes/000080_0' to trash at: hdfs://production/user/hdp_oc_team/.Trash/Current
Moved: 'hdfs://production/user/hdp_oc_team/hdp_oc_team.db/tmp_cdl_attributes/000081_0' to trash at: hdfs://production/user/hdp_oc_team/.Trash/Current
Moved: 'hdfs://production/user/hdp_oc_team/hdp_oc_team.db/tmp_cdl_attributes/000082_0' to trash at: hdfs://production/user/hdp_oc_team/.Trash/Current
Moved: 'hdfs://production/user/hdp_oc_team/hdp_oc_team.db/tmp_cdl_attributes/000083_0' to trash at: hdfs://production/user/hdp_oc_team/.Trash/Current
Moved: 'hdfs://production/user/hdp_oc_team/hdp_oc_team.db/tmp_cdl_attributes/000084_0' to trash at: hdfs://production/user/hdp_oc_team/.Trash/Current
Moved: 'hdfs://production/user/hdp_oc_team/hdp_oc_team.db/tmp_cdl_attributes/000085_0' to trash at: hdfs://production/user/hdp_oc_team/.Trash/Current
Moved: 'hdfs://production/user/hdp_oc_team/hdp_oc_team.db/tmp_cdl_attributes/000086_0' to trash at: hdfs://production/user/hdp_oc_team/.Trash/Current
Moved: 'hdfs://production/user/hdp_oc_team/hdp_oc_team.db/tmp_cdl_attributes/000087_0' to trash at: hdfs://production/user/hdp_oc_team/.Trash/Current
Moved: 'hdfs://production/user/hdp_oc_team/hdp_oc_team.db/tmp_cdl_attributes/000088_0' to trash at: hdfs://production/user/hdp_oc_team/.Trash/Current
Moved: 'hdfs://production/user/hdp_oc_team/hdp_oc_team.db/tmp_cdl_attributes/000089_0' to trash at: hdfs://production/user/hdp_oc_team/.Trash/Current
Moved: 'hdfs://production/user/hdp_oc_team/hdp_oc_team.db/tmp_cdl_attributes/000090_0' to trash at: hdfs://production/user/hdp_oc_team/.Trash/Current
Moved: 'hdfs://production/user/hdp_oc_team/hdp_oc_team.db/tmp_cdl_attributes/000091_0' to trash at: hdfs://production/user/hdp_oc_team/.Trash/Current
Moved: 'hdfs://production/user/hdp_oc_team/hdp_oc_team.db/tmp_cdl_attributes/000092_0' to trash at: hdfs://production/user/hdp_oc_team/.Trash/Current
Moved: 'hdfs://production/user/hdp_oc_team/hdp_oc_team.db/tmp_cdl_attributes/000093_0' to trash at: hdfs://production/user/hdp_oc_team/.Trash/Current
Moved: 'hdfs://production/user/hdp_oc_team/hdp_oc_team.db/tmp_cdl_attributes/000094_0' to trash at: hdfs://production/user/hdp_oc_team/.Trash/Current
Moved: 'hdfs://production/user/hdp_oc_team/hdp_oc_team.db/tmp_cdl_attributes/000095_0' to trash at: hdfs://production/user/hdp_oc_team/.Trash/Current
Moved: 'hdfs://production/user/hdp_oc_team/hdp_oc_team.db/tmp_cdl_attributes/000096_0' to trash at: hdfs://production/user/hdp_oc_team/.Trash/Current
Moved: 'hdfs://production/user/hdp_oc_team/hdp_oc_team.db/tmp_cdl_attributes/000097_0' to trash at: hdfs://production/user/hdp_oc_team/.Trash/Current
Moved: 'hdfs://production/user/hdp_oc_team/hdp_oc_team.db/tmp_cdl_attributes/000098_0' to trash at: hdfs://production/user/hdp_oc_team/.Trash/Current
Moved: 'hdfs://production/user/hdp_oc_team/hdp_oc_team.db/tmp_cdl_attributes/000099_0' to trash at: hdfs://production/user/hdp_oc_team/.Trash/Current
Moved: 'hdfs://production/user/hdp_oc_team/hdp_oc_team.db/tmp_cdl_attributes/000100_0' to trash at: hdfs://production/user/hdp_oc_team/.Trash/Current
Moved: 'hdfs://production/user/hdp_oc_team/hdp_oc_team.db/tmp_cdl_attributes/000101_0' to trash at: hdfs://production/user/hdp_oc_team/.Trash/Current
Moved: 'hdfs://production/user/hdp_oc_team/hdp_oc_team.db/tmp_cdl_attributes/000102_0' to trash at: hdfs://production/user/hdp_oc_team/.Trash/Current
Moved: 'hdfs://production/user/hdp_oc_team/hdp_oc_team.db/tmp_cdl_attributes/000103_0' to trash at: hdfs://production/user/hdp_oc_team/.Trash/Current
Moved: 'hdfs://production/user/hdp_oc_team/hdp_oc_team.db/tmp_cdl_attributes/000104_0' to trash at: hdfs://production/user/hdp_oc_team/.Trash/Current
Moved: 'hdfs://production/user/hdp_oc_team/hdp_oc_team.db/tmp_cdl_attributes/000105_0' to trash at: hdfs://production/user/hdp_oc_team/.Trash/Current
Moved: 'hdfs://production/user/hdp_oc_team/hdp_oc_team.db/tmp_cdl_attributes/000106_0' to trash at: hdfs://production/user/hdp_oc_team/.Trash/Current
Moved: 'hdfs://production/user/hdp_oc_team/hdp_oc_team.db/tmp_cdl_attributes/000107_0' to trash at: hdfs://production/user/hdp_oc_team/.Trash/Current
Moved: 'hdfs://production/user/hdp_oc_team/hdp_oc_team.db/tmp_cdl_attributes/000108_0' to trash at: hdfs://production/user/hdp_oc_team/.Trash/Current
Moved: 'hdfs://production/user/hdp_oc_team/hdp_oc_team.db/tmp_cdl_attributes/000109_0' to trash at: hdfs://production/user/hdp_oc_team/.Trash/Current
Moved: 'hdfs://production/user/hdp_oc_team/hdp_oc_team.db/tmp_cdl_attributes/000110_0' to trash at: hdfs://production/user/hdp_oc_team/.Trash/Current
Moved: 'hdfs://production/user/hdp_oc_team/hdp_oc_team.db/tmp_cdl_attributes/000111_0' to trash at: hdfs://production/user/hdp_oc_team/.Trash/Current
Moved: 'hdfs://production/user/hdp_oc_team/hdp_oc_team.db/tmp_cdl_attributes/000112_0' to trash at: hdfs://production/user/hdp_oc_team/.Trash/Current
Moved: 'hdfs://production/user/hdp_oc_team/hdp_oc_team.db/tmp_cdl_attributes/000113_0' to trash at: hdfs://production/user/hdp_oc_team/.Trash/Current
Moved: 'hdfs://production/user/hdp_oc_team/hdp_oc_team.db/tmp_cdl_attributes/000114_0' to trash at: hdfs://production/user/hdp_oc_team/.Trash/Current
Moved: 'hdfs://production/user/hdp_oc_team/hdp_oc_team.db/tmp_cdl_attributes/000115_0' to trash at: hdfs://production/user/hdp_oc_team/.Trash/Current
Moved: 'hdfs://production/user/hdp_oc_team/hdp_oc_team.db/tmp_cdl_attributes/000116_0' to trash at: hdfs://production/user/hdp_oc_team/.Trash/Current
Moved: 'hdfs://production/user/hdp_oc_team/hdp_oc_team.db/tmp_cdl_attributes/000117_0' to trash at: hdfs://production/user/hdp_oc_team/.Trash/Current
Moved: 'hdfs://production/user/hdp_oc_team/hdp_oc_team.db/tmp_cdl_attributes/000118_0' to trash at: hdfs://production/user/hdp_oc_team/.Trash/Current
Moved: 'hdfs://production/user/hdp_oc_team/hdp_oc_team.db/tmp_cdl_attributes/000119_0' to trash at: hdfs://production/user/hdp_oc_team/.Trash/Current
Moved: 'hdfs://production/user/hdp_oc_team/hdp_oc_team.db/tmp_cdl_attributes/000120_0' to trash at: hdfs://production/user/hdp_oc_team/.Trash/Current
Moved: 'hdfs://production/user/hdp_oc_team/hdp_oc_team.db/tmp_cdl_attributes/000121_0' to trash at: hdfs://production/user/hdp_oc_team/.Trash/Current
Moved: 'hdfs://production/user/hdp_oc_team/hdp_oc_team.db/tmp_cdl_attributes/000122_0' to trash at: hdfs://production/user/hdp_oc_team/.Trash/Current
Moved: 'hdfs://production/user/hdp_oc_team/hdp_oc_team.db/tmp_cdl_attributes/000123_0' to trash at: hdfs://production/user/hdp_oc_team/.Trash/Current
Moved: 'hdfs://production/user/hdp_oc_team/hdp_oc_team.db/tmp_cdl_attributes/000124_0' to trash at: hdfs://production/user/hdp_oc_team/.Trash/Current
Moved: 'hdfs://production/user/hdp_oc_team/hdp_oc_team.db/tmp_cdl_attributes/000125_0' to trash at: hdfs://production/user/hdp_oc_team/.Trash/Current
Moved: 'hdfs://production/user/hdp_oc_team/hdp_oc_team.db/tmp_cdl_attributes/000126_0' to trash at: hdfs://production/user/hdp_oc_team/.Trash/Current
Moved: 'hdfs://production/user/hdp_oc_team/hdp_oc_team.db/tmp_cdl_attributes/000127_0' to trash at: hdfs://production/user/hdp_oc_team/.Trash/Current
Moved: 'hdfs://production/user/hdp_oc_team/hdp_oc_team.db/tmp_cdl_attributes/000128_0' to trash at: hdfs://production/user/hdp_oc_team/.Trash/Current
Moved: 'hdfs://production/user/hdp_oc_team/hdp_oc_team.db/tmp_cdl_attributes/000129_0' to trash at: hdfs://production/user/hdp_oc_team/.Trash/Current
Moved: 'hdfs://production/user/hdp_oc_team/hdp_oc_team.db/tmp_cdl_attributes/000130_0' to trash at: hdfs://production/user/hdp_oc_team/.Trash/Current
Moved: 'hdfs://production/user/hdp_oc_team/hdp_oc_team.db/tmp_cdl_attributes/000131_0' to trash at: hdfs://production/user/hdp_oc_team/.Trash/Current
Moved: 'hdfs://production/user/hdp_oc_team/hdp_oc_team.db/tmp_cdl_attributes/000132_0' to trash at: hdfs://production/user/hdp_oc_team/.Trash/Current
Moved: 'hdfs://production/user/hdp_oc_team/hdp_oc_team.db/tmp_cdl_attributes/000133_0' to trash at: hdfs://production/user/hdp_oc_team/.Trash/Current
Moved: 'hdfs://production/user/hdp_oc_team/hdp_oc_team.db/tmp_cdl_attributes/000134_0' to trash at: hdfs://production/user/hdp_oc_team/.Trash/Current
Moved: 'hdfs://production/user/hdp_oc_team/hdp_oc_team.db/tmp_cdl_attributes/000135_0' to trash at: hdfs://production/user/hdp_oc_team/.Trash/Current
Moved: 'hdfs://production/user/hdp_oc_team/hdp_oc_team.db/tmp_cdl_attributes/000136_0' to trash at: hdfs://production/user/hdp_oc_team/.Trash/Current
Moved: 'hdfs://production/user/hdp_oc_team/hdp_oc_team.db/tmp_cdl_attributes/000137_0' to trash at: hdfs://production/user/hdp_oc_team/.Trash/Current
Moved: 'hdfs://production/user/hdp_oc_team/hdp_oc_team.db/tmp_cdl_attributes/000138_0' to trash at: hdfs://production/user/hdp_oc_team/.Trash/Current
Moved: 'hdfs://production/user/hdp_oc_team/hdp_oc_team.db/tmp_cdl_attributes/000139_0' to trash at: hdfs://production/user/hdp_oc_team/.Trash/Current
Moved: 'hdfs://production/user/hdp_oc_team/hdp_oc_team.db/tmp_cdl_attributes/000140_0' to trash at: hdfs://production/user/hdp_oc_team/.Trash/Current
Moved: 'hdfs://production/user/hdp_oc_team/hdp_oc_team.db/tmp_cdl_attributes/000141_0' to trash at: hdfs://production/user/hdp_oc_team/.Trash/Current
Moved: 'hdfs://production/user/hdp_oc_team/hdp_oc_team.db/tmp_cdl_attributes/000142_0' to trash at: hdfs://production/user/hdp_oc_team/.Trash/Current
Moved: 'hdfs://production/user/hdp_oc_team/hdp_oc_team.db/tmp_cdl_attributes/000143_0' to trash at: hdfs://production/user/hdp_oc_team/.Trash/Current
Moved: 'hdfs://production/user/hdp_oc_team/hdp_oc_team.db/tmp_cdl_attributes/000144_0' to trash at: hdfs://production/user/hdp_oc_team/.Trash/Current
Moved: 'hdfs://production/user/hdp_oc_team/hdp_oc_team.db/tmp_cdl_attributes/000145_0' to trash at: hdfs://production/user/hdp_oc_team/.Trash/Current
Moved: 'hdfs://production/user/hdp_oc_team/hdp_oc_team.db/tmp_cdl_attributes/000146_0' to trash at: hdfs://production/user/hdp_oc_team/.Trash/Current
Moved: 'hdfs://production/user/hdp_oc_team/hdp_oc_team.db/tmp_cdl_attributes/000147_0' to trash at: hdfs://production/user/hdp_oc_team/.Trash/Current
Moved: 'hdfs://production/user/hdp_oc_team/hdp_oc_team.db/tmp_cdl_attributes/000148_0' to trash at: hdfs://production/user/hdp_oc_team/.Trash/Current
Moved: 'hdfs://production/user/hdp_oc_team/hdp_oc_team.db/tmp_cdl_attributes/000149_0' to trash at: hdfs://production/user/hdp_oc_team/.Trash/Current
Moved: 'hdfs://production/user/hdp_oc_team/hdp_oc_team.db/tmp_cdl_attributes/000150_0' to trash at: hdfs://production/user/hdp_oc_team/.Trash/Current
Moved: 'hdfs://production/user/hdp_oc_team/hdp_oc_team.db/tmp_cdl_attributes/000151_0' to trash at: hdfs://production/user/hdp_oc_team/.Trash/Current
Moved: 'hdfs://production/user/hdp_oc_team/hdp_oc_team.db/tmp_cdl_attributes/000152_0' to trash at: hdfs://production/user/hdp_oc_team/.Trash/Current
Moved: 'hdfs://production/user/hdp_oc_team/hdp_oc_team.db/tmp_cdl_attributes/000153_0' to trash at: hdfs://production/user/hdp_oc_team/.Trash/Current
Moved: 'hdfs://production/user/hdp_oc_team/hdp_oc_team.db/tmp_cdl_attributes/000154_0' to trash at: hdfs://production/user/hdp_oc_team/.Trash/Current
Moved: 'hdfs://production/user/hdp_oc_team/hdp_oc_team.db/tmp_cdl_attributes/000155_0' to trash at: hdfs://production/user/hdp_oc_team/.Trash/Current
Moved: 'hdfs://production/user/hdp_oc_team/hdp_oc_team.db/tmp_cdl_attributes/000156_0' to trash at: hdfs://production/user/hdp_oc_team/.Trash/Current
Moved: 'hdfs://production/user/hdp_oc_team/hdp_oc_team.db/tmp_cdl_attributes/000157_0' to trash at: hdfs://production/user/hdp_oc_team/.Trash/Current
Moved: 'hdfs://production/user/hdp_oc_team/hdp_oc_team.db/tmp_cdl_attributes/000158_0' to trash at: hdfs://production/user/hdp_oc_team/.Trash/Current
Moved: 'hdfs://production/user/hdp_oc_team/hdp_oc_team.db/tmp_cdl_attributes/000159_0' to trash at: hdfs://production/user/hdp_oc_team/.Trash/Current
Moved: 'hdfs://production/user/hdp_oc_team/hdp_oc_team.db/tmp_cdl_attributes/000160_0' to trash at: hdfs://production/user/hdp_oc_team/.Trash/Current
Moved: 'hdfs://production/user/hdp_oc_team/hdp_oc_team.db/tmp_cdl_attributes/000161_0' to trash at: hdfs://production/user/hdp_oc_team/.Trash/Current
Moved: 'hdfs://production/user/hdp_oc_team/hdp_oc_team.db/tmp_cdl_attributes/000162_0' to trash at: hdfs://production/user/hdp_oc_team/.Trash/Current
Moved: 'hdfs://production/user/hdp_oc_team/hdp_oc_team.db/tmp_cdl_attributes/000163_0' to trash at: hdfs://production/user/hdp_oc_team/.Trash/Current
Moved: 'hdfs://production/user/hdp_oc_team/hdp_oc_team.db/tmp_cdl_attributes/000164_0' to trash at: hdfs://production/user/hdp_oc_team/.Trash/Current
Moved: 'hdfs://production/user/hdp_oc_team/hdp_oc_team.db/tmp_cdl_attributes/000165_0' to trash at: hdfs://production/user/hdp_oc_team/.Trash/Current
Moved: 'hdfs://production/user/hdp_oc_team/hdp_oc_team.db/tmp_cdl_attributes/000166_0' to trash at: hdfs://production/user/hdp_oc_team/.Trash/Current
Moved: 'hdfs://production/user/hdp_oc_team/hdp_oc_team.db/tmp_cdl_attributes/000167_0' to trash at: hdfs://production/user/hdp_oc_team/.Trash/Current
Moved: 'hdfs://production/user/hdp_oc_team/hdp_oc_team.db/tmp_cdl_attributes/000168_0' to trash at: hdfs://production/user/hdp_oc_team/.Trash/Current
Moved: 'hdfs://production/user/hdp_oc_team/hdp_oc_team.db/tmp_cdl_attributes/000169_0' to trash at: hdfs://production/user/hdp_oc_team/.Trash/Current
Moved: 'hdfs://production/user/hdp_oc_team/hdp_oc_team.db/tmp_cdl_attributes/000170_0' to trash at: hdfs://production/user/hdp_oc_team/.Trash/Current
Moved: 'hdfs://production/user/hdp_oc_team/hdp_oc_team.db/tmp_cdl_attributes/000171_0' to trash at: hdfs://production/user/hdp_oc_team/.Trash/Current
Moved: 'hdfs://production/user/hdp_oc_team/hdp_oc_team.db/tmp_cdl_attributes/000172_0' to trash at: hdfs://production/user/hdp_oc_team/.Trash/Current
Moved: 'hdfs://production/user/hdp_oc_team/hdp_oc_team.db/tmp_cdl_attributes/000173_0' to trash at: hdfs://production/user/hdp_oc_team/.Trash/Current
Moved: 'hdfs://production/user/hdp_oc_team/hdp_oc_team.db/tmp_cdl_attributes/000174_0' to trash at: hdfs://production/user/hdp_oc_team/.Trash/Current
Moved: 'hdfs://production/user/hdp_oc_team/hdp_oc_team.db/tmp_cdl_attributes/000175_0' to trash at: hdfs://production/user/hdp_oc_team/.Trash/Current
Moved: 'hdfs://production/user/hdp_oc_team/hdp_oc_team.db/tmp_cdl_attributes/000176_0' to trash at: hdfs://production/user/hdp_oc_team/.Trash/Current
Moved: 'hdfs://production/user/hdp_oc_team/hdp_oc_team.db/tmp_cdl_attributes/000177_0' to trash at: hdfs://production/user/hdp_oc_team/.Trash/Current
Moved: 'hdfs://production/user/hdp_oc_team/hdp_oc_team.db/tmp_cdl_attributes/000178_0' to trash at: hdfs://production/user/hdp_oc_team/.Trash/Current
Moved: 'hdfs://production/user/hdp_oc_team/hdp_oc_team.db/tmp_cdl_attributes/000179_0' to trash at: hdfs://production/user/hdp_oc_team/.Trash/Current
Moved: 'hdfs://production/user/hdp_oc_team/hdp_oc_team.db/tmp_cdl_attributes/000180_0' to trash at: hdfs://production/user/hdp_oc_team/.Trash/Current
Moved: 'hdfs://production/user/hdp_oc_team/hdp_oc_team.db/tmp_cdl_attributes/000181_0' to trash at: hdfs://production/user/hdp_oc_team/.Trash/Current
Moved: 'hdfs://production/user/hdp_oc_team/hdp_oc_team.db/tmp_cdl_attributes/000182_0' to trash at: hdfs://production/user/hdp_oc_team/.Trash/Current
Moved: 'hdfs://production/user/hdp_oc_team/hdp_oc_team.db/tmp_cdl_attributes/000183_0' to trash at: hdfs://production/user/hdp_oc_team/.Trash/Current
Moved: 'hdfs://production/user/hdp_oc_team/hdp_oc_team.db/tmp_cdl_attributes/000184_0' to trash at: hdfs://production/user/hdp_oc_team/.Trash/Current
Moved: 'hdfs://production/user/hdp_oc_team/hdp_oc_team.db/tmp_cdl_attributes/000185_0' to trash at: hdfs://production/user/hdp_oc_team/.Trash/Current
Moved: 'hdfs://production/user/hdp_oc_team/hdp_oc_team.db/tmp_cdl_attributes/000186_0' to trash at: hdfs://production/user/hdp_oc_team/.Trash/Current
Moved: 'hdfs://production/user/hdp_oc_team/hdp_oc_team.db/tmp_cdl_attributes/000187_0' to trash at: hdfs://production/user/hdp_oc_team/.Trash/Current
Moved: 'hdfs://production/user/hdp_oc_team/hdp_oc_team.db/tmp_cdl_attributes/000188_0' to trash at: hdfs://production/user/hdp_oc_team/.Trash/Current
Moved: 'hdfs://production/user/hdp_oc_team/hdp_oc_team.db/tmp_cdl_attributes/000189_0' to trash at: hdfs://production/user/hdp_oc_team/.Trash/Current
Moved: 'hdfs://production/user/hdp_oc_team/hdp_oc_team.db/tmp_cdl_attributes/000190_0' to trash at: hdfs://production/user/hdp_oc_team/.Trash/Current
Moved: 'hdfs://production/user/hdp_oc_team/hdp_oc_team.db/tmp_cdl_attributes/000191_0' to trash at: hdfs://production/user/hdp_oc_team/.Trash/Current
Moved: 'hdfs://production/user/hdp_oc_team/hdp_oc_team.db/tmp_cdl_attributes/000192_0' to trash at: hdfs://production/user/hdp_oc_team/.Trash/Current
Moved: 'hdfs://production/user/hdp_oc_team/hdp_oc_team.db/tmp_cdl_attributes/000193_0' to trash at: hdfs://production/user/hdp_oc_team/.Trash/Current
Moved: 'hdfs://production/user/hdp_oc_team/hdp_oc_team.db/tmp_cdl_attributes/000194_0' to trash at: hdfs://production/user/hdp_oc_team/.Trash/Current
Moved: 'hdfs://production/user/hdp_oc_team/hdp_oc_team.db/tmp_cdl_attributes/000195_0' to trash at: hdfs://production/user/hdp_oc_team/.Trash/Current
Moved: 'hdfs://production/user/hdp_oc_team/hdp_oc_team.db/tmp_cdl_attributes/000196_0' to trash at: hdfs://production/user/hdp_oc_team/.Trash/Current
Moved: 'hdfs://production/user/hdp_oc_team/hdp_oc_team.db/tmp_cdl_attributes/000197_0' to trash at: hdfs://production/user/hdp_oc_team/.Trash/Current
Moved: 'hdfs://production/user/hdp_oc_team/hdp_oc_team.db/tmp_cdl_attributes/000198_0' to trash at: hdfs://production/user/hdp_oc_team/.Trash/Current
Moved: 'hdfs://production/user/hdp_oc_team/hdp_oc_team.db/tmp_cdl_attributes/000199_0' to trash at: hdfs://production/user/hdp_oc_team/.Trash/Current
Moved: 'hdfs://production/user/hdp_oc_team/hdp_oc_team.db/tmp_cdl_attributes/000200_0' to trash at: hdfs://production/user/hdp_oc_team/.Trash/Current
Moved: 'hdfs://production/user/hdp_oc_team/hdp_oc_team.db/tmp_cdl_attributes/000201_0' to trash at: hdfs://production/user/hdp_oc_team/.Trash/Current
Moved: 'hdfs://production/user/hdp_oc_team/hdp_oc_team.db/tmp_cdl_attributes/000202_0' to trash at: hdfs://production/user/hdp_oc_team/.Trash/Current
Moved: 'hdfs://production/user/hdp_oc_team/hdp_oc_team.db/tmp_cdl_attributes/000203_0' to trash at: hdfs://production/user/hdp_oc_team/.Trash/Current
Moved: 'hdfs://production/user/hdp_oc_team/hdp_oc_team.db/tmp_cdl_attributes/000204_0' to trash at: hdfs://production/user/hdp_oc_team/.Trash/Current
Moved: 'hdfs://production/user/hdp_oc_team/hdp_oc_team.db/tmp_cdl_attributes/000205_0' to trash at: hdfs://production/user/hdp_oc_team/.Trash/Current
Moved: 'hdfs://production/user/hdp_oc_team/hdp_oc_team.db/tmp_cdl_attributes/000206_0' to trash at: hdfs://production/user/hdp_oc_team/.Trash/Current
Moved: 'hdfs://production/user/hdp_oc_team/hdp_oc_team.db/tmp_cdl_attributes/000207_0' to trash at: hdfs://production/user/hdp_oc_team/.Trash/Current
Moved: 'hdfs://production/user/hdp_oc_team/hdp_oc_team.db/tmp_cdl_attributes/000208_0' to trash at: hdfs://production/user/hdp_oc_team/.Trash/Current
Moved: 'hdfs://production/user/hdp_oc_team/hdp_oc_team.db/tmp_cdl_attributes/000209_0' to trash at: hdfs://production/user/hdp_oc_team/.Trash/Current
Moved: 'hdfs://production/user/hdp_oc_team/hdp_oc_team.db/tmp_cdl_attributes/000210_0' to trash at: hdfs://production/user/hdp_oc_team/.Trash/Current
Moved: 'hdfs://production/user/hdp_oc_team/hdp_oc_team.db/tmp_cdl_attributes/000211_0' to trash at: hdfs://production/user/hdp_oc_team/.Trash/Current
Moved: 'hdfs://production/user/hdp_oc_team/hdp_oc_team.db/tmp_cdl_attributes/000212_0' to trash at: hdfs://production/user/hdp_oc_team/.Trash/Current
Moved: 'hdfs://production/user/hdp_oc_team/hdp_oc_team.db/tmp_cdl_attributes/000213_0' to trash at: hdfs://production/user/hdp_oc_team/.Trash/Current
Moved: 'hdfs://production/user/hdp_oc_team/hdp_oc_team.db/tmp_cdl_attributes/000214_0' to trash at: hdfs://production/user/hdp_oc_team/.Trash/Current
Moved: 'hdfs://production/user/hdp_oc_team/hdp_oc_team.db/tmp_cdl_attributes/000215_0' to trash at: hdfs://production/user/hdp_oc_team/.Trash/Current
Moved: 'hdfs://production/user/hdp_oc_team/hdp_oc_team.db/tmp_cdl_attributes/000216_0' to trash at: hdfs://production/user/hdp_oc_team/.Trash/Current
Moved: 'hdfs://production/user/hdp_oc_team/hdp_oc_team.db/tmp_cdl_attributes/000217_0' to trash at: hdfs://production/user/hdp_oc_team/.Trash/Current
Moved: 'hdfs://production/user/hdp_oc_team/hdp_oc_team.db/tmp_cdl_attributes/000218_0' to trash at: hdfs://production/user/hdp_oc_team/.Trash/Current
Moved: 'hdfs://production/user/hdp_oc_team/hdp_oc_team.db/tmp_cdl_attributes/000219_0' to trash at: hdfs://production/user/hdp_oc_team/.Trash/Current
Moved: 'hdfs://production/user/hdp_oc_team/hdp_oc_team.db/tmp_cdl_attributes/000220_0' to trash at: hdfs://production/user/hdp_oc_team/.Trash/Current
Moved: 'hdfs://production/user/hdp_oc_team/hdp_oc_team.db/tmp_cdl_attributes/000221_0' to trash at: hdfs://production/user/hdp_oc_team/.Trash/Current
Moved: 'hdfs://production/user/hdp_oc_team/hdp_oc_team.db/tmp_cdl_attributes/000222_0' to trash at: hdfs://production/user/hdp_oc_team/.Trash/Current
Moved: 'hdfs://production/user/hdp_oc_team/hdp_oc_team.db/tmp_cdl_attributes/000223_0' to trash at: hdfs://production/user/hdp_oc_team/.Trash/Current
Moved: 'hdfs://production/user/hdp_oc_team/hdp_oc_team.db/tmp_cdl_attributes/000224_0' to trash at: hdfs://production/user/hdp_oc_team/.Trash/Current
Moved: 'hdfs://production/user/hdp_oc_team/hdp_oc_team.db/tmp_cdl_attributes/000225_0' to trash at: hdfs://production/user/hdp_oc_team/.Trash/Current
Moved: 'hdfs://production/user/hdp_oc_team/hdp_oc_team.db/tmp_cdl_attributes/000226_0' to trash at: hdfs://production/user/hdp_oc_team/.Trash/Current
Moved: 'hdfs://production/user/hdp_oc_team/hdp_oc_team.db/tmp_cdl_attributes/000227_0' to trash at: hdfs://production/user/hdp_oc_team/.Trash/Current
Moved: 'hdfs://production/user/hdp_oc_team/hdp_oc_team.db/tmp_cdl_attributes/000228_0' to trash at: hdfs://production/user/hdp_oc_team/.Trash/Current
Moved: 'hdfs://production/user/hdp_oc_team/hdp_oc_team.db/tmp_cdl_attributes/000229_0' to trash at: hdfs://production/user/hdp_oc_team/.Trash/Current
Moved: 'hdfs://production/user/hdp_oc_team/hdp_oc_team.db/tmp_cdl_attributes/000230_0' to trash at: hdfs://production/user/hdp_oc_team/.Trash/Current
Moved: 'hdfs://production/user/hdp_oc_team/hdp_oc_team.db/tmp_cdl_attributes/000231_0' to trash at: hdfs://production/user/hdp_oc_team/.Trash/Current
Moved: 'hdfs://production/user/hdp_oc_team/hdp_oc_team.db/tmp_cdl_attributes/000232_0' to trash at: hdfs://production/user/hdp_oc_team/.Trash/Current
Moved: 'hdfs://production/user/hdp_oc_team/hdp_oc_team.db/tmp_cdl_attributes/000233_0' to trash at: hdfs://production/user/hdp_oc_team/.Trash/Current
Moved: 'hdfs://production/user/hdp_oc_team/hdp_oc_team.db/tmp_cdl_attributes/000234_0' to trash at: hdfs://production/user/hdp_oc_team/.Trash/Current
Moved: 'hdfs://production/user/hdp_oc_team/hdp_oc_team.db/tmp_cdl_attributes/000235_0' to trash at: hdfs://production/user/hdp_oc_team/.Trash/Current
Moved: 'hdfs://production/user/hdp_oc_team/hdp_oc_team.db/tmp_cdl_attributes/000236_0' to trash at: hdfs://production/user/hdp_oc_team/.Trash/Current
Moved: 'hdfs://production/user/hdp_oc_team/hdp_oc_team.db/tmp_cdl_attributes/000237_0' to trash at: hdfs://production/user/hdp_oc_team/.Trash/Current
Moved: 'hdfs://production/user/hdp_oc_team/hdp_oc_team.db/tmp_cdl_attributes/000238_0' to trash at: hdfs://production/user/hdp_oc_team/.Trash/Current
Moved: 'hdfs://production/user/hdp_oc_team/hdp_oc_team.db/tmp_cdl_attributes/000239_0' to trash at: hdfs://production/user/hdp_oc_team/.Trash/Current
Moved: 'hdfs://production/user/hdp_oc_team/hdp_oc_team.db/tmp_cdl_attributes/000240_0' to trash at: hdfs://production/user/hdp_oc_team/.Trash/Current
Moved: 'hdfs://production/user/hdp_oc_team/hdp_oc_team.db/tmp_cdl_attributes/000241_0' to trash at: hdfs://production/user/hdp_oc_team/.Trash/Current
Moved: 'hdfs://production/user/hdp_oc_team/hdp_oc_team.db/tmp_cdl_attributes/000242_0' to trash at: hdfs://production/user/hdp_oc_team/.Trash/Current
Moved: 'hdfs://production/user/hdp_oc_team/hdp_oc_team.db/tmp_cdl_attributes/000243_0' to trash at: hdfs://production/user/hdp_oc_team/.Trash/Current
Moved: 'hdfs://production/user/hdp_oc_team/hdp_oc_team.db/tmp_cdl_attributes/000244_0' to trash at: hdfs://production/user/hdp_oc_team/.Trash/Current
Moved: 'hdfs://production/user/hdp_oc_team/hdp_oc_team.db/tmp_cdl_attributes/000245_0' to trash at: hdfs://production/user/hdp_oc_team/.Trash/Current
Moved: 'hdfs://production/user/hdp_oc_team/hdp_oc_team.db/tmp_cdl_attributes/000246_0' to trash at: hdfs://production/user/hdp_oc_team/.Trash/Current
Moved: 'hdfs://production/user/hdp_oc_team/hdp_oc_team.db/tmp_cdl_attributes/000247_0' to trash at: hdfs://production/user/hdp_oc_team/.Trash/Current
Moved: 'hdfs://production/user/hdp_oc_team/hdp_oc_team.db/tmp_cdl_attributes/000248_0' to trash at: hdfs://production/user/hdp_oc_team/.Trash/Current
Moved: 'hdfs://production/user/hdp_oc_team/hdp_oc_team.db/tmp_cdl_attributes/000249_0' to trash at: hdfs://production/user/hdp_oc_team/.Trash/Current
Moved: 'hdfs://production/user/hdp_oc_team/hdp_oc_team.db/tmp_cdl_attributes/000250_0' to trash at: hdfs://production/user/hdp_oc_team/.Trash/Current
Moved: 'hdfs://production/user/hdp_oc_team/hdp_oc_team.db/tmp_cdl_attributes/000251_0' to trash at: hdfs://production/user/hdp_oc_team/.Trash/Current
Moved: 'hdfs://production/user/hdp_oc_team/hdp_oc_team.db/tmp_cdl_attributes/000252_0' to trash at: hdfs://production/user/hdp_oc_team/.Trash/Current
Moved: 'hdfs://production/user/hdp_oc_team/hdp_oc_team.db/tmp_cdl_attributes/000253_0' to trash at: hdfs://production/user/hdp_oc_team/.Trash/Current
Moved: 'hdfs://production/user/hdp_oc_team/hdp_oc_team.db/tmp_cdl_attributes/000254_0' to trash at: hdfs://production/user/hdp_oc_team/.Trash/Current
Moved: 'hdfs://production/user/hdp_oc_team/hdp_oc_team.db/tmp_cdl_attributes/000255_0' to trash at: hdfs://production/user/hdp_oc_team/.Trash/Current
Moved: 'hdfs://production/user/hdp_oc_team/hdp_oc_team.db/tmp_cdl_attributes/000256_0' to trash at: hdfs://production/user/hdp_oc_team/.Trash/Current
Moved: 'hdfs://production/user/hdp_oc_team/hdp_oc_team.db/tmp_cdl_attributes/000257_0' to trash at: hdfs://production/user/hdp_oc_team/.Trash/Current
Moved: 'hdfs://production/user/hdp_oc_team/hdp_oc_team.db/tmp_cdl_attributes/000258_0' to trash at: hdfs://production/user/hdp_oc_team/.Trash/Current
Moved: 'hdfs://production/user/hdp_oc_team/hdp_oc_team.db/tmp_cdl_attributes/000259_0' to trash at: hdfs://production/user/hdp_oc_team/.Trash/Current
Moved: 'hdfs://production/user/hdp_oc_team/hdp_oc_team.db/tmp_cdl_attributes/000260_0' to trash at: hdfs://production/user/hdp_oc_team/.Trash/Current
Moved: 'hdfs://production/user/hdp_oc_team/hdp_oc_team.db/tmp_cdl_attributes/000261_0' to trash at: hdfs://production/user/hdp_oc_team/.Trash/Current
Moved: 'hdfs://production/user/hdp_oc_team/hdp_oc_team.db/tmp_cdl_attributes/000262_0' to trash at: hdfs://production/user/hdp_oc_team/.Trash/Current
Moved: 'hdfs://production/user/hdp_oc_team/hdp_oc_team.db/tmp_cdl_attributes/000263_0' to trash at: hdfs://production/user/hdp_oc_team/.Trash/Current
Moved: 'hdfs://production/user/hdp_oc_team/hdp_oc_team.db/tmp_cdl_attributes/000264_0' to trash at: hdfs://production/user/hdp_oc_team/.Trash/Current
Moved: 'hdfs://production/user/hdp_oc_team/hdp_oc_team.db/tmp_cdl_attributes/000265_0' to trash at: hdfs://production/user/hdp_oc_team/.Trash/Current
Moved: 'hdfs://production/user/hdp_oc_team/hdp_oc_team.db/tmp_cdl_attributes/000266_0' to trash at: hdfs://production/user/hdp_oc_team/.Trash/Current
Moved: 'hdfs://production/user/hdp_oc_team/hdp_oc_team.db/tmp_cdl_attributes/000267_0' to trash at: hdfs://production/user/hdp_oc_team/.Trash/Current
Moved: 'hdfs://production/user/hdp_oc_team/hdp_oc_team.db/tmp_cdl_attributes/000268_0' to trash at: hdfs://production/user/hdp_oc_team/.Trash/Current
Moved: 'hdfs://production/user/hdp_oc_team/hdp_oc_team.db/tmp_cdl_attributes/000269_0' to trash at: hdfs://production/user/hdp_oc_team/.Trash/Current
Moved: 'hdfs://production/user/hdp_oc_team/hdp_oc_team.db/tmp_cdl_attributes/000270_0' to trash at: hdfs://production/user/hdp_oc_team/.Trash/Current
Moved: 'hdfs://production/user/hdp_oc_team/hdp_oc_team.db/tmp_cdl_attributes/000271_0' to trash at: hdfs://production/user/hdp_oc_team/.Trash/Current
Moved: 'hdfs://production/user/hdp_oc_team/hdp_oc_team.db/tmp_cdl_attributes/000272_0' to trash at: hdfs://production/user/hdp_oc_team/.Trash/Current
Moved: 'hdfs://production/user/hdp_oc_team/hdp_oc_team.db/tmp_cdl_attributes/000273_0' to trash at: hdfs://production/user/hdp_oc_team/.Trash/Current
Moved: 'hdfs://production/user/hdp_oc_team/hdp_oc_team.db/tmp_cdl_attributes/000274_0' to trash at: hdfs://production/user/hdp_oc_team/.Trash/Current
Moved: 'hdfs://production/user/hdp_oc_team/hdp_oc_team.db/tmp_cdl_attributes/000275_0' to trash at: hdfs://production/user/hdp_oc_team/.Trash/Current
Moved: 'hdfs://production/user/hdp_oc_team/hdp_oc_team.db/tmp_cdl_attributes/000276_0' to trash at: hdfs://production/user/hdp_oc_team/.Trash/Current
Moved: 'hdfs://production/user/hdp_oc_team/hdp_oc_team.db/tmp_cdl_attributes/000277_0' to trash at: hdfs://production/user/hdp_oc_team/.Trash/Current
Moved: 'hdfs://production/user/hdp_oc_team/hdp_oc_team.db/tmp_cdl_attributes/000278_0' to trash at: hdfs://production/user/hdp_oc_team/.Trash/Current
Moved: 'hdfs://production/user/hdp_oc_team/hdp_oc_team.db/tmp_cdl_attributes/000279_0' to trash at: hdfs://production/user/hdp_oc_team/.Trash/Current
Table hdp_oc_team.tmp_cdl_attributes stats: [numFiles=281, numRows=28398701, totalSize=8192599918, rawDataSize=8164201217]
MapReduce Jobs Launched: 
Stage-Stage-1: Map: 281   Cumulative CPU: 3613.33 sec   HDFS Read: 57169809499 HDFS Write: 8192626706 SUCCESS
Total MapReduce CPU Time Spent: 0 days 1 hours 0 minutes 13 seconds 330 msec
OK
Time taken: 82.114 seconds
16/12/20 08:03:13 INFO tool.ConnectorExportTool: ConnectorExportTool starts at 1482246193819
16/12/20 08:03:15 INFO common.ConnectorPlugin: load plugins in file:/tmp/hadoop-unjar5028855220624034910/teradata.connector.plugins.xml
16/12/20 08:03:15 INFO processor.TeradataOutputProcessor: output preprocessor com.teradata.connector.teradata.processor.TeradataBatchInsertProcessor starts at:  1482246195883
16/12/20 08:03:16 INFO utils.TeradataUtils: the output database product is Teradata
16/12/20 08:03:16 INFO utils.TeradataUtils: the output database version is 15.0
16/12/20 08:03:16 INFO utils.TeradataUtils: the jdbc driver version is 15.0
16/12/20 08:03:17 INFO processor.TeradataOutputProcessor: the teradata connector for hadoop version is: 1.4.2
16/12/20 08:03:17 INFO processor.TeradataOutputProcessor: output jdbc properties are jdbc:teradata://godaddy3.prod.phx3.gdg/DATABASE=P_HadoopImp_S
16/12/20 08:03:19 INFO processor.TeradataBatchInsertProcessor: create output stage table StgCDLAttributes_080318551the sql is CREATE MULTISET TABLE "StgCDLAttributes_080318551", DATABLOCKSIZE = 130048 BYTES, NO FALLBACK, NO BEFORE JOURNAL, NO AFTER JOURNAL, CHECKSUM = DEFAULT ("shopper_id" VARCHAR(10) CHARACTER SET LATIN NOT CASESPECIFIC NULL, "t_xxx_projoindate" VARCHAR(100) CHARACTER SET LATIN NOT CASESPECIFIC NULL, "t_xxx_minclientadd" VARCHAR(100) CHARACTER SET LATIN NOT CASESPECIFIC NULL, "t_xxx_signedat" VARCHAR(100) CHARACTER SET LATIN NOT CASESPECIFIC NULL, "i_xxx_webproclients" INTEGER NULL, "d_XXX_visit_eem" INTEGER NULL, "d_xxx_visit_busreg" INTEGER NULL, "d_xxx_visit_cal" INTEGER NULL, "d_xxx_visit_cert_dom" INTEGER NULL, "d_xxx_visit_dbp" INTEGER NULL, "d_xxx_visit_ddt" INTEGER NULL, "d_xxx_visit_dedhost" INTEGER NULL, "d_xxx_visit_dom" INTEGER NULL, "d_xxx_visit_email" INTEGER NULL, "d_xxx_visit_hex" INTEGER NULL, "d_xxx_visit_host" INTEGER NULL, "d_xxx_visit_outright" INTEGER NULL, "d_xxx_visit_qsc" INTEGER NULL, "d_xxx_visit_traf_blaz" INTEGER NULL, "d_xxx_visit_ssl" INTEGER NULL, "d_xxx_visit_wsb" INTEGER NULL, "d_xxx_visit_gf" INTEGER NULL, "d_xxx_visit_merch" INTEGER NULL, "d_xxx_visit_mktplc" INTEGER NULL, "d_xxx_visit_office" INTEGER NULL, "d_xxx_visit_home" INTEGER NULL, "d_xxx_site_visits_30d" INTEGER NULL, "d_xxx_site_visits_90d" INTEGER NULL, "d_xxx_visit_mya" INTEGER NULL, "d_xxx_mya_visits_30d" INTEGER NULL, "d_xxx_mya_visits_90d" INTEGER NULL, "i_xxx_abandon_office" INTEGER NULL, "c_XXX_segmentcode" INTEGER NULL, "c_XXX_segmentsourcecode" INTEGER NULL, "b_XXX_nosegment" INTEGER NULL, "b_XXX_nascent" INTEGER NULL, "b_XXX_webpro" INTEGER NULL, "b_XXX_moonlighter" INTEGER NULL, "b_XXX_domainer" INTEGER NULL, "b_XXX_personal" INTEGER NULL, "b_XXX_ecommerce" INTEGER NULL, "b_XXX_smallandhungry" INTEGER NULL, "b_XXX_upandrunning" INTEGER NULL, "b_XXX_established" INTEGER NULL, "b_XXX_growthbusinesssizeunk" INTEGER NULL, "b_XXX_nonprofit" INTEGER NULL, "b_XXX_modelv1default" INTEGER NULL, "b_XXX_modelv1activebiz" INTEGER NULL, "b_XXX_modelv1ebiz" INTEGER NULL, "b_XXX_modelv1webpro" INTEGER NULL, "b_XXX_modelv1domainer" INTEGER NULL, "b_XXX_unknown" INTEGER NULL, "b_XXX_other" INTEGER NULL, "b_XXX_activebusiness" INTEGER NULL, "b_XXX_onlinesellers" INTEGER NULL, "b_XXX_webconsultants" INTEGER NULL, "b_XXX_adomainer" INTEGER NULL, "b_XXX_ncs_bus_np_own" INTEGER NULL, "b_XXX_surv_bus_np_start" INTEGER NULL, "b_XXX_ncs_bus_np_none" INTEGER NULL, "b_XXX_ncs_bus_np_employ" INTEGER NULL, "b_XXX_ncs_bus_accom_food" INTEGER NULL, "b_XXX_ncs_bus_admin" INTEGER NULL, "b_XXX_ncs_bus_agri" INTEGER NULL, "b_XXX_ncs_bus_arts" INTEGER NULL, "b_XXX_ncs_bus_construct" INTEGER NULL, "b_XXX_ncs_bus_edu" INTEGER NULL, "b_XXX_ncs_bus_finance" INTEGER NULL, "b_XXX_ncs_bus_health" INTEGER NULL, "b_XXX_ncs_bus_it" INTEGER NULL, "b_XXX_ncs_bus_manuf" INTEGER NULL, "b_XXX_ncs_bus_mine" INTEGER NULL, "b_XXX_ncs_bus_prof" INTEGER NULL, "b_XXX_ncs_bus_real_estate" INTEGER NULL, "b_XXX_ncs_bus_retail" INTEGER NULL, "b_XXX_ncs_bus_science" INTEGER NULL, "b_XXX_ncs_bus_transpo" INTEGER NULL, "b_XXX_ncs_bus_util" INTEGER NULL, "b_XXX_ncs_bus_wholesale" INTEGER NULL, "b_XXX_ncs_bus_other_prod" INTEGER NULL, "b_XXX_ncs_bus_other_serv" INTEGER NULL, "b_XXX_ncs_bus_legal" INTEGER NULL, "b_XXX_ncs_bus_restaurant" INTEGER NULL, "b_XXX_ncs_bus_nonprofit" INTEGER NULL, "b_XXX_ncs_sell_website" INTEGER NULL, "b_XXX_ncs_sell_3rd_party" INTEGER NULL, "d_XXX_ncs_growth" INTEGER NULL, "d_XXX_ncs_rev" INTEGER NULL, "b_XXX_desc_ncs_web_pro" INTEGER NULL, "b_XXX_ncs_desc_moonlight" INTEGER NULL, "b_XXX_ncs_desc_domainer" INTEGER NULL, "b_XXX_ncs_desc_none" INTEGER NULL, "t_xxx_lastaccountvisit" VARCHAR(100) CHARACTER SET LATIN NOT CASESPECIFIC NULL, "i_xxx_accountvisits" INTEGER NULL, "i_xxx_abandon_ddt" INTEGER NULL, "etl_datetime" VARCHAR(100) CHARACTER SET LATIN NOT CASESPECIFIC NULL, "b_xxx_ismidmarket" INTEGER NULL, "ols_ft_live_flg" INTEGER NULL, "ols_ft_strt_dt" VARCHAR(100) CHARACTER SET LATIN NOT CASESPECIFIC NULL, "TDCH_BI_TASKID" VARCHAR(40) NOT CASESPECIFIC NULL) NO PRIMARY INDEX  
16/12/20 08:03:19 INFO processor.TeradataOutputProcessor: the number of mappers are 144
16/12/20 08:03:19 INFO processor.TeradataOutputProcessor: output preprocessor com.teradata.connector.teradata.processor.TeradataBatchInsertProcessor ends at:  1482246199174
16/12/20 08:03:19 INFO processor.TeradataOutputProcessor: the total elapsed time of output preprocessor com.teradata.connector.teradata.processor.TeradataBatchInsertProcessor is: 3s
16/12/20 08:03:22 INFO hdfs.DFSClient: Created HDFS_DELEGATION_TOKEN token 20997898 for hdp_oc_team on ha-hdfs:production
16/12/20 08:03:22 INFO security.TokenCache: Got dt for hdfs://production; Kind: HDFS_DELEGATION_TOKEN, Service: ha-hdfs:production, Ident: (HDFS_DELEGATION_TOKEN token 20997898 for hdp_oc_team)
16/12/20 08:03:23 INFO input.FileInputFormat: Total input paths to process : 281
16/12/20 08:03:23 INFO input.FileInputFormat: Total input paths to process : 281
16/12/20 08:03:23 INFO input.CombineFileInputFormat: DEBUG: Terminated node allocation with : CompletedNodes: 311, size left: 1049735844
16/12/20 08:03:23 INFO mapreduce.JobSubmitter: number of splits:119
16/12/20 08:03:23 INFO mapreduce.JobSubmitter: Submitting tokens for job: job_1478649307064_896945
16/12/20 08:03:23 INFO mapreduce.JobSubmitter: Kind: HDFS_DELEGATION_TOKEN, Service: ha-hdfs:production, Ident: (HDFS_DELEGATION_TOKEN token 20997898 for hdp_oc_team)
16/12/20 08:03:24 INFO impl.YarnClientImpl: Submitted application application_1478649307064_896945
16/12/20 08:03:24 INFO mapreduce.Job: The url to track the job: http://p3plpaname02.prod.phx3.gdg:8088/proxy/application_1478649307064_896945/
16/12/20 08:03:24 INFO mapreduce.Job: Running job: job_1478649307064_896945
16/12/20 08:03:35 INFO mapreduce.Job: Job job_1478649307064_896945 running in uber mode : false
16/12/20 08:03:35 INFO mapreduce.Job:  map 0% reduce 0%
16/12/20 08:03:51 INFO mapreduce.Job:  map 8% reduce 0%
16/12/20 08:03:52 INFO mapreduce.Job:  map 9% reduce 0%
16/12/20 08:03:54 INFO mapreduce.Job:  map 12% reduce 0%
16/12/20 08:03:57 INFO mapreduce.Job:  map 16% reduce 0%
16/12/20 08:04:00 INFO mapreduce.Job:  map 21% reduce 0%
16/12/20 08:04:01 INFO mapreduce.Job:  map 22% reduce 0%
16/12/20 08:04:03 INFO mapreduce.Job:  map 26% reduce 0%
16/12/20 08:04:06 INFO mapreduce.Job:  map 31% reduce 0%
16/12/20 08:04:07 INFO mapreduce.Job:  map 32% reduce 0%
16/12/20 08:04:09 INFO mapreduce.Job:  map 34% reduce 0%
16/12/20 08:04:10 INFO mapreduce.Job:  map 35% reduce 0%
16/12/20 08:04:12 INFO mapreduce.Job:  map 36% reduce 0%
16/12/20 08:04:15 INFO mapreduce.Job:  map 38% reduce 0%
16/12/20 08:04:16 INFO mapreduce.Job:  map 39% reduce 0%
16/12/20 08:04:18 INFO mapreduce.Job:  map 40% reduce 0%
16/12/20 08:04:19 INFO mapreduce.Job:  map 41% reduce 0%
16/12/20 08:04:21 INFO mapreduce.Job:  map 42% reduce 0%
16/12/20 08:04:22 INFO mapreduce.Job:  map 43% reduce 0%
16/12/20 08:04:25 INFO mapreduce.Job:  map 44% reduce 0%
16/12/20 08:04:27 INFO mapreduce.Job:  map 45% reduce 0%
16/12/20 08:04:30 INFO mapreduce.Job:  map 46% reduce 0%
16/12/20 08:04:33 INFO mapreduce.Job:  map 47% reduce 0%
16/12/20 08:04:36 INFO mapreduce.Job:  map 48% reduce 0%
16/12/20 08:04:37 INFO mapreduce.Job:  map 49% reduce 0%
16/12/20 08:04:40 INFO mapreduce.Job:  map 50% reduce 0%
16/12/20 08:04:43 INFO mapreduce.Job:  map 51% reduce 0%
16/12/20 08:04:46 INFO mapreduce.Job:  map 52% reduce 0%
16/12/20 08:04:48 INFO mapreduce.Job:  map 53% reduce 0%
16/12/20 08:04:49 INFO mapreduce.Job:  map 54% reduce 0%
16/12/20 08:04:53 INFO mapreduce.Job:  map 55% reduce 0%
16/12/20 08:04:54 INFO mapreduce.Job:  map 54% reduce 0%
16/12/20 08:04:55 INFO mapreduce.Job:  map 56% reduce 0%
16/12/20 08:04:56 INFO mapreduce.Job:  map 55% reduce 0%
16/12/20 08:04:58 INFO mapreduce.Job:  map 57% reduce 0%
16/12/20 08:05:02 INFO mapreduce.Job:  map 58% reduce 0%
16/12/20 08:05:04 INFO mapreduce.Job:  map 59% reduce 0%
16/12/20 08:05:07 INFO mapreduce.Job:  map 61% reduce 0%
16/12/20 08:05:10 INFO mapreduce.Job:  map 62% reduce 0%
16/12/20 08:05:13 INFO mapreduce.Job:  map 64% reduce 0%
16/12/20 08:05:16 INFO mapreduce.Job:  map 67% reduce 0%
16/12/20 08:05:19 INFO mapreduce.Job:  map 68% reduce 0%
16/12/20 08:05:21 INFO mapreduce.Job:  map 69% reduce 0%
16/12/20 08:05:22 INFO mapreduce.Job:  map 71% reduce 0%
16/12/20 08:05:23 INFO mapreduce.Job:  map 72% reduce 0%
16/12/20 08:05:25 INFO mapreduce.Job:  map 74% reduce 0%
16/12/20 08:05:28 INFO mapreduce.Job:  map 77% reduce 0%
16/12/20 08:05:30 INFO mapreduce.Job:  map 78% reduce 0%
16/12/20 08:05:31 INFO mapreduce.Job:  map 81% reduce 0%
16/12/20 08:05:33 INFO mapreduce.Job:  map 82% reduce 0%
16/12/20 08:05:35 INFO mapreduce.Job:  map 83% reduce 0%
16/12/20 08:05:36 INFO mapreduce.Job:  map 84% reduce 0%
16/12/20 08:05:38 INFO mapreduce.Job:  map 86% reduce 0%
16/12/20 08:05:39 INFO mapreduce.Job:  map 87% reduce 0%
16/12/20 08:05:41 INFO mapreduce.Job:  map 89% reduce 0%
16/12/20 08:05:43 INFO mapreduce.Job:  map 90% reduce 0%
16/12/20 08:05:44 INFO mapreduce.Job:  map 91% reduce 0%
16/12/20 08:05:46 INFO mapreduce.Job:  map 92% reduce 0%
16/12/20 08:05:47 INFO mapreduce.Job:  map 94% reduce 0%
16/12/20 08:05:50 INFO mapreduce.Job:  map 95% reduce 0%
16/12/20 08:05:53 INFO mapreduce.Job:  map 96% reduce 0%
16/12/20 08:05:59 INFO mapreduce.Job:  map 97% reduce 0%
16/12/20 08:06:05 INFO mapreduce.Job:  map 98% reduce 0%
16/12/20 08:06:17 INFO mapreduce.Job:  map 99% reduce 0%
16/12/20 08:06:32 INFO mapreduce.Job:  map 100% reduce 0%
16/12/20 08:07:06 INFO mapreduce.Job: Job job_1478649307064_896945 completed successfully
16/12/20 08:07:06 INFO mapreduce.Job: Counters: 32
	File System Counters
		FILE: Number of bytes read=0
		FILE: Number of bytes written=18940072
		FILE: Number of read operations=0
		FILE: Number of large read operations=0
		FILE: Number of write operations=0
		HDFS: Number of bytes read=8192635257
		HDFS: Number of bytes written=0
		HDFS: Number of read operations=400
		HDFS: Number of large read operations=0
		HDFS: Number of write operations=0
	Job Counters 
		Launched map tasks=119
		Other local map tasks=19
		Data-local map tasks=45
		Rack-local map tasks=55
		Total time spent by all maps in occupied slots (ms)=30254484
		Total time spent by all reduces in occupied slots (ms)=0
		Total time spent by all map tasks (ms)=15127242
		Total vcore-milliseconds taken by all map tasks=15127242
		Total megabyte-milliseconds taken by all map tasks=61961183232
	Map-Reduce Framework
		Map input records=28398701
		Map output records=28398701
		Input split bytes=35339
		Spilled Records=0
		Failed Shuffles=0
		Merged Map outputs=0
		GC time elapsed (ms)=275601
		CPU time spent (ms)=5209110
		Physical memory (bytes) snapshot=103089188864
		Virtual memory (bytes) snapshot=500700106752
		Total committed heap usage (bytes)=74471964672
	File Input Format Counters 
		Bytes Read=0
	File Output Format Counters 
		Bytes Written=0
16/12/20 08:07:06 INFO processor.TeradataOutputProcessor: output postprocessor com.teradata.connector.teradata.processor.TeradataBatchInsertProcessor starts at:  1482246426410
16/12/20 08:07:07 INFO processor.TeradataBatchInsertProcessor: insert from staget table to target table 
16/12/20 08:07:07 INFO processor.TeradataBatchInsertProcessor: the insert select sql starts at: 1482246427359
16/12/20 08:07:59 INFO processor.TeradataBatchInsertProcessor: the insert select sql ends at: 1482246479412
16/12/20 08:07:59 INFO processor.TeradataBatchInsertProcessor: the total elapsed time of the insert select sql  is: 52s
16/12/20 08:08:06 INFO processor.TeradataBatchInsertProcessor: drop stage table "StgCDLAttributes_080318551"
16/12/20 08:08:06 INFO processor.TeradataOutputProcessor: output postprocessor com.teradata.connector.teradata.processor.TeradataBatchInsertProcessor ends at:  1482246426410
16/12/20 08:08:06 INFO processor.TeradataOutputProcessor: the total elapsed time of output postprocessor com.teradata.connector.teradata.processor.TeradataBatchInsertProcessor is: 60s
16/12/20 08:08:06 INFO tool.ConnectorExportTool: ConnectorExportTool ends at 1482246486707
16/12/20 08:08:06 INFO tool.ConnectorExportTool: ConnectorExportTool time is 292s
16/12/20 08:08:06 INFO tool.ConnectorExportTool: job completed with exit code 0
BTEQ 15.00.00.02 Tue Dec 20 08:08:07 2016 PID: 11682
 
+---------+---------+---------+---------+---------+---------+---------+----
.SET ECHOREQ ON
+---------+---------+---------+---------+---------+---------+---------+----
.SET ERROROUT STDOUT
 *** Error messages now directed to STDOUT.
+---------+---------+---------+---------+---------+---------+---------+----
.SET WIDTH 256
+---------+---------+---------+---------+---------+---------+---------+---------+---------+---------+---------+---------+---------+-


.LOGON godaddy3.prod.phx3.gdg/P_BTCH_HadoopImp,

 *** Logon successfully completed.
 *** Teradata Database Release is 15.00.02.03                   
 *** Teradata Database Version is 15.00.02.05                     
 *** Transaction Semantics are BTET.
 *** Session Character Set Name is 'ASCII'.
 
 *** Total elapsed time was 1 second.
 
+---------+---------+---------+---------+---------+---------+---------+---------+---------+---------+---------+---------+---------+-

SELECT TOP 1 * FROM P_HadoopImp_S.StgCDLAttributes;

 *** Query completed. One row found. 99 columns returned. 
 *** Total elapsed time was 3 seconds.

shopper_id t_xxx_projoindate                                                                                    t_xxx_minclientadd                                                                                   t_xxx_signedat
---------- ---------------------------------------------------------------------------------------------------- ---------------------------------------------------------------------------------------------------- -------------------------------------------
77047879   ?                                                                                                    ?                                                                                                    ?

+---------+---------+---------+---------+---------+---------+---------+---------+---------+---------+---------+---------+---------+-

.IF ACTIVITYCOUNT = 0 THEN .GOTO E086
+---------+---------+---------+---------+---------+---------+---------+---------+---------+---------+---------+---------+---------+-

delete P_ARM_IMPORT.cdl_attributes all;

 *** Delete completed. 28393260 rows removed. 
 *** Total elapsed time was 2 seconds.


+---------+---------+---------+---------+---------+---------+---------+---------+---------+---------+---------+---------+---------+-

.IF ERRORCODE <> 0 THEN .GOTO E003
+---------+---------+---------+---------+---------+---------+---------+---------+---------+---------+---------+---------+---------+-

insert into P_ARM_IMPORT.cdl_attributes
SELECT *
FROM P_HadoopImp_S.StgCDLAttributes;

 *** Insert completed. 28398701 rows added. 
 *** Total elapsed time was 11 seconds.


+---------+---------+---------+---------+---------+---------+---------+---------+---------+---------+---------+---------+---------+-

.IF ERRORCODE <> 0 THEN .GOTO E003
+---------+---------+---------+---------+---------+---------+---------+---------+---------+---------+---------+---------+---------+-

COLLECT STATS P_ARM_IMPORT.cdl_attributes COLUMN(shopper_id);

 *** Update completed. 2 rows changed. 
 *** Total elapsed time was 5 seconds.


+---------+---------+---------+---------+---------+---------+---------+---------+---------+---------+---------+---------+---------+-

.IF ERRORCODE <> 0 THEN .GOTO E003
+---------+---------+---------+---------+---------+---------+---------+---------+---------+---------+---------+---------+---------+-

DELETE P_HADOOPIMP_S.StgCDLAttributes ALL;

 *** Delete completed. 28398701 rows removed. 
 *** Total elapsed time was 2 seconds.


+---------+---------+---------+---------+---------+---------+---------+---------+---------+---------+---------+---------+---------+-

.IF ERRORCODE <> 0 THEN .GOTO E003
+---------+---------+---------+---------+---------+---------+---------+---------+---------+---------+---------+---------+---------+-

------------------------------------------------------------------------
--  086 - Good exit
------------------------------------------------------------------------

.LABEL E086
+---------+---------+---------+---------+---------+---------+---------+---------+---------+---------+---------+---------+---------+-
.LOGOFF
 *** You are now logged off from the DBC.
+---------+---------+---------+---------+---------+---------+---------+---------+---------+---------+---------+---------+---------+-
.QUIT
 *** Exiting BTEQ...
 *** RC (return code) = 0 
