
Logging initialized using configuration in file:/etc/hive/conf/hive-log4j.properties
OK
Time taken: 5.077 seconds
Added [/home/hdp_oc_team/Brickhouse/brickhouse-0.6.0.jar] to class path
Added resources: [/home/hdp_oc_team/Brickhouse/brickhouse-0.6.0.jar]
OK
Time taken: 0.071 seconds
OK
Time taken: 1.378 seconds
Query ID = hdp_oc_team_20161220070145_1091e87a-5069-4ef1-bbec-b414b952ab55
Total jobs = 3
Launching Job 1 out of 3
Number of reduce tasks is set to 0 since there's no reduce operator
16/12/20 07:01:51 ERROR mr.ExecDriver: yarn
16/12/20 07:01:53 WARN mapreduce.JobResourceUploader: Hadoop command-line option parsing not performed. Implement the Tool interface and execute your application with ToolRunner to remedy this.
Starting Job = job_1478649307064_895659, Tracking URL = http://p3plpaname02.prod.phx3.gdg:8088/proxy/application_1478649307064_895659/
Kill Command = /usr/lib/hadoop/bin/hadoop job  -kill job_1478649307064_895659
Hadoop job information for Stage-1: number of mappers: 281; number of reducers: 0
16/12/20 07:02:11 WARN mapreduce.Counters: Group org.apache.hadoop.mapred.Task$Counter is deprecated. Use org.apache.hadoop.mapreduce.TaskCounter instead
2016-12-20 07:02:11,175 Stage-1 map = 0%,  reduce = 0%
2016-12-20 07:02:31,247 Stage-1 map = 1%,  reduce = 0%, Cumulative CPU 154.64 sec
2016-12-20 07:02:33,395 Stage-1 map = 4%,  reduce = 0%, Cumulative CPU 1015.69 sec
2016-12-20 07:02:34,526 Stage-1 map = 6%,  reduce = 0%, Cumulative CPU 2165.29 sec
2016-12-20 07:02:35,640 Stage-1 map = 9%,  reduce = 0%, Cumulative CPU 3395.12 sec
2016-12-20 07:02:37,856 Stage-1 map = 11%,  reduce = 0%, Cumulative CPU 5046.08 sec
2016-12-20 07:02:38,958 Stage-1 map = 12%,  reduce = 0%, Cumulative CPU 5784.83 sec
2016-12-20 07:02:40,027 Stage-1 map = 13%,  reduce = 0%, Cumulative CPU 6413.48 sec
2016-12-20 07:02:41,963 Stage-1 map = 14%,  reduce = 0%, Cumulative CPU 7272.19 sec
2016-12-20 07:02:43,047 Stage-1 map = 15%,  reduce = 0%, Cumulative CPU 7847.18 sec
2016-12-20 07:02:45,196 Stage-1 map = 16%,  reduce = 0%, Cumulative CPU 8732.58 sec
2016-12-20 07:02:50,583 Stage-1 map = 18%,  reduce = 0%, Cumulative CPU 10529.02 sec
2016-12-20 07:02:53,790 Stage-1 map = 20%,  reduce = 0%, Cumulative CPU 11496.07 sec
2016-12-20 07:02:55,906 Stage-1 map = 23%,  reduce = 0%, Cumulative CPU 12111.04 sec
2016-12-20 07:02:57,000 Stage-1 map = 26%,  reduce = 0%, Cumulative CPU 12480.54 sec
2016-12-20 07:02:58,112 Stage-1 map = 30%,  reduce = 0%, Cumulative CPU 12720.99 sec
2016-12-20 07:02:59,162 Stage-1 map = 34%,  reduce = 0%, Cumulative CPU 13065.78 sec
2016-12-20 07:03:00,239 Stage-1 map = 39%,  reduce = 0%, Cumulative CPU 13414.08 sec
2016-12-20 07:03:01,316 Stage-1 map = 42%,  reduce = 0%, Cumulative CPU 13613.24 sec
2016-12-20 07:03:02,892 Stage-1 map = 48%,  reduce = 0%, Cumulative CPU 14064.41 sec
2016-12-20 07:03:03,990 Stage-1 map = 51%,  reduce = 0%, Cumulative CPU 14395.26 sec
2016-12-20 07:03:05,062 Stage-1 map = 55%,  reduce = 0%, Cumulative CPU 14675.91 sec
2016-12-20 07:03:06,115 Stage-1 map = 57%,  reduce = 0%, Cumulative CPU 14959.62 sec
2016-12-20 07:03:07,192 Stage-1 map = 60%,  reduce = 0%, Cumulative CPU 15166.5 sec
2016-12-20 07:03:08,290 Stage-1 map = 62%,  reduce = 0%, Cumulative CPU 15429.27 sec
2016-12-20 07:03:09,325 Stage-1 map = 64%,  reduce = 0%, Cumulative CPU 15691.67 sec
2016-12-20 07:03:10,387 Stage-1 map = 66%,  reduce = 0%, Cumulative CPU 15879.69 sec
2016-12-20 07:03:11,469 Stage-1 map = 68%,  reduce = 0%, Cumulative CPU 16106.7 sec
2016-12-20 07:03:12,534 Stage-1 map = 69%,  reduce = 0%, Cumulative CPU 16376.72 sec
2016-12-20 07:03:13,629 Stage-1 map = 70%,  reduce = 0%, Cumulative CPU 16542.94 sec
2016-12-20 07:03:14,668 Stage-1 map = 71%,  reduce = 0%, Cumulative CPU 16788.0 sec
2016-12-20 07:03:16,773 Stage-1 map = 72%,  reduce = 0%, Cumulative CPU 17164.1 sec
2016-12-20 07:03:19,978 Stage-1 map = 73%,  reduce = 0%, Cumulative CPU 17804.38 sec
2016-12-20 07:03:22,116 Stage-1 map = 74%,  reduce = 0%, Cumulative CPU 18239.21 sec
2016-12-20 07:03:23,191 Stage-1 map = 75%,  reduce = 0%, Cumulative CPU 18419.69 sec
2016-12-20 07:03:24,246 Stage-1 map = 76%,  reduce = 0%, Cumulative CPU 18610.89 sec
2016-12-20 07:03:25,358 Stage-1 map = 78%,  reduce = 0%, Cumulative CPU 18804.62 sec
2016-12-20 07:03:26,449 Stage-1 map = 79%,  reduce = 0%, Cumulative CPU 18920.03 sec
2016-12-20 07:03:27,574 Stage-1 map = 81%,  reduce = 0%, Cumulative CPU 19129.31 sec
2016-12-20 07:03:28,762 Stage-1 map = 83%,  reduce = 0%, Cumulative CPU 19337.95 sec
2016-12-20 07:03:29,884 Stage-1 map = 84%,  reduce = 0%, Cumulative CPU 19455.17 sec
2016-12-20 07:03:30,995 Stage-1 map = 85%,  reduce = 0%, Cumulative CPU 19637.16 sec
2016-12-20 07:03:32,137 Stage-1 map = 86%,  reduce = 0%, Cumulative CPU 19734.46 sec
2016-12-20 07:03:33,271 Stage-1 map = 87%,  reduce = 0%, Cumulative CPU 19859.72 sec
2016-12-20 07:03:34,390 Stage-1 map = 89%,  reduce = 0%, Cumulative CPU 20013.32 sec
2016-12-20 07:03:35,478 Stage-1 map = 91%,  reduce = 0%, Cumulative CPU 20083.5 sec
2016-12-20 07:03:36,536 Stage-1 map = 92%,  reduce = 0%, Cumulative CPU 20182.69 sec
2016-12-20 07:03:37,591 Stage-1 map = 93%,  reduce = 0%, Cumulative CPU 20273.51 sec
2016-12-20 07:03:39,764 Stage-1 map = 95%,  reduce = 0%, Cumulative CPU 20381.66 sec
2016-12-20 07:03:40,808 Stage-1 map = 96%,  reduce = 0%, Cumulative CPU 20429.61 sec
2016-12-20 07:03:42,951 Stage-1 map = 97%,  reduce = 0%, Cumulative CPU 20491.55 sec
2016-12-20 07:03:43,999 Stage-1 map = 98%,  reduce = 0%, Cumulative CPU 20521.7 sec
2016-12-20 07:03:45,043 Stage-1 map = 99%,  reduce = 0%, Cumulative CPU 20550.14 sec
2016-12-20 07:03:53,525 Stage-1 map = 100%,  reduce = 0%, Cumulative CPU 20610.92 sec
MapReduce Total cumulative CPU time: 0 days 5 hours 43 minutes 30 seconds 920 msec
Ended Job = job_1478649307064_895659
Stage-4 is selected by condition resolver.
Stage-3 is filtered out by condition resolver.
Stage-5 is filtered out by condition resolver.
Moving data to: hdfs://production/user/hdp_oc_team/hdp_oc_team.db/.hive-staging_hive_2016-12-20_07-01-45_501_5170466496101297623-1/-ext-10001
Moving data to: hdfs://production/user/hdp_oc_team/hdp_oc_team.db/cdl_all
Table hdp_oc_team.cdl_all stats: [numFiles=281, numRows=28398701, totalSize=615405716105, rawDataSize=615377317404]
MapReduce Jobs Launched: 
Stage-Stage-1: Map: 281   Cumulative CPU: 20610.92 sec   HDFS Read: 57187265219 HDFS Write: 615405740364 SUCCESS
Total MapReduce CPU Time Spent: 0 days 5 hours 43 minutes 30 seconds 920 msec
OK
Time taken: 132.515 seconds
16/12/20 07:03:59 INFO tool.ConnectorExportTool: ConnectorExportTool starts at 1482242639333
16/12/20 07:04:00 INFO common.ConnectorPlugin: load plugins in file:/tmp/hadoop-unjar7175754755433134856/teradata.connector.plugins.xml
16/12/20 07:04:00 INFO processor.TeradataOutputProcessor: output preprocessor com.teradata.connector.teradata.processor.TeradataBatchInsertProcessor starts at:  1482242640699
16/12/20 07:04:01 INFO utils.TeradataUtils: the output database product is Teradata
16/12/20 07:04:01 INFO utils.TeradataUtils: the output database version is 15.0
16/12/20 07:04:01 INFO utils.TeradataUtils: the jdbc driver version is 15.0
16/12/20 07:04:02 INFO processor.TeradataOutputProcessor: the teradata connector for hadoop version is: 1.4.2
16/12/20 07:04:02 INFO processor.TeradataOutputProcessor: output jdbc properties are jdbc:teradata://godaddy3.prod.phx3.gdg/DATABASE=P_HadoopImp_S
16/12/20 07:04:03 INFO processor.TeradataBatchInsertProcessor: create output stage table CDL_ALL_STG_070403647the sql is CREATE MULTISET TABLE "CDL_ALL_STG_070403647", DATABLOCKSIZE = 130048 BYTES, NO FALLBACK, NO BEFORE JOURNAL, NO AFTER JOURNAL, CHECKSUM = DEFAULT ("SHOPACCTID" VARCHAR(10) CHARACTER SET LATIN NOT CASESPECIFIC NULL, "CDL_JSON" CLOB(16383K) CHARACTER SET LATIN NULL, "TDCH_BI_TASKID" VARCHAR(40) NOT CASESPECIFIC NULL) NO PRIMARY INDEX  
16/12/20 07:04:03 INFO processor.TeradataOutputProcessor: the number of mappers are 144
16/12/20 07:04:03 INFO processor.TeradataOutputProcessor: output preprocessor com.teradata.connector.teradata.processor.TeradataBatchInsertProcessor ends at:  1482242643718
16/12/20 07:04:03 INFO processor.TeradataOutputProcessor: the total elapsed time of output preprocessor com.teradata.connector.teradata.processor.TeradataBatchInsertProcessor is: 3s
16/12/20 07:04:05 INFO hdfs.DFSClient: Created HDFS_DELEGATION_TOKEN token 20996407 for hdp_oc_team on ha-hdfs:production
16/12/20 07:04:06 INFO security.TokenCache: Got dt for hdfs://production; Kind: HDFS_DELEGATION_TOKEN, Service: ha-hdfs:production, Ident: (HDFS_DELEGATION_TOKEN token 20996407 for hdp_oc_team)
16/12/20 07:04:07 INFO input.FileInputFormat: Total input paths to process : 281
16/12/20 07:04:07 INFO input.FileInputFormat: Total input paths to process : 281
16/12/20 07:04:07 INFO input.CombineFileInputFormat: DEBUG: Terminated node allocation with : CompletedNodes: 340, size left: 182177562889
16/12/20 07:04:08 INFO mapreduce.JobSubmitter: number of splits:142
16/12/20 07:04:08 INFO mapreduce.JobSubmitter: Submitting tokens for job: job_1478649307064_895708
16/12/20 07:04:08 INFO mapreduce.JobSubmitter: Kind: HDFS_DELEGATION_TOKEN, Service: ha-hdfs:production, Ident: (HDFS_DELEGATION_TOKEN token 20996407 for hdp_oc_team)
16/12/20 07:04:08 INFO impl.YarnClientImpl: Submitted application application_1478649307064_895708
16/12/20 07:04:08 INFO mapreduce.Job: The url to track the job: http://p3plpaname02.prod.phx3.gdg:8088/proxy/application_1478649307064_895708/
16/12/20 07:04:08 INFO mapreduce.Job: Running job: job_1478649307064_895708
16/12/20 07:04:46 INFO mapreduce.Job: Job job_1478649307064_895708 running in uber mode : false
16/12/20 07:04:46 INFO mapreduce.Job:  map 0% reduce 0%
16/12/20 07:05:02 INFO mapreduce.Job:  map 1% reduce 0%
16/12/20 07:05:04 INFO mapreduce.Job:  map 2% reduce 0%
16/12/20 07:05:06 INFO mapreduce.Job:  map 3% reduce 0%
16/12/20 07:05:08 INFO mapreduce.Job:  map 4% reduce 0%
16/12/20 07:05:12 INFO mapreduce.Job:  map 5% reduce 0%
16/12/20 07:05:39 INFO mapreduce.Job:  map 6% reduce 0%
16/12/20 07:05:48 INFO mapreduce.Job:  map 7% reduce 0%
16/12/20 07:06:17 INFO mapreduce.Job:  map 8% reduce 0%
16/12/20 07:06:26 INFO mapreduce.Job:  map 9% reduce 0%
16/12/20 07:06:43 INFO mapreduce.Job:  map 10% reduce 0%
16/12/20 07:06:55 INFO mapreduce.Job:  map 11% reduce 0%
16/12/20 07:07:09 INFO mapreduce.Job:  map 12% reduce 0%
16/12/20 07:07:25 INFO mapreduce.Job:  map 13% reduce 0%
16/12/20 07:07:41 INFO mapreduce.Job:  map 14% reduce 0%
16/12/20 07:07:55 INFO mapreduce.Job:  map 15% reduce 0%
16/12/20 07:08:04 INFO mapreduce.Job:  map 16% reduce 0%
16/12/20 07:08:19 INFO mapreduce.Job:  map 17% reduce 0%
16/12/20 07:08:28 INFO mapreduce.Job:  map 18% reduce 0%
16/12/20 07:08:37 INFO mapreduce.Job:  map 19% reduce 0%
16/12/20 07:08:48 INFO mapreduce.Job:  map 20% reduce 0%
16/12/20 07:08:59 INFO mapreduce.Job:  map 21% reduce 0%
16/12/20 07:09:12 INFO mapreduce.Job:  map 22% reduce 0%
16/12/20 07:09:24 INFO mapreduce.Job:  map 23% reduce 0%
16/12/20 07:09:34 INFO mapreduce.Job:  map 24% reduce 0%
16/12/20 07:09:46 INFO mapreduce.Job:  map 25% reduce 0%
16/12/20 07:09:56 INFO mapreduce.Job:  map 26% reduce 0%
16/12/20 07:10:11 INFO mapreduce.Job:  map 27% reduce 0%
16/12/20 07:10:20 INFO mapreduce.Job:  map 28% reduce 0%
16/12/20 07:10:33 INFO mapreduce.Job:  map 29% reduce 0%
16/12/20 07:10:44 INFO mapreduce.Job:  map 30% reduce 0%
16/12/20 07:10:55 INFO mapreduce.Job:  map 31% reduce 0%
16/12/20 07:11:03 INFO mapreduce.Job:  map 32% reduce 0%
16/12/20 07:11:12 INFO mapreduce.Job:  map 33% reduce 0%
16/12/20 07:11:25 INFO mapreduce.Job:  map 34% reduce 0%
16/12/20 07:11:34 INFO mapreduce.Job:  map 35% reduce 0%
16/12/20 07:11:45 INFO mapreduce.Job:  map 36% reduce 0%
16/12/20 07:11:57 INFO mapreduce.Job:  map 37% reduce 0%
16/12/20 07:12:08 INFO mapreduce.Job:  map 38% reduce 0%
16/12/20 07:12:21 INFO mapreduce.Job:  map 39% reduce 0%
16/12/20 07:12:30 INFO mapreduce.Job:  map 40% reduce 0%
16/12/20 07:12:44 INFO mapreduce.Job:  map 41% reduce 0%
16/12/20 07:12:55 INFO mapreduce.Job:  map 42% reduce 0%
16/12/20 07:13:06 INFO mapreduce.Job:  map 43% reduce 0%
16/12/20 07:13:19 INFO mapreduce.Job:  map 44% reduce 0%
16/12/20 07:13:28 INFO mapreduce.Job:  map 45% reduce 0%
16/12/20 07:13:40 INFO mapreduce.Job:  map 46% reduce 0%
16/12/20 07:13:49 INFO mapreduce.Job:  map 47% reduce 0%
16/12/20 07:13:57 INFO mapreduce.Job:  map 48% reduce 0%
16/12/20 07:14:09 INFO mapreduce.Job:  map 49% reduce 0%
16/12/20 07:14:20 INFO mapreduce.Job:  map 50% reduce 0%
16/12/20 07:14:37 INFO mapreduce.Job:  map 51% reduce 0%
16/12/20 07:14:51 INFO mapreduce.Job:  map 52% reduce 0%
16/12/20 07:15:25 INFO mapreduce.Job:  map 53% reduce 0%
16/12/20 07:16:44 INFO mapreduce.Job:  map 54% reduce 0%
16/12/20 07:17:52 INFO mapreduce.Job:  map 55% reduce 0%
16/12/20 07:18:35 INFO mapreduce.Job:  map 56% reduce 0%
16/12/20 07:19:32 INFO mapreduce.Job:  map 57% reduce 0%
16/12/20 07:20:36 INFO mapreduce.Job:  map 58% reduce 0%
16/12/20 07:22:02 INFO mapreduce.Job:  map 59% reduce 0%
16/12/20 07:22:43 INFO mapreduce.Job:  map 60% reduce 0%
16/12/20 07:23:32 INFO mapreduce.Job:  map 61% reduce 0%
16/12/20 07:24:07 INFO mapreduce.Job:  map 62% reduce 0%
16/12/20 07:25:17 INFO mapreduce.Job:  map 63% reduce 0%
16/12/20 07:26:33 INFO mapreduce.Job:  map 64% reduce 0%
16/12/20 07:27:09 INFO mapreduce.Job:  map 65% reduce 0%
16/12/20 07:28:01 INFO mapreduce.Job:  map 66% reduce 0%
16/12/20 07:28:37 INFO mapreduce.Job:  map 67% reduce 0%
16/12/20 07:29:48 INFO mapreduce.Job:  map 68% reduce 0%
16/12/20 07:30:52 INFO mapreduce.Job:  map 69% reduce 0%
16/12/20 07:32:11 INFO mapreduce.Job:  map 70% reduce 0%
16/12/20 07:33:11 INFO mapreduce.Job:  map 71% reduce 0%
16/12/20 07:34:25 INFO mapreduce.Job:  map 72% reduce 0%
16/12/20 07:36:13 INFO mapreduce.Job:  map 73% reduce 0%
16/12/20 07:37:21 INFO mapreduce.Job:  map 74% reduce 0%
16/12/20 07:38:19 INFO mapreduce.Job:  map 75% reduce 0%
16/12/20 07:39:13 INFO mapreduce.Job:  map 76% reduce 0%
16/12/20 07:39:56 INFO mapreduce.Job:  map 77% reduce 0%
16/12/20 07:41:07 INFO mapreduce.Job:  map 78% reduce 0%
16/12/20 07:41:42 INFO mapreduce.Job:  map 79% reduce 0%
16/12/20 07:42:59 INFO mapreduce.Job:  map 80% reduce 0%
16/12/20 07:43:31 INFO mapreduce.Job:  map 81% reduce 0%
16/12/20 07:44:43 INFO mapreduce.Job:  map 82% reduce 0%
16/12/20 07:45:30 INFO mapreduce.Job:  map 83% reduce 0%
16/12/20 07:46:33 INFO mapreduce.Job:  map 84% reduce 0%
16/12/20 07:47:22 INFO mapreduce.Job:  map 85% reduce 0%
16/12/20 07:48:04 INFO mapreduce.Job:  map 86% reduce 0%
16/12/20 07:49:12 INFO mapreduce.Job:  map 87% reduce 0%
16/12/20 07:49:51 INFO mapreduce.Job:  map 88% reduce 0%
16/12/20 07:51:00 INFO mapreduce.Job:  map 89% reduce 0%
16/12/20 07:51:36 INFO mapreduce.Job:  map 90% reduce 0%
16/12/20 07:52:53 INFO mapreduce.Job:  map 91% reduce 0%
16/12/20 07:53:30 INFO mapreduce.Job:  map 92% reduce 0%
16/12/20 07:54:39 INFO mapreduce.Job:  map 93% reduce 0%
16/12/20 07:55:17 INFO mapreduce.Job:  map 94% reduce 0%
16/12/20 07:56:22 INFO mapreduce.Job:  map 95% reduce 0%
16/12/20 07:57:13 INFO mapreduce.Job:  map 96% reduce 0%
16/12/20 07:58:03 INFO mapreduce.Job:  map 97% reduce 0%
16/12/20 07:59:08 INFO mapreduce.Job:  map 98% reduce 0%
16/12/20 07:59:40 INFO mapreduce.Job:  map 99% reduce 0%
16/12/20 08:01:22 INFO mapreduce.Job:  map 100% reduce 0%
16/12/20 08:02:58 INFO mapreduce.Job: Job job_1478649307064_895708 completed successfully
16/12/20 08:02:58 INFO mapreduce.Job: Counters: 32
	File System Counters
		FILE: Number of bytes read=0
		FILE: Number of bytes written=19837286
		FILE: Number of read operations=0
		FILE: Number of large read operations=0
		FILE: Number of write operations=0
		HDFS: Number of bytes read=615986110953
		HDFS: Number of bytes written=0
		HDFS: Number of read operations=4848
		HDFS: Number of large read operations=0
		HDFS: Number of write operations=0
	Job Counters 
		Launched map tasks=142
		Other local map tasks=20
		Data-local map tasks=66
		Rack-local map tasks=56
		Total time spent by all maps in occupied slots (ms)=580985204
		Total time spent by all reduces in occupied slots (ms)=0
		Total time spent by all map tasks (ms)=290492602
		Total vcore-milliseconds taken by all map tasks=290492602
		Total megabyte-milliseconds taken by all map tasks=1189857697792
	Map-Reduce Framework
		Map input records=28398701
		Map output records=28398701
		Input split bytes=401248
		Spilled Records=0
		Failed Shuffles=0
		Merged Map outputs=0
		GC time elapsed (ms)=4512895
		CPU time spent (ms)=49645370
		Physical memory (bytes) snapshot=212228128768
		Virtual memory (bytes) snapshot=596444893184
		Total committed heap usage (bytes)=177410146304
	File Input Format Counters 
		Bytes Read=0
	File Output Format Counters 
		Bytes Written=0
16/12/20 08:02:58 INFO processor.TeradataOutputProcessor: output postprocessor com.teradata.connector.teradata.processor.TeradataBatchInsertProcessor starts at:  1482246178375
16/12/20 08:02:58 INFO processor.TeradataBatchInsertProcessor: insert from staget table to target table 
16/12/20 08:02:58 INFO processor.TeradataBatchInsertProcessor: the insert select sql starts at: 1482246178660
16/12/20 08:20:05 INFO processor.TeradataBatchInsertProcessor: the insert select sql ends at: 1482247205242
16/12/20 08:20:05 INFO processor.TeradataBatchInsertProcessor: the total elapsed time of the insert select sql  is: 1026s
16/12/20 08:20:06 INFO processor.TeradataBatchInsertProcessor: drop stage table "CDL_ALL_STG_070403647"
16/12/20 08:20:07 INFO processor.TeradataOutputProcessor: output postprocessor com.teradata.connector.teradata.processor.TeradataBatchInsertProcessor ends at:  1482246178375
16/12/20 08:20:07 INFO processor.TeradataOutputProcessor: the total elapsed time of output postprocessor com.teradata.connector.teradata.processor.TeradataBatchInsertProcessor is: 1028s
16/12/20 08:20:07 INFO tool.ConnectorExportTool: ConnectorExportTool ends at 1482247207290
16/12/20 08:20:07 INFO tool.ConnectorExportTool: ConnectorExportTool time is 4567s
16/12/20 08:20:07 INFO tool.ConnectorExportTool: job completed with exit code 0
BTEQ 15.00.00.02 Tue Dec 20 08:20:08 2016 PID: 22038
 
+---------+---------+---------+---------+---------+---------+---------+----
.SET ECHOREQ ON
+---------+---------+---------+---------+---------+---------+---------+----
.SET ERROROUT STDOUT
 *** Error messages now directed to STDOUT.
+---------+---------+---------+---------+---------+---------+---------+----
.SET WIDTH 256
+---------+---------+---------+---------+---------+---------+---------+---------+---------+---------+---------+---------+---------+-


.LOGON godaddy3.prod.phx3.gdg/P_BTCH_HadoopImp,

 *** Logon successfully completed.
 *** Teradata Database Release is 15.00.02.03                   
 *** Teradata Database Version is 15.00.02.05                     
 *** Transaction Semantics are BTET.
 *** Session Character Set Name is 'ASCII'.
 
 *** Total elapsed time was 1 second.
 
+---------+---------+---------+---------+---------+---------+---------+---------+---------+---------+---------+---------+---------+-

SELECT TOP 1 * FROM P_HadoopImp_S.CDL_ALL_STG;

 *** Query completed. One row found. 2 columns returned. 
 *** Total elapsed time was 1 second.

SHOPACCTID CDL_JSON
---------- -----------------------------------------------------------------------------------------------------------------------------------------------------------------------------------------------------------------------------------------------------
134021457  {"shopper_id":"134021457","x_xxx_postalstatecode":"IN","c_xxx_crmportfoliotypeid":0,"b_xxx_isreseller":false,"b_xxx_iscompany":null,"b_xxx_sms_optin":false,"x_xxx_gender":null,"s_seg_zip":null,"x_xxx_global_rand":0.9077061307783812,"x_xxx_daily_

+---------+---------+---------+---------+---------+---------+---------+---------+---------+---------+---------+---------+---------+-

.IF ACTIVITYCOUNT = 0 THEN .GOTO E086
+---------+---------+---------+---------+---------+---------+---------+---------+---------+---------+---------+---------+---------+-

drop table P_ARM_IMPORT.cdl_all;

 *** Table has been dropped. 
 *** Total elapsed time was 4 seconds.


+---------+---------+---------+---------+---------+---------+---------+---------+---------+---------+---------+---------+---------+-

.IF ERRORCODE <> 0 THEN .GOTO E003
+---------+---------+---------+---------+---------+---------+---------+---------+---------+---------+---------+---------+---------+-

create multiset table P_ARM_IMPORT.cdl_all as(
SELECT SHOPACCTID, CAST(CDL_JSON AS JSON) AS CDL_JSON
FROM P_HadoopImp_S.CDL_ALL_STG)
with data
primary index(SHOPACCTID);

 *** Table has been created. 
 *** Total elapsed time was 15 minutes and 59 seconds.


+---------+---------+---------+---------+---------+---------+---------+---------+---------+---------+---------+---------+---------+-

.IF ERRORCODE <> 0 THEN .GOTO E003
+---------+---------+---------+---------+---------+---------+---------+---------+---------+---------+---------+---------+---------+-

COLLECT STATS P_ARM_IMPORT.cdl_all COLUMN(shopacctid);

 *** Update completed. 2 rows changed. 
 *** Total elapsed time was 2 seconds.


+---------+---------+---------+---------+---------+---------+---------+---------+---------+---------+---------+---------+---------+-

.IF ERRORCODE <> 0 THEN .GOTO E003
+---------+---------+---------+---------+---------+---------+---------+---------+---------+---------+---------+---------+---------+-

DELETE P_HADOOPIMP_S.CDL_ALL_STG ALL;

 *** Delete completed. 28398701 rows removed. 
 *** Total elapsed time was 1 second.


+---------+---------+---------+---------+---------+---------+---------+---------+---------+---------+---------+---------+---------+-

.IF ERRORCODE <> 0 THEN .GOTO E003
+---------+---------+---------+---------+---------+---------+---------+---------+---------+---------+---------+---------+---------+-

------------------------------------------------------------------------
--  086 - Good exit
------------------------------------------------------------------------

.LABEL E086
+---------+---------+---------+---------+---------+---------+---------+---------+---------+---------+---------+---------+---------+-
.LOGOFF
 *** You are now logged off from the DBC.
+---------+---------+---------+---------+---------+---------+---------+---------+---------+---------+---------+---------+---------+-
.QUIT
 *** Exiting BTEQ...
 *** RC (return code) = 0 
