
Logging initialized using configuration in file:/etc/hive/conf/hive-log4j.properties
OK
Time taken: 1.41 seconds
16/12/20 01:00:34 WARN parse.RowResolver: Duplicate column info for b.shopper_id was overwritten in RowResolver map: _col0: string by _col0: string
16/12/20 01:00:34 WARN parse.RowResolver: Duplicate column info for c.resource_id was overwritten in RowResolver map: _col1: bigint by _col1: bigint
16/12/20 01:00:34 WARN parse.RowResolver: Duplicate column info for b.shopper_id was overwritten in RowResolver map: _col0: string by _col0: string
16/12/20 01:00:34 WARN parse.RowResolver: Duplicate column info for c.resource_id was overwritten in RowResolver map: _col1: bigint by _col1: bigint
16/12/20 01:00:34 WARN parse.RowResolver: Duplicate column info for a.shopper_id was overwritten in RowResolver map: _col0: string by _col0: string
16/12/20 01:00:34 WARN parse.RowResolver: Duplicate column info for b.resource_id was overwritten in RowResolver map: _col1: bigint by _col1: bigint
16/12/20 01:00:34 WARN parse.RowResolver: Duplicate column info for ft.shopper_id was overwritten in RowResolver map: _col0: string by _col0: string
16/12/20 01:00:35 ERROR calcite.RelOptHiveTable: No Stats for godaddy@gdshop_receipt_virtualorder_snap, Columns: pf_id
16/12/20 01:00:35 ERROR parse.CalcitePlanner: CBO failed due to missing column stats (see previous errors), skipping CBO
16/12/20 01:00:36 WARN parse.RowResolver: Duplicate column info for b.shopper_id was overwritten in RowResolver map: _col0: string by _col0: string
16/12/20 01:00:36 WARN parse.RowResolver: Duplicate column info for c.resource_id was overwritten in RowResolver map: _col1: bigint by _col1: bigint
16/12/20 01:00:36 WARN parse.RowResolver: Duplicate column info for b.shopper_id was overwritten in RowResolver map: _col0: string by _col0: string
16/12/20 01:00:36 WARN parse.RowResolver: Duplicate column info for c.resource_id was overwritten in RowResolver map: _col1: bigint by _col1: bigint
16/12/20 01:00:36 WARN parse.RowResolver: Duplicate column info for a.shopper_id was overwritten in RowResolver map: _col0: string by _col0: string
16/12/20 01:00:36 WARN parse.RowResolver: Duplicate column info for b.resource_id was overwritten in RowResolver map: _col1: bigint by _col1: bigint
16/12/20 01:00:36 WARN parse.RowResolver: Duplicate column info for ft.shopper_id was overwritten in RowResolver map: _col0: string by _col0: string
Query ID = hdp_oc_team_20161220010032_0ea0ea56-0442-44c5-8162-d39e315e3e83
Total jobs = 19
Stage-43 is selected by condition resolver.
Stage-15 is filtered out by condition resolver.
Execution log at: /tmp/hdp_oc_team/hdp_oc_team_20161220010032_0ea0ea56-0442-44c5-8162-d39e315e3e83.log
2016-12-20 01:00:41	Starting to launch local task to process map join;	maximum memory = 2092433408
2016-12-20 01:00:43	Dump the side-table for tag: 0 with group count: 56 into file: file:/tmp/hdp_oc_team/7b7838eb-c673-43a9-aa6f-7799d262c271/hive_2016-12-20_01-00-32_912_994731204788268077-1/-local-10022/HashTable-Stage-26/MapJoin-mapfile50--.hashtable
2016-12-20 01:00:43	Uploaded 1 File to: file:/tmp/hdp_oc_team/7b7838eb-c673-43a9-aa6f-7799d262c271/hive_2016-12-20_01-00-32_912_994731204788268077-1/-local-10022/HashTable-Stage-26/MapJoin-mapfile50--.hashtable (1731 bytes)
2016-12-20 01:00:43	End of local task; Time Taken: 2.019 sec.
Execution completed successfully
MapredLocal task succeeded
Execution log at: /tmp/hdp_oc_team/hdp_oc_team_20161220010032_0ea0ea56-0442-44c5-8162-d39e315e3e83.log
2016-12-20 01:00:47	Starting to launch local task to process map join;	maximum memory = 2092433408
2016-12-20 01:00:49	Dump the side-table for tag: 0 with group count: 56 into file: file:/tmp/hdp_oc_team/7b7838eb-c673-43a9-aa6f-7799d262c271/hive_2016-12-20_01-00-32_912_994731204788268077-1/-local-10028/HashTable-Stage-30/MapJoin-mapfile80--.hashtable
2016-12-20 01:00:49	Uploaded 1 File to: file:/tmp/hdp_oc_team/7b7838eb-c673-43a9-aa6f-7799d262c271/hive_2016-12-20_01-00-32_912_994731204788268077-1/-local-10028/HashTable-Stage-30/MapJoin-mapfile80--.hashtable (1731 bytes)
2016-12-20 01:00:49	End of local task; Time Taken: 2.121 sec.
Execution completed successfully
MapredLocal task succeeded
Execution log at: /tmp/hdp_oc_team/hdp_oc_team_20161220010032_0ea0ea56-0442-44c5-8162-d39e315e3e83.log
2016-12-20 01:00:54	Starting to launch local task to process map join;	maximum memory = 2092433408
2016-12-20 01:00:56	Dump the side-table for tag: 0 with group count: 35724 into file: file:/tmp/hdp_oc_team/7b7838eb-c673-43a9-aa6f-7799d262c271/hive_2016-12-20_01-00-32_912_994731204788268077-1/-local-10030/HashTable-Stage-32/MapJoin-mapfile100--.hashtable
2016-12-20 01:00:56	Uploaded 1 File to: file:/tmp/hdp_oc_team/7b7838eb-c673-43a9-aa6f-7799d262c271/hive_2016-12-20_01-00-32_912_994731204788268077-1/-local-10030/HashTable-Stage-32/MapJoin-mapfile100--.hashtable (2295043 bytes)
2016-12-20 01:00:56	End of local task; Time Taken: 2.081 sec.
Execution completed successfully
MapredLocal task succeeded
Launching Job 2 out of 19
Number of reduce tasks is set to 0 since there's no reduce operator
16/12/20 01:00:58 ERROR mr.ExecDriver: yarn
16/12/20 01:00:59 WARN mapreduce.JobResourceUploader: Hadoop command-line option parsing not performed. Implement the Tool interface and execute your application with ToolRunner to remedy this.
Starting Job = job_1478649307064_886854, Tracking URL = http://p3plpaname02.prod.phx3.gdg:8088/proxy/application_1478649307064_886854/
Kill Command = /usr/lib/hadoop/bin/hadoop job  -kill job_1478649307064_886854
Hadoop job information for Stage-26: number of mappers: 1; number of reducers: 0
16/12/20 01:01:08 WARN mapreduce.Counters: Group org.apache.hadoop.mapred.Task$Counter is deprecated. Use org.apache.hadoop.mapreduce.TaskCounter instead
2016-12-20 01:01:08,428 Stage-26 map = 0%,  reduce = 0%
2016-12-20 01:02:09,400 Stage-26 map = 0%,  reduce = 0%, Cumulative CPU 54.17 sec
2016-12-20 01:02:20,770 Stage-26 map = 100%,  reduce = 0%, Cumulative CPU 67.3 sec
MapReduce Total cumulative CPU time: 1 minutes 7 seconds 300 msec
Ended Job = job_1478649307064_886854
Launching Job 3 out of 19
Number of reduce tasks is set to 0 since there's no reduce operator
16/12/20 01:02:21 ERROR mr.ExecDriver: yarn
16/12/20 01:02:22 WARN mapreduce.JobResourceUploader: Hadoop command-line option parsing not performed. Implement the Tool interface and execute your application with ToolRunner to remedy this.
Starting Job = job_1478649307064_886987, Tracking URL = http://p3plpaname02.prod.phx3.gdg:8088/proxy/application_1478649307064_886987/
Kill Command = /usr/lib/hadoop/bin/hadoop job  -kill job_1478649307064_886987
Hadoop job information for Stage-30: number of mappers: 1; number of reducers: 0
16/12/20 01:02:33 WARN mapreduce.Counters: Group org.apache.hadoop.mapred.Task$Counter is deprecated. Use org.apache.hadoop.mapreduce.TaskCounter instead
2016-12-20 01:02:33,454 Stage-30 map = 0%,  reduce = 0%
2016-12-20 01:03:30,943 Stage-30 map = 100%,  reduce = 0%, Cumulative CPU 56.49 sec
MapReduce Total cumulative CPU time: 56 seconds 490 msec
Ended Job = job_1478649307064_886987
Launching Job 4 out of 19
Number of reduce tasks is set to 0 since there's no reduce operator
16/12/20 01:03:33 ERROR mr.ExecDriver: yarn
16/12/20 01:03:33 WARN mapreduce.JobResourceUploader: Hadoop command-line option parsing not performed. Implement the Tool interface and execute your application with ToolRunner to remedy this.
Starting Job = job_1478649307064_887040, Tracking URL = http://p3plpaname02.prod.phx3.gdg:8088/proxy/application_1478649307064_887040/
Kill Command = /usr/lib/hadoop/bin/hadoop job  -kill job_1478649307064_887040
Hadoop job information for Stage-32: number of mappers: 11; number of reducers: 0
16/12/20 01:03:44 WARN mapreduce.Counters: Group org.apache.hadoop.mapred.Task$Counter is deprecated. Use org.apache.hadoop.mapreduce.TaskCounter instead
2016-12-20 01:03:44,610 Stage-32 map = 0%,  reduce = 0%
2016-12-20 01:04:05,421 Stage-32 map = 27%,  reduce = 0%, Cumulative CPU 165.56 sec
2016-12-20 01:04:06,456 Stage-32 map = 73%,  reduce = 0%, Cumulative CPU 190.53 sec
2016-12-20 01:04:07,487 Stage-32 map = 91%,  reduce = 0%, Cumulative CPU 196.6 sec
2016-12-20 01:04:08,518 Stage-32 map = 100%,  reduce = 0%, Cumulative CPU 198.59 sec
MapReduce Total cumulative CPU time: 3 minutes 18 seconds 590 msec
Ended Job = job_1478649307064_887040
Stage-37 is filtered out by condition resolver.
Stage-38 is selected by condition resolver.
Stage-2 is filtered out by condition resolver.
Stage-40 is filtered out by condition resolver.
Stage-41 is selected by condition resolver.
Stage-11 is filtered out by condition resolver.
Launching Job 7 out of 19
Number of reduce tasks not specified. Estimated from input data size: 1
In order to change the average load for a reducer (in bytes):
  set hive.exec.reducers.bytes.per.reducer=<number>
In order to limit the maximum number of reducers:
  set hive.exec.reducers.max=<number>
In order to set a constant number of reducers:
  set mapreduce.job.reduces=<number>
16/12/20 01:04:10 ERROR mr.ExecDriver: yarn
16/12/20 01:04:10 WARN mapreduce.JobResourceUploader: Hadoop command-line option parsing not performed. Implement the Tool interface and execute your application with ToolRunner to remedy this.
Starting Job = job_1478649307064_887072, Tracking URL = http://p3plpaname02.prod.phx3.gdg:8088/proxy/application_1478649307064_887072/
Kill Command = /usr/lib/hadoop/bin/hadoop job  -kill job_1478649307064_887072
Hadoop job information for Stage-16: number of mappers: 11; number of reducers: 1
16/12/20 01:04:22 WARN mapreduce.Counters: Group org.apache.hadoop.mapred.Task$Counter is deprecated. Use org.apache.hadoop.mapreduce.TaskCounter instead
2016-12-20 01:04:22,977 Stage-16 map = 0%,  reduce = 0%
2016-12-20 01:04:32,337 Stage-16 map = 27%,  reduce = 0%, Cumulative CPU 8.28 sec
2016-12-20 01:04:33,379 Stage-16 map = 64%,  reduce = 0%, Cumulative CPU 20.29 sec
2016-12-20 01:04:34,424 Stage-16 map = 91%,  reduce = 0%, Cumulative CPU 33.66 sec
2016-12-20 01:04:39,605 Stage-16 map = 100%,  reduce = 0%, Cumulative CPU 37.35 sec
2016-12-20 01:04:44,862 Stage-16 map = 100%,  reduce = 100%, Cumulative CPU 43.21 sec
MapReduce Total cumulative CPU time: 43 seconds 210 msec
Ended Job = job_1478649307064_887072
Execution log at: /tmp/hdp_oc_team/hdp_oc_team_20161220010032_0ea0ea56-0442-44c5-8162-d39e315e3e83.log
2016-12-20 01:04:52	Starting to launch local task to process map join;	maximum memory = 2092433408
2016-12-20 01:05:00	Dump the side-table for tag: 0 with group count: 150789 into file: file:/tmp/hdp_oc_team/7b7838eb-c673-43a9-aa6f-7799d262c271/hive_2016-12-20_01-00-32_912_994731204788268077-1/-local-10020/HashTable-Stage-24/MapJoin-mapfile40--.hashtable
2016-12-20 01:05:00	Uploaded 1 File to: file:/tmp/hdp_oc_team/7b7838eb-c673-43a9-aa6f-7799d262c271/hive_2016-12-20_01-00-32_912_994731204788268077-1/-local-10020/HashTable-Stage-24/MapJoin-mapfile40--.hashtable (9119032 bytes)
2016-12-20 01:05:00	End of local task; Time Taken: 8.448 sec.
Execution completed successfully
MapredLocal task succeeded
Execution log at: /tmp/hdp_oc_team/hdp_oc_team_20161220010032_0ea0ea56-0442-44c5-8162-d39e315e3e83.log
2016-12-20 01:05:08	Starting to launch local task to process map join;	maximum memory = 2092433408
2016-12-20 01:05:17	Dump the side-table for tag: 0 with group count: 150789 into file: file:/tmp/hdp_oc_team/7b7838eb-c673-43a9-aa6f-7799d262c271/hive_2016-12-20_01-00-32_912_994731204788268077-1/-local-10026/HashTable-Stage-28/MapJoin-mapfile70--.hashtable
2016-12-20 01:05:18	Uploaded 1 File to: file:/tmp/hdp_oc_team/7b7838eb-c673-43a9-aa6f-7799d262c271/hive_2016-12-20_01-00-32_912_994731204788268077-1/-local-10026/HashTable-Stage-28/MapJoin-mapfile70--.hashtable (9119032 bytes)
2016-12-20 01:05:18	End of local task; Time Taken: 10.827 sec.
Execution completed successfully
MapredLocal task succeeded
Launching Job 8 out of 19
Number of reduce tasks is set to 0 since there's no reduce operator
16/12/20 01:05:20 ERROR mr.ExecDriver: yarn
16/12/20 01:05:20 WARN mapreduce.JobResourceUploader: Hadoop command-line option parsing not performed. Implement the Tool interface and execute your application with ToolRunner to remedy this.
Starting Job = job_1478649307064_887120, Tracking URL = http://p3plpaname02.prod.phx3.gdg:8088/proxy/application_1478649307064_887120/
Kill Command = /usr/lib/hadoop/bin/hadoop job  -kill job_1478649307064_887120
Hadoop job information for Stage-24: number of mappers: 133; number of reducers: 0
16/12/20 01:05:31 WARN mapreduce.Counters: Group org.apache.hadoop.mapred.Task$Counter is deprecated. Use org.apache.hadoop.mapreduce.TaskCounter instead
2016-12-20 01:05:31,619 Stage-24 map = 0%,  reduce = 0%
2016-12-20 01:05:47,586 Stage-24 map = 1%,  reduce = 0%, Cumulative CPU 7.01 sec
2016-12-20 01:05:48,627 Stage-24 map = 5%,  reduce = 0%, Cumulative CPU 98.76 sec
2016-12-20 01:05:49,673 Stage-24 map = 10%,  reduce = 0%, Cumulative CPU 156.92 sec
2016-12-20 01:05:50,706 Stage-24 map = 13%,  reduce = 0%, Cumulative CPU 222.99 sec
2016-12-20 01:05:51,742 Stage-24 map = 19%,  reduce = 0%, Cumulative CPU 415.68 sec
2016-12-20 01:05:52,811 Stage-24 map = 21%,  reduce = 0%, Cumulative CPU 679.46 sec
2016-12-20 01:05:53,874 Stage-24 map = 22%,  reduce = 0%, Cumulative CPU 806.77 sec
2016-12-20 01:05:54,928 Stage-24 map = 23%,  reduce = 0%, Cumulative CPU 1016.67 sec
2016-12-20 01:05:55,968 Stage-24 map = 25%,  reduce = 0%, Cumulative CPU 1256.19 sec
2016-12-20 01:05:57,002 Stage-24 map = 26%,  reduce = 0%, Cumulative CPU 1429.1 sec
2016-12-20 01:05:58,047 Stage-24 map = 27%,  reduce = 0%, Cumulative CPU 1617.11 sec
2016-12-20 01:05:59,084 Stage-24 map = 31%,  reduce = 0%, Cumulative CPU 1729.07 sec
2016-12-20 01:06:01,153 Stage-24 map = 33%,  reduce = 0%, Cumulative CPU 2008.02 sec
2016-12-20 01:06:02,186 Stage-24 map = 34%,  reduce = 0%, Cumulative CPU 2152.94 sec
2016-12-20 01:06:03,220 Stage-24 map = 35%,  reduce = 0%, Cumulative CPU 2267.41 sec
2016-12-20 01:06:05,279 Stage-24 map = 37%,  reduce = 0%, Cumulative CPU 2532.64 sec
2016-12-20 01:06:06,313 Stage-24 map = 38%,  reduce = 0%, Cumulative CPU 2611.84 sec
2016-12-20 01:06:08,393 Stage-24 map = 39%,  reduce = 0%, Cumulative CPU 2858.58 sec
2016-12-20 01:06:11,488 Stage-24 map = 40%,  reduce = 0%, Cumulative CPU 3189.19 sec
2016-12-20 01:06:14,603 Stage-24 map = 41%,  reduce = 0%, Cumulative CPU 3460.43 sec
2016-12-20 01:06:17,706 Stage-24 map = 42%,  reduce = 0%, Cumulative CPU 3740.64 sec
2016-12-20 01:06:25,968 Stage-24 map = 44%,  reduce = 0%, Cumulative CPU 4447.73 sec
2016-12-20 01:06:28,042 Stage-24 map = 45%,  reduce = 0%, Cumulative CPU 4603.37 sec
2016-12-20 01:06:29,076 Stage-24 map = 46%,  reduce = 0%, Cumulative CPU 4710.05 sec
2016-12-20 01:06:30,110 Stage-24 map = 50%,  reduce = 0%, Cumulative CPU 4771.24 sec
2016-12-20 01:06:31,142 Stage-24 map = 51%,  reduce = 0%, Cumulative CPU 4860.82 sec
2016-12-20 01:06:32,173 Stage-24 map = 52%,  reduce = 0%, Cumulative CPU 4977.42 sec
2016-12-20 01:06:33,205 Stage-24 map = 53%,  reduce = 0%, Cumulative CPU 5020.57 sec
2016-12-20 01:06:35,268 Stage-24 map = 54%,  reduce = 0%, Cumulative CPU 5201.75 sec
2016-12-20 01:06:36,299 Stage-24 map = 55%,  reduce = 0%, Cumulative CPU 5244.44 sec
2016-12-20 01:06:38,375 Stage-24 map = 57%,  reduce = 0%, Cumulative CPU 5427.62 sec
2016-12-20 01:06:40,468 Stage-24 map = 59%,  reduce = 0%, Cumulative CPU 5556.95 sec
2016-12-20 01:06:41,512 Stage-24 map = 61%,  reduce = 0%, Cumulative CPU 5652.6 sec
2016-12-20 01:06:43,586 Stage-24 map = 63%,  reduce = 0%, Cumulative CPU 5781.5 sec
2016-12-20 01:06:44,623 Stage-24 map = 64%,  reduce = 0%, Cumulative CPU 5869.77 sec
2016-12-20 01:06:46,696 Stage-24 map = 66%,  reduce = 0%, Cumulative CPU 6000.45 sec
2016-12-20 01:06:49,804 Stage-24 map = 67%,  reduce = 0%, Cumulative CPU 6232.01 sec
2016-12-20 01:06:52,897 Stage-24 map = 69%,  reduce = 0%, Cumulative CPU 6452.37 sec
2016-12-20 01:06:53,928 Stage-24 map = 71%,  reduce = 0%, Cumulative CPU 6521.62 sec
2016-12-20 01:06:55,988 Stage-24 map = 73%,  reduce = 0%, Cumulative CPU 6674.05 sec
2016-12-20 01:06:57,019 Stage-24 map = 74%,  reduce = 0%, Cumulative CPU 6741.99 sec
2016-12-20 01:06:59,092 Stage-24 map = 75%,  reduce = 0%, Cumulative CPU 6866.11 sec
2016-12-20 01:07:01,193 Stage-24 map = 77%,  reduce = 0%, Cumulative CPU 6987.53 sec
2016-12-20 01:07:06,430 Stage-24 map = 78%,  reduce = 0%, Cumulative CPU 7279.89 sec
2016-12-20 01:07:08,503 Stage-24 map = 81%,  reduce = 0%, Cumulative CPU 7420.74 sec
2016-12-20 01:07:10,639 Stage-24 map = 82%,  reduce = 0%, Cumulative CPU 7511.14 sec
2016-12-20 01:07:11,668 Stage-24 map = 83%,  reduce = 0%, Cumulative CPU 7567.58 sec
2016-12-20 01:07:13,731 Stage-24 map = 84%,  reduce = 0%, Cumulative CPU 7657.23 sec
2016-12-20 01:07:14,797 Stage-24 map = 85%,  reduce = 0%, Cumulative CPU 7721.78 sec
2016-12-20 01:07:15,836 Stage-24 map = 86%,  reduce = 0%, Cumulative CPU 7746.31 sec
2016-12-20 01:07:17,907 Stage-24 map = 87%,  reduce = 0%, Cumulative CPU 7857.3 sec
2016-12-20 01:07:18,965 Stage-24 map = 88%,  reduce = 0%, Cumulative CPU 7880.7 sec
2016-12-20 01:07:22,090 Stage-24 map = 89%,  reduce = 0%, Cumulative CPU 7989.67 sec
2016-12-20 01:07:27,309 Stage-24 map = 90%,  reduce = 0%, Cumulative CPU 8184.76 sec
2016-12-20 01:07:29,369 Stage-24 map = 91%,  reduce = 0%, Cumulative CPU 8257.86 sec
2016-12-20 01:07:33,564 Stage-24 map = 92%,  reduce = 0%, Cumulative CPU 8357.19 sec
2016-12-20 01:07:34,598 Stage-24 map = 93%,  reduce = 0%, Cumulative CPU 8381.37 sec
2016-12-20 01:07:37,716 Stage-24 map = 94%,  reduce = 0%, Cumulative CPU 8464.22 sec
2016-12-20 01:07:41,920 Stage-24 map = 95%,  reduce = 0%, Cumulative CPU 8540.11 sec
2016-12-20 01:07:42,960 Stage-24 map = 96%,  reduce = 0%, Cumulative CPU 8564.91 sec
2016-12-20 01:07:48,162 Stage-24 map = 97%,  reduce = 0%, Cumulative CPU 8637.11 sec
2016-12-20 01:07:50,294 Stage-24 map = 98%,  reduce = 0%, Cumulative CPU 8655.24 sec
2016-12-20 01:08:00,727 Stage-24 map = 99%,  reduce = 0%, Cumulative CPU 8729.76 sec
2016-12-20 01:08:15,337 Stage-24 map = 100%,  reduce = 0%, Cumulative CPU 8783.01 sec
MapReduce Total cumulative CPU time: 0 days 2 hours 26 minutes 23 seconds 10 msec
Ended Job = job_1478649307064_887120
Launching Job 9 out of 19
Number of reduce tasks is set to 0 since there's no reduce operator
16/12/20 01:08:17 ERROR mr.ExecDriver: yarn
16/12/20 01:08:17 WARN mapreduce.JobResourceUploader: Hadoop command-line option parsing not performed. Implement the Tool interface and execute your application with ToolRunner to remedy this.
Starting Job = job_1478649307064_887240, Tracking URL = http://p3plpaname02.prod.phx3.gdg:8088/proxy/application_1478649307064_887240/
Kill Command = /usr/lib/hadoop/bin/hadoop job  -kill job_1478649307064_887240
Hadoop job information for Stage-28: number of mappers: 133; number of reducers: 0
16/12/20 01:08:27 WARN mapreduce.Counters: Group org.apache.hadoop.mapred.Task$Counter is deprecated. Use org.apache.hadoop.mapreduce.TaskCounter instead
2016-12-20 01:08:27,547 Stage-28 map = 0%,  reduce = 0%
2016-12-20 01:08:41,435 Stage-28 map = 8%,  reduce = 0%, Cumulative CPU 69.61 sec
2016-12-20 01:08:42,475 Stage-28 map = 16%,  reduce = 0%, Cumulative CPU 137.54 sec
2016-12-20 01:08:43,512 Stage-28 map = 22%,  reduce = 0%, Cumulative CPU 189.45 sec
2016-12-20 01:08:44,557 Stage-28 map = 27%,  reduce = 0%, Cumulative CPU 590.56 sec
2016-12-20 01:08:46,635 Stage-28 map = 28%,  reduce = 0%, Cumulative CPU 1324.45 sec
2016-12-20 01:08:47,667 Stage-28 map = 30%,  reduce = 0%, Cumulative CPU 1490.16 sec
2016-12-20 01:08:48,699 Stage-28 map = 32%,  reduce = 0%, Cumulative CPU 1632.09 sec
2016-12-20 01:08:49,731 Stage-28 map = 34%,  reduce = 0%, Cumulative CPU 1728.31 sec
2016-12-20 01:08:50,771 Stage-28 map = 35%,  reduce = 0%, Cumulative CPU 1867.38 sec
2016-12-20 01:08:51,804 Stage-28 map = 37%,  reduce = 0%, Cumulative CPU 1962.05 sec
2016-12-20 01:08:52,837 Stage-28 map = 38%,  reduce = 0%, Cumulative CPU 2045.82 sec
2016-12-20 01:08:54,907 Stage-28 map = 39%,  reduce = 0%, Cumulative CPU 2251.24 sec
2016-12-20 01:08:55,937 Stage-28 map = 40%,  reduce = 0%, Cumulative CPU 2326.89 sec
2016-12-20 01:08:59,070 Stage-28 map = 42%,  reduce = 0%, Cumulative CPU 2632.43 sec
2016-12-20 01:09:01,132 Stage-28 map = 43%,  reduce = 0%, Cumulative CPU 2832.11 sec
2016-12-20 01:09:04,225 Stage-28 map = 44%,  reduce = 0%, Cumulative CPU 3088.32 sec
2016-12-20 01:09:06,307 Stage-28 map = 45%,  reduce = 0%, Cumulative CPU 3279.68 sec
2016-12-20 01:09:08,379 Stage-28 map = 46%,  reduce = 0%, Cumulative CPU 3400.16 sec
2016-12-20 01:09:09,412 Stage-28 map = 50%,  reduce = 0%, Cumulative CPU 3526.17 sec
2016-12-20 01:09:12,524 Stage-28 map = 51%,  reduce = 0%, Cumulative CPU 3767.03 sec
2016-12-20 01:09:13,565 Stage-28 map = 52%,  reduce = 0%, Cumulative CPU 3809.87 sec
2016-12-20 01:09:14,624 Stage-28 map = 53%,  reduce = 0%, Cumulative CPU 3891.77 sec
2016-12-20 01:09:16,736 Stage-28 map = 54%,  reduce = 0%, Cumulative CPU 4065.53 sec
2016-12-20 01:09:17,798 Stage-28 map = 55%,  reduce = 0%, Cumulative CPU 4150.82 sec
2016-12-20 01:09:18,893 Stage-28 map = 56%,  reduce = 0%, Cumulative CPU 4254.13 sec
2016-12-20 01:09:19,936 Stage-28 map = 57%,  reduce = 0%, Cumulative CPU 4315.56 sec
2016-12-20 01:09:22,064 Stage-28 map = 58%,  reduce = 0%, Cumulative CPU 4490.74 sec
2016-12-20 01:09:23,095 Stage-28 map = 59%,  reduce = 0%, Cumulative CPU 4551.42 sec
2016-12-20 01:09:24,136 Stage-28 map = 60%,  reduce = 0%, Cumulative CPU 4642.14 sec
2016-12-20 01:09:25,173 Stage-28 map = 61%,  reduce = 0%, Cumulative CPU 4717.04 sec
2016-12-20 01:09:26,220 Stage-28 map = 63%,  reduce = 0%, Cumulative CPU 4793.07 sec
2016-12-20 01:09:27,265 Stage-28 map = 65%,  reduce = 0%, Cumulative CPU 4877.88 sec
2016-12-20 01:09:29,336 Stage-28 map = 68%,  reduce = 0%, Cumulative CPU 5029.76 sec
2016-12-20 01:09:31,401 Stage-28 map = 69%,  reduce = 0%, Cumulative CPU 5171.88 sec
2016-12-20 01:09:32,443 Stage-28 map = 70%,  reduce = 0%, Cumulative CPU 5244.46 sec
2016-12-20 01:09:33,510 Stage-28 map = 71%,  reduce = 0%, Cumulative CPU 5343.15 sec
2016-12-20 01:09:34,543 Stage-28 map = 72%,  reduce = 0%, Cumulative CPU 5394.9 sec
2016-12-20 01:09:35,591 Stage-28 map = 73%,  reduce = 0%, Cumulative CPU 5443.34 sec
2016-12-20 01:09:36,638 Stage-28 map = 74%,  reduce = 0%, Cumulative CPU 5533.02 sec
2016-12-20 01:09:37,671 Stage-28 map = 76%,  reduce = 0%, Cumulative CPU 5577.13 sec
2016-12-20 01:09:39,741 Stage-28 map = 77%,  reduce = 0%, Cumulative CPU 5709.55 sec
2016-12-20 01:09:41,835 Stage-28 map = 78%,  reduce = 0%, Cumulative CPU 5801.08 sec
2016-12-20 01:09:42,867 Stage-28 map = 79%,  reduce = 0%, Cumulative CPU 5887.0 sec
2016-12-20 01:09:44,965 Stage-28 map = 80%,  reduce = 0%, Cumulative CPU 5961.49 sec
2016-12-20 01:09:46,010 Stage-28 map = 81%,  reduce = 0%, Cumulative CPU 6045.32 sec
2016-12-20 01:09:48,139 Stage-28 map = 83%,  reduce = 0%, Cumulative CPU 6134.88 sec
2016-12-20 01:09:50,209 Stage-28 map = 84%,  reduce = 0%, Cumulative CPU 6236.08 sec
2016-12-20 01:09:52,306 Stage-28 map = 85%,  reduce = 0%, Cumulative CPU 6347.59 sec
2016-12-20 01:09:53,342 Stage-28 map = 86%,  reduce = 0%, Cumulative CPU 6382.45 sec
2016-12-20 01:09:56,443 Stage-28 map = 87%,  reduce = 0%, Cumulative CPU 6532.12 sec
2016-12-20 01:09:58,512 Stage-28 map = 88%,  reduce = 0%, Cumulative CPU 6615.84 sec
2016-12-20 01:10:00,577 Stage-28 map = 89%,  reduce = 0%, Cumulative CPU 6694.34 sec
2016-12-20 01:10:01,609 Stage-28 map = 90%,  reduce = 0%, Cumulative CPU 6732.47 sec
2016-12-20 01:10:03,734 Stage-28 map = 92%,  reduce = 0%, Cumulative CPU 6804.55 sec
2016-12-20 01:10:04,796 Stage-28 map = 93%,  reduce = 0%, Cumulative CPU 6836.87 sec
2016-12-20 01:10:09,119 Stage-28 map = 94%,  reduce = 0%, Cumulative CPU 6929.97 sec
2016-12-20 01:10:19,656 Stage-28 map = 95%,  reduce = 0%, Cumulative CPU 7118.56 sec
2016-12-20 01:10:24,976 Stage-28 map = 96%,  reduce = 0%, Cumulative CPU 7195.99 sec
2016-12-20 01:10:29,184 Stage-28 map = 97%,  reduce = 0%, Cumulative CPU 7263.81 sec
2016-12-20 01:10:35,507 Stage-28 map = 98%,  reduce = 0%, Cumulative CPU 7334.6 sec
2016-12-20 01:10:36,539 Stage-28 map = 99%,  reduce = 0%, Cumulative CPU 7352.89 sec
2016-12-20 01:10:45,833 Stage-28 map = 100%,  reduce = 0%, Cumulative CPU 7381.79 sec
MapReduce Total cumulative CPU time: 0 days 2 hours 3 minutes 1 seconds 790 msec
Ended Job = job_1478649307064_887240
Launching Job 10 out of 19
Number of reduce tasks not specified. Estimated from input data size: 1
In order to change the average load for a reducer (in bytes):
  set hive.exec.reducers.bytes.per.reducer=<number>
In order to limit the maximum number of reducers:
  set hive.exec.reducers.max=<number>
In order to set a constant number of reducers:
  set mapreduce.job.reduces=<number>
16/12/20 01:10:46 ERROR mr.ExecDriver: yarn
16/12/20 01:10:47 WARN mapreduce.JobResourceUploader: Hadoop command-line option parsing not performed. Implement the Tool interface and execute your application with ToolRunner to remedy this.
Starting Job = job_1478649307064_887343, Tracking URL = http://p3plpaname02.prod.phx3.gdg:8088/proxy/application_1478649307064_887343/
Kill Command = /usr/lib/hadoop/bin/hadoop job  -kill job_1478649307064_887343
Hadoop job information for Stage-3: number of mappers: 102; number of reducers: 1
16/12/20 01:10:55 WARN mapreduce.Counters: Group org.apache.hadoop.mapred.Task$Counter is deprecated. Use org.apache.hadoop.mapreduce.TaskCounter instead
2016-12-20 01:10:55,448 Stage-3 map = 0%,  reduce = 0%
2016-12-20 01:11:05,043 Stage-3 map = 61%,  reduce = 0%, Cumulative CPU 96.11 sec
2016-12-20 01:11:06,112 Stage-3 map = 94%,  reduce = 0%, Cumulative CPU 151.24 sec
2016-12-20 01:11:07,213 Stage-3 map = 99%,  reduce = 0%, Cumulative CPU 159.14 sec
2016-12-20 01:11:12,536 Stage-3 map = 100%,  reduce = 0%, Cumulative CPU 162.71 sec
2016-12-20 01:11:15,705 Stage-3 map = 100%,  reduce = 100%, Cumulative CPU 172.46 sec
MapReduce Total cumulative CPU time: 2 minutes 52 seconds 460 msec
Ended Job = job_1478649307064_887343
Launching Job 11 out of 19
Number of reduce tasks not specified. Estimated from input data size: 1
In order to change the average load for a reducer (in bytes):
  set hive.exec.reducers.bytes.per.reducer=<number>
In order to limit the maximum number of reducers:
  set hive.exec.reducers.max=<number>
In order to set a constant number of reducers:
  set mapreduce.job.reduces=<number>
16/12/20 01:11:16 ERROR mr.ExecDriver: yarn
16/12/20 01:11:16 WARN mapreduce.JobResourceUploader: Hadoop command-line option parsing not performed. Implement the Tool interface and execute your application with ToolRunner to remedy this.
Starting Job = job_1478649307064_887368, Tracking URL = http://p3plpaname02.prod.phx3.gdg:8088/proxy/application_1478649307064_887368/
Kill Command = /usr/lib/hadoop/bin/hadoop job  -kill job_1478649307064_887368
Hadoop job information for Stage-12: number of mappers: 95; number of reducers: 1
16/12/20 01:11:25 WARN mapreduce.Counters: Group org.apache.hadoop.mapred.Task$Counter is deprecated. Use org.apache.hadoop.mapreduce.TaskCounter instead
2016-12-20 01:11:25,066 Stage-12 map = 0%,  reduce = 0%
2016-12-20 01:11:32,382 Stage-12 map = 12%,  reduce = 0%, Cumulative CPU 14.87 sec
2016-12-20 01:11:33,456 Stage-12 map = 69%,  reduce = 0%, Cumulative CPU 99.97 sec
2016-12-20 01:11:34,493 Stage-12 map = 96%,  reduce = 0%, Cumulative CPU 139.64 sec
2016-12-20 01:11:35,526 Stage-12 map = 99%,  reduce = 0%, Cumulative CPU 143.96 sec
2016-12-20 01:11:36,560 Stage-12 map = 100%,  reduce = 0%, Cumulative CPU 145.83 sec
2016-12-20 01:11:42,746 Stage-12 map = 100%,  reduce = 100%, Cumulative CPU 155.19 sec
MapReduce Total cumulative CPU time: 2 minutes 35 seconds 190 msec
Ended Job = job_1478649307064_887368
Stage-35 is filtered out by condition resolver.
Stage-36 is selected by condition resolver.
Stage-4 is filtered out by condition resolver.
Execution log at: /tmp/hdp_oc_team/hdp_oc_team_20161220010032_0ea0ea56-0442-44c5-8162-d39e315e3e83.log
2016-12-20 01:11:48	Starting to launch local task to process map join;	maximum memory = 2092433408
2016-12-20 01:11:50	Dump the side-table for tag: 0 with group count: 86060 into file: file:/tmp/hdp_oc_team/7b7838eb-c673-43a9-aa6f-7799d262c271/hive_2016-12-20_01-00-32_912_994731204788268077-1/-local-10016/HashTable-Stage-21/MapJoin-mapfile20--.hashtable
2016-12-20 01:11:51	Uploaded 1 File to: file:/tmp/hdp_oc_team/7b7838eb-c673-43a9-aa6f-7799d262c271/hive_2016-12-20_01-00-32_912_994731204788268077-1/-local-10016/HashTable-Stage-21/MapJoin-mapfile20--.hashtable (2820437 bytes)
2016-12-20 01:11:51	End of local task; Time Taken: 2.625 sec.
Execution completed successfully
MapredLocal task succeeded
Launching Job 13 out of 19
Number of reduce tasks is set to 0 since there's no reduce operator
16/12/20 01:11:52 ERROR mr.ExecDriver: yarn
16/12/20 01:11:52 WARN mapreduce.JobResourceUploader: Hadoop command-line option parsing not performed. Implement the Tool interface and execute your application with ToolRunner to remedy this.
Starting Job = job_1478649307064_887386, Tracking URL = http://p3plpaname02.prod.phx3.gdg:8088/proxy/application_1478649307064_887386/
Kill Command = /usr/lib/hadoop/bin/hadoop job  -kill job_1478649307064_887386
Hadoop job information for Stage-21: number of mappers: 1; number of reducers: 0
16/12/20 01:12:00 WARN mapreduce.Counters: Group org.apache.hadoop.mapred.Task$Counter is deprecated. Use org.apache.hadoop.mapreduce.TaskCounter instead
2016-12-20 01:12:00,926 Stage-21 map = 0%,  reduce = 0%
2016-12-20 01:12:09,202 Stage-21 map = 100%,  reduce = 0%, Cumulative CPU 6.0 sec
MapReduce Total cumulative CPU time: 6 seconds 0 msec
Ended Job = job_1478649307064_887386
Stage-34 is selected by condition resolver.
Stage-5 is filtered out by condition resolver.
Execution log at: /tmp/hdp_oc_team/hdp_oc_team_20161220010032_0ea0ea56-0442-44c5-8162-d39e315e3e83.log
2016-12-20 01:12:15	Starting to launch local task to process map join;	maximum memory = 2092433408
2016-12-20 01:12:17	Dump the side-table for tag: 1 with group count: 26420 into file: file:/tmp/hdp_oc_team/7b7838eb-c673-43a9-aa6f-7799d262c271/hive_2016-12-20_01-00-32_912_994731204788268077-1/-local-10012/HashTable-Stage-18/MapJoin-mapfile01--.hashtable
2016-12-20 01:12:17	Uploaded 1 File to: file:/tmp/hdp_oc_team/7b7838eb-c673-43a9-aa6f-7799d262c271/hive_2016-12-20_01-00-32_912_994731204788268077-1/-local-10012/HashTable-Stage-18/MapJoin-mapfile01--.hashtable (980750 bytes)
2016-12-20 01:12:17	End of local task; Time Taken: 1.868 sec.
Execution completed successfully
MapredLocal task succeeded
Launching Job 15 out of 19
Number of reduce tasks is set to 0 since there's no reduce operator
16/12/20 01:12:18 ERROR mr.ExecDriver: yarn
16/12/20 01:12:18 WARN mapreduce.JobResourceUploader: Hadoop command-line option parsing not performed. Implement the Tool interface and execute your application with ToolRunner to remedy this.
Starting Job = job_1478649307064_887393, Tracking URL = http://p3plpaname02.prod.phx3.gdg:8088/proxy/application_1478649307064_887393/
Kill Command = /usr/lib/hadoop/bin/hadoop job  -kill job_1478649307064_887393
Hadoop job information for Stage-18: number of mappers: 1; number of reducers: 0
16/12/20 01:12:27 WARN mapreduce.Counters: Group org.apache.hadoop.mapred.Task$Counter is deprecated. Use org.apache.hadoop.mapreduce.TaskCounter instead
2016-12-20 01:12:27,845 Stage-18 map = 0%,  reduce = 0%
2016-12-20 01:12:36,156 Stage-18 map = 100%,  reduce = 0%, Cumulative CPU 7.55 sec
MapReduce Total cumulative CPU time: 7 seconds 550 msec
Ended Job = job_1478649307064_887393
Launching Job 16 out of 19
Number of reduce tasks not specified. Estimated from input data size: 1
In order to change the average load for a reducer (in bytes):
  set hive.exec.reducers.bytes.per.reducer=<number>
In order to limit the maximum number of reducers:
  set hive.exec.reducers.max=<number>
In order to set a constant number of reducers:
  set mapreduce.job.reduces=<number>
16/12/20 01:12:37 ERROR mr.ExecDriver: yarn
16/12/20 01:12:37 WARN mapreduce.JobResourceUploader: Hadoop command-line option parsing not performed. Implement the Tool interface and execute your application with ToolRunner to remedy this.
Starting Job = job_1478649307064_887400, Tracking URL = http://p3plpaname02.prod.phx3.gdg:8088/proxy/application_1478649307064_887400/
Kill Command = /usr/lib/hadoop/bin/hadoop job  -kill job_1478649307064_887400
Hadoop job information for Stage-6: number of mappers: 1; number of reducers: 1
16/12/20 01:12:45 WARN mapreduce.Counters: Group org.apache.hadoop.mapred.Task$Counter is deprecated. Use org.apache.hadoop.mapreduce.TaskCounter instead
2016-12-20 01:12:45,623 Stage-6 map = 0%,  reduce = 0%
2016-12-20 01:12:53,937 Stage-6 map = 100%,  reduce = 0%, Cumulative CPU 4.28 sec
2016-12-20 01:13:03,371 Stage-6 map = 100%,  reduce = 100%, Cumulative CPU 12.51 sec
MapReduce Total cumulative CPU time: 12 seconds 510 msec
Ended Job = job_1478649307064_887400
Loading data to table hdp_oc_team.cdl_ols_free_trl
Moved: 'hdfs://production/user/hdp_oc_team/hdp_oc_team.db/cdl_ols_free_trl/000000_0' to trash at: hdfs://production/user/hdp_oc_team/.Trash/Current
Table hdp_oc_team.cdl_ols_free_trl stats: [numFiles=1, numRows=86060, totalSize=3009213, rawDataSize=2923153]
MapReduce Jobs Launched: 
Stage-Stage-26: Map: 1   Cumulative CPU: 67.3 sec   HDFS Read: 125045881 HDFS Write: 7793739 SUCCESS
Stage-Stage-30: Map: 1   Cumulative CPU: 56.49 sec   HDFS Read: 125045975 HDFS Write: 7793739 SUCCESS
Stage-Stage-32: Map: 11   Cumulative CPU: 198.59 sec   HDFS Read: 944666079 HDFS Write: 826283 SUCCESS
Stage-Stage-16: Map: 11  Reduce: 1   Cumulative CPU: 43.21 sec   HDFS Read: 851482 HDFS Write: 958783 SUCCESS
Stage-Stage-24: Map: 133   Cumulative CPU: 8783.01 sec   HDFS Read: 1841383231 HDFS Write: 5644749 SUCCESS
Stage-Stage-28: Map: 133   Cumulative CPU: 7381.79 sec   HDFS Read: 1496298224 HDFS Write: 5644749 SUCCESS
Stage-Stage-3: Map: 102  Reduce: 1   Cumulative CPU: 172.46 sec   HDFS Read: 5884878 HDFS Write: 2834370 SUCCESS
Stage-Stage-12: Map: 95  Reduce: 1   Cumulative CPU: 155.19 sec   HDFS Read: 5870580 HDFS Write: 5632077 SUCCESS
Stage-Stage-21: Map: 1   Cumulative CPU: 6.0 sec   HDFS Read: 5636943 HDFS Write: 3270208 SUCCESS
Stage-Stage-18: Map: 1   Cumulative CPU: 7.55 sec   HDFS Read: 3275726 HDFS Write: 2921310 SUCCESS
Stage-Stage-6: Map: 1  Reduce: 1   Cumulative CPU: 12.51 sec   HDFS Read: 2927205 HDFS Write: 3009305 SUCCESS
Total MapReduce CPU Time Spent: 0 days 4 hours 41 minutes 24 seconds 100 msec
OK
Time taken: 752.272 seconds
