
Logging initialized using configuration in file:/etc/hive/conf/hive-log4j.properties
OK
Time taken: 2.232 seconds
Query ID = hdp_oc_team_20161220050042_b361c324-81d6-4949-b0a3-dd07de88845b
Total jobs = 3
Launching Job 1 out of 3
Number of reduce tasks is set to 0 since there's no reduce operator
16/12/20 05:00:45 ERROR mr.ExecDriver: yarn
16/12/20 05:00:46 WARN mapreduce.JobResourceUploader: Hadoop command-line option parsing not performed. Implement the Tool interface and execute your application with ToolRunner to remedy this.
Starting Job = job_1478649307064_892906, Tracking URL = http://p3plpaname02.prod.phx3.gdg:8088/proxy/application_1478649307064_892906/
Kill Command = /usr/lib/hadoop/bin/hadoop job  -kill job_1478649307064_892906
Hadoop job information for Stage-1: number of mappers: 207; number of reducers: 0
16/12/20 05:01:04 WARN mapreduce.Counters: Group org.apache.hadoop.mapred.Task$Counter is deprecated. Use org.apache.hadoop.mapreduce.TaskCounter instead
2016-12-20 05:01:04,019 Stage-1 map = 0%,  reduce = 0%
2016-12-20 05:01:31,393 Stage-1 map = 3%,  reduce = 0%, Cumulative CPU 47.0 sec
2016-12-20 05:01:32,444 Stage-1 map = 6%,  reduce = 0%, Cumulative CPU 100.02 sec
2016-12-20 05:01:33,486 Stage-1 map = 11%,  reduce = 0%, Cumulative CPU 266.95 sec
2016-12-20 05:01:34,547 Stage-1 map = 20%,  reduce = 0%, Cumulative CPU 448.0 sec
2016-12-20 05:01:35,584 Stage-1 map = 35%,  reduce = 0%, Cumulative CPU 768.98 sec
2016-12-20 05:01:36,633 Stage-1 map = 53%,  reduce = 0%, Cumulative CPU 1257.17 sec
2016-12-20 05:01:37,823 Stage-1 map = 68%,  reduce = 0%, Cumulative CPU 1618.71 sec
2016-12-20 05:01:38,866 Stage-1 map = 79%,  reduce = 0%, Cumulative CPU 1825.9 sec
2016-12-20 05:01:39,898 Stage-1 map = 87%,  reduce = 0%, Cumulative CPU 2007.77 sec
2016-12-20 05:01:40,945 Stage-1 map = 89%,  reduce = 0%, Cumulative CPU 2049.01 sec
2016-12-20 05:01:41,986 Stage-1 map = 93%,  reduce = 0%, Cumulative CPU 2123.91 sec
2016-12-20 05:01:43,046 Stage-1 map = 94%,  reduce = 0%, Cumulative CPU 2172.92 sec
2016-12-20 05:01:44,094 Stage-1 map = 96%,  reduce = 0%, Cumulative CPU 2193.97 sec
2016-12-20 05:01:45,133 Stage-1 map = 97%,  reduce = 0%, Cumulative CPU 2205.05 sec
2016-12-20 05:01:47,224 Stage-1 map = 98%,  reduce = 0%, Cumulative CPU 2224.5 sec
2016-12-20 05:01:48,277 Stage-1 map = 99%,  reduce = 0%, Cumulative CPU 2248.96 sec
2016-12-20 05:01:58,668 Stage-1 map = 100%,  reduce = 0%, Cumulative CPU 2284.09 sec
MapReduce Total cumulative CPU time: 38 minutes 4 seconds 90 msec
Ended Job = job_1478649307064_892906
Stage-4 is selected by condition resolver.
Stage-3 is filtered out by condition resolver.
Stage-5 is filtered out by condition resolver.
Moving data to: hdfs://production/user/hdp_oc_team/hdp_oc_team.db/customer_success_dashboard/.hive-staging_hive_2016-12-20_05-00-42_189_7194131112883565458-1/-ext-10000
Loading data to table hdp_oc_team.customer_success_dashboard
Moved: 'hdfs://production/user/hdp_oc_team/hdp_oc_team.db/customer_success_dashboard/000000_0' to trash at: hdfs://production/user/hdp_oc_team/.Trash/Current
Moved: 'hdfs://production/user/hdp_oc_team/hdp_oc_team.db/customer_success_dashboard/000001_0' to trash at: hdfs://production/user/hdp_oc_team/.Trash/Current
Moved: 'hdfs://production/user/hdp_oc_team/hdp_oc_team.db/customer_success_dashboard/000002_0' to trash at: hdfs://production/user/hdp_oc_team/.Trash/Current
Moved: 'hdfs://production/user/hdp_oc_team/hdp_oc_team.db/customer_success_dashboard/000003_0' to trash at: hdfs://production/user/hdp_oc_team/.Trash/Current
Moved: 'hdfs://production/user/hdp_oc_team/hdp_oc_team.db/customer_success_dashboard/000004_0' to trash at: hdfs://production/user/hdp_oc_team/.Trash/Current
Moved: 'hdfs://production/user/hdp_oc_team/hdp_oc_team.db/customer_success_dashboard/000005_0' to trash at: hdfs://production/user/hdp_oc_team/.Trash/Current
Moved: 'hdfs://production/user/hdp_oc_team/hdp_oc_team.db/customer_success_dashboard/000006_0' to trash at: hdfs://production/user/hdp_oc_team/.Trash/Current
Moved: 'hdfs://production/user/hdp_oc_team/hdp_oc_team.db/customer_success_dashboard/000007_0' to trash at: hdfs://production/user/hdp_oc_team/.Trash/Current
Moved: 'hdfs://production/user/hdp_oc_team/hdp_oc_team.db/customer_success_dashboard/000008_0' to trash at: hdfs://production/user/hdp_oc_team/.Trash/Current
Moved: 'hdfs://production/user/hdp_oc_team/hdp_oc_team.db/customer_success_dashboard/000009_0' to trash at: hdfs://production/user/hdp_oc_team/.Trash/Current
Moved: 'hdfs://production/user/hdp_oc_team/hdp_oc_team.db/customer_success_dashboard/000010_0' to trash at: hdfs://production/user/hdp_oc_team/.Trash/Current
Moved: 'hdfs://production/user/hdp_oc_team/hdp_oc_team.db/customer_success_dashboard/000011_0' to trash at: hdfs://production/user/hdp_oc_team/.Trash/Current
Moved: 'hdfs://production/user/hdp_oc_team/hdp_oc_team.db/customer_success_dashboard/000012_0' to trash at: hdfs://production/user/hdp_oc_team/.Trash/Current
Moved: 'hdfs://production/user/hdp_oc_team/hdp_oc_team.db/customer_success_dashboard/000013_0' to trash at: hdfs://production/user/hdp_oc_team/.Trash/Current
Moved: 'hdfs://production/user/hdp_oc_team/hdp_oc_team.db/customer_success_dashboard/000014_0' to trash at: hdfs://production/user/hdp_oc_team/.Trash/Current
Moved: 'hdfs://production/user/hdp_oc_team/hdp_oc_team.db/customer_success_dashboard/000015_0' to trash at: hdfs://production/user/hdp_oc_team/.Trash/Current
Moved: 'hdfs://production/user/hdp_oc_team/hdp_oc_team.db/customer_success_dashboard/000016_0' to trash at: hdfs://production/user/hdp_oc_team/.Trash/Current
Moved: 'hdfs://production/user/hdp_oc_team/hdp_oc_team.db/customer_success_dashboard/000017_0' to trash at: hdfs://production/user/hdp_oc_team/.Trash/Current
Moved: 'hdfs://production/user/hdp_oc_team/hdp_oc_team.db/customer_success_dashboard/000018_0' to trash at: hdfs://production/user/hdp_oc_team/.Trash/Current
Moved: 'hdfs://production/user/hdp_oc_team/hdp_oc_team.db/customer_success_dashboard/000019_0' to trash at: hdfs://production/user/hdp_oc_team/.Trash/Current
Moved: 'hdfs://production/user/hdp_oc_team/hdp_oc_team.db/customer_success_dashboard/000020_0' to trash at: hdfs://production/user/hdp_oc_team/.Trash/Current
Moved: 'hdfs://production/user/hdp_oc_team/hdp_oc_team.db/customer_success_dashboard/000021_0' to trash at: hdfs://production/user/hdp_oc_team/.Trash/Current
Moved: 'hdfs://production/user/hdp_oc_team/hdp_oc_team.db/customer_success_dashboard/000022_0' to trash at: hdfs://production/user/hdp_oc_team/.Trash/Current
Moved: 'hdfs://production/user/hdp_oc_team/hdp_oc_team.db/customer_success_dashboard/000023_0' to trash at: hdfs://production/user/hdp_oc_team/.Trash/Current
Moved: 'hdfs://production/user/hdp_oc_team/hdp_oc_team.db/customer_success_dashboard/000024_0' to trash at: hdfs://production/user/hdp_oc_team/.Trash/Current
Moved: 'hdfs://production/user/hdp_oc_team/hdp_oc_team.db/customer_success_dashboard/000025_0' to trash at: hdfs://production/user/hdp_oc_team/.Trash/Current
Moved: 'hdfs://production/user/hdp_oc_team/hdp_oc_team.db/customer_success_dashboard/000026_0' to trash at: hdfs://production/user/hdp_oc_team/.Trash/Current
Moved: 'hdfs://production/user/hdp_oc_team/hdp_oc_team.db/customer_success_dashboard/000027_0' to trash at: hdfs://production/user/hdp_oc_team/.Trash/Current
Moved: 'hdfs://production/user/hdp_oc_team/hdp_oc_team.db/customer_success_dashboard/000028_0' to trash at: hdfs://production/user/hdp_oc_team/.Trash/Current
Moved: 'hdfs://production/user/hdp_oc_team/hdp_oc_team.db/customer_success_dashboard/000029_0' to trash at: hdfs://production/user/hdp_oc_team/.Trash/Current
Moved: 'hdfs://production/user/hdp_oc_team/hdp_oc_team.db/customer_success_dashboard/000030_0' to trash at: hdfs://production/user/hdp_oc_team/.Trash/Current
Moved: 'hdfs://production/user/hdp_oc_team/hdp_oc_team.db/customer_success_dashboard/000031_0' to trash at: hdfs://production/user/hdp_oc_team/.Trash/Current
Moved: 'hdfs://production/user/hdp_oc_team/hdp_oc_team.db/customer_success_dashboard/000032_0' to trash at: hdfs://production/user/hdp_oc_team/.Trash/Current
Moved: 'hdfs://production/user/hdp_oc_team/hdp_oc_team.db/customer_success_dashboard/000033_0' to trash at: hdfs://production/user/hdp_oc_team/.Trash/Current
Moved: 'hdfs://production/user/hdp_oc_team/hdp_oc_team.db/customer_success_dashboard/000034_0' to trash at: hdfs://production/user/hdp_oc_team/.Trash/Current
Moved: 'hdfs://production/user/hdp_oc_team/hdp_oc_team.db/customer_success_dashboard/000035_0' to trash at: hdfs://production/user/hdp_oc_team/.Trash/Current
Moved: 'hdfs://production/user/hdp_oc_team/hdp_oc_team.db/customer_success_dashboard/000036_0' to trash at: hdfs://production/user/hdp_oc_team/.Trash/Current
Moved: 'hdfs://production/user/hdp_oc_team/hdp_oc_team.db/customer_success_dashboard/000037_0' to trash at: hdfs://production/user/hdp_oc_team/.Trash/Current
Moved: 'hdfs://production/user/hdp_oc_team/hdp_oc_team.db/customer_success_dashboard/000038_0' to trash at: hdfs://production/user/hdp_oc_team/.Trash/Current
Moved: 'hdfs://production/user/hdp_oc_team/hdp_oc_team.db/customer_success_dashboard/000039_0' to trash at: hdfs://production/user/hdp_oc_team/.Trash/Current
Moved: 'hdfs://production/user/hdp_oc_team/hdp_oc_team.db/customer_success_dashboard/000040_0' to trash at: hdfs://production/user/hdp_oc_team/.Trash/Current
Moved: 'hdfs://production/user/hdp_oc_team/hdp_oc_team.db/customer_success_dashboard/000041_0' to trash at: hdfs://production/user/hdp_oc_team/.Trash/Current
Moved: 'hdfs://production/user/hdp_oc_team/hdp_oc_team.db/customer_success_dashboard/000042_0' to trash at: hdfs://production/user/hdp_oc_team/.Trash/Current
Moved: 'hdfs://production/user/hdp_oc_team/hdp_oc_team.db/customer_success_dashboard/000043_0' to trash at: hdfs://production/user/hdp_oc_team/.Trash/Current
Moved: 'hdfs://production/user/hdp_oc_team/hdp_oc_team.db/customer_success_dashboard/000044_0' to trash at: hdfs://production/user/hdp_oc_team/.Trash/Current
Moved: 'hdfs://production/user/hdp_oc_team/hdp_oc_team.db/customer_success_dashboard/000045_0' to trash at: hdfs://production/user/hdp_oc_team/.Trash/Current
Moved: 'hdfs://production/user/hdp_oc_team/hdp_oc_team.db/customer_success_dashboard/000046_0' to trash at: hdfs://production/user/hdp_oc_team/.Trash/Current
Moved: 'hdfs://production/user/hdp_oc_team/hdp_oc_team.db/customer_success_dashboard/000047_0' to trash at: hdfs://production/user/hdp_oc_team/.Trash/Current
Moved: 'hdfs://production/user/hdp_oc_team/hdp_oc_team.db/customer_success_dashboard/000048_0' to trash at: hdfs://production/user/hdp_oc_team/.Trash/Current
Moved: 'hdfs://production/user/hdp_oc_team/hdp_oc_team.db/customer_success_dashboard/000049_0' to trash at: hdfs://production/user/hdp_oc_team/.Trash/Current
Moved: 'hdfs://production/user/hdp_oc_team/hdp_oc_team.db/customer_success_dashboard/000050_0' to trash at: hdfs://production/user/hdp_oc_team/.Trash/Current
Moved: 'hdfs://production/user/hdp_oc_team/hdp_oc_team.db/customer_success_dashboard/000051_0' to trash at: hdfs://production/user/hdp_oc_team/.Trash/Current
Moved: 'hdfs://production/user/hdp_oc_team/hdp_oc_team.db/customer_success_dashboard/000052_0' to trash at: hdfs://production/user/hdp_oc_team/.Trash/Current
Moved: 'hdfs://production/user/hdp_oc_team/hdp_oc_team.db/customer_success_dashboard/000053_0' to trash at: hdfs://production/user/hdp_oc_team/.Trash/Current
Moved: 'hdfs://production/user/hdp_oc_team/hdp_oc_team.db/customer_success_dashboard/000054_0' to trash at: hdfs://production/user/hdp_oc_team/.Trash/Current
Moved: 'hdfs://production/user/hdp_oc_team/hdp_oc_team.db/customer_success_dashboard/000055_0' to trash at: hdfs://production/user/hdp_oc_team/.Trash/Current
Moved: 'hdfs://production/user/hdp_oc_team/hdp_oc_team.db/customer_success_dashboard/000056_0' to trash at: hdfs://production/user/hdp_oc_team/.Trash/Current
Moved: 'hdfs://production/user/hdp_oc_team/hdp_oc_team.db/customer_success_dashboard/000057_0' to trash at: hdfs://production/user/hdp_oc_team/.Trash/Current
Moved: 'hdfs://production/user/hdp_oc_team/hdp_oc_team.db/customer_success_dashboard/000058_0' to trash at: hdfs://production/user/hdp_oc_team/.Trash/Current
Moved: 'hdfs://production/user/hdp_oc_team/hdp_oc_team.db/customer_success_dashboard/000059_0' to trash at: hdfs://production/user/hdp_oc_team/.Trash/Current
Moved: 'hdfs://production/user/hdp_oc_team/hdp_oc_team.db/customer_success_dashboard/000060_0' to trash at: hdfs://production/user/hdp_oc_team/.Trash/Current
Moved: 'hdfs://production/user/hdp_oc_team/hdp_oc_team.db/customer_success_dashboard/000061_0' to trash at: hdfs://production/user/hdp_oc_team/.Trash/Current
Moved: 'hdfs://production/user/hdp_oc_team/hdp_oc_team.db/customer_success_dashboard/000062_0' to trash at: hdfs://production/user/hdp_oc_team/.Trash/Current
Moved: 'hdfs://production/user/hdp_oc_team/hdp_oc_team.db/customer_success_dashboard/000063_0' to trash at: hdfs://production/user/hdp_oc_team/.Trash/Current
Moved: 'hdfs://production/user/hdp_oc_team/hdp_oc_team.db/customer_success_dashboard/000064_0' to trash at: hdfs://production/user/hdp_oc_team/.Trash/Current
Moved: 'hdfs://production/user/hdp_oc_team/hdp_oc_team.db/customer_success_dashboard/000065_0' to trash at: hdfs://production/user/hdp_oc_team/.Trash/Current
Moved: 'hdfs://production/user/hdp_oc_team/hdp_oc_team.db/customer_success_dashboard/000066_0' to trash at: hdfs://production/user/hdp_oc_team/.Trash/Current
Moved: 'hdfs://production/user/hdp_oc_team/hdp_oc_team.db/customer_success_dashboard/000067_0' to trash at: hdfs://production/user/hdp_oc_team/.Trash/Current
Moved: 'hdfs://production/user/hdp_oc_team/hdp_oc_team.db/customer_success_dashboard/000068_0' to trash at: hdfs://production/user/hdp_oc_team/.Trash/Current
Moved: 'hdfs://production/user/hdp_oc_team/hdp_oc_team.db/customer_success_dashboard/000069_0' to trash at: hdfs://production/user/hdp_oc_team/.Trash/Current
Moved: 'hdfs://production/user/hdp_oc_team/hdp_oc_team.db/customer_success_dashboard/000070_0' to trash at: hdfs://production/user/hdp_oc_team/.Trash/Current
Moved: 'hdfs://production/user/hdp_oc_team/hdp_oc_team.db/customer_success_dashboard/000071_0' to trash at: hdfs://production/user/hdp_oc_team/.Trash/Current
Moved: 'hdfs://production/user/hdp_oc_team/hdp_oc_team.db/customer_success_dashboard/000072_0' to trash at: hdfs://production/user/hdp_oc_team/.Trash/Current
Moved: 'hdfs://production/user/hdp_oc_team/hdp_oc_team.db/customer_success_dashboard/000073_0' to trash at: hdfs://production/user/hdp_oc_team/.Trash/Current
Moved: 'hdfs://production/user/hdp_oc_team/hdp_oc_team.db/customer_success_dashboard/000074_0' to trash at: hdfs://production/user/hdp_oc_team/.Trash/Current
Moved: 'hdfs://production/user/hdp_oc_team/hdp_oc_team.db/customer_success_dashboard/000075_0' to trash at: hdfs://production/user/hdp_oc_team/.Trash/Current
Moved: 'hdfs://production/user/hdp_oc_team/hdp_oc_team.db/customer_success_dashboard/000076_0' to trash at: hdfs://production/user/hdp_oc_team/.Trash/Current
Moved: 'hdfs://production/user/hdp_oc_team/hdp_oc_team.db/customer_success_dashboard/000077_0' to trash at: hdfs://production/user/hdp_oc_team/.Trash/Current
Moved: 'hdfs://production/user/hdp_oc_team/hdp_oc_team.db/customer_success_dashboard/000078_0' to trash at: hdfs://production/user/hdp_oc_team/.Trash/Current
Moved: 'hdfs://production/user/hdp_oc_team/hdp_oc_team.db/customer_success_dashboard/000079_0' to trash at: hdfs://production/user/hdp_oc_team/.Trash/Current
Moved: 'hdfs://production/user/hdp_oc_team/hdp_oc_team.db/customer_success_dashboard/000080_0' to trash at: hdfs://production/user/hdp_oc_team/.Trash/Current
Moved: 'hdfs://production/user/hdp_oc_team/hdp_oc_team.db/customer_success_dashboard/000081_0' to trash at: hdfs://production/user/hdp_oc_team/.Trash/Current
Moved: 'hdfs://production/user/hdp_oc_team/hdp_oc_team.db/customer_success_dashboard/000082_0' to trash at: hdfs://production/user/hdp_oc_team/.Trash/Current
Moved: 'hdfs://production/user/hdp_oc_team/hdp_oc_team.db/customer_success_dashboard/000083_0' to trash at: hdfs://production/user/hdp_oc_team/.Trash/Current
Moved: 'hdfs://production/user/hdp_oc_team/hdp_oc_team.db/customer_success_dashboard/000084_0' to trash at: hdfs://production/user/hdp_oc_team/.Trash/Current
Moved: 'hdfs://production/user/hdp_oc_team/hdp_oc_team.db/customer_success_dashboard/000085_0' to trash at: hdfs://production/user/hdp_oc_team/.Trash/Current
Moved: 'hdfs://production/user/hdp_oc_team/hdp_oc_team.db/customer_success_dashboard/000086_0' to trash at: hdfs://production/user/hdp_oc_team/.Trash/Current
Moved: 'hdfs://production/user/hdp_oc_team/hdp_oc_team.db/customer_success_dashboard/000087_0' to trash at: hdfs://production/user/hdp_oc_team/.Trash/Current
Moved: 'hdfs://production/user/hdp_oc_team/hdp_oc_team.db/customer_success_dashboard/000088_0' to trash at: hdfs://production/user/hdp_oc_team/.Trash/Current
Moved: 'hdfs://production/user/hdp_oc_team/hdp_oc_team.db/customer_success_dashboard/000089_0' to trash at: hdfs://production/user/hdp_oc_team/.Trash/Current
Moved: 'hdfs://production/user/hdp_oc_team/hdp_oc_team.db/customer_success_dashboard/000090_0' to trash at: hdfs://production/user/hdp_oc_team/.Trash/Current
Moved: 'hdfs://production/user/hdp_oc_team/hdp_oc_team.db/customer_success_dashboard/000091_0' to trash at: hdfs://production/user/hdp_oc_team/.Trash/Current
Moved: 'hdfs://production/user/hdp_oc_team/hdp_oc_team.db/customer_success_dashboard/000092_0' to trash at: hdfs://production/user/hdp_oc_team/.Trash/Current
Moved: 'hdfs://production/user/hdp_oc_team/hdp_oc_team.db/customer_success_dashboard/000093_0' to trash at: hdfs://production/user/hdp_oc_team/.Trash/Current
Moved: 'hdfs://production/user/hdp_oc_team/hdp_oc_team.db/customer_success_dashboard/000094_0' to trash at: hdfs://production/user/hdp_oc_team/.Trash/Current
Moved: 'hdfs://production/user/hdp_oc_team/hdp_oc_team.db/customer_success_dashboard/000095_0' to trash at: hdfs://production/user/hdp_oc_team/.Trash/Current
Moved: 'hdfs://production/user/hdp_oc_team/hdp_oc_team.db/customer_success_dashboard/000096_0' to trash at: hdfs://production/user/hdp_oc_team/.Trash/Current
Moved: 'hdfs://production/user/hdp_oc_team/hdp_oc_team.db/customer_success_dashboard/000097_0' to trash at: hdfs://production/user/hdp_oc_team/.Trash/Current
Moved: 'hdfs://production/user/hdp_oc_team/hdp_oc_team.db/customer_success_dashboard/000098_0' to trash at: hdfs://production/user/hdp_oc_team/.Trash/Current
Moved: 'hdfs://production/user/hdp_oc_team/hdp_oc_team.db/customer_success_dashboard/000099_0' to trash at: hdfs://production/user/hdp_oc_team/.Trash/Current
Moved: 'hdfs://production/user/hdp_oc_team/hdp_oc_team.db/customer_success_dashboard/000100_0' to trash at: hdfs://production/user/hdp_oc_team/.Trash/Current
Moved: 'hdfs://production/user/hdp_oc_team/hdp_oc_team.db/customer_success_dashboard/000101_0' to trash at: hdfs://production/user/hdp_oc_team/.Trash/Current
Moved: 'hdfs://production/user/hdp_oc_team/hdp_oc_team.db/customer_success_dashboard/000102_0' to trash at: hdfs://production/user/hdp_oc_team/.Trash/Current
Moved: 'hdfs://production/user/hdp_oc_team/hdp_oc_team.db/customer_success_dashboard/000103_0' to trash at: hdfs://production/user/hdp_oc_team/.Trash/Current
Moved: 'hdfs://production/user/hdp_oc_team/hdp_oc_team.db/customer_success_dashboard/000104_0' to trash at: hdfs://production/user/hdp_oc_team/.Trash/Current
Moved: 'hdfs://production/user/hdp_oc_team/hdp_oc_team.db/customer_success_dashboard/000105_0' to trash at: hdfs://production/user/hdp_oc_team/.Trash/Current
Moved: 'hdfs://production/user/hdp_oc_team/hdp_oc_team.db/customer_success_dashboard/000106_0' to trash at: hdfs://production/user/hdp_oc_team/.Trash/Current
Moved: 'hdfs://production/user/hdp_oc_team/hdp_oc_team.db/customer_success_dashboard/000107_0' to trash at: hdfs://production/user/hdp_oc_team/.Trash/Current
Moved: 'hdfs://production/user/hdp_oc_team/hdp_oc_team.db/customer_success_dashboard/000108_0' to trash at: hdfs://production/user/hdp_oc_team/.Trash/Current
Moved: 'hdfs://production/user/hdp_oc_team/hdp_oc_team.db/customer_success_dashboard/000109_0' to trash at: hdfs://production/user/hdp_oc_team/.Trash/Current
Moved: 'hdfs://production/user/hdp_oc_team/hdp_oc_team.db/customer_success_dashboard/000110_0' to trash at: hdfs://production/user/hdp_oc_team/.Trash/Current
Moved: 'hdfs://production/user/hdp_oc_team/hdp_oc_team.db/customer_success_dashboard/000111_0' to trash at: hdfs://production/user/hdp_oc_team/.Trash/Current
Moved: 'hdfs://production/user/hdp_oc_team/hdp_oc_team.db/customer_success_dashboard/000112_0' to trash at: hdfs://production/user/hdp_oc_team/.Trash/Current
Moved: 'hdfs://production/user/hdp_oc_team/hdp_oc_team.db/customer_success_dashboard/000113_0' to trash at: hdfs://production/user/hdp_oc_team/.Trash/Current
Moved: 'hdfs://production/user/hdp_oc_team/hdp_oc_team.db/customer_success_dashboard/000114_0' to trash at: hdfs://production/user/hdp_oc_team/.Trash/Current
Moved: 'hdfs://production/user/hdp_oc_team/hdp_oc_team.db/customer_success_dashboard/000115_0' to trash at: hdfs://production/user/hdp_oc_team/.Trash/Current
Moved: 'hdfs://production/user/hdp_oc_team/hdp_oc_team.db/customer_success_dashboard/000116_0' to trash at: hdfs://production/user/hdp_oc_team/.Trash/Current
Moved: 'hdfs://production/user/hdp_oc_team/hdp_oc_team.db/customer_success_dashboard/000117_0' to trash at: hdfs://production/user/hdp_oc_team/.Trash/Current
Moved: 'hdfs://production/user/hdp_oc_team/hdp_oc_team.db/customer_success_dashboard/000118_0' to trash at: hdfs://production/user/hdp_oc_team/.Trash/Current
Moved: 'hdfs://production/user/hdp_oc_team/hdp_oc_team.db/customer_success_dashboard/000119_0' to trash at: hdfs://production/user/hdp_oc_team/.Trash/Current
Moved: 'hdfs://production/user/hdp_oc_team/hdp_oc_team.db/customer_success_dashboard/000120_0' to trash at: hdfs://production/user/hdp_oc_team/.Trash/Current
Moved: 'hdfs://production/user/hdp_oc_team/hdp_oc_team.db/customer_success_dashboard/000121_0' to trash at: hdfs://production/user/hdp_oc_team/.Trash/Current
Moved: 'hdfs://production/user/hdp_oc_team/hdp_oc_team.db/customer_success_dashboard/000122_0' to trash at: hdfs://production/user/hdp_oc_team/.Trash/Current
Moved: 'hdfs://production/user/hdp_oc_team/hdp_oc_team.db/customer_success_dashboard/000123_0' to trash at: hdfs://production/user/hdp_oc_team/.Trash/Current
Moved: 'hdfs://production/user/hdp_oc_team/hdp_oc_team.db/customer_success_dashboard/000124_0' to trash at: hdfs://production/user/hdp_oc_team/.Trash/Current
Moved: 'hdfs://production/user/hdp_oc_team/hdp_oc_team.db/customer_success_dashboard/000125_0' to trash at: hdfs://production/user/hdp_oc_team/.Trash/Current
Moved: 'hdfs://production/user/hdp_oc_team/hdp_oc_team.db/customer_success_dashboard/000126_0' to trash at: hdfs://production/user/hdp_oc_team/.Trash/Current
Moved: 'hdfs://production/user/hdp_oc_team/hdp_oc_team.db/customer_success_dashboard/000127_0' to trash at: hdfs://production/user/hdp_oc_team/.Trash/Current
Moved: 'hdfs://production/user/hdp_oc_team/hdp_oc_team.db/customer_success_dashboard/000128_0' to trash at: hdfs://production/user/hdp_oc_team/.Trash/Current
Moved: 'hdfs://production/user/hdp_oc_team/hdp_oc_team.db/customer_success_dashboard/000129_0' to trash at: hdfs://production/user/hdp_oc_team/.Trash/Current
Moved: 'hdfs://production/user/hdp_oc_team/hdp_oc_team.db/customer_success_dashboard/000130_0' to trash at: hdfs://production/user/hdp_oc_team/.Trash/Current
Moved: 'hdfs://production/user/hdp_oc_team/hdp_oc_team.db/customer_success_dashboard/000131_0' to trash at: hdfs://production/user/hdp_oc_team/.Trash/Current
Moved: 'hdfs://production/user/hdp_oc_team/hdp_oc_team.db/customer_success_dashboard/000132_0' to trash at: hdfs://production/user/hdp_oc_team/.Trash/Current
Moved: 'hdfs://production/user/hdp_oc_team/hdp_oc_team.db/customer_success_dashboard/000133_0' to trash at: hdfs://production/user/hdp_oc_team/.Trash/Current
Moved: 'hdfs://production/user/hdp_oc_team/hdp_oc_team.db/customer_success_dashboard/000134_0' to trash at: hdfs://production/user/hdp_oc_team/.Trash/Current
Moved: 'hdfs://production/user/hdp_oc_team/hdp_oc_team.db/customer_success_dashboard/000135_0' to trash at: hdfs://production/user/hdp_oc_team/.Trash/Current
Moved: 'hdfs://production/user/hdp_oc_team/hdp_oc_team.db/customer_success_dashboard/000136_0' to trash at: hdfs://production/user/hdp_oc_team/.Trash/Current
Moved: 'hdfs://production/user/hdp_oc_team/hdp_oc_team.db/customer_success_dashboard/000137_0' to trash at: hdfs://production/user/hdp_oc_team/.Trash/Current
Moved: 'hdfs://production/user/hdp_oc_team/hdp_oc_team.db/customer_success_dashboard/000138_0' to trash at: hdfs://production/user/hdp_oc_team/.Trash/Current
Moved: 'hdfs://production/user/hdp_oc_team/hdp_oc_team.db/customer_success_dashboard/000139_0' to trash at: hdfs://production/user/hdp_oc_team/.Trash/Current
Moved: 'hdfs://production/user/hdp_oc_team/hdp_oc_team.db/customer_success_dashboard/000140_0' to trash at: hdfs://production/user/hdp_oc_team/.Trash/Current
Moved: 'hdfs://production/user/hdp_oc_team/hdp_oc_team.db/customer_success_dashboard/000141_0' to trash at: hdfs://production/user/hdp_oc_team/.Trash/Current
Moved: 'hdfs://production/user/hdp_oc_team/hdp_oc_team.db/customer_success_dashboard/000142_0' to trash at: hdfs://production/user/hdp_oc_team/.Trash/Current
Moved: 'hdfs://production/user/hdp_oc_team/hdp_oc_team.db/customer_success_dashboard/000143_0' to trash at: hdfs://production/user/hdp_oc_team/.Trash/Current
Moved: 'hdfs://production/user/hdp_oc_team/hdp_oc_team.db/customer_success_dashboard/000144_0' to trash at: hdfs://production/user/hdp_oc_team/.Trash/Current
Moved: 'hdfs://production/user/hdp_oc_team/hdp_oc_team.db/customer_success_dashboard/000145_0' to trash at: hdfs://production/user/hdp_oc_team/.Trash/Current
Moved: 'hdfs://production/user/hdp_oc_team/hdp_oc_team.db/customer_success_dashboard/000146_0' to trash at: hdfs://production/user/hdp_oc_team/.Trash/Current
Moved: 'hdfs://production/user/hdp_oc_team/hdp_oc_team.db/customer_success_dashboard/000147_0' to trash at: hdfs://production/user/hdp_oc_team/.Trash/Current
Moved: 'hdfs://production/user/hdp_oc_team/hdp_oc_team.db/customer_success_dashboard/000148_0' to trash at: hdfs://production/user/hdp_oc_team/.Trash/Current
Moved: 'hdfs://production/user/hdp_oc_team/hdp_oc_team.db/customer_success_dashboard/000149_0' to trash at: hdfs://production/user/hdp_oc_team/.Trash/Current
Moved: 'hdfs://production/user/hdp_oc_team/hdp_oc_team.db/customer_success_dashboard/000150_0' to trash at: hdfs://production/user/hdp_oc_team/.Trash/Current
Moved: 'hdfs://production/user/hdp_oc_team/hdp_oc_team.db/customer_success_dashboard/000151_0' to trash at: hdfs://production/user/hdp_oc_team/.Trash/Current
Moved: 'hdfs://production/user/hdp_oc_team/hdp_oc_team.db/customer_success_dashboard/000152_0' to trash at: hdfs://production/user/hdp_oc_team/.Trash/Current
Moved: 'hdfs://production/user/hdp_oc_team/hdp_oc_team.db/customer_success_dashboard/000153_0' to trash at: hdfs://production/user/hdp_oc_team/.Trash/Current
Moved: 'hdfs://production/user/hdp_oc_team/hdp_oc_team.db/customer_success_dashboard/000154_0' to trash at: hdfs://production/user/hdp_oc_team/.Trash/Current
Moved: 'hdfs://production/user/hdp_oc_team/hdp_oc_team.db/customer_success_dashboard/000155_0' to trash at: hdfs://production/user/hdp_oc_team/.Trash/Current
Moved: 'hdfs://production/user/hdp_oc_team/hdp_oc_team.db/customer_success_dashboard/000156_0' to trash at: hdfs://production/user/hdp_oc_team/.Trash/Current
Moved: 'hdfs://production/user/hdp_oc_team/hdp_oc_team.db/customer_success_dashboard/000157_0' to trash at: hdfs://production/user/hdp_oc_team/.Trash/Current
Moved: 'hdfs://production/user/hdp_oc_team/hdp_oc_team.db/customer_success_dashboard/000158_0' to trash at: hdfs://production/user/hdp_oc_team/.Trash/Current
Moved: 'hdfs://production/user/hdp_oc_team/hdp_oc_team.db/customer_success_dashboard/000159_0' to trash at: hdfs://production/user/hdp_oc_team/.Trash/Current
Moved: 'hdfs://production/user/hdp_oc_team/hdp_oc_team.db/customer_success_dashboard/000160_0' to trash at: hdfs://production/user/hdp_oc_team/.Trash/Current
Moved: 'hdfs://production/user/hdp_oc_team/hdp_oc_team.db/customer_success_dashboard/000161_0' to trash at: hdfs://production/user/hdp_oc_team/.Trash/Current
Moved: 'hdfs://production/user/hdp_oc_team/hdp_oc_team.db/customer_success_dashboard/000162_0' to trash at: hdfs://production/user/hdp_oc_team/.Trash/Current
Moved: 'hdfs://production/user/hdp_oc_team/hdp_oc_team.db/customer_success_dashboard/000163_0' to trash at: hdfs://production/user/hdp_oc_team/.Trash/Current
Moved: 'hdfs://production/user/hdp_oc_team/hdp_oc_team.db/customer_success_dashboard/000164_0' to trash at: hdfs://production/user/hdp_oc_team/.Trash/Current
Moved: 'hdfs://production/user/hdp_oc_team/hdp_oc_team.db/customer_success_dashboard/000165_0' to trash at: hdfs://production/user/hdp_oc_team/.Trash/Current
Moved: 'hdfs://production/user/hdp_oc_team/hdp_oc_team.db/customer_success_dashboard/000166_0' to trash at: hdfs://production/user/hdp_oc_team/.Trash/Current
Moved: 'hdfs://production/user/hdp_oc_team/hdp_oc_team.db/customer_success_dashboard/000167_0' to trash at: hdfs://production/user/hdp_oc_team/.Trash/Current
Moved: 'hdfs://production/user/hdp_oc_team/hdp_oc_team.db/customer_success_dashboard/000168_0' to trash at: hdfs://production/user/hdp_oc_team/.Trash/Current
Moved: 'hdfs://production/user/hdp_oc_team/hdp_oc_team.db/customer_success_dashboard/000169_0' to trash at: hdfs://production/user/hdp_oc_team/.Trash/Current
Moved: 'hdfs://production/user/hdp_oc_team/hdp_oc_team.db/customer_success_dashboard/000170_0' to trash at: hdfs://production/user/hdp_oc_team/.Trash/Current
Moved: 'hdfs://production/user/hdp_oc_team/hdp_oc_team.db/customer_success_dashboard/000171_0' to trash at: hdfs://production/user/hdp_oc_team/.Trash/Current
Moved: 'hdfs://production/user/hdp_oc_team/hdp_oc_team.db/customer_success_dashboard/000172_0' to trash at: hdfs://production/user/hdp_oc_team/.Trash/Current
Moved: 'hdfs://production/user/hdp_oc_team/hdp_oc_team.db/customer_success_dashboard/000173_0' to trash at: hdfs://production/user/hdp_oc_team/.Trash/Current
Moved: 'hdfs://production/user/hdp_oc_team/hdp_oc_team.db/customer_success_dashboard/000174_0' to trash at: hdfs://production/user/hdp_oc_team/.Trash/Current
Moved: 'hdfs://production/user/hdp_oc_team/hdp_oc_team.db/customer_success_dashboard/000175_0' to trash at: hdfs://production/user/hdp_oc_team/.Trash/Current
Moved: 'hdfs://production/user/hdp_oc_team/hdp_oc_team.db/customer_success_dashboard/000176_0' to trash at: hdfs://production/user/hdp_oc_team/.Trash/Current
Moved: 'hdfs://production/user/hdp_oc_team/hdp_oc_team.db/customer_success_dashboard/000177_0' to trash at: hdfs://production/user/hdp_oc_team/.Trash/Current
Moved: 'hdfs://production/user/hdp_oc_team/hdp_oc_team.db/customer_success_dashboard/000178_0' to trash at: hdfs://production/user/hdp_oc_team/.Trash/Current
Moved: 'hdfs://production/user/hdp_oc_team/hdp_oc_team.db/customer_success_dashboard/000179_0' to trash at: hdfs://production/user/hdp_oc_team/.Trash/Current
Moved: 'hdfs://production/user/hdp_oc_team/hdp_oc_team.db/customer_success_dashboard/000180_0' to trash at: hdfs://production/user/hdp_oc_team/.Trash/Current
Moved: 'hdfs://production/user/hdp_oc_team/hdp_oc_team.db/customer_success_dashboard/000181_0' to trash at: hdfs://production/user/hdp_oc_team/.Trash/Current
Moved: 'hdfs://production/user/hdp_oc_team/hdp_oc_team.db/customer_success_dashboard/000182_0' to trash at: hdfs://production/user/hdp_oc_team/.Trash/Current
Moved: 'hdfs://production/user/hdp_oc_team/hdp_oc_team.db/customer_success_dashboard/000183_0' to trash at: hdfs://production/user/hdp_oc_team/.Trash/Current
Moved: 'hdfs://production/user/hdp_oc_team/hdp_oc_team.db/customer_success_dashboard/000184_0' to trash at: hdfs://production/user/hdp_oc_team/.Trash/Current
Moved: 'hdfs://production/user/hdp_oc_team/hdp_oc_team.db/customer_success_dashboard/000185_0' to trash at: hdfs://production/user/hdp_oc_team/.Trash/Current
Moved: 'hdfs://production/user/hdp_oc_team/hdp_oc_team.db/customer_success_dashboard/000186_0' to trash at: hdfs://production/user/hdp_oc_team/.Trash/Current
Moved: 'hdfs://production/user/hdp_oc_team/hdp_oc_team.db/customer_success_dashboard/000187_0' to trash at: hdfs://production/user/hdp_oc_team/.Trash/Current
Moved: 'hdfs://production/user/hdp_oc_team/hdp_oc_team.db/customer_success_dashboard/000188_0' to trash at: hdfs://production/user/hdp_oc_team/.Trash/Current
Moved: 'hdfs://production/user/hdp_oc_team/hdp_oc_team.db/customer_success_dashboard/000189_0' to trash at: hdfs://production/user/hdp_oc_team/.Trash/Current
Moved: 'hdfs://production/user/hdp_oc_team/hdp_oc_team.db/customer_success_dashboard/000190_0' to trash at: hdfs://production/user/hdp_oc_team/.Trash/Current
Moved: 'hdfs://production/user/hdp_oc_team/hdp_oc_team.db/customer_success_dashboard/000191_0' to trash at: hdfs://production/user/hdp_oc_team/.Trash/Current
Moved: 'hdfs://production/user/hdp_oc_team/hdp_oc_team.db/customer_success_dashboard/000192_0' to trash at: hdfs://production/user/hdp_oc_team/.Trash/Current
Moved: 'hdfs://production/user/hdp_oc_team/hdp_oc_team.db/customer_success_dashboard/000193_0' to trash at: hdfs://production/user/hdp_oc_team/.Trash/Current
Moved: 'hdfs://production/user/hdp_oc_team/hdp_oc_team.db/customer_success_dashboard/000194_0' to trash at: hdfs://production/user/hdp_oc_team/.Trash/Current
Moved: 'hdfs://production/user/hdp_oc_team/hdp_oc_team.db/customer_success_dashboard/000195_0' to trash at: hdfs://production/user/hdp_oc_team/.Trash/Current
Moved: 'hdfs://production/user/hdp_oc_team/hdp_oc_team.db/customer_success_dashboard/000196_0' to trash at: hdfs://production/user/hdp_oc_team/.Trash/Current
Moved: 'hdfs://production/user/hdp_oc_team/hdp_oc_team.db/customer_success_dashboard/000197_0' to trash at: hdfs://production/user/hdp_oc_team/.Trash/Current
Moved: 'hdfs://production/user/hdp_oc_team/hdp_oc_team.db/customer_success_dashboard/000198_0' to trash at: hdfs://production/user/hdp_oc_team/.Trash/Current
Moved: 'hdfs://production/user/hdp_oc_team/hdp_oc_team.db/customer_success_dashboard/000199_0' to trash at: hdfs://production/user/hdp_oc_team/.Trash/Current
Moved: 'hdfs://production/user/hdp_oc_team/hdp_oc_team.db/customer_success_dashboard/000200_0' to trash at: hdfs://production/user/hdp_oc_team/.Trash/Current
Moved: 'hdfs://production/user/hdp_oc_team/hdp_oc_team.db/customer_success_dashboard/000201_0' to trash at: hdfs://production/user/hdp_oc_team/.Trash/Current
Moved: 'hdfs://production/user/hdp_oc_team/hdp_oc_team.db/customer_success_dashboard/000202_0' to trash at: hdfs://production/user/hdp_oc_team/.Trash/Current
Moved: 'hdfs://production/user/hdp_oc_team/hdp_oc_team.db/customer_success_dashboard/000203_0' to trash at: hdfs://production/user/hdp_oc_team/.Trash/Current
Moved: 'hdfs://production/user/hdp_oc_team/hdp_oc_team.db/customer_success_dashboard/000204_0' to trash at: hdfs://production/user/hdp_oc_team/.Trash/Current
Moved: 'hdfs://production/user/hdp_oc_team/hdp_oc_team.db/customer_success_dashboard/000205_0' to trash at: hdfs://production/user/hdp_oc_team/.Trash/Current
Moved: 'hdfs://production/user/hdp_oc_team/hdp_oc_team.db/customer_success_dashboard/000206_0' to trash at: hdfs://production/user/hdp_oc_team/.Trash/Current
Moved: 'hdfs://production/user/hdp_oc_team/hdp_oc_team.db/customer_success_dashboard/000207_0' to trash at: hdfs://production/user/hdp_oc_team/.Trash/Current
Table hdp_oc_team.customer_success_dashboard stats: [numFiles=207, numRows=63384628, totalSize=4919106121, rawDataSize=4855721493]
MapReduce Jobs Launched: 
Stage-Stage-1: Map: 207   Cumulative CPU: 2284.09 sec   HDFS Read: 35722993636 HDFS Write: 4919127584 SUCCESS
Total MapReduce CPU Time Spent: 38 minutes 4 seconds 90 msec
OK
Time taken: 82.916 seconds
16/12/20 05:02:06 INFO tool.ConnectorExportTool: ConnectorExportTool starts at 1482235326904
16/12/20 05:02:08 INFO common.ConnectorPlugin: load plugins in file:/tmp/hadoop-unjar4441251261485291590/teradata.connector.plugins.xml
16/12/20 05:02:08 INFO processor.TeradataOutputProcessor: output preprocessor com.teradata.connector.teradata.processor.TeradataBatchInsertProcessor starts at:  1482235328468
16/12/20 05:02:09 INFO utils.TeradataUtils: the output database product is Teradata
16/12/20 05:02:09 INFO utils.TeradataUtils: the output database version is 15.0
16/12/20 05:02:09 INFO utils.TeradataUtils: the jdbc driver version is 15.0
16/12/20 05:02:10 INFO processor.TeradataOutputProcessor: the teradata connector for hadoop version is: 1.4.2
16/12/20 05:02:10 INFO processor.TeradataOutputProcessor: output jdbc properties are jdbc:teradata://godaddy3.prod.phx3.gdg/DATABASE=P_HadoopImp_S
16/12/20 05:02:10 INFO processor.TeradataBatchInsertProcessor: create output stage table CustSuccessDshbd_STG_050210853the sql is CREATE MULTISET TABLE "CustSuccessDshbd_STG_050210853", DATABLOCKSIZE = 130048 BYTES, NO FALLBACK, NO BEFORE JOURNAL, NO AFTER JOURNAL, CHECKSUM = DEFAULT ("domain_id" INTEGER NULL, "shopper_id" VARCHAR(10) CHARACTER SET LATIN NOT CASESPECIFIC NULL, "email_providers" VARCHAR(1000) CHARACTER SET LATIN NOT CASESPECIFIC NULL, "has_free_email" INTEGER NULL, "has_form" INTEGER NULL, "has_googleanalytics" INTEGER NULL, "has_login" INTEGER NULL, "has_logo" INTEGER NULL, "has_payment" INTEGER NULL, "has_cart" INTEGER NULL, "has_social" INTEGER NULL, "naics3d" INTEGER NULL, "naics2d" INTEGER NULL, "naics3d_score" DOUBLE PRECISION NULL, "naics2d_score" DOUBLE PRECISION NULL, "has_facebook" INTEGER NULL, "has_twitter" INTEGER NULL, "has_googleplus" INTEGER NULL, "has_tumblr" INTEGER NULL, "has_instagram" INTEGER NULL, "has_linkedin" INTEGER NULL, "has_myspace" INTEGER NULL, "was_cert_crawled" VARCHAR(10) CHARACTER SET LATIN NOT CASESPECIFIC NULL, "TDCH_BI_TASKID" VARCHAR(40) NOT CASESPECIFIC NULL) NO PRIMARY INDEX  
16/12/20 05:02:10 INFO processor.TeradataOutputProcessor: the number of mappers are 144
16/12/20 05:02:10 INFO processor.TeradataOutputProcessor: output preprocessor com.teradata.connector.teradata.processor.TeradataBatchInsertProcessor ends at:  1482235330955
16/12/20 05:02:10 INFO processor.TeradataOutputProcessor: the total elapsed time of output preprocessor com.teradata.connector.teradata.processor.TeradataBatchInsertProcessor is: 2s
16/12/20 05:02:12 INFO hdfs.DFSClient: Created HDFS_DELEGATION_TOKEN token 20993453 for hdp_oc_team on ha-hdfs:production
16/12/20 05:02:12 INFO security.TokenCache: Got dt for hdfs://production; Kind: HDFS_DELEGATION_TOKEN, Service: ha-hdfs:production, Ident: (HDFS_DELEGATION_TOKEN token 20993453 for hdp_oc_team)
16/12/20 05:02:12 INFO input.FileInputFormat: Total input paths to process : 207
16/12/20 05:02:12 INFO input.FileInputFormat: Total input paths to process : 207
16/12/20 05:02:12 INFO input.CombineFileInputFormat: DEBUG: Terminated node allocation with : CompletedNodes: 292, size left: 564444384
16/12/20 05:02:13 INFO mapreduce.JobSubmitter: number of splits:129
16/12/20 05:02:13 INFO mapreduce.JobSubmitter: Submitting tokens for job: job_1478649307064_892995
16/12/20 05:02:13 INFO mapreduce.JobSubmitter: Kind: HDFS_DELEGATION_TOKEN, Service: ha-hdfs:production, Ident: (HDFS_DELEGATION_TOKEN token 20993453 for hdp_oc_team)
16/12/20 05:02:13 INFO impl.YarnClientImpl: Submitted application application_1478649307064_892995
16/12/20 05:02:13 INFO mapreduce.Job: The url to track the job: http://p3plpaname02.prod.phx3.gdg:8088/proxy/application_1478649307064_892995/
16/12/20 05:02:13 INFO mapreduce.Job: Running job: job_1478649307064_892995
16/12/20 05:03:04 INFO mapreduce.Job: Job job_1478649307064_892995 running in uber mode : false
16/12/20 05:03:04 INFO mapreduce.Job:  map 0% reduce 0%
16/12/20 05:04:36 INFO mapreduce.Job:  map 2% reduce 0%
16/12/20 05:04:37 INFO mapreduce.Job:  map 7% reduce 0%
16/12/20 05:04:38 INFO mapreduce.Job:  map 12% reduce 0%
16/12/20 05:04:39 INFO mapreduce.Job:  map 15% reduce 0%
16/12/20 05:04:40 INFO mapreduce.Job:  map 19% reduce 0%
16/12/20 05:04:41 INFO mapreduce.Job:  map 23% reduce 0%
16/12/20 05:04:42 INFO mapreduce.Job:  map 25% reduce 0%
16/12/20 05:04:43 INFO mapreduce.Job:  map 29% reduce 0%
16/12/20 05:04:44 INFO mapreduce.Job:  map 33% reduce 0%
16/12/20 05:04:45 INFO mapreduce.Job:  map 36% reduce 0%
16/12/20 05:04:46 INFO mapreduce.Job:  map 39% reduce 0%
16/12/20 05:04:47 INFO mapreduce.Job:  map 43% reduce 0%
16/12/20 05:04:48 INFO mapreduce.Job:  map 46% reduce 0%
16/12/20 05:04:49 INFO mapreduce.Job:  map 49% reduce 0%
16/12/20 05:04:50 INFO mapreduce.Job:  map 53% reduce 0%
16/12/20 05:04:51 INFO mapreduce.Job:  map 56% reduce 0%
16/12/20 05:04:52 INFO mapreduce.Job:  map 58% reduce 0%
16/12/20 05:04:53 INFO mapreduce.Job:  map 61% reduce 0%
16/12/20 05:04:54 INFO mapreduce.Job:  map 63% reduce 0%
16/12/20 05:04:55 INFO mapreduce.Job:  map 65% reduce 0%
16/12/20 05:04:56 INFO mapreduce.Job:  map 67% reduce 0%
16/12/20 05:04:58 INFO mapreduce.Job:  map 69% reduce 0%
16/12/20 05:04:59 INFO mapreduce.Job:  map 70% reduce 0%
16/12/20 05:05:00 INFO mapreduce.Job:  map 73% reduce 0%
16/12/20 05:05:01 INFO mapreduce.Job:  map 74% reduce 0%
16/12/20 05:05:02 INFO mapreduce.Job:  map 75% reduce 0%
16/12/20 05:05:03 INFO mapreduce.Job:  map 77% reduce 0%
16/12/20 05:05:04 INFO mapreduce.Job:  map 79% reduce 0%
16/12/20 05:05:05 INFO mapreduce.Job:  map 80% reduce 0%
16/12/20 05:05:06 INFO mapreduce.Job:  map 81% reduce 0%
16/12/20 05:05:07 INFO mapreduce.Job:  map 82% reduce 0%
16/12/20 05:05:08 INFO mapreduce.Job:  map 83% reduce 0%
16/12/20 05:05:09 INFO mapreduce.Job:  map 85% reduce 0%
16/12/20 05:05:10 INFO mapreduce.Job:  map 86% reduce 0%
16/12/20 05:05:11 INFO mapreduce.Job:  map 87% reduce 0%
16/12/20 05:05:12 INFO mapreduce.Job:  map 89% reduce 0%
16/12/20 05:05:13 INFO mapreduce.Job:  map 90% reduce 0%
16/12/20 05:05:14 INFO mapreduce.Job:  map 91% reduce 0%
16/12/20 05:05:15 INFO mapreduce.Job:  map 92% reduce 0%
16/12/20 05:05:16 INFO mapreduce.Job:  map 93% reduce 0%
16/12/20 05:05:17 INFO mapreduce.Job:  map 94% reduce 0%
16/12/20 05:05:18 INFO mapreduce.Job:  map 96% reduce 0%
16/12/20 05:05:19 INFO mapreduce.Job:  map 97% reduce 0%
16/12/20 05:05:20 INFO mapreduce.Job:  map 98% reduce 0%
16/12/20 05:05:22 INFO mapreduce.Job:  map 99% reduce 0%
16/12/20 05:05:24 INFO mapreduce.Job:  map 100% reduce 0%
16/12/20 05:05:28 INFO mapreduce.Job: Job job_1478649307064_892995 completed successfully
16/12/20 05:05:28 INFO mapreduce.Job: Counters: 32
	File System Counters
		FILE: Number of bytes read=0
		FILE: Number of bytes written=18565603
		FILE: Number of read operations=0
		FILE: Number of large read operations=0
		FILE: Number of write operations=0
		HDFS: Number of bytes read=4925493068
		HDFS: Number of bytes written=0
		HDFS: Number of read operations=414
		HDFS: Number of large read operations=0
		HDFS: Number of write operations=0
	Job Counters 
		Launched map tasks=129
		Other local map tasks=21
		Data-local map tasks=47
		Rack-local map tasks=61
		Total time spent by all maps in occupied slots (ms)=10519664
		Total time spent by all reduces in occupied slots (ms)=0
		Total time spent by all map tasks (ms)=5259832
		Total vcore-milliseconds taken by all map tasks=5259832
		Total megabyte-milliseconds taken by all map tasks=21544271872
	Map-Reduce Framework
		Map input records=63384628
		Map output records=63384628
		Input split bytes=38745
		Spilled Records=0
		Failed Shuffles=0
		Merged Map outputs=0
		GC time elapsed (ms)=166542
		CPU time spent (ms)=2838220
		Physical memory (bytes) snapshot=54626217984
		Virtual memory (bytes) snapshot=542049837056
		Total committed heap usage (bytes)=51213500416
	File Input Format Counters 
		Bytes Read=0
	File Output Format Counters 
		Bytes Written=0
16/12/20 05:05:28 INFO processor.TeradataOutputProcessor: output postprocessor com.teradata.connector.teradata.processor.TeradataBatchInsertProcessor starts at:  1482235528272
16/12/20 05:05:30 INFO processor.TeradataBatchInsertProcessor: insert from staget table to target table 
16/12/20 05:05:30 INFO processor.TeradataBatchInsertProcessor: the insert select sql starts at: 1482235530111
16/12/20 05:05:37 INFO processor.TeradataBatchInsertProcessor: the insert select sql ends at: 1482235537924
16/12/20 05:05:37 INFO processor.TeradataBatchInsertProcessor: the total elapsed time of the insert select sql  is: 7s
16/12/20 05:05:38 INFO processor.TeradataBatchInsertProcessor: drop stage table "CustSuccessDshbd_STG_050210853"
16/12/20 05:05:38 INFO processor.TeradataOutputProcessor: output postprocessor com.teradata.connector.teradata.processor.TeradataBatchInsertProcessor ends at:  1482235528272
16/12/20 05:05:38 INFO processor.TeradataOutputProcessor: the total elapsed time of output postprocessor com.teradata.connector.teradata.processor.TeradataBatchInsertProcessor is: 10s
16/12/20 05:05:38 INFO tool.ConnectorExportTool: ConnectorExportTool ends at 1482235538423
16/12/20 05:05:38 INFO tool.ConnectorExportTool: ConnectorExportTool time is 211s
16/12/20 05:05:38 INFO tool.ConnectorExportTool: job completed with exit code 0
BTEQ 15.00.00.02 Tue Dec 20 05:05:38 2016 PID: 7351
 
+---------+---------+---------+---------+---------+---------+---------+----
.SET ECHOREQ ON
+---------+---------+---------+---------+---------+---------+---------+----
.SET ERROROUT STDOUT
 *** Error messages now directed to STDOUT.
+---------+---------+---------+---------+---------+---------+---------+----
.SET WIDTH 256
+---------+---------+---------+---------+---------+---------+---------+---------+---------+---------+---------+---------+---------+-


.LOGON godaddy3.prod.phx3.gdg/P_BTCH_HadoopImp,

 *** Logon successfully completed.
 *** Teradata Database Release is 15.00.02.03                   
 *** Teradata Database Version is 15.00.02.05                     
 *** Transaction Semantics are BTET.
 *** Session Character Set Name is 'ASCII'.
 
 *** Total elapsed time was 1 second.
 
+---------+---------+---------+---------+---------+---------+---------+---------+---------+---------+---------+---------+---------+-

SELECT TOP 1 * FROM P_HadoopImp_S.CustSuccessDshbd_STG;

 *** Query completed. One row found. 23 columns returned. 
 *** Total elapsed time was 1 second.

  domain_id shopper_id email_providers
----------- ---------- -----------------------------------------------------------------------------------------------------------------------------------------------------------------------------------------------------------------------------------------
  141120607 36563413   ?

+---------+---------+---------+---------+---------+---------+---------+---------+---------+---------+---------+---------+---------+-

.IF ACTIVITYCOUNT = 0 THEN .GOTO E086
+---------+---------+---------+---------+---------+---------+---------+---------+---------+---------+---------+---------+---------+-

DELETE P_ARM_IMPORT.CustSuccessDshbd ALL;

 *** Delete completed. 63384628 rows removed. 
 *** Total elapsed time was 1 second.


+---------+---------+---------+---------+---------+---------+---------+---------+---------+---------+---------+---------+---------+-

.IF ERRORCODE <> 0 THEN .GOTO E003
+---------+---------+---------+---------+---------+---------+---------+---------+---------+---------+---------+---------+---------+-

INSERT INTO P_ARM_IMPORT.CustSuccessDshbd
SELECT *
FROM P_HadoopImp_S.CustSuccessDshbd_STG;

 *** Insert completed. 63384628 rows added. 
 *** Total elapsed time was 2 seconds.


+---------+---------+---------+---------+---------+---------+---------+---------+---------+---------+---------+---------+---------+-

.IF ERRORCODE <> 0 THEN .GOTO E003
+---------+---------+---------+---------+---------+---------+---------+---------+---------+---------+---------+---------+---------+-

COLLECT STATS P_ARM_IMPORT.CustSuccessDshbd COLUMN(shopper_id);

 *** Update completed. 2 rows changed. 
 *** Total elapsed time was 1 second.


+---------+---------+---------+---------+---------+---------+---------+---------+---------+---------+---------+---------+---------+-

.IF ERRORCODE <> 0 THEN .GOTO E003
+---------+---------+---------+---------+---------+---------+---------+---------+---------+---------+---------+---------+---------+-

DELETE P_HADOOPIMP_S.CustSuccessDshbd_STG ALL;

 *** Delete completed. 63384628 rows removed. 
 *** Total elapsed time was 3 seconds.


+---------+---------+---------+---------+---------+---------+---------+---------+---------+---------+---------+---------+---------+-

.IF ERRORCODE <> 0 THEN .GOTO E003
+---------+---------+---------+---------+---------+---------+---------+---------+---------+---------+---------+---------+---------+-

------------------------------------------------------------------------
--  086 - Good exit
------------------------------------------------------------------------

.LABEL E086
+---------+---------+---------+---------+---------+---------+---------+---------+---------+---------+---------+---------+---------+-
.LOGOFF
 *** You are now logged off from the DBC.
+---------+---------+---------+---------+---------+---------+---------+---------+---------+---------+---------+---------+---------+-
.QUIT
 *** Exiting BTEQ...
 *** RC (return code) = 0 
