
Logging initialized using configuration in file:/etc/hive/conf/hive-log4j.properties
OK
Time taken: 2.776 seconds
OK
Time taken: 0.596 seconds
Query ID = hdp_oc_team_20161220020039_53133de3-a1b7-446a-bf08-9f3f0a11a3c8
Total jobs = 3
Launching Job 1 out of 3
Number of reduce tasks is set to 0 since there's no reduce operator
16/12/20 02:00:42 ERROR mr.ExecDriver: yarn
16/12/20 02:00:43 WARN mapreduce.JobResourceUploader: Hadoop command-line option parsing not performed. Implement the Tool interface and execute your application with ToolRunner to remedy this.
Starting Job = job_1478649307064_888187, Tracking URL = http://p3plpaname02.prod.phx3.gdg:8088/proxy/application_1478649307064_888187/
Kill Command = /usr/lib/hadoop/bin/hadoop job  -kill job_1478649307064_888187
Hadoop job information for Stage-1: number of mappers: 130; number of reducers: 0
16/12/20 02:01:09 WARN mapreduce.Counters: Group org.apache.hadoop.mapred.Task$Counter is deprecated. Use org.apache.hadoop.mapreduce.TaskCounter instead
2016-12-20 02:01:09,872 Stage-1 map = 0%,  reduce = 0%
2016-12-20 02:01:27,669 Stage-1 map = 1%,  reduce = 0%, Cumulative CPU 7.38 sec
2016-12-20 02:01:29,819 Stage-1 map = 8%,  reduce = 0%, Cumulative CPU 93.39 sec
2016-12-20 02:01:30,863 Stage-1 map = 18%,  reduce = 0%, Cumulative CPU 250.8 sec
2016-12-20 02:01:31,964 Stage-1 map = 35%,  reduce = 0%, Cumulative CPU 493.7 sec
2016-12-20 02:01:33,087 Stage-1 map = 47%,  reduce = 0%, Cumulative CPU 702.28 sec
2016-12-20 02:01:34,128 Stage-1 map = 66%,  reduce = 0%, Cumulative CPU 984.84 sec
2016-12-20 02:01:35,188 Stage-1 map = 71%,  reduce = 0%, Cumulative CPU 1083.85 sec
2016-12-20 02:01:36,229 Stage-1 map = 77%,  reduce = 0%, Cumulative CPU 1184.69 sec
2016-12-20 02:01:37,268 Stage-1 map = 78%,  reduce = 0%, Cumulative CPU 1221.92 sec
2016-12-20 02:01:38,321 Stage-1 map = 85%,  reduce = 0%, Cumulative CPU 1341.85 sec
2016-12-20 02:01:39,445 Stage-1 map = 89%,  reduce = 0%, Cumulative CPU 1406.64 sec
2016-12-20 02:01:40,497 Stage-1 map = 91%,  reduce = 0%, Cumulative CPU 1447.86 sec
2016-12-20 02:01:41,532 Stage-1 map = 95%,  reduce = 0%, Cumulative CPU 1515.1 sec
2016-12-20 02:01:42,590 Stage-1 map = 96%,  reduce = 0%, Cumulative CPU 1538.93 sec
2016-12-20 02:01:44,690 Stage-1 map = 97%,  reduce = 0%, Cumulative CPU 1558.75 sec
2016-12-20 02:01:46,776 Stage-1 map = 99%,  reduce = 0%, Cumulative CPU 1614.14 sec
2016-12-20 02:01:48,925 Stage-1 map = 100%,  reduce = 0%, Cumulative CPU 1635.12 sec
MapReduce Total cumulative CPU time: 27 minutes 15 seconds 120 msec
Ended Job = job_1478649307064_888187
Stage-4 is selected by condition resolver.
Stage-3 is filtered out by condition resolver.
Stage-5 is filtered out by condition resolver.
Moving data to: hdfs://production/user/hdp_oc_team/hdp_oc_team.db/.hive-staging_hive_2016-12-20_02-00-39_155_2393248313428274176-1/-ext-10001
Moving data to: hdfs://production/user/hdp_oc_team/hdp_oc_team.db/shopactvdomain
Table hdp_oc_team.shopactvdomain stats: [numFiles=130, numRows=62658900, totalSize=3693858506, rawDataSize=3631199606]
MapReduce Jobs Launched: 
Stage-Stage-1: Map: 130   Cumulative CPU: 1635.12 sec   HDFS Read: 1091201765 HDFS Write: 3693870472 SUCCESS
Total MapReduce CPU Time Spent: 27 minutes 15 seconds 120 msec
OK
Time taken: 74.111 seconds
16/12/20 02:01:54 INFO tool.ConnectorExportTool: ConnectorExportTool starts at 1482224514619
16/12/20 02:01:55 INFO common.ConnectorPlugin: load plugins in file:/tmp/hadoop-unjar2019833360179412325/teradata.connector.plugins.xml
16/12/20 02:01:55 INFO processor.TeradataOutputProcessor: output preprocessor com.teradata.connector.teradata.processor.TeradataBatchInsertProcessor starts at:  1482224515833
16/12/20 02:01:56 INFO utils.TeradataUtils: the output database product is Teradata
16/12/20 02:01:56 INFO utils.TeradataUtils: the output database version is 15.0
16/12/20 02:01:56 INFO utils.TeradataUtils: the jdbc driver version is 15.0
16/12/20 02:01:57 INFO processor.TeradataOutputProcessor: the teradata connector for hadoop version is: 1.4.2
16/12/20 02:01:57 INFO processor.TeradataOutputProcessor: output jdbc properties are jdbc:teradata://godaddy3.prod.phx3.gdg/DATABASE=P_HadoopImp_S
16/12/20 02:02:01 INFO processor.TeradataBatchInsertProcessor: create output stage table shopactvdomain_STG_020200047the sql is CREATE MULTISET TABLE "shopactvdomain_STG_020200047", DATABLOCKSIZE = 130048 BYTES, NO FALLBACK, NO BEFORE JOURNAL, NO AFTER JOURNAL, CHECKSUM = DEFAULT ("ShopAcctID" VARCHAR(10) CHARACTER SET LATIN NOT CASESPECIFIC NULL, "RsrsID" INTEGER NULL, "DomainName" VARCHAR(1000) CHARACTER SET LATIN NOT CASESPECIFIC NULL, "ExternalDNS" INTEGER NULL, "HostingProduct" VARCHAR(1000) CHARACTER SET LATIN NOT CASESPECIFIC NULL, "EmailProduct" VARCHAR(1000) CHARACTER SET LATIN NOT CASESPECIFIC NULL, "IsActv" INTEGER NULL, "HasWorkspace" INTEGER NULL, "TDCH_BI_TASKID" VARCHAR(40) NOT CASESPECIFIC NULL) NO PRIMARY INDEX  
16/12/20 02:02:01 INFO processor.TeradataOutputProcessor: the number of mappers are 144
16/12/20 02:02:01 INFO processor.TeradataOutputProcessor: output preprocessor com.teradata.connector.teradata.processor.TeradataBatchInsertProcessor ends at:  1482224521746
16/12/20 02:02:01 INFO processor.TeradataOutputProcessor: the total elapsed time of output preprocessor com.teradata.connector.teradata.processor.TeradataBatchInsertProcessor is: 5s
16/12/20 02:02:04 INFO hdfs.DFSClient: Created HDFS_DELEGATION_TOKEN token 20988124 for hdp_oc_team on ha-hdfs:production
16/12/20 02:02:04 INFO security.TokenCache: Got dt for hdfs://production; Kind: HDFS_DELEGATION_TOKEN, Service: ha-hdfs:production, Ident: (HDFS_DELEGATION_TOKEN token 20988124 for hdp_oc_team)
16/12/20 02:02:05 INFO input.FileInputFormat: Total input paths to process : 130
16/12/20 02:02:05 INFO input.FileInputFormat: Total input paths to process : 130
16/12/20 02:02:05 INFO input.CombineFileInputFormat: DEBUG: Terminated node allocation with : CompletedNodes: 226, size left: 350988065
16/12/20 02:02:05 INFO mapreduce.JobSubmitter: number of splits:106
16/12/20 02:02:05 INFO mapreduce.JobSubmitter: Submitting tokens for job: job_1478649307064_888249
16/12/20 02:02:05 INFO mapreduce.JobSubmitter: Kind: HDFS_DELEGATION_TOKEN, Service: ha-hdfs:production, Ident: (HDFS_DELEGATION_TOKEN token 20988124 for hdp_oc_team)
16/12/20 02:02:06 INFO impl.YarnClientImpl: Submitted application application_1478649307064_888249
16/12/20 02:02:06 INFO mapreduce.Job: The url to track the job: http://p3plpaname02.prod.phx3.gdg:8088/proxy/application_1478649307064_888249/
16/12/20 02:02:06 INFO mapreduce.Job: Running job: job_1478649307064_888249
16/12/20 02:02:15 INFO mapreduce.Job: Job job_1478649307064_888249 running in uber mode : false
16/12/20 02:02:15 INFO mapreduce.Job:  map 0% reduce 0%
16/12/20 02:02:32 INFO mapreduce.Job:  map 1% reduce 0%
16/12/20 02:02:33 INFO mapreduce.Job:  map 5% reduce 0%
16/12/20 02:02:35 INFO mapreduce.Job:  map 6% reduce 0%
16/12/20 02:02:36 INFO mapreduce.Job:  map 9% reduce 0%
16/12/20 02:02:37 INFO mapreduce.Job:  map 10% reduce 0%
16/12/20 02:02:38 INFO mapreduce.Job:  map 11% reduce 0%
16/12/20 02:02:39 INFO mapreduce.Job:  map 16% reduce 0%
16/12/20 02:02:40 INFO mapreduce.Job:  map 17% reduce 0%
16/12/20 02:02:41 INFO mapreduce.Job:  map 18% reduce 0%
16/12/20 02:02:42 INFO mapreduce.Job:  map 22% reduce 0%
16/12/20 02:02:43 INFO mapreduce.Job:  map 24% reduce 0%
16/12/20 02:02:44 INFO mapreduce.Job:  map 25% reduce 0%
16/12/20 02:02:45 INFO mapreduce.Job:  map 28% reduce 0%
16/12/20 02:02:46 INFO mapreduce.Job:  map 30% reduce 0%
16/12/20 02:02:47 INFO mapreduce.Job:  map 31% reduce 0%
16/12/20 02:02:48 INFO mapreduce.Job:  map 34% reduce 0%
16/12/20 02:02:49 INFO mapreduce.Job:  map 35% reduce 0%
16/12/20 02:02:50 INFO mapreduce.Job:  map 37% reduce 0%
16/12/20 02:02:51 INFO mapreduce.Job:  map 40% reduce 0%
16/12/20 02:02:52 INFO mapreduce.Job:  map 42% reduce 0%
16/12/20 02:02:53 INFO mapreduce.Job:  map 43% reduce 0%
16/12/20 02:02:54 INFO mapreduce.Job:  map 45% reduce 0%
16/12/20 02:02:55 INFO mapreduce.Job:  map 46% reduce 0%
16/12/20 02:02:56 INFO mapreduce.Job:  map 47% reduce 0%
16/12/20 02:02:57 INFO mapreduce.Job:  map 50% reduce 0%
16/12/20 02:02:58 INFO mapreduce.Job:  map 51% reduce 0%
16/12/20 02:02:59 INFO mapreduce.Job:  map 52% reduce 0%
16/12/20 02:03:00 INFO mapreduce.Job:  map 55% reduce 0%
16/12/20 02:03:01 INFO mapreduce.Job:  map 56% reduce 0%
16/12/20 02:03:02 INFO mapreduce.Job:  map 57% reduce 0%
16/12/20 02:03:03 INFO mapreduce.Job:  map 60% reduce 0%
16/12/20 02:03:04 INFO mapreduce.Job:  map 61% reduce 0%
16/12/20 02:03:05 INFO mapreduce.Job:  map 62% reduce 0%
16/12/20 02:03:06 INFO mapreduce.Job:  map 64% reduce 0%
16/12/20 02:03:07 INFO mapreduce.Job:  map 65% reduce 0%
16/12/20 02:03:08 INFO mapreduce.Job:  map 66% reduce 0%
16/12/20 02:03:09 INFO mapreduce.Job:  map 68% reduce 0%
16/12/20 02:03:11 INFO mapreduce.Job:  map 69% reduce 0%
16/12/20 02:03:12 INFO mapreduce.Job:  map 70% reduce 0%
16/12/20 02:03:13 INFO mapreduce.Job:  map 71% reduce 0%
16/12/20 02:03:14 INFO mapreduce.Job:  map 72% reduce 0%
16/12/20 02:03:15 INFO mapreduce.Job:  map 73% reduce 0%
16/12/20 02:03:16 INFO mapreduce.Job:  map 74% reduce 0%
16/12/20 02:03:18 INFO mapreduce.Job:  map 75% reduce 0%
16/12/20 02:03:19 INFO mapreduce.Job:  map 76% reduce 0%
16/12/20 02:03:20 INFO mapreduce.Job:  map 77% reduce 0%
16/12/20 02:03:21 INFO mapreduce.Job:  map 78% reduce 0%
16/12/20 02:03:23 INFO mapreduce.Job:  map 79% reduce 0%
16/12/20 02:03:24 INFO mapreduce.Job:  map 80% reduce 0%
16/12/20 02:03:26 INFO mapreduce.Job:  map 81% reduce 0%
16/12/20 02:03:28 INFO mapreduce.Job:  map 82% reduce 0%
16/12/20 02:03:29 INFO mapreduce.Job:  map 83% reduce 0%
16/12/20 02:03:31 INFO mapreduce.Job:  map 84% reduce 0%
16/12/20 02:03:33 INFO mapreduce.Job:  map 85% reduce 0%
16/12/20 02:03:35 INFO mapreduce.Job:  map 86% reduce 0%
16/12/20 02:03:37 INFO mapreduce.Job:  map 87% reduce 0%
16/12/20 02:03:39 INFO mapreduce.Job:  map 88% reduce 0%
16/12/20 02:03:42 INFO mapreduce.Job:  map 89% reduce 0%
16/12/20 02:03:45 INFO mapreduce.Job:  map 90% reduce 0%
16/12/20 02:03:47 INFO mapreduce.Job:  map 91% reduce 0%
16/12/20 02:03:50 INFO mapreduce.Job:  map 92% reduce 0%
16/12/20 02:03:52 INFO mapreduce.Job:  map 93% reduce 0%
16/12/20 02:03:56 INFO mapreduce.Job:  map 94% reduce 0%
16/12/20 02:03:59 INFO mapreduce.Job:  map 95% reduce 0%
16/12/20 02:04:01 INFO mapreduce.Job:  map 96% reduce 0%
16/12/20 02:04:04 INFO mapreduce.Job:  map 97% reduce 0%
16/12/20 02:04:07 INFO mapreduce.Job:  map 98% reduce 0%
16/12/20 02:04:11 INFO mapreduce.Job:  map 99% reduce 0%
16/12/20 02:04:15 INFO mapreduce.Job:  map 100% reduce 0%
16/12/20 02:04:27 INFO mapreduce.Job: Job job_1478649307064_888249 completed successfully
16/12/20 02:04:28 INFO mapreduce.Job: Counters: 32
	File System Counters
		FILE: Number of bytes read=0
		FILE: Number of bytes written=14957338
		FILE: Number of read operations=0
		FILE: Number of large read operations=0
		FILE: Number of write operations=0
		HDFS: Number of bytes read=3698270625
		HDFS: Number of bytes written=0
		HDFS: Number of read operations=300
		HDFS: Number of large read operations=0
		HDFS: Number of write operations=0
	Job Counters 
		Launched map tasks=106
		Other local map tasks=12
		Data-local map tasks=39
		Rack-local map tasks=55
		Total time spent by all maps in occupied slots (ms)=15821062
		Total time spent by all reduces in occupied slots (ms)=0
		Total time spent by all map tasks (ms)=7910531
		Total vcore-milliseconds taken by all map tasks=7910531
		Total megabyte-milliseconds taken by all map tasks=32401534976
	Map-Reduce Framework
		Map input records=62658900
		Map output records=62658900
		Input split bytes=25410
		Spilled Records=0
		Failed Shuffles=0
		Merged Map outputs=0
		GC time elapsed (ms)=87584
		CPU time spent (ms)=1781800
		Physical memory (bytes) snapshot=43045429248
		Virtual memory (bytes) snapshot=445313581056
		Total committed heap usage (bytes)=42530766848
	File Input Format Counters 
		Bytes Read=0
	File Output Format Counters 
		Bytes Written=0
16/12/20 02:04:28 INFO processor.TeradataOutputProcessor: output postprocessor com.teradata.connector.teradata.processor.TeradataBatchInsertProcessor starts at:  1482224668162
16/12/20 02:04:28 INFO processor.TeradataBatchInsertProcessor: insert from staget table to target table 
16/12/20 02:04:28 INFO processor.TeradataBatchInsertProcessor: the insert select sql starts at: 1482224668307
16/12/20 02:04:37 INFO processor.TeradataBatchInsertProcessor: the insert select sql ends at: 1482224677982
16/12/20 02:04:37 INFO processor.TeradataBatchInsertProcessor: the total elapsed time of the insert select sql  is: 9s
16/12/20 02:04:38 INFO processor.TeradataBatchInsertProcessor: drop stage table "shopactvdomain_STG_020200047"
16/12/20 02:04:38 INFO processor.TeradataOutputProcessor: output postprocessor com.teradata.connector.teradata.processor.TeradataBatchInsertProcessor ends at:  1482224668162
16/12/20 02:04:38 INFO processor.TeradataOutputProcessor: the total elapsed time of output postprocessor com.teradata.connector.teradata.processor.TeradataBatchInsertProcessor is: 10s
16/12/20 02:04:38 INFO tool.ConnectorExportTool: ConnectorExportTool ends at 1482224678413
16/12/20 02:04:38 INFO tool.ConnectorExportTool: ConnectorExportTool time is 163s
16/12/20 02:04:38 INFO tool.ConnectorExportTool: job completed with exit code 0
BTEQ 15.00.00.02 Tue Dec 20 02:04:38 2016 PID: 17508
 
+---------+---------+---------+---------+---------+---------+---------+----
.SET ECHOREQ ON
+---------+---------+---------+---------+---------+---------+---------+----
.SET ERROROUT STDOUT
 *** Error messages now directed to STDOUT.
+---------+---------+---------+---------+---------+---------+---------+----
.SET WIDTH 256
+---------+---------+---------+---------+---------+---------+---------+---------+---------+---------+---------+---------+---------+-


.LOGON godaddy3.prod.phx3.gdg/P_BTCH_HadoopImp,

 *** Logon successfully completed.
 *** Teradata Database Release is 15.00.02.03                   
 *** Teradata Database Version is 15.00.02.05                     
 *** Transaction Semantics are BTET.
 *** Session Character Set Name is 'ASCII'.
 
 *** Total elapsed time was 1 second.
 
+---------+---------+---------+---------+---------+---------+---------+---------+---------+---------+---------+---------+---------+-

SELECT TOP 1 * FROM P_HadoopImp_S.shopactvdomain_STG;

 *** Query completed. One row found. 8 columns returned. 
 *** Total elapsed time was 1 second.

ShopAcctID      RsrsID DomainName
---------- ----------- -----------------------------------------------------------------------------------------------------------------------------------------------------------------------------------------------------------------------------------------
28078044      65021155 xsplore.mobi

+---------+---------+---------+---------+---------+---------+---------+---------+---------+---------+---------+---------+---------+-

.IF ACTIVITYCOUNT = 0 THEN .GOTO E086
+---------+---------+---------+---------+---------+---------+---------+---------+---------+---------+---------+---------+---------+-

delete P_ARM_IMPORT.shopactvdomain all;

 *** Delete completed. 62664910 rows removed. 
 *** Total elapsed time was 1 second.


+---------+---------+---------+---------+---------+---------+---------+---------+---------+---------+---------+---------+---------+-

.IF ERRORCODE <> 0 THEN .GOTO E003
+---------+---------+---------+---------+---------+---------+---------+---------+---------+---------+---------+---------+---------+-

insert into P_ARM_IMPORT.shopactvdomain
SELECT *
FROM P_HadoopImp_S.shopactvdomain_STG;

 *** Insert completed. 62658900 rows added. 
 *** Total elapsed time was 6 seconds.


+---------+---------+---------+---------+---------+---------+---------+---------+---------+---------+---------+---------+---------+-

.IF ERRORCODE <> 0 THEN .GOTO E003
+---------+---------+---------+---------+---------+---------+---------+---------+---------+---------+---------+---------+---------+-

COLLECT STATS P_ARM_IMPORT.shopactvdomain COLUMN(shopacctid);

 *** Update completed. 2 rows changed. 
 *** Total elapsed time was 4 seconds.


+---------+---------+---------+---------+---------+---------+---------+---------+---------+---------+---------+---------+---------+-
COLLECT STATS P_ARM_IMPORT.shopactvdomain COLUMN(shopacctid,rsrsid);

 *** Update completed. 2 rows changed. 
 *** Total elapsed time was 2 seconds.


+---------+---------+---------+---------+---------+---------+---------+---------+---------+---------+---------+---------+---------+-

.IF ERRORCODE <> 0 THEN .GOTO E003
+---------+---------+---------+---------+---------+---------+---------+---------+---------+---------+---------+---------+---------+-

DELETE P_HADOOPIMP_S.shopactvdomain_STG ALL;

 *** Delete completed. 62658900 rows removed. 
 *** Total elapsed time was 1 second.


+---------+---------+---------+---------+---------+---------+---------+---------+---------+---------+---------+---------+---------+-

.IF ERRORCODE <> 0 THEN .GOTO E003
+---------+---------+---------+---------+---------+---------+---------+---------+---------+---------+---------+---------+---------+-

------------------------------------------------------------------------
--  086 - Good exit
------------------------------------------------------------------------

.LABEL E086
+---------+---------+---------+---------+---------+---------+---------+---------+---------+---------+---------+---------+---------+-
.LOGOFF
 *** You are now logged off from the DBC.
+---------+---------+---------+---------+---------+---------+---------+---------+---------+---------+---------+---------+---------+-
.QUIT
 *** Exiting BTEQ...
 *** RC (return code) = 0 
