
Logging initialized using configuration in file:/etc/hive/conf/hive-log4j.properties
OK
Time taken: 2.589 seconds
Query ID = hdp_oc_team_20161220100045_b066ca13-b2dc-46d0-8164-da5169be61a5
Total jobs = 1
Launching Job 1 out of 1
Number of reduce tasks not specified. Estimated from input data size: 1
In order to change the average load for a reducer (in bytes):
  set hive.exec.reducers.bytes.per.reducer=<number>
In order to limit the maximum number of reducers:
  set hive.exec.reducers.max=<number>
In order to set a constant number of reducers:
  set mapreduce.job.reduces=<number>
16/12/20 10:00:48 ERROR mr.ExecDriver: yarn
16/12/20 10:00:48 WARN mapreduce.JobResourceUploader: Hadoop command-line option parsing not performed. Implement the Tool interface and execute your application with ToolRunner to remedy this.
Starting Job = job_1478649307064_900239, Tracking URL = http://p3plpaname02.prod.phx3.gdg:8088/proxy/application_1478649307064_900239/
Kill Command = /usr/lib/hadoop/bin/hadoop job  -kill job_1478649307064_900239
Hadoop job information for Stage-1: number of mappers: 26; number of reducers: 1
16/12/20 10:00:58 WARN mapreduce.Counters: Group org.apache.hadoop.mapred.Task$Counter is deprecated. Use org.apache.hadoop.mapreduce.TaskCounter instead
2016-12-20 10:00:58,384 Stage-1 map = 0%,  reduce = 0%
2016-12-20 10:01:07,859 Stage-1 map = 8%,  reduce = 0%, Cumulative CPU 14.33 sec
2016-12-20 10:01:08,919 Stage-1 map = 12%,  reduce = 0%, Cumulative CPU 20.69 sec
2016-12-20 10:01:09,970 Stage-1 map = 23%,  reduce = 0%, Cumulative CPU 39.44 sec
2016-12-20 10:01:11,017 Stage-1 map = 58%,  reduce = 0%, Cumulative CPU 106.11 sec
2016-12-20 10:01:12,063 Stage-1 map = 96%,  reduce = 0%, Cumulative CPU 195.74 sec
2016-12-20 10:01:13,104 Stage-1 map = 100%,  reduce = 0%, Cumulative CPU 202.91 sec
2016-12-20 10:01:23,505 Stage-1 map = 100%,  reduce = 68%, Cumulative CPU 215.23 sec
2016-12-20 10:01:26,616 Stage-1 map = 100%,  reduce = 72%, Cumulative CPU 218.93 sec
2016-12-20 10:01:29,741 Stage-1 map = 100%,  reduce = 79%, Cumulative CPU 222.44 sec
2016-12-20 10:01:32,850 Stage-1 map = 100%,  reduce = 85%, Cumulative CPU 226.27 sec
2016-12-20 10:01:35,994 Stage-1 map = 100%,  reduce = 90%, Cumulative CPU 231.19 sec
2016-12-20 10:01:39,112 Stage-1 map = 100%,  reduce = 95%, Cumulative CPU 234.15 sec
2016-12-20 10:01:42,231 Stage-1 map = 100%,  reduce = 100%, Cumulative CPU 237.58 sec
MapReduce Total cumulative CPU time: 3 minutes 57 seconds 580 msec
Ended Job = job_1478649307064_900239
Loading data to table hdp_oc_team.freetrialorders
Moved: 'hdfs://production/user/hdp_oc_team/hdp_oc_team.db/freetrialorders/000000_0' to trash at: hdfs://production/user/hdp_oc_team/.Trash/Current
Table hdp_oc_team.freetrialorders stats: [numFiles=1, numRows=2651955, totalSize=219693508, rawDataSize=217041553]
MapReduce Jobs Launched: 
Stage-Stage-1: Map: 26  Reduce: 1   Cumulative CPU: 237.58 sec   HDFS Read: 26441952 HDFS Write: 219693603 SUCCESS
Total MapReduce CPU Time Spent: 3 minutes 57 seconds 580 msec
OK
Time taken: 58.722 seconds
16/12/20 10:01:45 INFO tool.ConnectorExportTool: ConnectorExportTool starts at 1482253305003
16/12/20 10:01:45 INFO common.ConnectorPlugin: load plugins in file:/tmp/hadoop-unjar3222790670114877568/teradata.connector.plugins.xml
16/12/20 10:01:45 INFO processor.TeradataOutputProcessor: output preprocessor com.teradata.connector.teradata.processor.TeradataBatchInsertProcessor starts at:  1482253305843
16/12/20 10:01:46 INFO utils.TeradataUtils: the output database product is Teradata
16/12/20 10:01:46 INFO utils.TeradataUtils: the output database version is 15.0
16/12/20 10:01:46 INFO utils.TeradataUtils: the jdbc driver version is 15.0
16/12/20 10:01:48 INFO processor.TeradataOutputProcessor: the teradata connector for hadoop version is: 1.4.2
16/12/20 10:01:48 INFO processor.TeradataOutputProcessor: output jdbc properties are jdbc:teradata://godaddy3.prod.phx3.gdg/DATABASE=P_HadoopImp_S
16/12/20 10:01:50 INFO processor.TeradataBatchInsertProcessor: create output stage table FreeTrialOrders_STG_100149590the sql is CREATE MULTISET TABLE "FreeTrialOrders_STG_100149590", DATABLOCKSIZE = 130048 BYTES, NO FALLBACK, NO BEFORE JOURNAL, NO AFTER JOURNAL, CHECKSUM = DEFAULT ("resource_id" INTEGER NULL, "shopper_id" VARCHAR(10) CHARACTER SET LATIN NOT CASESPECIFIC NULL, "order_id" VARCHAR(100) CHARACTER SET LATIN NOT CASESPECIFIC NULL, "row_id" INTEGER NULL, "pf_id" INTEGER NULL, "order_source" VARCHAR(100) CHARACTER SET LATIN NOT CASESPECIFIC NULL, "free_order_dt" DATE NULL, "cancel_date" DATE NULL, "purchasetypeid" INTEGER NULL, "expiration_date" DATE NULL, "paid_renewal_date" DATE NULL, "TDCH_BI_TASKID" VARCHAR(40) NOT CASESPECIFIC NULL) NO PRIMARY INDEX  
16/12/20 10:01:50 INFO processor.TeradataOutputProcessor: the number of mappers are 144
16/12/20 10:01:50 INFO processor.TeradataOutputProcessor: output preprocessor com.teradata.connector.teradata.processor.TeradataBatchInsertProcessor ends at:  1482253310094
16/12/20 10:01:50 INFO processor.TeradataOutputProcessor: the total elapsed time of output preprocessor com.teradata.connector.teradata.processor.TeradataBatchInsertProcessor is: 4s
16/12/20 10:01:51 INFO hdfs.DFSClient: Created HDFS_DELEGATION_TOKEN token 21001427 for hdp_oc_team on ha-hdfs:production
16/12/20 10:01:51 INFO security.TokenCache: Got dt for hdfs://production; Kind: HDFS_DELEGATION_TOKEN, Service: ha-hdfs:production, Ident: (HDFS_DELEGATION_TOKEN token 21001427 for hdp_oc_team)
16/12/20 10:01:51 INFO input.FileInputFormat: Total input paths to process : 1
16/12/20 10:01:51 INFO input.FileInputFormat: Total input paths to process : 1
16/12/20 10:01:51 INFO input.CombineFileInputFormat: DEBUG: Terminated node allocation with : CompletedNodes: 3, size left: 0
16/12/20 10:01:51 INFO mapreduce.JobSubmitter: number of splits:143
16/12/20 10:01:51 INFO mapreduce.JobSubmitter: Submitting tokens for job: job_1478649307064_900286
16/12/20 10:01:51 INFO mapreduce.JobSubmitter: Kind: HDFS_DELEGATION_TOKEN, Service: ha-hdfs:production, Ident: (HDFS_DELEGATION_TOKEN token 21001427 for hdp_oc_team)
16/12/20 10:01:52 INFO impl.YarnClientImpl: Submitted application application_1478649307064_900286
16/12/20 10:01:52 INFO mapreduce.Job: The url to track the job: http://p3plpaname02.prod.phx3.gdg:8088/proxy/application_1478649307064_900286/
16/12/20 10:01:52 INFO mapreduce.Job: Running job: job_1478649307064_900286
16/12/20 10:02:01 INFO mapreduce.Job: Job job_1478649307064_900286 running in uber mode : false
16/12/20 10:02:01 INFO mapreduce.Job:  map 0% reduce 0%
16/12/20 10:02:12 INFO mapreduce.Job:  map 2% reduce 0%
16/12/20 10:02:13 INFO mapreduce.Job:  map 4% reduce 0%
16/12/20 10:02:14 INFO mapreduce.Job:  map 9% reduce 0%
16/12/20 10:02:15 INFO mapreduce.Job:  map 61% reduce 0%
16/12/20 10:02:16 INFO mapreduce.Job:  map 76% reduce 0%
16/12/20 10:02:17 INFO mapreduce.Job:  map 86% reduce 0%
16/12/20 10:02:18 INFO mapreduce.Job:  map 92% reduce 0%
16/12/20 10:02:19 INFO mapreduce.Job:  map 97% reduce 0%
16/12/20 10:02:20 INFO mapreduce.Job:  map 99% reduce 0%
16/12/20 10:02:25 INFO mapreduce.Job:  map 100% reduce 0%
16/12/20 10:02:26 INFO mapreduce.Job: Job job_1478649307064_900286 completed successfully
16/12/20 10:02:26 INFO mapreduce.Job: Counters: 32
	File System Counters
		FILE: Number of bytes read=0
		FILE: Number of bytes written=20259129
		FILE: Number of read operations=0
		FILE: Number of large read operations=0
		FILE: Number of write operations=0
		HDFS: Number of bytes read=226605070
		HDFS: Number of bytes written=0
		HDFS: Number of read operations=288
		HDFS: Number of large read operations=0
		HDFS: Number of write operations=0
	Job Counters 
		Launched map tasks=143
		Other local map tasks=105
		Data-local map tasks=1
		Rack-local map tasks=37
		Total time spent by all maps in occupied slots (ms)=2843702
		Total time spent by all reduces in occupied slots (ms)=0
		Total time spent by all map tasks (ms)=1421851
		Total vcore-milliseconds taken by all map tasks=1421851
		Total megabyte-milliseconds taken by all map tasks=5823901696
	Map-Reduce Framework
		Map input records=2651955
		Map output records=2651955
		Input split bytes=23920
		Spilled Records=0
		Failed Shuffles=0
		Merged Map outputs=0
		GC time elapsed (ms)=21975
		CPU time spent (ms)=1330230
		Physical memory (bytes) snapshot=55700664320
		Virtual memory (bytes) snapshot=601220231168
		Total committed heap usage (bytes)=59656634368
	File Input Format Counters 
		Bytes Read=0
	File Output Format Counters 
		Bytes Written=0
16/12/20 10:02:26 INFO processor.TeradataOutputProcessor: output postprocessor com.teradata.connector.teradata.processor.TeradataBatchInsertProcessor starts at:  1482253346930
16/12/20 10:02:27 INFO processor.TeradataBatchInsertProcessor: insert from staget table to target table 
16/12/20 10:02:27 INFO processor.TeradataBatchInsertProcessor: the insert select sql starts at: 1482253347091
16/12/20 10:02:28 INFO processor.TeradataBatchInsertProcessor: the insert select sql ends at: 1482253348957
16/12/20 10:02:28 INFO processor.TeradataBatchInsertProcessor: the total elapsed time of the insert select sql  is: 1s
16/12/20 10:02:30 INFO processor.TeradataBatchInsertProcessor: drop stage table "FreeTrialOrders_STG_100149590"
16/12/20 10:02:30 INFO processor.TeradataOutputProcessor: output postprocessor com.teradata.connector.teradata.processor.TeradataBatchInsertProcessor ends at:  1482253346930
16/12/20 10:02:30 INFO processor.TeradataOutputProcessor: the total elapsed time of output postprocessor com.teradata.connector.teradata.processor.TeradataBatchInsertProcessor is: 3s
16/12/20 10:02:30 INFO tool.ConnectorExportTool: ConnectorExportTool ends at 1482253350108
16/12/20 10:02:30 INFO tool.ConnectorExportTool: ConnectorExportTool time is 45s
16/12/20 10:02:30 INFO tool.ConnectorExportTool: job completed with exit code 0
BTEQ 15.00.00.02 Tue Dec 20 10:02:30 2016 PID: 1660
 
+---------+---------+---------+---------+---------+---------+---------+----
.SET ECHOREQ ON
+---------+---------+---------+---------+---------+---------+---------+----
.SET ERROROUT STDOUT
 *** Error messages now directed to STDOUT.
+---------+---------+---------+---------+---------+---------+---------+----
.SET WIDTH 256
+---------+---------+---------+---------+---------+---------+---------+---------+---------+---------+---------+---------+---------+-


.LOGON godaddy3.prod.phx3.gdg/P_BTCH_HadoopImp,

 *** Logon successfully completed.
 *** Teradata Database Release is 15.00.02.03                   
 *** Teradata Database Version is 15.00.02.05                     
 *** Transaction Semantics are BTET.
 *** Session Character Set Name is 'ASCII'.
 
 *** Total elapsed time was 1 second.
 
+---------+---------+---------+---------+---------+---------+---------+---------+---------+---------+---------+---------+---------+-

SELECT TOP 1 * FROM P_HadoopImp_S.FreeTrialOrders_STG;

 *** Query completed. One row found. 11 columns returned. 
 *** Total elapsed time was 1 second.

resource_id shopper_id order_id                                                                                                  row_id       pf_id order_source                                                                                               f
----------- ---------- ---------------------------------------------------------------------------------------------------- ----------- ----------- ---------------------------------------------------------------------------------------------------- -------
  326390055 34942492   1053345748                                                                                                     1      847025 Online                                                                                                     2

+---------+---------+---------+---------+---------+---------+---------+---------+---------+---------+---------+---------+---------+-

.IF ACTIVITYCOUNT = 0 THEN .GOTO E086
+---------+---------+---------+---------+---------+---------+---------+---------+---------+---------+---------+---------+---------+-

delete P_ARM_IMPORT.FreeTrialOrders all;

 *** Delete completed. 2644525 rows removed. 
 *** Total elapsed time was 1 second.


+---------+---------+---------+---------+---------+---------+---------+---------+---------+---------+---------+---------+---------+-

.IF ERRORCODE <> 0 THEN .GOTO E003
+---------+---------+---------+---------+---------+---------+---------+---------+---------+---------+---------+---------+---------+-

insert into P_ARM_IMPORT.FreeTrialOrders
SELECT *
FROM P_HadoopImp_S.FreeTrialOrders_STG;

 *** Insert completed. 2651955 rows added. 
 *** Total elapsed time was 1 second.


+---------+---------+---------+---------+---------+---------+---------+---------+---------+---------+---------+---------+---------+-

.IF ERRORCODE <> 0 THEN .GOTO E003
+---------+---------+---------+---------+---------+---------+---------+---------+---------+---------+---------+---------+---------+-

COLLECT STATS P_ARM_IMPORT.FreeTrialOrders;

 *** Update completed. 6 rows changed. 
 *** Total elapsed time was 13 seconds.


+---------+---------+---------+---------+---------+---------+---------+---------+---------+---------+---------+---------+---------+-

.IF ERRORCODE <> 0 THEN .GOTO E003
+---------+---------+---------+---------+---------+---------+---------+---------+---------+---------+---------+---------+---------+-

DELETE P_HADOOPIMP_S.FreeTrialOrders_STG ALL;

 *** Delete completed. 2651955 rows removed. 
 *** Total elapsed time was 1 second.


+---------+---------+---------+---------+---------+---------+---------+---------+---------+---------+---------+---------+---------+-

.IF ERRORCODE <> 0 THEN .GOTO E003
+---------+---------+---------+---------+---------+---------+---------+---------+---------+---------+---------+---------+---------+-

------------------------------------------------------------------------
--  086 - Good exit
------------------------------------------------------------------------

.LABEL E086
+---------+---------+---------+---------+---------+---------+---------+---------+---------+---------+---------+---------+---------+-
.LOGOFF
 *** You are now logged off from the DBC.
+---------+---------+---------+---------+---------+---------+---------+---------+---------+---------+---------+---------+---------+-
.QUIT
 *** Exiting BTEQ...
 *** RC (return code) = 0 
BTEQ 15.00.00.02 Tue Dec 20 10:02:45 2016 PID: 3095
 
+---------+---------+---------+---------+---------+---------+---------+----

.SET ECHOREQ ON
+---------+---------+---------+---------+---------+---------+---------+----
.SET ERROROUT STDOUT
 *** Error messages now directed to STDOUT.
+---------+---------+---------+---------+---------+---------+---------+----
.SET WIDTH 256
+---------+---------+---------+---------+---------+---------+---------+---------+---------+---------+---------+---------+---------+-


.LOGON godaddy3.prod.phx3.gdg/doritijr,

 *** Logon successfully completed.
 *** Teradata Database Release is 15.00.02.03                   
 *** Teradata Database Version is 15.00.02.05                     
 *** Transaction Semantics are BTET.
 *** Session Character Set Name is 'ASCII'.
 
 *** Total elapsed time was 1 second.
 
+---------+---------+---------+---------+---------+---------+---------+---------+---------+---------+---------+---------+---------+-


CALL P_ARM_IMPORT.SP_FREE_TRIAL_RSRS_EXP_DT();

 *** Procedure has been executed. 
 *** Total elapsed time was 37 seconds.


+---------+---------+---------+---------+---------+---------+---------+---------+---------+---------+---------+---------+---------+-

.IF ERRORCODE <> 0 THEN .GOTO E003
+---------+---------+---------+---------+---------+---------+---------+---------+---------+---------+---------+---------+---------+-

------------------------------------------------------------------------
--  086 - Good exit
------------------------------------------------------------------------

.LABEL E086
+---------+---------+---------+---------+---------+---------+---------+---------+---------+---------+---------+---------+---------+-
.LOGOFF
 *** You are now logged off from the DBC.
+---------+---------+---------+---------+---------+---------+---------+---------+---------+---------+---------+---------+---------+-
.QUIT
 *** Exiting BTEQ...
 *** RC (return code) = 0 
