
Logging initialized using configuration in file:/etc/hive/conf/hive-log4j.properties
OK
Time taken: 2.856 seconds
Query ID = hdp_oc_team_20161220020042_3726c6e6-b205-4ef3-9931-f318a9b6a3dd
Total jobs = 3
Launching Job 1 out of 3
Number of reduce tasks is set to 0 since there's no reduce operator
16/12/20 02:00:44 ERROR mr.ExecDriver: yarn
16/12/20 02:00:45 WARN mapreduce.JobResourceUploader: Hadoop command-line option parsing not performed. Implement the Tool interface and execute your application with ToolRunner to remedy this.
Starting Job = job_1478649307064_888189, Tracking URL = http://p3plpaname02.prod.phx3.gdg:8088/proxy/application_1478649307064_888189/
Kill Command = /usr/lib/hadoop/bin/hadoop job  -kill job_1478649307064_888189
Hadoop job information for Stage-1: number of mappers: 11; number of reducers: 0
16/12/20 02:01:03 WARN mapreduce.Counters: Group org.apache.hadoop.mapred.Task$Counter is deprecated. Use org.apache.hadoop.mapreduce.TaskCounter instead
2016-12-20 02:01:03,939 Stage-1 map = 0%,  reduce = 0%
2016-12-20 02:01:38,484 Stage-1 map = 18%,  reduce = 0%, Cumulative CPU 340.95 sec
2016-12-20 02:01:39,540 Stage-1 map = 36%,  reduce = 0%, Cumulative CPU 351.34 sec
2016-12-20 02:01:40,588 Stage-1 map = 45%,  reduce = 0%, Cumulative CPU 365.42 sec
2016-12-20 02:01:41,639 Stage-1 map = 64%,  reduce = 0%, Cumulative CPU 371.68 sec
2016-12-20 02:01:44,904 Stage-1 map = 73%,  reduce = 0%, Cumulative CPU 386.81 sec
2016-12-20 02:01:45,987 Stage-1 map = 82%,  reduce = 0%, Cumulative CPU 389.37 sec
2016-12-20 02:01:49,201 Stage-1 map = 91%,  reduce = 0%, Cumulative CPU 397.82 sec
2016-12-20 02:01:51,349 Stage-1 map = 100%,  reduce = 0%, Cumulative CPU 400.73 sec
MapReduce Total cumulative CPU time: 6 minutes 40 seconds 730 msec
Ended Job = job_1478649307064_888189
Stage-4 is selected by condition resolver.
Stage-3 is filtered out by condition resolver.
Stage-5 is filtered out by condition resolver.
Moving data to: hdfs://production/user/hdp_oc_team/hdp_oc_team.db/do_resource_orion_xref/.hive-staging_hive_2016-12-20_02-00-42_557_1449824979018751801-1/-ext-10000
Loading data to table hdp_oc_team.do_resource_orion_xref
Moved: 'hdfs://production/user/hdp_oc_team/hdp_oc_team.db/do_resource_orion_xref/000000_0' to trash at: hdfs://production/user/hdp_oc_team/.Trash/Current
Moved: 'hdfs://production/user/hdp_oc_team/hdp_oc_team.db/do_resource_orion_xref/000001_0' to trash at: hdfs://production/user/hdp_oc_team/.Trash/Current
Moved: 'hdfs://production/user/hdp_oc_team/hdp_oc_team.db/do_resource_orion_xref/000002_0' to trash at: hdfs://production/user/hdp_oc_team/.Trash/Current
Moved: 'hdfs://production/user/hdp_oc_team/hdp_oc_team.db/do_resource_orion_xref/000003_0' to trash at: hdfs://production/user/hdp_oc_team/.Trash/Current
Moved: 'hdfs://production/user/hdp_oc_team/hdp_oc_team.db/do_resource_orion_xref/000004_0' to trash at: hdfs://production/user/hdp_oc_team/.Trash/Current
Moved: 'hdfs://production/user/hdp_oc_team/hdp_oc_team.db/do_resource_orion_xref/000005_0' to trash at: hdfs://production/user/hdp_oc_team/.Trash/Current
Moved: 'hdfs://production/user/hdp_oc_team/hdp_oc_team.db/do_resource_orion_xref/000006_0' to trash at: hdfs://production/user/hdp_oc_team/.Trash/Current
Moved: 'hdfs://production/user/hdp_oc_team/hdp_oc_team.db/do_resource_orion_xref/000007_0' to trash at: hdfs://production/user/hdp_oc_team/.Trash/Current
Moved: 'hdfs://production/user/hdp_oc_team/hdp_oc_team.db/do_resource_orion_xref/000008_0' to trash at: hdfs://production/user/hdp_oc_team/.Trash/Current
Moved: 'hdfs://production/user/hdp_oc_team/hdp_oc_team.db/do_resource_orion_xref/000009_0' to trash at: hdfs://production/user/hdp_oc_team/.Trash/Current
Moved: 'hdfs://production/user/hdp_oc_team/hdp_oc_team.db/do_resource_orion_xref/000010_0' to trash at: hdfs://production/user/hdp_oc_team/.Trash/Current
Table hdp_oc_team.do_resource_orion_xref stats: [numFiles=11, numRows=95634092, totalSize=6222428714, rawDataSize=6126794622]
MapReduce Jobs Launched: 
Stage-Stage-1: Map: 11   Cumulative CPU: 400.73 sec   HDFS Read: 1905045023 HDFS Write: 6222429836 SUCCESS
Total MapReduce CPU Time Spent: 6 minutes 40 seconds 730 msec
OK
Time taken: 72.283 seconds
16/12/20 02:01:56 INFO tool.ConnectorExportTool: ConnectorExportTool starts at 1482224516296
16/12/20 02:01:57 INFO common.ConnectorPlugin: load plugins in file:/tmp/hadoop-unjar8901805778399424884/teradata.connector.plugins.xml
16/12/20 02:01:57 INFO processor.TeradataOutputProcessor: output preprocessor com.teradata.connector.teradata.processor.TeradataBatchInsertProcessor starts at:  1482224517802
16/12/20 02:01:58 INFO utils.TeradataUtils: the output database product is Teradata
16/12/20 02:01:58 INFO utils.TeradataUtils: the output database version is 15.0
16/12/20 02:01:58 INFO utils.TeradataUtils: the jdbc driver version is 15.0
16/12/20 02:01:58 INFO processor.TeradataOutputProcessor: the teradata connector for hadoop version is: 1.4.2
16/12/20 02:01:58 INFO processor.TeradataOutputProcessor: output jdbc properties are jdbc:teradata://godaddy3.prod.phx3.gdg/DATABASE=P_HadoopImp_S
16/12/20 02:02:01 INFO processor.TeradataBatchInsertProcessor: create output stage table resource_orion_xref_020159935the sql is CREATE MULTISET TABLE "resource_orion_xref_020159935", DATABLOCKSIZE = 130048 BYTES, NO FALLBACK, NO BEFORE JOURNAL, NO AFTER JOURNAL, CHECKSUM = DEFAULT ("RSRSID" INTEGER NULL, "ORIONID" VARCHAR(100) CHARACTER SET LATIN NOT CASESPECIFIC NULL, "COMMONNAME" VARCHAR(1000) CHARACTER SET LATIN NOT CASESPECIFIC NULL, "TDCH_BI_TASKID" VARCHAR(40) NOT CASESPECIFIC NULL) NO PRIMARY INDEX  
16/12/20 02:02:01 INFO processor.TeradataOutputProcessor: the number of mappers are 144
16/12/20 02:02:01 INFO processor.TeradataOutputProcessor: output preprocessor com.teradata.connector.teradata.processor.TeradataBatchInsertProcessor ends at:  1482224521306
16/12/20 02:02:01 INFO processor.TeradataOutputProcessor: the total elapsed time of output preprocessor com.teradata.connector.teradata.processor.TeradataBatchInsertProcessor is: 3s
16/12/20 02:02:03 INFO hdfs.DFSClient: Created HDFS_DELEGATION_TOKEN token 20988123 for hdp_oc_team on ha-hdfs:production
16/12/20 02:02:04 INFO security.TokenCache: Got dt for hdfs://production; Kind: HDFS_DELEGATION_TOKEN, Service: ha-hdfs:production, Ident: (HDFS_DELEGATION_TOKEN token 20988123 for hdp_oc_team)
16/12/20 02:02:04 INFO input.FileInputFormat: Total input paths to process : 11
16/12/20 02:02:04 INFO input.FileInputFormat: Total input paths to process : 11
16/12/20 02:02:04 INFO input.CombineFileInputFormat: DEBUG: Terminated node allocation with : CompletedNodes: 105, size left: 119790076
16/12/20 02:02:04 INFO mapreduce.JobSubmitter: number of splits:138
16/12/20 02:02:05 INFO mapreduce.JobSubmitter: Submitting tokens for job: job_1478649307064_888248
16/12/20 02:02:05 INFO mapreduce.JobSubmitter: Kind: HDFS_DELEGATION_TOKEN, Service: ha-hdfs:production, Ident: (HDFS_DELEGATION_TOKEN token 20988123 for hdp_oc_team)
16/12/20 02:02:05 INFO impl.YarnClientImpl: Submitted application application_1478649307064_888248
16/12/20 02:02:05 INFO mapreduce.Job: The url to track the job: http://p3plpaname02.prod.phx3.gdg:8088/proxy/application_1478649307064_888248/
16/12/20 02:02:05 INFO mapreduce.Job: Running job: job_1478649307064_888248
16/12/20 02:02:21 INFO mapreduce.Job: Job job_1478649307064_888248 running in uber mode : false
16/12/20 02:02:21 INFO mapreduce.Job:  map 0% reduce 0%
16/12/20 02:02:36 INFO mapreduce.Job:  map 1% reduce 0%
16/12/20 02:02:37 INFO mapreduce.Job:  map 3% reduce 0%
16/12/20 02:02:39 INFO mapreduce.Job:  map 6% reduce 0%
16/12/20 02:02:40 INFO mapreduce.Job:  map 8% reduce 0%
16/12/20 02:02:41 INFO mapreduce.Job:  map 9% reduce 0%
16/12/20 02:02:42 INFO mapreduce.Job:  map 12% reduce 0%
16/12/20 02:02:43 INFO mapreduce.Job:  map 14% reduce 0%
16/12/20 02:02:44 INFO mapreduce.Job:  map 15% reduce 0%
16/12/20 02:02:45 INFO mapreduce.Job:  map 17% reduce 0%
16/12/20 02:02:46 INFO mapreduce.Job:  map 20% reduce 0%
16/12/20 02:02:47 INFO mapreduce.Job:  map 21% reduce 0%
16/12/20 02:02:48 INFO mapreduce.Job:  map 23% reduce 0%
16/12/20 02:02:49 INFO mapreduce.Job:  map 26% reduce 0%
16/12/20 02:02:50 INFO mapreduce.Job:  map 27% reduce 0%
16/12/20 02:02:51 INFO mapreduce.Job:  map 29% reduce 0%
16/12/20 02:02:52 INFO mapreduce.Job:  map 31% reduce 0%
16/12/20 02:02:53 INFO mapreduce.Job:  map 32% reduce 0%
16/12/20 02:02:54 INFO mapreduce.Job:  map 34% reduce 0%
16/12/20 02:02:55 INFO mapreduce.Job:  map 36% reduce 0%
16/12/20 02:02:56 INFO mapreduce.Job:  map 37% reduce 0%
16/12/20 02:02:57 INFO mapreduce.Job:  map 38% reduce 0%
16/12/20 02:02:58 INFO mapreduce.Job:  map 40% reduce 0%
16/12/20 02:02:59 INFO mapreduce.Job:  map 41% reduce 0%
16/12/20 02:03:00 INFO mapreduce.Job:  map 43% reduce 0%
16/12/20 02:03:01 INFO mapreduce.Job:  map 45% reduce 0%
16/12/20 02:03:02 INFO mapreduce.Job:  map 46% reduce 0%
16/12/20 02:03:03 INFO mapreduce.Job:  map 48% reduce 0%
16/12/20 02:03:04 INFO mapreduce.Job:  map 50% reduce 0%
16/12/20 02:03:05 INFO mapreduce.Job:  map 52% reduce 0%
16/12/20 02:03:06 INFO mapreduce.Job:  map 53% reduce 0%
16/12/20 02:03:07 INFO mapreduce.Job:  map 55% reduce 0%
16/12/20 02:03:08 INFO mapreduce.Job:  map 56% reduce 0%
16/12/20 02:03:09 INFO mapreduce.Job:  map 57% reduce 0%
16/12/20 02:03:10 INFO mapreduce.Job:  map 59% reduce 0%
16/12/20 02:03:11 INFO mapreduce.Job:  map 60% reduce 0%
16/12/20 02:03:12 INFO mapreduce.Job:  map 61% reduce 0%
16/12/20 02:03:13 INFO mapreduce.Job:  map 62% reduce 0%
16/12/20 02:03:14 INFO mapreduce.Job:  map 63% reduce 0%
16/12/20 02:03:15 INFO mapreduce.Job:  map 64% reduce 0%
16/12/20 02:03:16 INFO mapreduce.Job:  map 65% reduce 0%
16/12/20 02:03:17 INFO mapreduce.Job:  map 66% reduce 0%
16/12/20 02:03:18 INFO mapreduce.Job:  map 67% reduce 0%
16/12/20 02:03:19 INFO mapreduce.Job:  map 68% reduce 0%
16/12/20 02:03:21 INFO mapreduce.Job:  map 69% reduce 0%
16/12/20 02:03:22 INFO mapreduce.Job:  map 70% reduce 0%
16/12/20 02:03:23 INFO mapreduce.Job:  map 71% reduce 0%
16/12/20 02:03:25 INFO mapreduce.Job:  map 72% reduce 0%
16/12/20 02:03:27 INFO mapreduce.Job:  map 73% reduce 0%
16/12/20 02:03:28 INFO mapreduce.Job:  map 74% reduce 0%
16/12/20 02:03:30 INFO mapreduce.Job:  map 75% reduce 0%
16/12/20 02:03:31 INFO mapreduce.Job:  map 76% reduce 0%
16/12/20 02:03:33 INFO mapreduce.Job:  map 77% reduce 0%
16/12/20 02:03:36 INFO mapreduce.Job:  map 78% reduce 0%
16/12/20 02:03:38 INFO mapreduce.Job:  map 79% reduce 0%
16/12/20 02:03:40 INFO mapreduce.Job:  map 80% reduce 0%
16/12/20 02:03:43 INFO mapreduce.Job:  map 81% reduce 0%
16/12/20 02:03:46 INFO mapreduce.Job:  map 82% reduce 0%
16/12/20 02:03:48 INFO mapreduce.Job:  map 83% reduce 0%
16/12/20 02:03:50 INFO mapreduce.Job:  map 84% reduce 0%
16/12/20 02:03:52 INFO mapreduce.Job:  map 85% reduce 0%
16/12/20 02:03:55 INFO mapreduce.Job:  map 86% reduce 0%
16/12/20 02:03:58 INFO mapreduce.Job:  map 87% reduce 0%
16/12/20 02:04:01 INFO mapreduce.Job:  map 88% reduce 0%
16/12/20 02:04:03 INFO mapreduce.Job:  map 89% reduce 0%
16/12/20 02:04:05 INFO mapreduce.Job:  map 90% reduce 0%
16/12/20 02:04:07 INFO mapreduce.Job:  map 91% reduce 0%
16/12/20 02:04:10 INFO mapreduce.Job:  map 92% reduce 0%
16/12/20 02:04:12 INFO mapreduce.Job:  map 93% reduce 0%
16/12/20 02:04:13 INFO mapreduce.Job:  map 94% reduce 0%
16/12/20 02:04:16 INFO mapreduce.Job:  map 95% reduce 0%
16/12/20 02:04:17 INFO mapreduce.Job:  map 96% reduce 0%
16/12/20 02:04:19 INFO mapreduce.Job:  map 97% reduce 0%
16/12/20 02:04:21 INFO mapreduce.Job:  map 98% reduce 0%
16/12/20 02:04:22 INFO mapreduce.Job:  map 99% reduce 0%
16/12/20 02:04:25 INFO mapreduce.Job:  map 100% reduce 0%
16/12/20 02:04:27 INFO mapreduce.Job: Job job_1478649307064_888248 completed successfully
16/12/20 02:04:28 INFO mapreduce.Job: Counters: 32
	File System Counters
		FILE: Number of bytes read=0
		FILE: Number of bytes written=19309854
		FILE: Number of read operations=0
		FILE: Number of large read operations=0
		FILE: Number of write operations=0
		HDFS: Number of bytes read=6238309704
		HDFS: Number of bytes written=0
		HDFS: Number of read operations=327
		HDFS: Number of large read operations=0
		HDFS: Number of write operations=0
	Job Counters 
		Launched map tasks=138
		Other local map tasks=16
		Data-local map tasks=39
		Rack-local map tasks=83
		Total time spent by all maps in occupied slots (ms)=22448278
		Total time spent by all reduces in occupied slots (ms)=0
		Total time spent by all map tasks (ms)=11224139
		Total vcore-milliseconds taken by all map tasks=11224139
		Total megabyte-milliseconds taken by all map tasks=45974073344
	Map-Reduce Framework
		Map input records=95634092
		Map output records=95634092
		Input split bytes=28872
		Spilled Records=0
		Failed Shuffles=0
		Merged Map outputs=0
		GC time elapsed (ms)=137033
		CPU time spent (ms)=2402690
		Physical memory (bytes) snapshot=56079626240
		Virtual memory (bytes) snapshot=579886600192
		Total committed heap usage (bytes)=55654744064
	File Input Format Counters 
		Bytes Read=0
	File Output Format Counters 
		Bytes Written=0
16/12/20 02:04:28 INFO processor.TeradataOutputProcessor: output postprocessor com.teradata.connector.teradata.processor.TeradataBatchInsertProcessor starts at:  1482224668156
16/12/20 02:04:28 INFO processor.TeradataBatchInsertProcessor: insert from staget table to target table 
16/12/20 02:04:28 INFO processor.TeradataBatchInsertProcessor: the insert select sql starts at: 1482224668304
16/12/20 02:04:38 INFO processor.TeradataBatchInsertProcessor: the insert select sql ends at: 1482224678019
16/12/20 02:04:38 INFO processor.TeradataBatchInsertProcessor: the total elapsed time of the insert select sql  is: 9s
16/12/20 02:04:38 INFO processor.TeradataBatchInsertProcessor: drop stage table "resource_orion_xref_020159935"
16/12/20 02:04:38 INFO processor.TeradataOutputProcessor: output postprocessor com.teradata.connector.teradata.processor.TeradataBatchInsertProcessor ends at:  1482224668156
16/12/20 02:04:38 INFO processor.TeradataOutputProcessor: the total elapsed time of output postprocessor com.teradata.connector.teradata.processor.TeradataBatchInsertProcessor is: 10s
16/12/20 02:04:38 INFO tool.ConnectorExportTool: ConnectorExportTool ends at 1482224678590
16/12/20 02:04:38 INFO tool.ConnectorExportTool: ConnectorExportTool time is 162s
16/12/20 02:04:38 INFO tool.ConnectorExportTool: job completed with exit code 0
BTEQ 15.00.00.02 Tue Dec 20 02:04:39 2016 PID: 17509
 
+---------+---------+---------+---------+---------+---------+---------+----
.SET ECHOREQ ON
+---------+---------+---------+---------+---------+---------+---------+----
.SET ERROROUT STDOUT
 *** Error messages now directed to STDOUT.
+---------+---------+---------+---------+---------+---------+---------+----
.SET WIDTH 256
+---------+---------+---------+---------+---------+---------+---------+---------+---------+---------+---------+---------+---------+-


.LOGON godaddy3.prod.phx3.gdg/P_BTCH_HadoopImp,

 *** Logon successfully completed.
 *** Teradata Database Release is 15.00.02.03                   
 *** Teradata Database Version is 15.00.02.05                     
 *** Transaction Semantics are BTET.
 *** Session Character Set Name is 'ASCII'.
 
 *** Total elapsed time was 1 second.
 
+---------+---------+---------+---------+---------+---------+---------+---------+---------+---------+---------+---------+---------+-

SELECT COUNT(*) AS CNT
FROM DBC.TABLES
WHERE DATABASENAME = 'P_ARM_IMPORT'
AND TABLENAME = 'resource_orion_xref'
HAVING CNT = 1;

 *** Query completed. One row found. One column returned. 
 *** Total elapsed time was 1 second.

        CNT
-----------
          1

+---------+---------+---------+---------+---------+---------+---------+---------+---------+---------+---------+---------+---------+-

.IF ACTIVITYCOUNT = 0 THEN .GOTO CREATETABLE
+---------+---------+---------+---------+---------+---------+---------+---------+---------+---------+---------+---------+---------+-

DROP TABLE P_ARM_IMPORT.resource_orion_xref;

 *** Table has been dropped. 
 *** Total elapsed time was 1 second.


+---------+---------+---------+---------+---------+---------+---------+---------+---------+---------+---------+---------+---------+-

.IF ERRORCODE <> 0 THEN .GOTO E003
+---------+---------+---------+---------+---------+---------+---------+---------+---------+---------+---------+---------+---------+-

.LABEL CREATETABLE
+---------+---------+---------+---------+---------+---------+---------+---------+---------+---------+---------+---------+---------+-

CREATE TABLE P_ARM_IMPORT.resource_orion_xref AS 
(SELECT RSRSID, ORIONID, COMMONNAME
FROM P_HadoopImp_S.resource_orion_xref
GROUP BY 1,2,3)
WITH DATA
PRIMARY INDEX (RSRSID);

 *** Table has been created. 
 *** Total elapsed time was 22 seconds.


+---------+---------+---------+---------+---------+---------+---------+---------+---------+---------+---------+---------+---------+-

.IF ERRORCODE <> 0 THEN .GOTO E003
+---------+---------+---------+---------+---------+---------+---------+---------+---------+---------+---------+---------+---------+-

COLLECT STATS P_ARM_IMPORT.resource_orion_xref COLUMN(RSRSID);

 *** Update completed. 2 rows changed. 
 *** Total elapsed time was 6 seconds.


+---------+---------+---------+---------+---------+---------+---------+---------+---------+---------+---------+---------+---------+-
COLLECT STATS P_ARM_IMPORT.resource_orion_xref COLUMN(ORIONID);

 *** Update completed. 2 rows changed. 
 *** Total elapsed time was 12 seconds.


+---------+---------+---------+---------+---------+---------+---------+---------+---------+---------+---------+---------+---------+-
COLLECT STATS P_ARM_IMPORT.resource_orion_xref COLUMN(RSRSID,ORIONID);

 *** Update completed. 2 rows changed. 
 *** Total elapsed time was 4 seconds.


+---------+---------+---------+---------+---------+---------+---------+---------+---------+---------+---------+---------+---------+-

.IF ERRORCODE <> 0 THEN .GOTO E003
+---------+---------+---------+---------+---------+---------+---------+---------+---------+---------+---------+---------+---------+-

DELETE P_HADOOPIMP_S.resource_orion_xref ALL;

 *** Delete completed. 95634092 rows removed. 
 *** Total elapsed time was 1 second.


+---------+---------+---------+---------+---------+---------+---------+---------+---------+---------+---------+---------+---------+-

.IF ERRORCODE <> 0 THEN .GOTO E003
+---------+---------+---------+---------+---------+---------+---------+---------+---------+---------+---------+---------+---------+-

------------------------------------------------------------------------
--  086 - Good exit
------------------------------------------------------------------------

.LABEL E086
+---------+---------+---------+---------+---------+---------+---------+---------+---------+---------+---------+---------+---------+-
.LOGOFF
 *** You are now logged off from the DBC.
+---------+---------+---------+---------+---------+---------+---------+---------+---------+---------+---------+---------+---------+-
.QUIT
 *** Exiting BTEQ...
 *** RC (return code) = 0 
