
Logging initialized using configuration in file:/etc/hive/conf/hive-log4j.properties
OK
Time taken: 1.388 seconds
Query ID = hdp_oc_team_20161220000121_c20d6d4f-b146-424f-b4b8-4a169358ff9c
Total jobs = 2
Stage-1 is selected by condition resolver.
Launching Job 1 out of 2
Number of reduce tasks not specified. Estimated from input data size: 680
In order to change the average load for a reducer (in bytes):
  set hive.exec.reducers.bytes.per.reducer=<number>
In order to limit the maximum number of reducers:
  set hive.exec.reducers.max=<number>
In order to set a constant number of reducers:
  set mapreduce.job.reduces=<number>
16/12/20 00:01:23 ERROR mr.ExecDriver: yarn
16/12/20 00:01:24 WARN mapreduce.JobResourceUploader: Hadoop command-line option parsing not performed. Implement the Tool interface and execute your application with ToolRunner to remedy this.
Starting Job = job_1478649307064_886011, Tracking URL = http://p3plpaname02.prod.phx3.gdg:8088/proxy/application_1478649307064_886011/
Kill Command = /usr/lib/hadoop/bin/hadoop job  -kill job_1478649307064_886011
Hadoop job information for Stage-1: number of mappers: 373; number of reducers: 680
16/12/20 00:01:32 WARN mapreduce.Counters: Group org.apache.hadoop.mapred.Task$Counter is deprecated. Use org.apache.hadoop.mapreduce.TaskCounter instead
2016-12-20 00:01:32,855 Stage-1 map = 0%,  reduce = 0%
2016-12-20 00:02:07,672 Stage-1 map = 3%,  reduce = 0%, Cumulative CPU 10586.17 sec
2016-12-20 00:02:10,762 Stage-1 map = 4%,  reduce = 0%, Cumulative CPU 12220.72 sec
2016-12-20 00:02:19,020 Stage-1 map = 5%,  reduce = 0%, Cumulative CPU 16120.77 sec
2016-12-20 00:02:22,120 Stage-1 map = 6%,  reduce = 0%, Cumulative CPU 17410.07 sec
2016-12-20 00:02:30,379 Stage-1 map = 7%,  reduce = 0%, Cumulative CPU 20277.53 sec
2016-12-20 00:02:31,410 Stage-1 map = 22%,  reduce = 0%, Cumulative CPU 21206.54 sec
2016-12-20 00:02:33,473 Stage-1 map = 23%,  reduce = 1%, Cumulative CPU 21701.9 sec
2016-12-20 00:02:34,515 Stage-1 map = 37%,  reduce = 2%, Cumulative CPU 22935.53 sec
2016-12-20 00:02:35,550 Stage-1 map = 38%,  reduce = 2%, Cumulative CPU 23019.58 sec
2016-12-20 00:02:37,627 Stage-1 map = 41%,  reduce = 2%, Cumulative CPU 24421.41 sec
2016-12-20 00:02:38,662 Stage-1 map = 42%,  reduce = 2%, Cumulative CPU 24482.17 sec
2016-12-20 00:02:40,731 Stage-1 map = 43%,  reduce = 2%, Cumulative CPU 25715.3 sec
2016-12-20 00:02:41,772 Stage-1 map = 44%,  reduce = 2%, Cumulative CPU 25795.52 sec
2016-12-20 00:02:42,817 Stage-1 map = 45%,  reduce = 3%, Cumulative CPU 26394.02 sec
2016-12-20 00:02:43,853 Stage-1 map = 45%,  reduce = 4%, Cumulative CPU 27227.89 sec
2016-12-20 00:02:45,930 Stage-1 map = 45%,  reduce = 5%, Cumulative CPU 27948.55 sec
2016-12-20 00:02:49,053 Stage-1 map = 45%,  reduce = 6%, Cumulative CPU 29311.71 sec
2016-12-20 00:02:55,246 Stage-1 map = 46%,  reduce = 6%, Cumulative CPU 31607.93 sec
2016-12-20 00:03:13,861 Stage-1 map = 48%,  reduce = 6%, Cumulative CPU 39310.95 sec
2016-12-20 00:03:15,928 Stage-1 map = 49%,  reduce = 6%, Cumulative CPU 39548.51 sec
2016-12-20 00:03:16,964 Stage-1 map = 61%,  reduce = 6%, Cumulative CPU 40375.15 sec
2016-12-20 00:03:19,029 Stage-1 map = 62%,  reduce = 6%, Cumulative CPU 40612.18 sec
2016-12-20 00:03:20,066 Stage-1 map = 70%,  reduce = 6%, Cumulative CPU 41493.87 sec
2016-12-20 00:03:21,096 Stage-1 map = 71%,  reduce = 6%, Cumulative CPU 41566.95 sec
2016-12-20 00:03:22,129 Stage-1 map = 72%,  reduce = 6%, Cumulative CPU 41773.31 sec
2016-12-20 00:03:23,162 Stage-1 map = 76%,  reduce = 6%, Cumulative CPU 42569.54 sec
2016-12-20 00:03:25,233 Stage-1 map = 77%,  reduce = 6%, Cumulative CPU 42927.13 sec
2016-12-20 00:03:26,266 Stage-1 map = 81%,  reduce = 6%, Cumulative CPU 43643.2 sec
2016-12-20 00:03:28,331 Stage-1 map = 83%,  reduce = 6%, Cumulative CPU 44025.33 sec
2016-12-20 00:03:29,364 Stage-1 map = 86%,  reduce = 6%, Cumulative CPU 44679.37 sec
2016-12-20 00:03:31,426 Stage-1 map = 88%,  reduce = 6%, Cumulative CPU 45124.86 sec
2016-12-20 00:03:32,458 Stage-1 map = 91%,  reduce = 6%, Cumulative CPU 45729.8 sec
2016-12-20 00:03:34,522 Stage-1 map = 93%,  reduce = 7%, Cumulative CPU 46335.86 sec
2016-12-20 00:03:35,555 Stage-1 map = 95%,  reduce = 9%, Cumulative CPU 46995.66 sec
2016-12-20 00:03:36,584 Stage-1 map = 96%,  reduce = 10%, Cumulative CPU 47387.11 sec
2016-12-20 00:03:37,617 Stage-1 map = 97%,  reduce = 14%, Cumulative CPU 48678.13 sec
2016-12-20 00:03:38,651 Stage-1 map = 98%,  reduce = 17%, Cumulative CPU 49653.23 sec
2016-12-20 00:03:39,754 Stage-1 map = 98%,  reduce = 20%, Cumulative CPU 50215.95 sec
2016-12-20 00:03:40,792 Stage-1 map = 98%,  reduce = 24%, Cumulative CPU 51384.43 sec
2016-12-20 00:03:41,825 Stage-1 map = 99%,  reduce = 25%, Cumulative CPU 52005.35 sec
2016-12-20 00:03:42,859 Stage-1 map = 99%,  reduce = 27%, Cumulative CPU 52439.44 sec
2016-12-20 00:03:43,891 Stage-1 map = 99%,  reduce = 29%, Cumulative CPU 52701.67 sec
2016-12-20 00:03:44,933 Stage-1 map = 99%,  reduce = 30%, Cumulative CPU 52791.77 sec
2016-12-20 00:03:46,996 Stage-1 map = 99%,  reduce = 31%, Cumulative CPU 53032.31 sec
2016-12-20 00:03:50,087 Stage-1 map = 99%,  reduce = 32%, Cumulative CPU 53423.0 sec
2016-12-20 00:03:55,236 Stage-1 map = 99%,  reduce = 33%, Cumulative CPU 54635.58 sec
2016-12-20 00:04:01,425 Stage-1 map = 100%,  reduce = 33%, Cumulative CPU 56187.77 sec
2016-12-20 00:04:02,464 Stage-1 map = 100%,  reduce = 34%, Cumulative CPU 56642.27 sec
2016-12-20 00:04:04,530 Stage-1 map = 100%,  reduce = 39%, Cumulative CPU 57877.46 sec
2016-12-20 00:04:05,558 Stage-1 map = 100%,  reduce = 43%, Cumulative CPU 59022.83 sec
2016-12-20 00:04:06,587 Stage-1 map = 100%,  reduce = 44%, Cumulative CPU 59197.8 sec
2016-12-20 00:04:07,616 Stage-1 map = 100%,  reduce = 49%, Cumulative CPU 60148.46 sec
2016-12-20 00:04:08,646 Stage-1 map = 100%,  reduce = 54%, Cumulative CPU 61103.06 sec
2016-12-20 00:04:09,675 Stage-1 map = 100%,  reduce = 55%, Cumulative CPU 61276.21 sec
2016-12-20 00:04:10,705 Stage-1 map = 100%,  reduce = 60%, Cumulative CPU 62254.11 sec
2016-12-20 00:04:11,735 Stage-1 map = 100%,  reduce = 64%, Cumulative CPU 63278.08 sec
2016-12-20 00:04:13,808 Stage-1 map = 100%,  reduce = 66%, Cumulative CPU 66386.84 sec
2016-12-20 00:04:14,849 Stage-1 map = 100%,  reduce = 67%, Cumulative CPU 69813.98 sec
2016-12-20 00:04:17,951 Stage-1 map = 100%,  reduce = 68%, Cumulative CPU 74905.73 sec
2016-12-20 00:04:21,046 Stage-1 map = 100%,  reduce = 69%, Cumulative CPU 78252.34 sec
2016-12-20 00:04:23,127 Stage-1 map = 100%,  reduce = 70%, Cumulative CPU 80016.67 sec
2016-12-20 00:04:26,221 Stage-1 map = 100%,  reduce = 71%, Cumulative CPU 82928.42 sec
2016-12-20 00:04:29,322 Stage-1 map = 100%,  reduce = 72%, Cumulative CPU 85701.56 sec
2016-12-20 00:04:31,384 Stage-1 map = 100%,  reduce = 73%, Cumulative CPU 87355.03 sec
2016-12-20 00:04:33,446 Stage-1 map = 100%,  reduce = 74%, Cumulative CPU 89400.45 sec
2016-12-20 00:04:36,533 Stage-1 map = 100%,  reduce = 75%, Cumulative CPU 92427.52 sec
2016-12-20 00:04:39,638 Stage-1 map = 100%,  reduce = 76%, Cumulative CPU 95374.64 sec
2016-12-20 00:04:43,785 Stage-1 map = 100%,  reduce = 77%, Cumulative CPU 99016.61 sec
2016-12-20 00:04:46,913 Stage-1 map = 100%,  reduce = 78%, Cumulative CPU 101826.69 sec
2016-12-20 00:04:50,039 Stage-1 map = 100%,  reduce = 79%, Cumulative CPU 104555.07 sec
2016-12-20 00:04:53,136 Stage-1 map = 100%,  reduce = 80%, Cumulative CPU 107065.85 sec
2016-12-20 00:04:56,243 Stage-1 map = 100%,  reduce = 81%, Cumulative CPU 109573.91 sec
2016-12-20 00:04:59,335 Stage-1 map = 100%,  reduce = 82%, Cumulative CPU 112074.86 sec
2016-12-20 00:05:02,433 Stage-1 map = 100%,  reduce = 83%, Cumulative CPU 114572.64 sec
2016-12-20 00:05:04,493 Stage-1 map = 100%,  reduce = 84%, Cumulative CPU 116007.4 sec
2016-12-20 00:05:06,547 Stage-1 map = 100%,  reduce = 85%, Cumulative CPU 118237.35 sec
2016-12-20 00:05:09,632 Stage-1 map = 100%,  reduce = 86%, Cumulative CPU 120801.5 sec
2016-12-20 00:05:12,717 Stage-1 map = 100%,  reduce = 87%, Cumulative CPU 123402.01 sec
2016-12-20 00:05:15,801 Stage-1 map = 100%,  reduce = 88%, Cumulative CPU 126008.31 sec
2016-12-20 00:05:18,885 Stage-1 map = 100%,  reduce = 89%, Cumulative CPU 128493.27 sec
2016-12-20 00:05:20,946 Stage-1 map = 100%,  reduce = 90%, Cumulative CPU 130124.17 sec
2016-12-20 00:05:24,028 Stage-1 map = 100%,  reduce = 91%, Cumulative CPU 132618.56 sec
2016-12-20 00:05:27,111 Stage-1 map = 100%,  reduce = 92%, Cumulative CPU 135137.58 sec
2016-12-20 00:05:30,207 Stage-1 map = 100%,  reduce = 93%, Cumulative CPU 137742.01 sec
2016-12-20 00:05:33,296 Stage-1 map = 100%,  reduce = 94%, Cumulative CPU 140343.31 sec
2016-12-20 00:05:36,386 Stage-1 map = 100%,  reduce = 95%, Cumulative CPU 142960.46 sec
2016-12-20 00:05:39,474 Stage-1 map = 100%,  reduce = 96%, Cumulative CPU 145455.2 sec
2016-12-20 00:05:43,581 Stage-1 map = 100%,  reduce = 97%, Cumulative CPU 148421.72 sec
2016-12-20 00:05:47,689 Stage-1 map = 100%,  reduce = 98%, Cumulative CPU 151989.05 sec
2016-12-20 00:05:51,807 Stage-1 map = 100%,  reduce = 99%, Cumulative CPU 155469.95 sec
2016-12-20 00:06:52,455 Stage-1 map = 100%,  reduce = 99%, Cumulative CPU 161057.69 sec
2016-12-20 00:06:56,574 Stage-1 map = 100%,  reduce = 100%, Cumulative CPU 161062.83 sec
MapReduce Total cumulative CPU time: 1 days 20 hours 44 minutes 22 seconds 830 msec
Ended Job = job_1478649307064_886011
Launching Job 2 out of 2
Number of reduce tasks not specified. Estimated from input data size: 417
In order to change the average load for a reducer (in bytes):
  set hive.exec.reducers.bytes.per.reducer=<number>
In order to limit the maximum number of reducers:
  set hive.exec.reducers.max=<number>
In order to set a constant number of reducers:
  set mapreduce.job.reduces=<number>
16/12/20 00:06:57 ERROR mr.ExecDriver: yarn
16/12/20 00:06:57 WARN mapreduce.JobResourceUploader: Hadoop command-line option parsing not performed. Implement the Tool interface and execute your application with ToolRunner to remedy this.
Starting Job = job_1478649307064_886135, Tracking URL = http://p3plpaname02.prod.phx3.gdg:8088/proxy/application_1478649307064_886135/
Kill Command = /usr/lib/hadoop/bin/hadoop job  -kill job_1478649307064_886135
Hadoop job information for Stage-2: number of mappers: 389; number of reducers: 417
16/12/20 00:07:06 WARN mapreduce.Counters: Group org.apache.hadoop.mapred.Task$Counter is deprecated. Use org.apache.hadoop.mapreduce.TaskCounter instead
2016-12-20 00:07:06,513 Stage-2 map = 0%,  reduce = 0%
2016-12-20 00:07:22,410 Stage-2 map = 2%,  reduce = 0%, Cumulative CPU 39.79 sec
2016-12-20 00:07:23,436 Stage-2 map = 3%,  reduce = 0%, Cumulative CPU 71.43 sec
2016-12-20 00:07:24,462 Stage-2 map = 4%,  reduce = 0%, Cumulative CPU 229.4 sec
2016-12-20 00:07:25,497 Stage-2 map = 7%,  reduce = 0%, Cumulative CPU 3281.15 sec
2016-12-20 00:07:27,554 Stage-2 map = 9%,  reduce = 0%, Cumulative CPU 3495.59 sec
2016-12-20 00:07:28,582 Stage-2 map = 27%,  reduce = 0%, Cumulative CPU 4771.45 sec
2016-12-20 00:07:30,632 Stage-2 map = 29%,  reduce = 0%, Cumulative CPU 5088.01 sec
2016-12-20 00:07:31,658 Stage-2 map = 37%,  reduce = 0%, Cumulative CPU 6363.82 sec
2016-12-20 00:07:32,687 Stage-2 map = 38%,  reduce = 0%, Cumulative CPU 6476.28 sec
2016-12-20 00:07:33,714 Stage-2 map = 40%,  reduce = 0%, Cumulative CPU 6700.78 sec
2016-12-20 00:07:34,739 Stage-2 map = 45%,  reduce = 0%, Cumulative CPU 7673.3 sec
2016-12-20 00:07:35,851 Stage-2 map = 46%,  reduce = 0%, Cumulative CPU 7755.9 sec
2016-12-20 00:07:36,900 Stage-2 map = 51%,  reduce = 0%, Cumulative CPU 8206.98 sec
2016-12-20 00:07:37,925 Stage-2 map = 60%,  reduce = 0%, Cumulative CPU 8930.54 sec
2016-12-20 00:07:38,953 Stage-2 map = 61%,  reduce = 0%, Cumulative CPU 8983.17 sec
2016-12-20 00:07:39,978 Stage-2 map = 68%,  reduce = 0%, Cumulative CPU 9629.49 sec
2016-12-20 00:07:41,006 Stage-2 map = 78%,  reduce = 0%, Cumulative CPU 10609.92 sec
2016-12-20 00:07:42,064 Stage-2 map = 81%,  reduce = 7%, Cumulative CPU 11264.83 sec
2016-12-20 00:07:43,109 Stage-2 map = 89%,  reduce = 8%, Cumulative CPU 11776.39 sec
2016-12-20 00:07:44,138 Stage-2 map = 94%,  reduce = 9%, Cumulative CPU 12076.41 sec
2016-12-20 00:07:45,169 Stage-2 map = 95%,  reduce = 23%, Cumulative CPU 13254.73 sec
2016-12-20 00:07:46,202 Stage-2 map = 96%,  reduce = 25%, Cumulative CPU 13596.26 sec
2016-12-20 00:07:47,235 Stage-2 map = 97%,  reduce = 25%, Cumulative CPU 13811.21 sec
2016-12-20 00:07:48,270 Stage-2 map = 97%,  reduce = 30%, Cumulative CPU 14026.61 sec
2016-12-20 00:07:49,305 Stage-2 map = 98%,  reduce = 30%, Cumulative CPU 14129.04 sec
2016-12-20 00:07:50,335 Stage-2 map = 99%,  reduce = 31%, Cumulative CPU 14173.75 sec
2016-12-20 00:07:51,360 Stage-2 map = 99%,  reduce = 32%, Cumulative CPU 14285.83 sec
2016-12-20 00:07:54,441 Stage-2 map = 99%,  reduce = 33%, Cumulative CPU 14417.48 sec
2016-12-20 00:07:59,650 Stage-2 map = 100%,  reduce = 33%, Cumulative CPU 14561.05 sec
2016-12-20 00:08:00,680 Stage-2 map = 100%,  reduce = 35%, Cumulative CPU 14728.06 sec
2016-12-20 00:08:01,714 Stage-2 map = 100%,  reduce = 36%, Cumulative CPU 14765.34 sec
2016-12-20 00:08:02,831 Stage-2 map = 100%,  reduce = 50%, Cumulative CPU 15424.58 sec
2016-12-20 00:08:03,859 Stage-2 map = 100%,  reduce = 65%, Cumulative CPU 16399.72 sec
2016-12-20 00:08:04,890 Stage-2 map = 100%,  reduce = 66%, Cumulative CPU 16625.59 sec
2016-12-20 00:08:05,925 Stage-2 map = 100%,  reduce = 68%, Cumulative CPU 19022.76 sec
2016-12-20 00:08:06,951 Stage-2 map = 100%,  reduce = 70%, Cumulative CPU 20618.57 sec
2016-12-20 00:08:09,009 Stage-2 map = 100%,  reduce = 73%, Cumulative CPU 21985.16 sec
2016-12-20 00:08:10,037 Stage-2 map = 100%,  reduce = 75%, Cumulative CPU 22555.75 sec
2016-12-20 00:08:12,092 Stage-2 map = 100%,  reduce = 78%, Cumulative CPU 24015.25 sec
2016-12-20 00:08:13,125 Stage-2 map = 100%,  reduce = 80%, Cumulative CPU 24549.88 sec
2016-12-20 00:08:15,181 Stage-2 map = 100%,  reduce = 83%, Cumulative CPU 25829.56 sec
2016-12-20 00:08:16,209 Stage-2 map = 100%,  reduce = 85%, Cumulative CPU 26233.44 sec
2016-12-20 00:08:18,267 Stage-2 map = 100%,  reduce = 88%, Cumulative CPU 27460.16 sec
2016-12-20 00:08:19,297 Stage-2 map = 100%,  reduce = 90%, Cumulative CPU 27825.54 sec
2016-12-20 00:08:21,353 Stage-2 map = 100%,  reduce = 93%, Cumulative CPU 28925.77 sec
2016-12-20 00:08:22,385 Stage-2 map = 100%,  reduce = 95%, Cumulative CPU 29249.0 sec
2016-12-20 00:08:23,410 Stage-2 map = 100%,  reduce = 96%, Cumulative CPU 29632.63 sec
2016-12-20 00:08:24,439 Stage-2 map = 100%,  reduce = 98%, Cumulative CPU 30205.64 sec
2016-12-20 00:08:25,463 Stage-2 map = 100%,  reduce = 99%, Cumulative CPU 30366.84 sec
2016-12-20 00:08:35,697 Stage-2 map = 100%,  reduce = 100%, Cumulative CPU 30753.88 sec
MapReduce Total cumulative CPU time: 0 days 8 hours 32 minutes 33 seconds 880 msec
Ended Job = job_1478649307064_886135
Loading data to table hdp_oc_team.shopacctcntcteml
Moved: 'hdfs://production/user/hdp_oc_team/hdp_oc_team.db/shopacctcntcteml/000000_0' to trash at: hdfs://production/user/hdp_oc_team/.Trash/Current
Moved: 'hdfs://production/user/hdp_oc_team/hdp_oc_team.db/shopacctcntcteml/000001_0' to trash at: hdfs://production/user/hdp_oc_team/.Trash/Current
Moved: 'hdfs://production/user/hdp_oc_team/hdp_oc_team.db/shopacctcntcteml/000002_0' to trash at: hdfs://production/user/hdp_oc_team/.Trash/Current
Moved: 'hdfs://production/user/hdp_oc_team/hdp_oc_team.db/shopacctcntcteml/000003_0' to trash at: hdfs://production/user/hdp_oc_team/.Trash/Current
Moved: 'hdfs://production/user/hdp_oc_team/hdp_oc_team.db/shopacctcntcteml/000004_0' to trash at: hdfs://production/user/hdp_oc_team/.Trash/Current
Moved: 'hdfs://production/user/hdp_oc_team/hdp_oc_team.db/shopacctcntcteml/000005_0' to trash at: hdfs://production/user/hdp_oc_team/.Trash/Current
Moved: 'hdfs://production/user/hdp_oc_team/hdp_oc_team.db/shopacctcntcteml/000006_0' to trash at: hdfs://production/user/hdp_oc_team/.Trash/Current
Moved: 'hdfs://production/user/hdp_oc_team/hdp_oc_team.db/shopacctcntcteml/000007_0' to trash at: hdfs://production/user/hdp_oc_team/.Trash/Current
Moved: 'hdfs://production/user/hdp_oc_team/hdp_oc_team.db/shopacctcntcteml/000008_0' to trash at: hdfs://production/user/hdp_oc_team/.Trash/Current
Moved: 'hdfs://production/user/hdp_oc_team/hdp_oc_team.db/shopacctcntcteml/000009_0' to trash at: hdfs://production/user/hdp_oc_team/.Trash/Current
Moved: 'hdfs://production/user/hdp_oc_team/hdp_oc_team.db/shopacctcntcteml/000010_0' to trash at: hdfs://production/user/hdp_oc_team/.Trash/Current
Moved: 'hdfs://production/user/hdp_oc_team/hdp_oc_team.db/shopacctcntcteml/000011_0' to trash at: hdfs://production/user/hdp_oc_team/.Trash/Current
Moved: 'hdfs://production/user/hdp_oc_team/hdp_oc_team.db/shopacctcntcteml/000012_0' to trash at: hdfs://production/user/hdp_oc_team/.Trash/Current
Moved: 'hdfs://production/user/hdp_oc_team/hdp_oc_team.db/shopacctcntcteml/000013_0' to trash at: hdfs://production/user/hdp_oc_team/.Trash/Current
Moved: 'hdfs://production/user/hdp_oc_team/hdp_oc_team.db/shopacctcntcteml/000014_0' to trash at: hdfs://production/user/hdp_oc_team/.Trash/Current
Moved: 'hdfs://production/user/hdp_oc_team/hdp_oc_team.db/shopacctcntcteml/000015_0' to trash at: hdfs://production/user/hdp_oc_team/.Trash/Current
Moved: 'hdfs://production/user/hdp_oc_team/hdp_oc_team.db/shopacctcntcteml/000016_0' to trash at: hdfs://production/user/hdp_oc_team/.Trash/Current
Moved: 'hdfs://production/user/hdp_oc_team/hdp_oc_team.db/shopacctcntcteml/000017_0' to trash at: hdfs://production/user/hdp_oc_team/.Trash/Current
Moved: 'hdfs://production/user/hdp_oc_team/hdp_oc_team.db/shopacctcntcteml/000018_0' to trash at: hdfs://production/user/hdp_oc_team/.Trash/Current
Moved: 'hdfs://production/user/hdp_oc_team/hdp_oc_team.db/shopacctcntcteml/000019_0' to trash at: hdfs://production/user/hdp_oc_team/.Trash/Current
Moved: 'hdfs://production/user/hdp_oc_team/hdp_oc_team.db/shopacctcntcteml/000020_0' to trash at: hdfs://production/user/hdp_oc_team/.Trash/Current
Moved: 'hdfs://production/user/hdp_oc_team/hdp_oc_team.db/shopacctcntcteml/000021_0' to trash at: hdfs://production/user/hdp_oc_team/.Trash/Current
Moved: 'hdfs://production/user/hdp_oc_team/hdp_oc_team.db/shopacctcntcteml/000022_0' to trash at: hdfs://production/user/hdp_oc_team/.Trash/Current
Moved: 'hdfs://production/user/hdp_oc_team/hdp_oc_team.db/shopacctcntcteml/000023_0' to trash at: hdfs://production/user/hdp_oc_team/.Trash/Current
Moved: 'hdfs://production/user/hdp_oc_team/hdp_oc_team.db/shopacctcntcteml/000024_0' to trash at: hdfs://production/user/hdp_oc_team/.Trash/Current
Moved: 'hdfs://production/user/hdp_oc_team/hdp_oc_team.db/shopacctcntcteml/000025_0' to trash at: hdfs://production/user/hdp_oc_team/.Trash/Current
Moved: 'hdfs://production/user/hdp_oc_team/hdp_oc_team.db/shopacctcntcteml/000026_0' to trash at: hdfs://production/user/hdp_oc_team/.Trash/Current
Moved: 'hdfs://production/user/hdp_oc_team/hdp_oc_team.db/shopacctcntcteml/000027_0' to trash at: hdfs://production/user/hdp_oc_team/.Trash/Current
Moved: 'hdfs://production/user/hdp_oc_team/hdp_oc_team.db/shopacctcntcteml/000028_0' to trash at: hdfs://production/user/hdp_oc_team/.Trash/Current
Moved: 'hdfs://production/user/hdp_oc_team/hdp_oc_team.db/shopacctcntcteml/000029_0' to trash at: hdfs://production/user/hdp_oc_team/.Trash/Current
Moved: 'hdfs://production/user/hdp_oc_team/hdp_oc_team.db/shopacctcntcteml/000030_0' to trash at: hdfs://production/user/hdp_oc_team/.Trash/Current
Moved: 'hdfs://production/user/hdp_oc_team/hdp_oc_team.db/shopacctcntcteml/000031_0' to trash at: hdfs://production/user/hdp_oc_team/.Trash/Current
Moved: 'hdfs://production/user/hdp_oc_team/hdp_oc_team.db/shopacctcntcteml/000032_0' to trash at: hdfs://production/user/hdp_oc_team/.Trash/Current
Moved: 'hdfs://production/user/hdp_oc_team/hdp_oc_team.db/shopacctcntcteml/000033_0' to trash at: hdfs://production/user/hdp_oc_team/.Trash/Current
Moved: 'hdfs://production/user/hdp_oc_team/hdp_oc_team.db/shopacctcntcteml/000034_0' to trash at: hdfs://production/user/hdp_oc_team/.Trash/Current
Moved: 'hdfs://production/user/hdp_oc_team/hdp_oc_team.db/shopacctcntcteml/000035_0' to trash at: hdfs://production/user/hdp_oc_team/.Trash/Current
Moved: 'hdfs://production/user/hdp_oc_team/hdp_oc_team.db/shopacctcntcteml/000036_0' to trash at: hdfs://production/user/hdp_oc_team/.Trash/Current
Moved: 'hdfs://production/user/hdp_oc_team/hdp_oc_team.db/shopacctcntcteml/000037_0' to trash at: hdfs://production/user/hdp_oc_team/.Trash/Current
Moved: 'hdfs://production/user/hdp_oc_team/hdp_oc_team.db/shopacctcntcteml/000038_0' to trash at: hdfs://production/user/hdp_oc_team/.Trash/Current
Moved: 'hdfs://production/user/hdp_oc_team/hdp_oc_team.db/shopacctcntcteml/000039_0' to trash at: hdfs://production/user/hdp_oc_team/.Trash/Current
Moved: 'hdfs://production/user/hdp_oc_team/hdp_oc_team.db/shopacctcntcteml/000040_0' to trash at: hdfs://production/user/hdp_oc_team/.Trash/Current
Moved: 'hdfs://production/user/hdp_oc_team/hdp_oc_team.db/shopacctcntcteml/000041_0' to trash at: hdfs://production/user/hdp_oc_team/.Trash/Current
Moved: 'hdfs://production/user/hdp_oc_team/hdp_oc_team.db/shopacctcntcteml/000042_0' to trash at: hdfs://production/user/hdp_oc_team/.Trash/Current
Moved: 'hdfs://production/user/hdp_oc_team/hdp_oc_team.db/shopacctcntcteml/000043_0' to trash at: hdfs://production/user/hdp_oc_team/.Trash/Current
Moved: 'hdfs://production/user/hdp_oc_team/hdp_oc_team.db/shopacctcntcteml/000044_0' to trash at: hdfs://production/user/hdp_oc_team/.Trash/Current
Moved: 'hdfs://production/user/hdp_oc_team/hdp_oc_team.db/shopacctcntcteml/000045_0' to trash at: hdfs://production/user/hdp_oc_team/.Trash/Current
Moved: 'hdfs://production/user/hdp_oc_team/hdp_oc_team.db/shopacctcntcteml/000046_0' to trash at: hdfs://production/user/hdp_oc_team/.Trash/Current
Moved: 'hdfs://production/user/hdp_oc_team/hdp_oc_team.db/shopacctcntcteml/000047_0' to trash at: hdfs://production/user/hdp_oc_team/.Trash/Current
Moved: 'hdfs://production/user/hdp_oc_team/hdp_oc_team.db/shopacctcntcteml/000048_0' to trash at: hdfs://production/user/hdp_oc_team/.Trash/Current
Moved: 'hdfs://production/user/hdp_oc_team/hdp_oc_team.db/shopacctcntcteml/000049_0' to trash at: hdfs://production/user/hdp_oc_team/.Trash/Current
Moved: 'hdfs://production/user/hdp_oc_team/hdp_oc_team.db/shopacctcntcteml/000050_0' to trash at: hdfs://production/user/hdp_oc_team/.Trash/Current
Moved: 'hdfs://production/user/hdp_oc_team/hdp_oc_team.db/shopacctcntcteml/000051_0' to trash at: hdfs://production/user/hdp_oc_team/.Trash/Current
Moved: 'hdfs://production/user/hdp_oc_team/hdp_oc_team.db/shopacctcntcteml/000052_0' to trash at: hdfs://production/user/hdp_oc_team/.Trash/Current
Moved: 'hdfs://production/user/hdp_oc_team/hdp_oc_team.db/shopacctcntcteml/000053_0' to trash at: hdfs://production/user/hdp_oc_team/.Trash/Current
Moved: 'hdfs://production/user/hdp_oc_team/hdp_oc_team.db/shopacctcntcteml/000054_0' to trash at: hdfs://production/user/hdp_oc_team/.Trash/Current
Moved: 'hdfs://production/user/hdp_oc_team/hdp_oc_team.db/shopacctcntcteml/000055_0' to trash at: hdfs://production/user/hdp_oc_team/.Trash/Current
Moved: 'hdfs://production/user/hdp_oc_team/hdp_oc_team.db/shopacctcntcteml/000056_0' to trash at: hdfs://production/user/hdp_oc_team/.Trash/Current
Moved: 'hdfs://production/user/hdp_oc_team/hdp_oc_team.db/shopacctcntcteml/000057_0' to trash at: hdfs://production/user/hdp_oc_team/.Trash/Current
Moved: 'hdfs://production/user/hdp_oc_team/hdp_oc_team.db/shopacctcntcteml/000058_0' to trash at: hdfs://production/user/hdp_oc_team/.Trash/Current
Moved: 'hdfs://production/user/hdp_oc_team/hdp_oc_team.db/shopacctcntcteml/000059_0' to trash at: hdfs://production/user/hdp_oc_team/.Trash/Current
Moved: 'hdfs://production/user/hdp_oc_team/hdp_oc_team.db/shopacctcntcteml/000060_0' to trash at: hdfs://production/user/hdp_oc_team/.Trash/Current
Moved: 'hdfs://production/user/hdp_oc_team/hdp_oc_team.db/shopacctcntcteml/000061_0' to trash at: hdfs://production/user/hdp_oc_team/.Trash/Current
Moved: 'hdfs://production/user/hdp_oc_team/hdp_oc_team.db/shopacctcntcteml/000062_0' to trash at: hdfs://production/user/hdp_oc_team/.Trash/Current
Moved: 'hdfs://production/user/hdp_oc_team/hdp_oc_team.db/shopacctcntcteml/000063_0' to trash at: hdfs://production/user/hdp_oc_team/.Trash/Current
Moved: 'hdfs://production/user/hdp_oc_team/hdp_oc_team.db/shopacctcntcteml/000064_0' to trash at: hdfs://production/user/hdp_oc_team/.Trash/Current
Moved: 'hdfs://production/user/hdp_oc_team/hdp_oc_team.db/shopacctcntcteml/000065_0' to trash at: hdfs://production/user/hdp_oc_team/.Trash/Current
Moved: 'hdfs://production/user/hdp_oc_team/hdp_oc_team.db/shopacctcntcteml/000066_0' to trash at: hdfs://production/user/hdp_oc_team/.Trash/Current
Moved: 'hdfs://production/user/hdp_oc_team/hdp_oc_team.db/shopacctcntcteml/000067_0' to trash at: hdfs://production/user/hdp_oc_team/.Trash/Current
Moved: 'hdfs://production/user/hdp_oc_team/hdp_oc_team.db/shopacctcntcteml/000068_0' to trash at: hdfs://production/user/hdp_oc_team/.Trash/Current
Moved: 'hdfs://production/user/hdp_oc_team/hdp_oc_team.db/shopacctcntcteml/000069_0' to trash at: hdfs://production/user/hdp_oc_team/.Trash/Current
Moved: 'hdfs://production/user/hdp_oc_team/hdp_oc_team.db/shopacctcntcteml/000070_0' to trash at: hdfs://production/user/hdp_oc_team/.Trash/Current
Moved: 'hdfs://production/user/hdp_oc_team/hdp_oc_team.db/shopacctcntcteml/000071_0' to trash at: hdfs://production/user/hdp_oc_team/.Trash/Current
Moved: 'hdfs://production/user/hdp_oc_team/hdp_oc_team.db/shopacctcntcteml/000072_0' to trash at: hdfs://production/user/hdp_oc_team/.Trash/Current
Moved: 'hdfs://production/user/hdp_oc_team/hdp_oc_team.db/shopacctcntcteml/000073_0' to trash at: hdfs://production/user/hdp_oc_team/.Trash/Current
Moved: 'hdfs://production/user/hdp_oc_team/hdp_oc_team.db/shopacctcntcteml/000074_0' to trash at: hdfs://production/user/hdp_oc_team/.Trash/Current
Moved: 'hdfs://production/user/hdp_oc_team/hdp_oc_team.db/shopacctcntcteml/000075_0' to trash at: hdfs://production/user/hdp_oc_team/.Trash/Current
Moved: 'hdfs://production/user/hdp_oc_team/hdp_oc_team.db/shopacctcntcteml/000076_0' to trash at: hdfs://production/user/hdp_oc_team/.Trash/Current
Moved: 'hdfs://production/user/hdp_oc_team/hdp_oc_team.db/shopacctcntcteml/000077_0' to trash at: hdfs://production/user/hdp_oc_team/.Trash/Current
Moved: 'hdfs://production/user/hdp_oc_team/hdp_oc_team.db/shopacctcntcteml/000078_0' to trash at: hdfs://production/user/hdp_oc_team/.Trash/Current
Moved: 'hdfs://production/user/hdp_oc_team/hdp_oc_team.db/shopacctcntcteml/000079_0' to trash at: hdfs://production/user/hdp_oc_team/.Trash/Current
Moved: 'hdfs://production/user/hdp_oc_team/hdp_oc_team.db/shopacctcntcteml/000080_0' to trash at: hdfs://production/user/hdp_oc_team/.Trash/Current
Moved: 'hdfs://production/user/hdp_oc_team/hdp_oc_team.db/shopacctcntcteml/000081_0' to trash at: hdfs://production/user/hdp_oc_team/.Trash/Current
Moved: 'hdfs://production/user/hdp_oc_team/hdp_oc_team.db/shopacctcntcteml/000082_0' to trash at: hdfs://production/user/hdp_oc_team/.Trash/Current
Moved: 'hdfs://production/user/hdp_oc_team/hdp_oc_team.db/shopacctcntcteml/000083_0' to trash at: hdfs://production/user/hdp_oc_team/.Trash/Current
Moved: 'hdfs://production/user/hdp_oc_team/hdp_oc_team.db/shopacctcntcteml/000084_0' to trash at: hdfs://production/user/hdp_oc_team/.Trash/Current
Moved: 'hdfs://production/user/hdp_oc_team/hdp_oc_team.db/shopacctcntcteml/000085_0' to trash at: hdfs://production/user/hdp_oc_team/.Trash/Current
Moved: 'hdfs://production/user/hdp_oc_team/hdp_oc_team.db/shopacctcntcteml/000086_0' to trash at: hdfs://production/user/hdp_oc_team/.Trash/Current
Moved: 'hdfs://production/user/hdp_oc_team/hdp_oc_team.db/shopacctcntcteml/000087_0' to trash at: hdfs://production/user/hdp_oc_team/.Trash/Current
Moved: 'hdfs://production/user/hdp_oc_team/hdp_oc_team.db/shopacctcntcteml/000088_0' to trash at: hdfs://production/user/hdp_oc_team/.Trash/Current
Moved: 'hdfs://production/user/hdp_oc_team/hdp_oc_team.db/shopacctcntcteml/000089_0' to trash at: hdfs://production/user/hdp_oc_team/.Trash/Current
Moved: 'hdfs://production/user/hdp_oc_team/hdp_oc_team.db/shopacctcntcteml/000090_0' to trash at: hdfs://production/user/hdp_oc_team/.Trash/Current
Moved: 'hdfs://production/user/hdp_oc_team/hdp_oc_team.db/shopacctcntcteml/000091_0' to trash at: hdfs://production/user/hdp_oc_team/.Trash/Current
Moved: 'hdfs://production/user/hdp_oc_team/hdp_oc_team.db/shopacctcntcteml/000092_0' to trash at: hdfs://production/user/hdp_oc_team/.Trash/Current
Moved: 'hdfs://production/user/hdp_oc_team/hdp_oc_team.db/shopacctcntcteml/000093_0' to trash at: hdfs://production/user/hdp_oc_team/.Trash/Current
Moved: 'hdfs://production/user/hdp_oc_team/hdp_oc_team.db/shopacctcntcteml/000094_0' to trash at: hdfs://production/user/hdp_oc_team/.Trash/Current
Moved: 'hdfs://production/user/hdp_oc_team/hdp_oc_team.db/shopacctcntcteml/000095_0' to trash at: hdfs://production/user/hdp_oc_team/.Trash/Current
Moved: 'hdfs://production/user/hdp_oc_team/hdp_oc_team.db/shopacctcntcteml/000096_0' to trash at: hdfs://production/user/hdp_oc_team/.Trash/Current
Moved: 'hdfs://production/user/hdp_oc_team/hdp_oc_team.db/shopacctcntcteml/000097_0' to trash at: hdfs://production/user/hdp_oc_team/.Trash/Current
Moved: 'hdfs://production/user/hdp_oc_team/hdp_oc_team.db/shopacctcntcteml/000098_0' to trash at: hdfs://production/user/hdp_oc_team/.Trash/Current
Moved: 'hdfs://production/user/hdp_oc_team/hdp_oc_team.db/shopacctcntcteml/000099_0' to trash at: hdfs://production/user/hdp_oc_team/.Trash/Current
Moved: 'hdfs://production/user/hdp_oc_team/hdp_oc_team.db/shopacctcntcteml/000100_0' to trash at: hdfs://production/user/hdp_oc_team/.Trash/Current
Moved: 'hdfs://production/user/hdp_oc_team/hdp_oc_team.db/shopacctcntcteml/000101_0' to trash at: hdfs://production/user/hdp_oc_team/.Trash/Current
Moved: 'hdfs://production/user/hdp_oc_team/hdp_oc_team.db/shopacctcntcteml/000102_0' to trash at: hdfs://production/user/hdp_oc_team/.Trash/Current
Moved: 'hdfs://production/user/hdp_oc_team/hdp_oc_team.db/shopacctcntcteml/000103_0' to trash at: hdfs://production/user/hdp_oc_team/.Trash/Current
Moved: 'hdfs://production/user/hdp_oc_team/hdp_oc_team.db/shopacctcntcteml/000104_0' to trash at: hdfs://production/user/hdp_oc_team/.Trash/Current
Moved: 'hdfs://production/user/hdp_oc_team/hdp_oc_team.db/shopacctcntcteml/000105_0' to trash at: hdfs://production/user/hdp_oc_team/.Trash/Current
Moved: 'hdfs://production/user/hdp_oc_team/hdp_oc_team.db/shopacctcntcteml/000106_0' to trash at: hdfs://production/user/hdp_oc_team/.Trash/Current
Moved: 'hdfs://production/user/hdp_oc_team/hdp_oc_team.db/shopacctcntcteml/000107_0' to trash at: hdfs://production/user/hdp_oc_team/.Trash/Current
Moved: 'hdfs://production/user/hdp_oc_team/hdp_oc_team.db/shopacctcntcteml/000108_0' to trash at: hdfs://production/user/hdp_oc_team/.Trash/Current
Moved: 'hdfs://production/user/hdp_oc_team/hdp_oc_team.db/shopacctcntcteml/000109_0' to trash at: hdfs://production/user/hdp_oc_team/.Trash/Current
Moved: 'hdfs://production/user/hdp_oc_team/hdp_oc_team.db/shopacctcntcteml/000110_0' to trash at: hdfs://production/user/hdp_oc_team/.Trash/Current
Moved: 'hdfs://production/user/hdp_oc_team/hdp_oc_team.db/shopacctcntcteml/000111_0' to trash at: hdfs://production/user/hdp_oc_team/.Trash/Current
Moved: 'hdfs://production/user/hdp_oc_team/hdp_oc_team.db/shopacctcntcteml/000112_0' to trash at: hdfs://production/user/hdp_oc_team/.Trash/Current
Moved: 'hdfs://production/user/hdp_oc_team/hdp_oc_team.db/shopacctcntcteml/000113_0' to trash at: hdfs://production/user/hdp_oc_team/.Trash/Current
Moved: 'hdfs://production/user/hdp_oc_team/hdp_oc_team.db/shopacctcntcteml/000114_0' to trash at: hdfs://production/user/hdp_oc_team/.Trash/Current
Moved: 'hdfs://production/user/hdp_oc_team/hdp_oc_team.db/shopacctcntcteml/000115_0' to trash at: hdfs://production/user/hdp_oc_team/.Trash/Current
Moved: 'hdfs://production/user/hdp_oc_team/hdp_oc_team.db/shopacctcntcteml/000116_0' to trash at: hdfs://production/user/hdp_oc_team/.Trash/Current
Moved: 'hdfs://production/user/hdp_oc_team/hdp_oc_team.db/shopacctcntcteml/000117_0' to trash at: hdfs://production/user/hdp_oc_team/.Trash/Current
Moved: 'hdfs://production/user/hdp_oc_team/hdp_oc_team.db/shopacctcntcteml/000118_0' to trash at: hdfs://production/user/hdp_oc_team/.Trash/Current
Moved: 'hdfs://production/user/hdp_oc_team/hdp_oc_team.db/shopacctcntcteml/000119_0' to trash at: hdfs://production/user/hdp_oc_team/.Trash/Current
Moved: 'hdfs://production/user/hdp_oc_team/hdp_oc_team.db/shopacctcntcteml/000120_0' to trash at: hdfs://production/user/hdp_oc_team/.Trash/Current
Moved: 'hdfs://production/user/hdp_oc_team/hdp_oc_team.db/shopacctcntcteml/000121_0' to trash at: hdfs://production/user/hdp_oc_team/.Trash/Current
Moved: 'hdfs://production/user/hdp_oc_team/hdp_oc_team.db/shopacctcntcteml/000122_0' to trash at: hdfs://production/user/hdp_oc_team/.Trash/Current
Moved: 'hdfs://production/user/hdp_oc_team/hdp_oc_team.db/shopacctcntcteml/000123_0' to trash at: hdfs://production/user/hdp_oc_team/.Trash/Current
Moved: 'hdfs://production/user/hdp_oc_team/hdp_oc_team.db/shopacctcntcteml/000124_0' to trash at: hdfs://production/user/hdp_oc_team/.Trash/Current
Moved: 'hdfs://production/user/hdp_oc_team/hdp_oc_team.db/shopacctcntcteml/000125_0' to trash at: hdfs://production/user/hdp_oc_team/.Trash/Current
Moved: 'hdfs://production/user/hdp_oc_team/hdp_oc_team.db/shopacctcntcteml/000126_0' to trash at: hdfs://production/user/hdp_oc_team/.Trash/Current
Moved: 'hdfs://production/user/hdp_oc_team/hdp_oc_team.db/shopacctcntcteml/000127_0' to trash at: hdfs://production/user/hdp_oc_team/.Trash/Current
Moved: 'hdfs://production/user/hdp_oc_team/hdp_oc_team.db/shopacctcntcteml/000128_0' to trash at: hdfs://production/user/hdp_oc_team/.Trash/Current
Moved: 'hdfs://production/user/hdp_oc_team/hdp_oc_team.db/shopacctcntcteml/000129_0' to trash at: hdfs://production/user/hdp_oc_team/.Trash/Current
Moved: 'hdfs://production/user/hdp_oc_team/hdp_oc_team.db/shopacctcntcteml/000130_0' to trash at: hdfs://production/user/hdp_oc_team/.Trash/Current
Moved: 'hdfs://production/user/hdp_oc_team/hdp_oc_team.db/shopacctcntcteml/000131_0' to trash at: hdfs://production/user/hdp_oc_team/.Trash/Current
Moved: 'hdfs://production/user/hdp_oc_team/hdp_oc_team.db/shopacctcntcteml/000132_0' to trash at: hdfs://production/user/hdp_oc_team/.Trash/Current
Moved: 'hdfs://production/user/hdp_oc_team/hdp_oc_team.db/shopacctcntcteml/000133_0' to trash at: hdfs://production/user/hdp_oc_team/.Trash/Current
Moved: 'hdfs://production/user/hdp_oc_team/hdp_oc_team.db/shopacctcntcteml/000134_0' to trash at: hdfs://production/user/hdp_oc_team/.Trash/Current
Moved: 'hdfs://production/user/hdp_oc_team/hdp_oc_team.db/shopacctcntcteml/000135_0' to trash at: hdfs://production/user/hdp_oc_team/.Trash/Current
Moved: 'hdfs://production/user/hdp_oc_team/hdp_oc_team.db/shopacctcntcteml/000136_0' to trash at: hdfs://production/user/hdp_oc_team/.Trash/Current
Moved: 'hdfs://production/user/hdp_oc_team/hdp_oc_team.db/shopacctcntcteml/000137_0' to trash at: hdfs://production/user/hdp_oc_team/.Trash/Current
Moved: 'hdfs://production/user/hdp_oc_team/hdp_oc_team.db/shopacctcntcteml/000138_0' to trash at: hdfs://production/user/hdp_oc_team/.Trash/Current
Moved: 'hdfs://production/user/hdp_oc_team/hdp_oc_team.db/shopacctcntcteml/000139_0' to trash at: hdfs://production/user/hdp_oc_team/.Trash/Current
Moved: 'hdfs://production/user/hdp_oc_team/hdp_oc_team.db/shopacctcntcteml/000140_0' to trash at: hdfs://production/user/hdp_oc_team/.Trash/Current
Moved: 'hdfs://production/user/hdp_oc_team/hdp_oc_team.db/shopacctcntcteml/000141_0' to trash at: hdfs://production/user/hdp_oc_team/.Trash/Current
Moved: 'hdfs://production/user/hdp_oc_team/hdp_oc_team.db/shopacctcntcteml/000142_0' to trash at: hdfs://production/user/hdp_oc_team/.Trash/Current
Moved: 'hdfs://production/user/hdp_oc_team/hdp_oc_team.db/shopacctcntcteml/000143_0' to trash at: hdfs://production/user/hdp_oc_team/.Trash/Current
Moved: 'hdfs://production/user/hdp_oc_team/hdp_oc_team.db/shopacctcntcteml/000144_0' to trash at: hdfs://production/user/hdp_oc_team/.Trash/Current
Moved: 'hdfs://production/user/hdp_oc_team/hdp_oc_team.db/shopacctcntcteml/000145_0' to trash at: hdfs://production/user/hdp_oc_team/.Trash/Current
Moved: 'hdfs://production/user/hdp_oc_team/hdp_oc_team.db/shopacctcntcteml/000146_0' to trash at: hdfs://production/user/hdp_oc_team/.Trash/Current
Moved: 'hdfs://production/user/hdp_oc_team/hdp_oc_team.db/shopacctcntcteml/000147_0' to trash at: hdfs://production/user/hdp_oc_team/.Trash/Current
Moved: 'hdfs://production/user/hdp_oc_team/hdp_oc_team.db/shopacctcntcteml/000148_0' to trash at: hdfs://production/user/hdp_oc_team/.Trash/Current
Moved: 'hdfs://production/user/hdp_oc_team/hdp_oc_team.db/shopacctcntcteml/000149_0' to trash at: hdfs://production/user/hdp_oc_team/.Trash/Current
Moved: 'hdfs://production/user/hdp_oc_team/hdp_oc_team.db/shopacctcntcteml/000150_0' to trash at: hdfs://production/user/hdp_oc_team/.Trash/Current
Moved: 'hdfs://production/user/hdp_oc_team/hdp_oc_team.db/shopacctcntcteml/000151_0' to trash at: hdfs://production/user/hdp_oc_team/.Trash/Current
Moved: 'hdfs://production/user/hdp_oc_team/hdp_oc_team.db/shopacctcntcteml/000152_0' to trash at: hdfs://production/user/hdp_oc_team/.Trash/Current
Moved: 'hdfs://production/user/hdp_oc_team/hdp_oc_team.db/shopacctcntcteml/000153_0' to trash at: hdfs://production/user/hdp_oc_team/.Trash/Current
Moved: 'hdfs://production/user/hdp_oc_team/hdp_oc_team.db/shopacctcntcteml/000154_0' to trash at: hdfs://production/user/hdp_oc_team/.Trash/Current
Moved: 'hdfs://production/user/hdp_oc_team/hdp_oc_team.db/shopacctcntcteml/000155_0' to trash at: hdfs://production/user/hdp_oc_team/.Trash/Current
Moved: 'hdfs://production/user/hdp_oc_team/hdp_oc_team.db/shopacctcntcteml/000156_0' to trash at: hdfs://production/user/hdp_oc_team/.Trash/Current
Moved: 'hdfs://production/user/hdp_oc_team/hdp_oc_team.db/shopacctcntcteml/000157_0' to trash at: hdfs://production/user/hdp_oc_team/.Trash/Current
Moved: 'hdfs://production/user/hdp_oc_team/hdp_oc_team.db/shopacctcntcteml/000158_0' to trash at: hdfs://production/user/hdp_oc_team/.Trash/Current
Moved: 'hdfs://production/user/hdp_oc_team/hdp_oc_team.db/shopacctcntcteml/000159_0' to trash at: hdfs://production/user/hdp_oc_team/.Trash/Current
Moved: 'hdfs://production/user/hdp_oc_team/hdp_oc_team.db/shopacctcntcteml/000160_0' to trash at: hdfs://production/user/hdp_oc_team/.Trash/Current
Moved: 'hdfs://production/user/hdp_oc_team/hdp_oc_team.db/shopacctcntcteml/000161_0' to trash at: hdfs://production/user/hdp_oc_team/.Trash/Current
Moved: 'hdfs://production/user/hdp_oc_team/hdp_oc_team.db/shopacctcntcteml/000162_0' to trash at: hdfs://production/user/hdp_oc_team/.Trash/Current
Moved: 'hdfs://production/user/hdp_oc_team/hdp_oc_team.db/shopacctcntcteml/000163_0' to trash at: hdfs://production/user/hdp_oc_team/.Trash/Current
Moved: 'hdfs://production/user/hdp_oc_team/hdp_oc_team.db/shopacctcntcteml/000164_0' to trash at: hdfs://production/user/hdp_oc_team/.Trash/Current
Moved: 'hdfs://production/user/hdp_oc_team/hdp_oc_team.db/shopacctcntcteml/000165_0' to trash at: hdfs://production/user/hdp_oc_team/.Trash/Current
Moved: 'hdfs://production/user/hdp_oc_team/hdp_oc_team.db/shopacctcntcteml/000166_0' to trash at: hdfs://production/user/hdp_oc_team/.Trash/Current
Moved: 'hdfs://production/user/hdp_oc_team/hdp_oc_team.db/shopacctcntcteml/000167_0' to trash at: hdfs://production/user/hdp_oc_team/.Trash/Current
Moved: 'hdfs://production/user/hdp_oc_team/hdp_oc_team.db/shopacctcntcteml/000168_0' to trash at: hdfs://production/user/hdp_oc_team/.Trash/Current
Moved: 'hdfs://production/user/hdp_oc_team/hdp_oc_team.db/shopacctcntcteml/000169_0' to trash at: hdfs://production/user/hdp_oc_team/.Trash/Current
Moved: 'hdfs://production/user/hdp_oc_team/hdp_oc_team.db/shopacctcntcteml/000170_0' to trash at: hdfs://production/user/hdp_oc_team/.Trash/Current
Moved: 'hdfs://production/user/hdp_oc_team/hdp_oc_team.db/shopacctcntcteml/000171_0' to trash at: hdfs://production/user/hdp_oc_team/.Trash/Current
Moved: 'hdfs://production/user/hdp_oc_team/hdp_oc_team.db/shopacctcntcteml/000172_0' to trash at: hdfs://production/user/hdp_oc_team/.Trash/Current
Moved: 'hdfs://production/user/hdp_oc_team/hdp_oc_team.db/shopacctcntcteml/000173_0' to trash at: hdfs://production/user/hdp_oc_team/.Trash/Current
Moved: 'hdfs://production/user/hdp_oc_team/hdp_oc_team.db/shopacctcntcteml/000174_0' to trash at: hdfs://production/user/hdp_oc_team/.Trash/Current
Moved: 'hdfs://production/user/hdp_oc_team/hdp_oc_team.db/shopacctcntcteml/000175_0' to trash at: hdfs://production/user/hdp_oc_team/.Trash/Current
Moved: 'hdfs://production/user/hdp_oc_team/hdp_oc_team.db/shopacctcntcteml/000176_0' to trash at: hdfs://production/user/hdp_oc_team/.Trash/Current
Moved: 'hdfs://production/user/hdp_oc_team/hdp_oc_team.db/shopacctcntcteml/000177_0' to trash at: hdfs://production/user/hdp_oc_team/.Trash/Current
Moved: 'hdfs://production/user/hdp_oc_team/hdp_oc_team.db/shopacctcntcteml/000178_0' to trash at: hdfs://production/user/hdp_oc_team/.Trash/Current
Moved: 'hdfs://production/user/hdp_oc_team/hdp_oc_team.db/shopacctcntcteml/000179_0' to trash at: hdfs://production/user/hdp_oc_team/.Trash/Current
Moved: 'hdfs://production/user/hdp_oc_team/hdp_oc_team.db/shopacctcntcteml/000180_0' to trash at: hdfs://production/user/hdp_oc_team/.Trash/Current
Moved: 'hdfs://production/user/hdp_oc_team/hdp_oc_team.db/shopacctcntcteml/000181_0' to trash at: hdfs://production/user/hdp_oc_team/.Trash/Current
Moved: 'hdfs://production/user/hdp_oc_team/hdp_oc_team.db/shopacctcntcteml/000182_0' to trash at: hdfs://production/user/hdp_oc_team/.Trash/Current
Moved: 'hdfs://production/user/hdp_oc_team/hdp_oc_team.db/shopacctcntcteml/000183_0' to trash at: hdfs://production/user/hdp_oc_team/.Trash/Current
Moved: 'hdfs://production/user/hdp_oc_team/hdp_oc_team.db/shopacctcntcteml/000184_0' to trash at: hdfs://production/user/hdp_oc_team/.Trash/Current
Moved: 'hdfs://production/user/hdp_oc_team/hdp_oc_team.db/shopacctcntcteml/000185_0' to trash at: hdfs://production/user/hdp_oc_team/.Trash/Current
Moved: 'hdfs://production/user/hdp_oc_team/hdp_oc_team.db/shopacctcntcteml/000186_0' to trash at: hdfs://production/user/hdp_oc_team/.Trash/Current
Moved: 'hdfs://production/user/hdp_oc_team/hdp_oc_team.db/shopacctcntcteml/000187_0' to trash at: hdfs://production/user/hdp_oc_team/.Trash/Current
Moved: 'hdfs://production/user/hdp_oc_team/hdp_oc_team.db/shopacctcntcteml/000188_0' to trash at: hdfs://production/user/hdp_oc_team/.Trash/Current
Moved: 'hdfs://production/user/hdp_oc_team/hdp_oc_team.db/shopacctcntcteml/000189_0' to trash at: hdfs://production/user/hdp_oc_team/.Trash/Current
Moved: 'hdfs://production/user/hdp_oc_team/hdp_oc_team.db/shopacctcntcteml/000190_0' to trash at: hdfs://production/user/hdp_oc_team/.Trash/Current
Moved: 'hdfs://production/user/hdp_oc_team/hdp_oc_team.db/shopacctcntcteml/000191_0' to trash at: hdfs://production/user/hdp_oc_team/.Trash/Current
Moved: 'hdfs://production/user/hdp_oc_team/hdp_oc_team.db/shopacctcntcteml/000192_0' to trash at: hdfs://production/user/hdp_oc_team/.Trash/Current
Moved: 'hdfs://production/user/hdp_oc_team/hdp_oc_team.db/shopacctcntcteml/000193_0' to trash at: hdfs://production/user/hdp_oc_team/.Trash/Current
Moved: 'hdfs://production/user/hdp_oc_team/hdp_oc_team.db/shopacctcntcteml/000194_0' to trash at: hdfs://production/user/hdp_oc_team/.Trash/Current
Moved: 'hdfs://production/user/hdp_oc_team/hdp_oc_team.db/shopacctcntcteml/000195_0' to trash at: hdfs://production/user/hdp_oc_team/.Trash/Current
Moved: 'hdfs://production/user/hdp_oc_team/hdp_oc_team.db/shopacctcntcteml/000196_0' to trash at: hdfs://production/user/hdp_oc_team/.Trash/Current
Moved: 'hdfs://production/user/hdp_oc_team/hdp_oc_team.db/shopacctcntcteml/000197_0' to trash at: hdfs://production/user/hdp_oc_team/.Trash/Current
Moved: 'hdfs://production/user/hdp_oc_team/hdp_oc_team.db/shopacctcntcteml/000198_0' to trash at: hdfs://production/user/hdp_oc_team/.Trash/Current
Moved: 'hdfs://production/user/hdp_oc_team/hdp_oc_team.db/shopacctcntcteml/000199_0' to trash at: hdfs://production/user/hdp_oc_team/.Trash/Current
Moved: 'hdfs://production/user/hdp_oc_team/hdp_oc_team.db/shopacctcntcteml/000200_0' to trash at: hdfs://production/user/hdp_oc_team/.Trash/Current
Moved: 'hdfs://production/user/hdp_oc_team/hdp_oc_team.db/shopacctcntcteml/000201_0' to trash at: hdfs://production/user/hdp_oc_team/.Trash/Current
Moved: 'hdfs://production/user/hdp_oc_team/hdp_oc_team.db/shopacctcntcteml/000202_0' to trash at: hdfs://production/user/hdp_oc_team/.Trash/Current
Moved: 'hdfs://production/user/hdp_oc_team/hdp_oc_team.db/shopacctcntcteml/000203_0' to trash at: hdfs://production/user/hdp_oc_team/.Trash/Current
Moved: 'hdfs://production/user/hdp_oc_team/hdp_oc_team.db/shopacctcntcteml/000204_0' to trash at: hdfs://production/user/hdp_oc_team/.Trash/Current
Moved: 'hdfs://production/user/hdp_oc_team/hdp_oc_team.db/shopacctcntcteml/000205_0' to trash at: hdfs://production/user/hdp_oc_team/.Trash/Current
Moved: 'hdfs://production/user/hdp_oc_team/hdp_oc_team.db/shopacctcntcteml/000206_0' to trash at: hdfs://production/user/hdp_oc_team/.Trash/Current
Moved: 'hdfs://production/user/hdp_oc_team/hdp_oc_team.db/shopacctcntcteml/000207_0' to trash at: hdfs://production/user/hdp_oc_team/.Trash/Current
Moved: 'hdfs://production/user/hdp_oc_team/hdp_oc_team.db/shopacctcntcteml/000208_0' to trash at: hdfs://production/user/hdp_oc_team/.Trash/Current
Moved: 'hdfs://production/user/hdp_oc_team/hdp_oc_team.db/shopacctcntcteml/000209_0' to trash at: hdfs://production/user/hdp_oc_team/.Trash/Current
Moved: 'hdfs://production/user/hdp_oc_team/hdp_oc_team.db/shopacctcntcteml/000210_0' to trash at: hdfs://production/user/hdp_oc_team/.Trash/Current
Moved: 'hdfs://production/user/hdp_oc_team/hdp_oc_team.db/shopacctcntcteml/000211_0' to trash at: hdfs://production/user/hdp_oc_team/.Trash/Current
Moved: 'hdfs://production/user/hdp_oc_team/hdp_oc_team.db/shopacctcntcteml/000212_0' to trash at: hdfs://production/user/hdp_oc_team/.Trash/Current
Moved: 'hdfs://production/user/hdp_oc_team/hdp_oc_team.db/shopacctcntcteml/000213_0' to trash at: hdfs://production/user/hdp_oc_team/.Trash/Current
Moved: 'hdfs://production/user/hdp_oc_team/hdp_oc_team.db/shopacctcntcteml/000214_0' to trash at: hdfs://production/user/hdp_oc_team/.Trash/Current
Moved: 'hdfs://production/user/hdp_oc_team/hdp_oc_team.db/shopacctcntcteml/000215_0' to trash at: hdfs://production/user/hdp_oc_team/.Trash/Current
Moved: 'hdfs://production/user/hdp_oc_team/hdp_oc_team.db/shopacctcntcteml/000216_0' to trash at: hdfs://production/user/hdp_oc_team/.Trash/Current
Moved: 'hdfs://production/user/hdp_oc_team/hdp_oc_team.db/shopacctcntcteml/000217_0' to trash at: hdfs://production/user/hdp_oc_team/.Trash/Current
Moved: 'hdfs://production/user/hdp_oc_team/hdp_oc_team.db/shopacctcntcteml/000218_0' to trash at: hdfs://production/user/hdp_oc_team/.Trash/Current
Moved: 'hdfs://production/user/hdp_oc_team/hdp_oc_team.db/shopacctcntcteml/000219_0' to trash at: hdfs://production/user/hdp_oc_team/.Trash/Current
Moved: 'hdfs://production/user/hdp_oc_team/hdp_oc_team.db/shopacctcntcteml/000220_0' to trash at: hdfs://production/user/hdp_oc_team/.Trash/Current
Moved: 'hdfs://production/user/hdp_oc_team/hdp_oc_team.db/shopacctcntcteml/000221_0' to trash at: hdfs://production/user/hdp_oc_team/.Trash/Current
Moved: 'hdfs://production/user/hdp_oc_team/hdp_oc_team.db/shopacctcntcteml/000222_0' to trash at: hdfs://production/user/hdp_oc_team/.Trash/Current
Moved: 'hdfs://production/user/hdp_oc_team/hdp_oc_team.db/shopacctcntcteml/000223_0' to trash at: hdfs://production/user/hdp_oc_team/.Trash/Current
Moved: 'hdfs://production/user/hdp_oc_team/hdp_oc_team.db/shopacctcntcteml/000224_0' to trash at: hdfs://production/user/hdp_oc_team/.Trash/Current
Moved: 'hdfs://production/user/hdp_oc_team/hdp_oc_team.db/shopacctcntcteml/000225_0' to trash at: hdfs://production/user/hdp_oc_team/.Trash/Current
Moved: 'hdfs://production/user/hdp_oc_team/hdp_oc_team.db/shopacctcntcteml/000226_0' to trash at: hdfs://production/user/hdp_oc_team/.Trash/Current
Moved: 'hdfs://production/user/hdp_oc_team/hdp_oc_team.db/shopacctcntcteml/000227_0' to trash at: hdfs://production/user/hdp_oc_team/.Trash/Current
Moved: 'hdfs://production/user/hdp_oc_team/hdp_oc_team.db/shopacctcntcteml/000228_0' to trash at: hdfs://production/user/hdp_oc_team/.Trash/Current
Moved: 'hdfs://production/user/hdp_oc_team/hdp_oc_team.db/shopacctcntcteml/000229_0' to trash at: hdfs://production/user/hdp_oc_team/.Trash/Current
Moved: 'hdfs://production/user/hdp_oc_team/hdp_oc_team.db/shopacctcntcteml/000230_0' to trash at: hdfs://production/user/hdp_oc_team/.Trash/Current
Moved: 'hdfs://production/user/hdp_oc_team/hdp_oc_team.db/shopacctcntcteml/000231_0' to trash at: hdfs://production/user/hdp_oc_team/.Trash/Current
Moved: 'hdfs://production/user/hdp_oc_team/hdp_oc_team.db/shopacctcntcteml/000232_0' to trash at: hdfs://production/user/hdp_oc_team/.Trash/Current
Moved: 'hdfs://production/user/hdp_oc_team/hdp_oc_team.db/shopacctcntcteml/000233_0' to trash at: hdfs://production/user/hdp_oc_team/.Trash/Current
Moved: 'hdfs://production/user/hdp_oc_team/hdp_oc_team.db/shopacctcntcteml/000234_0' to trash at: hdfs://production/user/hdp_oc_team/.Trash/Current
Moved: 'hdfs://production/user/hdp_oc_team/hdp_oc_team.db/shopacctcntcteml/000235_0' to trash at: hdfs://production/user/hdp_oc_team/.Trash/Current
Moved: 'hdfs://production/user/hdp_oc_team/hdp_oc_team.db/shopacctcntcteml/000236_0' to trash at: hdfs://production/user/hdp_oc_team/.Trash/Current
Moved: 'hdfs://production/user/hdp_oc_team/hdp_oc_team.db/shopacctcntcteml/000237_0' to trash at: hdfs://production/user/hdp_oc_team/.Trash/Current
Moved: 'hdfs://production/user/hdp_oc_team/hdp_oc_team.db/shopacctcntcteml/000238_0' to trash at: hdfs://production/user/hdp_oc_team/.Trash/Current
Moved: 'hdfs://production/user/hdp_oc_team/hdp_oc_team.db/shopacctcntcteml/000239_0' to trash at: hdfs://production/user/hdp_oc_team/.Trash/Current
Moved: 'hdfs://production/user/hdp_oc_team/hdp_oc_team.db/shopacctcntcteml/000240_0' to trash at: hdfs://production/user/hdp_oc_team/.Trash/Current
Moved: 'hdfs://production/user/hdp_oc_team/hdp_oc_team.db/shopacctcntcteml/000241_0' to trash at: hdfs://production/user/hdp_oc_team/.Trash/Current
Moved: 'hdfs://production/user/hdp_oc_team/hdp_oc_team.db/shopacctcntcteml/000242_0' to trash at: hdfs://production/user/hdp_oc_team/.Trash/Current
Moved: 'hdfs://production/user/hdp_oc_team/hdp_oc_team.db/shopacctcntcteml/000243_0' to trash at: hdfs://production/user/hdp_oc_team/.Trash/Current
Moved: 'hdfs://production/user/hdp_oc_team/hdp_oc_team.db/shopacctcntcteml/000244_0' to trash at: hdfs://production/user/hdp_oc_team/.Trash/Current
Moved: 'hdfs://production/user/hdp_oc_team/hdp_oc_team.db/shopacctcntcteml/000245_0' to trash at: hdfs://production/user/hdp_oc_team/.Trash/Current
Moved: 'hdfs://production/user/hdp_oc_team/hdp_oc_team.db/shopacctcntcteml/000246_0' to trash at: hdfs://production/user/hdp_oc_team/.Trash/Current
Moved: 'hdfs://production/user/hdp_oc_team/hdp_oc_team.db/shopacctcntcteml/000247_0' to trash at: hdfs://production/user/hdp_oc_team/.Trash/Current
Moved: 'hdfs://production/user/hdp_oc_team/hdp_oc_team.db/shopacctcntcteml/000248_0' to trash at: hdfs://production/user/hdp_oc_team/.Trash/Current
Moved: 'hdfs://production/user/hdp_oc_team/hdp_oc_team.db/shopacctcntcteml/000249_0' to trash at: hdfs://production/user/hdp_oc_team/.Trash/Current
Moved: 'hdfs://production/user/hdp_oc_team/hdp_oc_team.db/shopacctcntcteml/000250_0' to trash at: hdfs://production/user/hdp_oc_team/.Trash/Current
Moved: 'hdfs://production/user/hdp_oc_team/hdp_oc_team.db/shopacctcntcteml/000251_0' to trash at: hdfs://production/user/hdp_oc_team/.Trash/Current
Moved: 'hdfs://production/user/hdp_oc_team/hdp_oc_team.db/shopacctcntcteml/000252_0' to trash at: hdfs://production/user/hdp_oc_team/.Trash/Current
Moved: 'hdfs://production/user/hdp_oc_team/hdp_oc_team.db/shopacctcntcteml/000253_0' to trash at: hdfs://production/user/hdp_oc_team/.Trash/Current
Moved: 'hdfs://production/user/hdp_oc_team/hdp_oc_team.db/shopacctcntcteml/000254_0' to trash at: hdfs://production/user/hdp_oc_team/.Trash/Current
Moved: 'hdfs://production/user/hdp_oc_team/hdp_oc_team.db/shopacctcntcteml/000255_0' to trash at: hdfs://production/user/hdp_oc_team/.Trash/Current
Moved: 'hdfs://production/user/hdp_oc_team/hdp_oc_team.db/shopacctcntcteml/000256_0' to trash at: hdfs://production/user/hdp_oc_team/.Trash/Current
Moved: 'hdfs://production/user/hdp_oc_team/hdp_oc_team.db/shopacctcntcteml/000257_0' to trash at: hdfs://production/user/hdp_oc_team/.Trash/Current
Moved: 'hdfs://production/user/hdp_oc_team/hdp_oc_team.db/shopacctcntcteml/000258_0' to trash at: hdfs://production/user/hdp_oc_team/.Trash/Current
Moved: 'hdfs://production/user/hdp_oc_team/hdp_oc_team.db/shopacctcntcteml/000259_0' to trash at: hdfs://production/user/hdp_oc_team/.Trash/Current
Moved: 'hdfs://production/user/hdp_oc_team/hdp_oc_team.db/shopacctcntcteml/000260_0' to trash at: hdfs://production/user/hdp_oc_team/.Trash/Current
Moved: 'hdfs://production/user/hdp_oc_team/hdp_oc_team.db/shopacctcntcteml/000261_0' to trash at: hdfs://production/user/hdp_oc_team/.Trash/Current
Moved: 'hdfs://production/user/hdp_oc_team/hdp_oc_team.db/shopacctcntcteml/000262_0' to trash at: hdfs://production/user/hdp_oc_team/.Trash/Current
Moved: 'hdfs://production/user/hdp_oc_team/hdp_oc_team.db/shopacctcntcteml/000263_0' to trash at: hdfs://production/user/hdp_oc_team/.Trash/Current
Moved: 'hdfs://production/user/hdp_oc_team/hdp_oc_team.db/shopacctcntcteml/000264_0' to trash at: hdfs://production/user/hdp_oc_team/.Trash/Current
Moved: 'hdfs://production/user/hdp_oc_team/hdp_oc_team.db/shopacctcntcteml/000265_0' to trash at: hdfs://production/user/hdp_oc_team/.Trash/Current
Moved: 'hdfs://production/user/hdp_oc_team/hdp_oc_team.db/shopacctcntcteml/000266_0' to trash at: hdfs://production/user/hdp_oc_team/.Trash/Current
Moved: 'hdfs://production/user/hdp_oc_team/hdp_oc_team.db/shopacctcntcteml/000267_0' to trash at: hdfs://production/user/hdp_oc_team/.Trash/Current
Moved: 'hdfs://production/user/hdp_oc_team/hdp_oc_team.db/shopacctcntcteml/000268_0' to trash at: hdfs://production/user/hdp_oc_team/.Trash/Current
Moved: 'hdfs://production/user/hdp_oc_team/hdp_oc_team.db/shopacctcntcteml/000269_0' to trash at: hdfs://production/user/hdp_oc_team/.Trash/Current
Moved: 'hdfs://production/user/hdp_oc_team/hdp_oc_team.db/shopacctcntcteml/000270_0' to trash at: hdfs://production/user/hdp_oc_team/.Trash/Current
Moved: 'hdfs://production/user/hdp_oc_team/hdp_oc_team.db/shopacctcntcteml/000271_0' to trash at: hdfs://production/user/hdp_oc_team/.Trash/Current
Moved: 'hdfs://production/user/hdp_oc_team/hdp_oc_team.db/shopacctcntcteml/000272_0' to trash at: hdfs://production/user/hdp_oc_team/.Trash/Current
Moved: 'hdfs://production/user/hdp_oc_team/hdp_oc_team.db/shopacctcntcteml/000273_0' to trash at: hdfs://production/user/hdp_oc_team/.Trash/Current
Moved: 'hdfs://production/user/hdp_oc_team/hdp_oc_team.db/shopacctcntcteml/000274_0' to trash at: hdfs://production/user/hdp_oc_team/.Trash/Current
Moved: 'hdfs://production/user/hdp_oc_team/hdp_oc_team.db/shopacctcntcteml/000275_0' to trash at: hdfs://production/user/hdp_oc_team/.Trash/Current
Moved: 'hdfs://production/user/hdp_oc_team/hdp_oc_team.db/shopacctcntcteml/000276_0' to trash at: hdfs://production/user/hdp_oc_team/.Trash/Current
Moved: 'hdfs://production/user/hdp_oc_team/hdp_oc_team.db/shopacctcntcteml/000277_0' to trash at: hdfs://production/user/hdp_oc_team/.Trash/Current
Moved: 'hdfs://production/user/hdp_oc_team/hdp_oc_team.db/shopacctcntcteml/000278_0' to trash at: hdfs://production/user/hdp_oc_team/.Trash/Current
Moved: 'hdfs://production/user/hdp_oc_team/hdp_oc_team.db/shopacctcntcteml/000279_0' to trash at: hdfs://production/user/hdp_oc_team/.Trash/Current
Moved: 'hdfs://production/user/hdp_oc_team/hdp_oc_team.db/shopacctcntcteml/000280_0' to trash at: hdfs://production/user/hdp_oc_team/.Trash/Current
Moved: 'hdfs://production/user/hdp_oc_team/hdp_oc_team.db/shopacctcntcteml/000281_0' to trash at: hdfs://production/user/hdp_oc_team/.Trash/Current
Moved: 'hdfs://production/user/hdp_oc_team/hdp_oc_team.db/shopacctcntcteml/000282_0' to trash at: hdfs://production/user/hdp_oc_team/.Trash/Current
Moved: 'hdfs://production/user/hdp_oc_team/hdp_oc_team.db/shopacctcntcteml/000283_0' to trash at: hdfs://production/user/hdp_oc_team/.Trash/Current
Moved: 'hdfs://production/user/hdp_oc_team/hdp_oc_team.db/shopacctcntcteml/000284_0' to trash at: hdfs://production/user/hdp_oc_team/.Trash/Current
Moved: 'hdfs://production/user/hdp_oc_team/hdp_oc_team.db/shopacctcntcteml/000285_0' to trash at: hdfs://production/user/hdp_oc_team/.Trash/Current
Moved: 'hdfs://production/user/hdp_oc_team/hdp_oc_team.db/shopacctcntcteml/000286_0' to trash at: hdfs://production/user/hdp_oc_team/.Trash/Current
Moved: 'hdfs://production/user/hdp_oc_team/hdp_oc_team.db/shopacctcntcteml/000287_0' to trash at: hdfs://production/user/hdp_oc_team/.Trash/Current
Moved: 'hdfs://production/user/hdp_oc_team/hdp_oc_team.db/shopacctcntcteml/000288_0' to trash at: hdfs://production/user/hdp_oc_team/.Trash/Current
Moved: 'hdfs://production/user/hdp_oc_team/hdp_oc_team.db/shopacctcntcteml/000289_0' to trash at: hdfs://production/user/hdp_oc_team/.Trash/Current
Moved: 'hdfs://production/user/hdp_oc_team/hdp_oc_team.db/shopacctcntcteml/000290_0' to trash at: hdfs://production/user/hdp_oc_team/.Trash/Current
Moved: 'hdfs://production/user/hdp_oc_team/hdp_oc_team.db/shopacctcntcteml/000291_0' to trash at: hdfs://production/user/hdp_oc_team/.Trash/Current
Moved: 'hdfs://production/user/hdp_oc_team/hdp_oc_team.db/shopacctcntcteml/000292_0' to trash at: hdfs://production/user/hdp_oc_team/.Trash/Current
Moved: 'hdfs://production/user/hdp_oc_team/hdp_oc_team.db/shopacctcntcteml/000293_0' to trash at: hdfs://production/user/hdp_oc_team/.Trash/Current
Moved: 'hdfs://production/user/hdp_oc_team/hdp_oc_team.db/shopacctcntcteml/000294_0' to trash at: hdfs://production/user/hdp_oc_team/.Trash/Current
Moved: 'hdfs://production/user/hdp_oc_team/hdp_oc_team.db/shopacctcntcteml/000295_0' to trash at: hdfs://production/user/hdp_oc_team/.Trash/Current
Moved: 'hdfs://production/user/hdp_oc_team/hdp_oc_team.db/shopacctcntcteml/000296_0' to trash at: hdfs://production/user/hdp_oc_team/.Trash/Current
Moved: 'hdfs://production/user/hdp_oc_team/hdp_oc_team.db/shopacctcntcteml/000297_0' to trash at: hdfs://production/user/hdp_oc_team/.Trash/Current
Moved: 'hdfs://production/user/hdp_oc_team/hdp_oc_team.db/shopacctcntcteml/000298_0' to trash at: hdfs://production/user/hdp_oc_team/.Trash/Current
Moved: 'hdfs://production/user/hdp_oc_team/hdp_oc_team.db/shopacctcntcteml/000299_0' to trash at: hdfs://production/user/hdp_oc_team/.Trash/Current
Moved: 'hdfs://production/user/hdp_oc_team/hdp_oc_team.db/shopacctcntcteml/000300_0' to trash at: hdfs://production/user/hdp_oc_team/.Trash/Current
Moved: 'hdfs://production/user/hdp_oc_team/hdp_oc_team.db/shopacctcntcteml/000301_0' to trash at: hdfs://production/user/hdp_oc_team/.Trash/Current
Moved: 'hdfs://production/user/hdp_oc_team/hdp_oc_team.db/shopacctcntcteml/000302_0' to trash at: hdfs://production/user/hdp_oc_team/.Trash/Current
Moved: 'hdfs://production/user/hdp_oc_team/hdp_oc_team.db/shopacctcntcteml/000303_0' to trash at: hdfs://production/user/hdp_oc_team/.Trash/Current
Moved: 'hdfs://production/user/hdp_oc_team/hdp_oc_team.db/shopacctcntcteml/000304_0' to trash at: hdfs://production/user/hdp_oc_team/.Trash/Current
Moved: 'hdfs://production/user/hdp_oc_team/hdp_oc_team.db/shopacctcntcteml/000305_0' to trash at: hdfs://production/user/hdp_oc_team/.Trash/Current
Moved: 'hdfs://production/user/hdp_oc_team/hdp_oc_team.db/shopacctcntcteml/000306_0' to trash at: hdfs://production/user/hdp_oc_team/.Trash/Current
Moved: 'hdfs://production/user/hdp_oc_team/hdp_oc_team.db/shopacctcntcteml/000307_0' to trash at: hdfs://production/user/hdp_oc_team/.Trash/Current
Moved: 'hdfs://production/user/hdp_oc_team/hdp_oc_team.db/shopacctcntcteml/000308_0' to trash at: hdfs://production/user/hdp_oc_team/.Trash/Current
Moved: 'hdfs://production/user/hdp_oc_team/hdp_oc_team.db/shopacctcntcteml/000309_0' to trash at: hdfs://production/user/hdp_oc_team/.Trash/Current
Moved: 'hdfs://production/user/hdp_oc_team/hdp_oc_team.db/shopacctcntcteml/000310_0' to trash at: hdfs://production/user/hdp_oc_team/.Trash/Current
Moved: 'hdfs://production/user/hdp_oc_team/hdp_oc_team.db/shopacctcntcteml/000311_0' to trash at: hdfs://production/user/hdp_oc_team/.Trash/Current
Moved: 'hdfs://production/user/hdp_oc_team/hdp_oc_team.db/shopacctcntcteml/000312_0' to trash at: hdfs://production/user/hdp_oc_team/.Trash/Current
Moved: 'hdfs://production/user/hdp_oc_team/hdp_oc_team.db/shopacctcntcteml/000313_0' to trash at: hdfs://production/user/hdp_oc_team/.Trash/Current
Moved: 'hdfs://production/user/hdp_oc_team/hdp_oc_team.db/shopacctcntcteml/000314_0' to trash at: hdfs://production/user/hdp_oc_team/.Trash/Current
Moved: 'hdfs://production/user/hdp_oc_team/hdp_oc_team.db/shopacctcntcteml/000315_0' to trash at: hdfs://production/user/hdp_oc_team/.Trash/Current
Moved: 'hdfs://production/user/hdp_oc_team/hdp_oc_team.db/shopacctcntcteml/000316_0' to trash at: hdfs://production/user/hdp_oc_team/.Trash/Current
Moved: 'hdfs://production/user/hdp_oc_team/hdp_oc_team.db/shopacctcntcteml/000317_0' to trash at: hdfs://production/user/hdp_oc_team/.Trash/Current
Moved: 'hdfs://production/user/hdp_oc_team/hdp_oc_team.db/shopacctcntcteml/000318_0' to trash at: hdfs://production/user/hdp_oc_team/.Trash/Current
Moved: 'hdfs://production/user/hdp_oc_team/hdp_oc_team.db/shopacctcntcteml/000319_0' to trash at: hdfs://production/user/hdp_oc_team/.Trash/Current
Moved: 'hdfs://production/user/hdp_oc_team/hdp_oc_team.db/shopacctcntcteml/000320_0' to trash at: hdfs://production/user/hdp_oc_team/.Trash/Current
Moved: 'hdfs://production/user/hdp_oc_team/hdp_oc_team.db/shopacctcntcteml/000321_0' to trash at: hdfs://production/user/hdp_oc_team/.Trash/Current
Moved: 'hdfs://production/user/hdp_oc_team/hdp_oc_team.db/shopacctcntcteml/000322_0' to trash at: hdfs://production/user/hdp_oc_team/.Trash/Current
Moved: 'hdfs://production/user/hdp_oc_team/hdp_oc_team.db/shopacctcntcteml/000323_0' to trash at: hdfs://production/user/hdp_oc_team/.Trash/Current
Moved: 'hdfs://production/user/hdp_oc_team/hdp_oc_team.db/shopacctcntcteml/000324_0' to trash at: hdfs://production/user/hdp_oc_team/.Trash/Current
Moved: 'hdfs://production/user/hdp_oc_team/hdp_oc_team.db/shopacctcntcteml/000325_0' to trash at: hdfs://production/user/hdp_oc_team/.Trash/Current
Moved: 'hdfs://production/user/hdp_oc_team/hdp_oc_team.db/shopacctcntcteml/000326_0' to trash at: hdfs://production/user/hdp_oc_team/.Trash/Current
Moved: 'hdfs://production/user/hdp_oc_team/hdp_oc_team.db/shopacctcntcteml/000327_0' to trash at: hdfs://production/user/hdp_oc_team/.Trash/Current
Moved: 'hdfs://production/user/hdp_oc_team/hdp_oc_team.db/shopacctcntcteml/000328_0' to trash at: hdfs://production/user/hdp_oc_team/.Trash/Current
Moved: 'hdfs://production/user/hdp_oc_team/hdp_oc_team.db/shopacctcntcteml/000329_0' to trash at: hdfs://production/user/hdp_oc_team/.Trash/Current
Moved: 'hdfs://production/user/hdp_oc_team/hdp_oc_team.db/shopacctcntcteml/000330_0' to trash at: hdfs://production/user/hdp_oc_team/.Trash/Current
Moved: 'hdfs://production/user/hdp_oc_team/hdp_oc_team.db/shopacctcntcteml/000331_0' to trash at: hdfs://production/user/hdp_oc_team/.Trash/Current
Moved: 'hdfs://production/user/hdp_oc_team/hdp_oc_team.db/shopacctcntcteml/000332_0' to trash at: hdfs://production/user/hdp_oc_team/.Trash/Current
Moved: 'hdfs://production/user/hdp_oc_team/hdp_oc_team.db/shopacctcntcteml/000333_0' to trash at: hdfs://production/user/hdp_oc_team/.Trash/Current
Moved: 'hdfs://production/user/hdp_oc_team/hdp_oc_team.db/shopacctcntcteml/000334_0' to trash at: hdfs://production/user/hdp_oc_team/.Trash/Current
Moved: 'hdfs://production/user/hdp_oc_team/hdp_oc_team.db/shopacctcntcteml/000335_0' to trash at: hdfs://production/user/hdp_oc_team/.Trash/Current
Moved: 'hdfs://production/user/hdp_oc_team/hdp_oc_team.db/shopacctcntcteml/000336_0' to trash at: hdfs://production/user/hdp_oc_team/.Trash/Current
Moved: 'hdfs://production/user/hdp_oc_team/hdp_oc_team.db/shopacctcntcteml/000337_0' to trash at: hdfs://production/user/hdp_oc_team/.Trash/Current
Moved: 'hdfs://production/user/hdp_oc_team/hdp_oc_team.db/shopacctcntcteml/000338_0' to trash at: hdfs://production/user/hdp_oc_team/.Trash/Current
Moved: 'hdfs://production/user/hdp_oc_team/hdp_oc_team.db/shopacctcntcteml/000339_0' to trash at: hdfs://production/user/hdp_oc_team/.Trash/Current
Moved: 'hdfs://production/user/hdp_oc_team/hdp_oc_team.db/shopacctcntcteml/000340_0' to trash at: hdfs://production/user/hdp_oc_team/.Trash/Current
Moved: 'hdfs://production/user/hdp_oc_team/hdp_oc_team.db/shopacctcntcteml/000341_0' to trash at: hdfs://production/user/hdp_oc_team/.Trash/Current
Moved: 'hdfs://production/user/hdp_oc_team/hdp_oc_team.db/shopacctcntcteml/000342_0' to trash at: hdfs://production/user/hdp_oc_team/.Trash/Current
Moved: 'hdfs://production/user/hdp_oc_team/hdp_oc_team.db/shopacctcntcteml/000343_0' to trash at: hdfs://production/user/hdp_oc_team/.Trash/Current
Moved: 'hdfs://production/user/hdp_oc_team/hdp_oc_team.db/shopacctcntcteml/000344_0' to trash at: hdfs://production/user/hdp_oc_team/.Trash/Current
Moved: 'hdfs://production/user/hdp_oc_team/hdp_oc_team.db/shopacctcntcteml/000345_0' to trash at: hdfs://production/user/hdp_oc_team/.Trash/Current
Moved: 'hdfs://production/user/hdp_oc_team/hdp_oc_team.db/shopacctcntcteml/000346_0' to trash at: hdfs://production/user/hdp_oc_team/.Trash/Current
Moved: 'hdfs://production/user/hdp_oc_team/hdp_oc_team.db/shopacctcntcteml/000347_0' to trash at: hdfs://production/user/hdp_oc_team/.Trash/Current
Moved: 'hdfs://production/user/hdp_oc_team/hdp_oc_team.db/shopacctcntcteml/000348_0' to trash at: hdfs://production/user/hdp_oc_team/.Trash/Current
Moved: 'hdfs://production/user/hdp_oc_team/hdp_oc_team.db/shopacctcntcteml/000349_0' to trash at: hdfs://production/user/hdp_oc_team/.Trash/Current
Moved: 'hdfs://production/user/hdp_oc_team/hdp_oc_team.db/shopacctcntcteml/000350_0' to trash at: hdfs://production/user/hdp_oc_team/.Trash/Current
Moved: 'hdfs://production/user/hdp_oc_team/hdp_oc_team.db/shopacctcntcteml/000351_0' to trash at: hdfs://production/user/hdp_oc_team/.Trash/Current
Moved: 'hdfs://production/user/hdp_oc_team/hdp_oc_team.db/shopacctcntcteml/000352_0' to trash at: hdfs://production/user/hdp_oc_team/.Trash/Current
Moved: 'hdfs://production/user/hdp_oc_team/hdp_oc_team.db/shopacctcntcteml/000353_0' to trash at: hdfs://production/user/hdp_oc_team/.Trash/Current
Moved: 'hdfs://production/user/hdp_oc_team/hdp_oc_team.db/shopacctcntcteml/000354_0' to trash at: hdfs://production/user/hdp_oc_team/.Trash/Current
Moved: 'hdfs://production/user/hdp_oc_team/hdp_oc_team.db/shopacctcntcteml/000355_0' to trash at: hdfs://production/user/hdp_oc_team/.Trash/Current
Moved: 'hdfs://production/user/hdp_oc_team/hdp_oc_team.db/shopacctcntcteml/000356_0' to trash at: hdfs://production/user/hdp_oc_team/.Trash/Current
Moved: 'hdfs://production/user/hdp_oc_team/hdp_oc_team.db/shopacctcntcteml/000357_0' to trash at: hdfs://production/user/hdp_oc_team/.Trash/Current
Moved: 'hdfs://production/user/hdp_oc_team/hdp_oc_team.db/shopacctcntcteml/000358_0' to trash at: hdfs://production/user/hdp_oc_team/.Trash/Current
Moved: 'hdfs://production/user/hdp_oc_team/hdp_oc_team.db/shopacctcntcteml/000359_0' to trash at: hdfs://production/user/hdp_oc_team/.Trash/Current
Moved: 'hdfs://production/user/hdp_oc_team/hdp_oc_team.db/shopacctcntcteml/000360_0' to trash at: hdfs://production/user/hdp_oc_team/.Trash/Current
Moved: 'hdfs://production/user/hdp_oc_team/hdp_oc_team.db/shopacctcntcteml/000361_0' to trash at: hdfs://production/user/hdp_oc_team/.Trash/Current
Moved: 'hdfs://production/user/hdp_oc_team/hdp_oc_team.db/shopacctcntcteml/000362_0' to trash at: hdfs://production/user/hdp_oc_team/.Trash/Current
Moved: 'hdfs://production/user/hdp_oc_team/hdp_oc_team.db/shopacctcntcteml/000363_0' to trash at: hdfs://production/user/hdp_oc_team/.Trash/Current
Moved: 'hdfs://production/user/hdp_oc_team/hdp_oc_team.db/shopacctcntcteml/000364_0' to trash at: hdfs://production/user/hdp_oc_team/.Trash/Current
Moved: 'hdfs://production/user/hdp_oc_team/hdp_oc_team.db/shopacctcntcteml/000365_0' to trash at: hdfs://production/user/hdp_oc_team/.Trash/Current
Moved: 'hdfs://production/user/hdp_oc_team/hdp_oc_team.db/shopacctcntcteml/000366_0' to trash at: hdfs://production/user/hdp_oc_team/.Trash/Current
Moved: 'hdfs://production/user/hdp_oc_team/hdp_oc_team.db/shopacctcntcteml/000367_0' to trash at: hdfs://production/user/hdp_oc_team/.Trash/Current
Moved: 'hdfs://production/user/hdp_oc_team/hdp_oc_team.db/shopacctcntcteml/000368_0' to trash at: hdfs://production/user/hdp_oc_team/.Trash/Current
Moved: 'hdfs://production/user/hdp_oc_team/hdp_oc_team.db/shopacctcntcteml/000369_0' to trash at: hdfs://production/user/hdp_oc_team/.Trash/Current
Moved: 'hdfs://production/user/hdp_oc_team/hdp_oc_team.db/shopacctcntcteml/000370_0' to trash at: hdfs://production/user/hdp_oc_team/.Trash/Current
Moved: 'hdfs://production/user/hdp_oc_team/hdp_oc_team.db/shopacctcntcteml/000371_0' to trash at: hdfs://production/user/hdp_oc_team/.Trash/Current
Moved: 'hdfs://production/user/hdp_oc_team/hdp_oc_team.db/shopacctcntcteml/000372_0' to trash at: hdfs://production/user/hdp_oc_team/.Trash/Current
Moved: 'hdfs://production/user/hdp_oc_team/hdp_oc_team.db/shopacctcntcteml/000373_0' to trash at: hdfs://production/user/hdp_oc_team/.Trash/Current
Moved: 'hdfs://production/user/hdp_oc_team/hdp_oc_team.db/shopacctcntcteml/000374_0' to trash at: hdfs://production/user/hdp_oc_team/.Trash/Current
Moved: 'hdfs://production/user/hdp_oc_team/hdp_oc_team.db/shopacctcntcteml/000375_0' to trash at: hdfs://production/user/hdp_oc_team/.Trash/Current
Moved: 'hdfs://production/user/hdp_oc_team/hdp_oc_team.db/shopacctcntcteml/000376_0' to trash at: hdfs://production/user/hdp_oc_team/.Trash/Current
Moved: 'hdfs://production/user/hdp_oc_team/hdp_oc_team.db/shopacctcntcteml/000377_0' to trash at: hdfs://production/user/hdp_oc_team/.Trash/Current
Moved: 'hdfs://production/user/hdp_oc_team/hdp_oc_team.db/shopacctcntcteml/000378_0' to trash at: hdfs://production/user/hdp_oc_team/.Trash/Current
Moved: 'hdfs://production/user/hdp_oc_team/hdp_oc_team.db/shopacctcntcteml/000379_0' to trash at: hdfs://production/user/hdp_oc_team/.Trash/Current
Moved: 'hdfs://production/user/hdp_oc_team/hdp_oc_team.db/shopacctcntcteml/000380_0' to trash at: hdfs://production/user/hdp_oc_team/.Trash/Current
Moved: 'hdfs://production/user/hdp_oc_team/hdp_oc_team.db/shopacctcntcteml/000381_0' to trash at: hdfs://production/user/hdp_oc_team/.Trash/Current
Moved: 'hdfs://production/user/hdp_oc_team/hdp_oc_team.db/shopacctcntcteml/000382_0' to trash at: hdfs://production/user/hdp_oc_team/.Trash/Current
Moved: 'hdfs://production/user/hdp_oc_team/hdp_oc_team.db/shopacctcntcteml/000383_0' to trash at: hdfs://production/user/hdp_oc_team/.Trash/Current
Moved: 'hdfs://production/user/hdp_oc_team/hdp_oc_team.db/shopacctcntcteml/000384_0' to trash at: hdfs://production/user/hdp_oc_team/.Trash/Current
Moved: 'hdfs://production/user/hdp_oc_team/hdp_oc_team.db/shopacctcntcteml/000385_0' to trash at: hdfs://production/user/hdp_oc_team/.Trash/Current
Moved: 'hdfs://production/user/hdp_oc_team/hdp_oc_team.db/shopacctcntcteml/000386_0' to trash at: hdfs://production/user/hdp_oc_team/.Trash/Current
Moved: 'hdfs://production/user/hdp_oc_team/hdp_oc_team.db/shopacctcntcteml/000387_0' to trash at: hdfs://production/user/hdp_oc_team/.Trash/Current
Moved: 'hdfs://production/user/hdp_oc_team/hdp_oc_team.db/shopacctcntcteml/000388_0' to trash at: hdfs://production/user/hdp_oc_team/.Trash/Current
Moved: 'hdfs://production/user/hdp_oc_team/hdp_oc_team.db/shopacctcntcteml/000389_0' to trash at: hdfs://production/user/hdp_oc_team/.Trash/Current
Moved: 'hdfs://production/user/hdp_oc_team/hdp_oc_team.db/shopacctcntcteml/000390_0' to trash at: hdfs://production/user/hdp_oc_team/.Trash/Current
Moved: 'hdfs://production/user/hdp_oc_team/hdp_oc_team.db/shopacctcntcteml/000391_0' to trash at: hdfs://production/user/hdp_oc_team/.Trash/Current
Moved: 'hdfs://production/user/hdp_oc_team/hdp_oc_team.db/shopacctcntcteml/000392_0' to trash at: hdfs://production/user/hdp_oc_team/.Trash/Current
Moved: 'hdfs://production/user/hdp_oc_team/hdp_oc_team.db/shopacctcntcteml/000393_0' to trash at: hdfs://production/user/hdp_oc_team/.Trash/Current
Moved: 'hdfs://production/user/hdp_oc_team/hdp_oc_team.db/shopacctcntcteml/000394_0' to trash at: hdfs://production/user/hdp_oc_team/.Trash/Current
Moved: 'hdfs://production/user/hdp_oc_team/hdp_oc_team.db/shopacctcntcteml/000395_0' to trash at: hdfs://production/user/hdp_oc_team/.Trash/Current
Moved: 'hdfs://production/user/hdp_oc_team/hdp_oc_team.db/shopacctcntcteml/000396_0' to trash at: hdfs://production/user/hdp_oc_team/.Trash/Current
Moved: 'hdfs://production/user/hdp_oc_team/hdp_oc_team.db/shopacctcntcteml/000397_0' to trash at: hdfs://production/user/hdp_oc_team/.Trash/Current
Moved: 'hdfs://production/user/hdp_oc_team/hdp_oc_team.db/shopacctcntcteml/000398_0' to trash at: hdfs://production/user/hdp_oc_team/.Trash/Current
Moved: 'hdfs://production/user/hdp_oc_team/hdp_oc_team.db/shopacctcntcteml/000399_0' to trash at: hdfs://production/user/hdp_oc_team/.Trash/Current
Moved: 'hdfs://production/user/hdp_oc_team/hdp_oc_team.db/shopacctcntcteml/000400_0' to trash at: hdfs://production/user/hdp_oc_team/.Trash/Current
Moved: 'hdfs://production/user/hdp_oc_team/hdp_oc_team.db/shopacctcntcteml/000401_0' to trash at: hdfs://production/user/hdp_oc_team/.Trash/Current
Moved: 'hdfs://production/user/hdp_oc_team/hdp_oc_team.db/shopacctcntcteml/000402_0' to trash at: hdfs://production/user/hdp_oc_team/.Trash/Current
Moved: 'hdfs://production/user/hdp_oc_team/hdp_oc_team.db/shopacctcntcteml/000403_0' to trash at: hdfs://production/user/hdp_oc_team/.Trash/Current
Moved: 'hdfs://production/user/hdp_oc_team/hdp_oc_team.db/shopacctcntcteml/000404_0' to trash at: hdfs://production/user/hdp_oc_team/.Trash/Current
Moved: 'hdfs://production/user/hdp_oc_team/hdp_oc_team.db/shopacctcntcteml/000405_0' to trash at: hdfs://production/user/hdp_oc_team/.Trash/Current
Moved: 'hdfs://production/user/hdp_oc_team/hdp_oc_team.db/shopacctcntcteml/000406_0' to trash at: hdfs://production/user/hdp_oc_team/.Trash/Current
Moved: 'hdfs://production/user/hdp_oc_team/hdp_oc_team.db/shopacctcntcteml/000407_0' to trash at: hdfs://production/user/hdp_oc_team/.Trash/Current
Moved: 'hdfs://production/user/hdp_oc_team/hdp_oc_team.db/shopacctcntcteml/000408_0' to trash at: hdfs://production/user/hdp_oc_team/.Trash/Current
Moved: 'hdfs://production/user/hdp_oc_team/hdp_oc_team.db/shopacctcntcteml/000409_0' to trash at: hdfs://production/user/hdp_oc_team/.Trash/Current
Moved: 'hdfs://production/user/hdp_oc_team/hdp_oc_team.db/shopacctcntcteml/000410_0' to trash at: hdfs://production/user/hdp_oc_team/.Trash/Current
Moved: 'hdfs://production/user/hdp_oc_team/hdp_oc_team.db/shopacctcntcteml/000411_0' to trash at: hdfs://production/user/hdp_oc_team/.Trash/Current
Moved: 'hdfs://production/user/hdp_oc_team/hdp_oc_team.db/shopacctcntcteml/000412_0' to trash at: hdfs://production/user/hdp_oc_team/.Trash/Current
Moved: 'hdfs://production/user/hdp_oc_team/hdp_oc_team.db/shopacctcntcteml/000413_0' to trash at: hdfs://production/user/hdp_oc_team/.Trash/Current
Moved: 'hdfs://production/user/hdp_oc_team/hdp_oc_team.db/shopacctcntcteml/000414_0' to trash at: hdfs://production/user/hdp_oc_team/.Trash/Current
Moved: 'hdfs://production/user/hdp_oc_team/hdp_oc_team.db/shopacctcntcteml/000415_0' to trash at: hdfs://production/user/hdp_oc_team/.Trash/Current
Moved: 'hdfs://production/user/hdp_oc_team/hdp_oc_team.db/shopacctcntcteml/000416_0' to trash at: hdfs://production/user/hdp_oc_team/.Trash/Current
Moved: 'hdfs://production/user/hdp_oc_team/hdp_oc_team.db/shopacctcntcteml/000417_0' to trash at: hdfs://production/user/hdp_oc_team/.Trash/Current
Table hdp_oc_team.shopacctcntcteml stats: [numFiles=417, numRows=743110912, totalSize=121135761062, rawDataSize=120392650150]
MapReduce Jobs Launched: 
Stage-Stage-1: Map: 373  Reduce: 680   Cumulative CPU: 161062.83 sec   HDFS Read: 17237124052 HDFS Write: 106743910930 SUCCESS
Stage-Stage-2: Map: 389  Reduce: 417   Cumulative CPU: 30753.88 sec   HDFS Read: 106750532603 HDFS Write: 121135801094 SUCCESS
Total MapReduce CPU Time Spent: 2 days 5 hours 16 minutes 56 seconds 710 msec
OK
Time taken: 440.071 seconds
16/12/20 00:08:42 INFO tool.ConnectorExportTool: ConnectorExportTool starts at 1482217722315
16/12/20 00:08:42 INFO common.ConnectorPlugin: load plugins in file:/tmp/hadoop-unjar3387263063994359627/teradata.connector.plugins.xml
16/12/20 00:08:42 INFO processor.TeradataOutputProcessor: output preprocessor com.teradata.connector.teradata.processor.TeradataBatchInsertProcessor starts at:  1482217722990
16/12/20 00:08:44 INFO utils.TeradataUtils: the output database product is Teradata
16/12/20 00:08:44 INFO utils.TeradataUtils: the output database version is 15.0
16/12/20 00:08:44 INFO utils.TeradataUtils: the jdbc driver version is 15.0
16/12/20 00:08:45 INFO processor.TeradataOutputProcessor: the teradata connector for hadoop version is: 1.4.2
16/12/20 00:08:45 INFO processor.TeradataOutputProcessor: output jdbc properties are jdbc:teradata://godaddy3.prod.phx3.gdg/DATABASE=P_HadoopImp_S
16/12/20 00:08:46 INFO processor.TeradataBatchInsertProcessor: create output stage table ShopAcctCntctEml_STG_120845765the sql is CREATE MULTISET TABLE "ShopAcctCntctEml_STG_120845765", DATABLOCKSIZE = 130048 BYTES, NO FALLBACK, NO BEFORE JOURNAL, NO AFTER JOURNAL, CHECKSUM = DEFAULT ("ShopAcctId" VARCHAR(10) CHARACTER SET UNICODE NOT CASESPECIFIC NULL, "CustMapId" INTEGER NULL, "EmlId" BIGINT NULL, "SentDt" DATE NULL, "SentDtTm" TIMESTAMP(3) FORMAT 'YYYY-MM-DDBHH:MI:SS.S(3)' NULL, "PrivlblId" INTEGER NULL, "IscCd" VARCHAR(12) CHARACTER SET UNICODE NOT CASESPECIFIC NULL, "EmlSrcId" INTEGER NULL, "EmlSrcKey" INTEGER NULL, "TemplId" INTEGER NULL, "MsgId" VARCHAR(200) CHARACTER SET UNICODE NOT CASESPECIFIC NULL, "BtchId" INTEGER NULL, "ErrCdId" INTEGER NULL, "EmlFrMt" INTEGER NULL, "Lang" VARCHAR(20) CHARACTER SET UNICODE NOT CASESPECIFIC NULL, "AudCrtDtTm" VARCHAR(200) CHARACTER SET UNICODE NOT CASESPECIFIC NULL, "TDCH_BI_TASKID" VARCHAR(40) NOT CASESPECIFIC NULL) NO PRIMARY INDEX  
16/12/20 00:08:46 INFO processor.TeradataOutputProcessor: the number of mappers are 144
16/12/20 00:08:46 INFO processor.TeradataOutputProcessor: output preprocessor com.teradata.connector.teradata.processor.TeradataBatchInsertProcessor ends at:  1482217726161
16/12/20 00:08:46 INFO processor.TeradataOutputProcessor: the total elapsed time of output preprocessor com.teradata.connector.teradata.processor.TeradataBatchInsertProcessor is: 3s
16/12/20 00:08:47 INFO hdfs.DFSClient: Created HDFS_DELEGATION_TOKEN token 20985821 for hdp_oc_team on ha-hdfs:production
16/12/20 00:08:47 INFO security.TokenCache: Got dt for hdfs://production; Kind: HDFS_DELEGATION_TOKEN, Service: ha-hdfs:production, Ident: (HDFS_DELEGATION_TOKEN token 20985821 for hdp_oc_team)
16/12/20 00:08:47 INFO input.FileInputFormat: Total input paths to process : 417
16/12/20 00:08:47 INFO input.FileInputFormat: Total input paths to process : 417
16/12/20 00:08:47 INFO input.CombineFileInputFormat: DEBUG: Terminated node allocation with : CompletedNodes: 340, size left: 35791795434
16/12/20 00:08:47 INFO mapreduce.JobSubmitter: number of splits:138
16/12/20 00:08:47 INFO mapreduce.JobSubmitter: Submitting tokens for job: job_1478649307064_886156
16/12/20 00:08:47 INFO mapreduce.JobSubmitter: Kind: HDFS_DELEGATION_TOKEN, Service: ha-hdfs:production, Ident: (HDFS_DELEGATION_TOKEN token 20985821 for hdp_oc_team)
16/12/20 00:08:48 INFO impl.YarnClientImpl: Submitted application application_1478649307064_886156
16/12/20 00:08:48 INFO mapreduce.Job: The url to track the job: http://p3plpaname02.prod.phx3.gdg:8088/proxy/application_1478649307064_886156/
16/12/20 00:08:48 INFO mapreduce.Job: Running job: job_1478649307064_886156
16/12/20 00:08:57 INFO mapreduce.Job: Job job_1478649307064_886156 running in uber mode : false
16/12/20 00:08:57 INFO mapreduce.Job:  map 0% reduce 0%
16/12/20 00:09:14 INFO mapreduce.Job:  map 1% reduce 0%
16/12/20 00:09:17 INFO mapreduce.Job:  map 2% reduce 0%
16/12/20 00:09:20 INFO mapreduce.Job:  map 3% reduce 0%
16/12/20 00:09:26 INFO mapreduce.Job:  map 4% reduce 0%
16/12/20 00:09:29 INFO mapreduce.Job:  map 5% reduce 0%
16/12/20 00:09:32 INFO mapreduce.Job:  map 6% reduce 0%
16/12/20 00:09:35 INFO mapreduce.Job:  map 7% reduce 0%
16/12/20 00:09:38 INFO mapreduce.Job:  map 8% reduce 0%
16/12/20 00:09:41 INFO mapreduce.Job:  map 9% reduce 0%
16/12/20 00:09:44 INFO mapreduce.Job:  map 10% reduce 0%
16/12/20 00:09:47 INFO mapreduce.Job:  map 11% reduce 0%
16/12/20 00:09:59 INFO mapreduce.Job:  map 12% reduce 0%
16/12/20 00:10:02 INFO mapreduce.Job:  map 13% reduce 0%
16/12/20 00:10:05 INFO mapreduce.Job:  map 14% reduce 0%
16/12/20 00:10:08 INFO mapreduce.Job:  map 15% reduce 0%
16/12/20 00:10:12 INFO mapreduce.Job:  map 16% reduce 0%
16/12/20 00:10:15 INFO mapreduce.Job:  map 17% reduce 0%
16/12/20 00:10:18 INFO mapreduce.Job:  map 18% reduce 0%
16/12/20 00:10:24 INFO mapreduce.Job:  map 19% reduce 0%
16/12/20 00:10:27 INFO mapreduce.Job:  map 20% reduce 0%
16/12/20 00:10:36 INFO mapreduce.Job:  map 21% reduce 0%
16/12/20 00:10:38 INFO mapreduce.Job:  map 20% reduce 0%
16/12/20 00:10:39 INFO mapreduce.Job:  map 22% reduce 0%
16/12/20 00:10:42 INFO mapreduce.Job:  map 23% reduce 0%
16/12/20 00:10:45 INFO mapreduce.Job:  map 24% reduce 0%
16/12/20 00:10:51 INFO mapreduce.Job:  map 25% reduce 0%
16/12/20 00:10:54 INFO mapreduce.Job:  map 26% reduce 0%
16/12/20 00:10:57 INFO mapreduce.Job:  map 27% reduce 0%
16/12/20 00:11:03 INFO mapreduce.Job:  map 28% reduce 0%
16/12/20 00:11:07 INFO mapreduce.Job:  map 29% reduce 0%
16/12/20 00:11:12 INFO mapreduce.Job:  map 30% reduce 0%
16/12/20 00:11:20 INFO mapreduce.Job:  map 31% reduce 0%
16/12/20 00:11:25 INFO mapreduce.Job:  map 32% reduce 0%
16/12/20 00:11:31 INFO mapreduce.Job:  map 33% reduce 0%
16/12/20 00:11:34 INFO mapreduce.Job:  map 34% reduce 0%
16/12/20 00:11:38 INFO mapreduce.Job:  map 35% reduce 0%
16/12/20 00:11:43 INFO mapreduce.Job:  map 36% reduce 0%
16/12/20 00:11:46 INFO mapreduce.Job:  map 37% reduce 0%
16/12/20 00:11:52 INFO mapreduce.Job:  map 38% reduce 0%
16/12/20 00:12:01 INFO mapreduce.Job:  map 39% reduce 0%
16/12/20 00:12:05 INFO mapreduce.Job:  map 40% reduce 0%
16/12/20 00:12:08 INFO mapreduce.Job:  map 41% reduce 0%
16/12/20 00:12:10 INFO mapreduce.Job:  map 40% reduce 0%
16/12/20 00:12:11 INFO mapreduce.Job:  map 41% reduce 0%
16/12/20 00:12:14 INFO mapreduce.Job:  map 42% reduce 0%
16/12/20 00:12:19 INFO mapreduce.Job:  map 43% reduce 0%
16/12/20 00:12:23 INFO mapreduce.Job:  map 44% reduce 0%
16/12/20 00:12:28 INFO mapreduce.Job:  map 45% reduce 0%
16/12/20 00:12:35 INFO mapreduce.Job:  map 46% reduce 0%
16/12/20 00:12:41 INFO mapreduce.Job:  map 47% reduce 0%
16/12/20 00:12:44 INFO mapreduce.Job:  map 48% reduce 0%
16/12/20 00:12:49 INFO mapreduce.Job:  map 49% reduce 0%
16/12/20 00:12:52 INFO mapreduce.Job:  map 50% reduce 0%
16/12/20 00:12:56 INFO mapreduce.Job:  map 51% reduce 0%
16/12/20 00:12:59 INFO mapreduce.Job:  map 52% reduce 0%
16/12/20 00:13:02 INFO mapreduce.Job:  map 53% reduce 0%
16/12/20 00:13:07 INFO mapreduce.Job:  map 54% reduce 0%
16/12/20 00:13:11 INFO mapreduce.Job:  map 55% reduce 0%
16/12/20 00:13:16 INFO mapreduce.Job:  map 56% reduce 0%
16/12/20 00:13:21 INFO mapreduce.Job:  map 57% reduce 0%
16/12/20 00:13:26 INFO mapreduce.Job:  map 58% reduce 0%
16/12/20 00:13:32 INFO mapreduce.Job:  map 59% reduce 0%
16/12/20 00:13:38 INFO mapreduce.Job:  map 60% reduce 0%
16/12/20 00:13:50 INFO mapreduce.Job:  map 61% reduce 0%
16/12/20 00:13:59 INFO mapreduce.Job:  map 62% reduce 0%
16/12/20 00:14:24 INFO mapreduce.Job:  map 63% reduce 0%
16/12/20 00:14:39 INFO mapreduce.Job:  map 64% reduce 0%
16/12/20 00:14:51 INFO mapreduce.Job:  map 65% reduce 0%
16/12/20 00:15:10 INFO mapreduce.Job:  map 66% reduce 0%
16/12/20 00:15:30 INFO mapreduce.Job:  map 67% reduce 0%
16/12/20 00:15:58 INFO mapreduce.Job:  map 68% reduce 0%
16/12/20 00:16:08 INFO mapreduce.Job:  map 69% reduce 0%
16/12/20 00:16:28 INFO mapreduce.Job:  map 70% reduce 0%
16/12/20 00:16:43 INFO mapreduce.Job:  map 71% reduce 0%
16/12/20 00:17:04 INFO mapreduce.Job:  map 72% reduce 0%
16/12/20 00:17:14 INFO mapreduce.Job:  map 73% reduce 0%
16/12/20 00:17:29 INFO mapreduce.Job:  map 74% reduce 0%
16/12/20 00:17:57 INFO mapreduce.Job:  map 75% reduce 0%
16/12/20 00:18:17 INFO mapreduce.Job:  map 76% reduce 0%
16/12/20 00:18:32 INFO mapreduce.Job:  map 77% reduce 0%
16/12/20 00:18:33 INFO mapreduce.Job:  map 76% reduce 0%
16/12/20 00:18:36 INFO mapreduce.Job:  map 77% reduce 0%
16/12/20 00:18:38 INFO mapreduce.Job:  map 76% reduce 0%
16/12/20 00:18:39 INFO mapreduce.Job:  map 77% reduce 0%
16/12/20 00:19:03 INFO mapreduce.Job:  map 78% reduce 0%
16/12/20 00:19:27 INFO mapreduce.Job:  map 79% reduce 0%
16/12/20 00:19:51 INFO mapreduce.Job:  map 80% reduce 0%
16/12/20 00:20:19 INFO mapreduce.Job:  map 81% reduce 0%
16/12/20 00:20:37 INFO mapreduce.Job:  map 82% reduce 0%
16/12/20 00:21:04 INFO mapreduce.Job:  map 83% reduce 0%
16/12/20 00:21:34 INFO mapreduce.Job:  map 84% reduce 0%
16/12/20 00:21:59 INFO mapreduce.Job:  map 85% reduce 0%
16/12/20 00:22:18 INFO mapreduce.Job:  map 86% reduce 0%
16/12/20 00:22:48 INFO mapreduce.Job:  map 87% reduce 0%
16/12/20 00:23:06 INFO mapreduce.Job:  map 88% reduce 0%
16/12/20 00:23:27 INFO mapreduce.Job:  map 89% reduce 0%
16/12/20 00:23:52 INFO mapreduce.Job:  map 90% reduce 0%
16/12/20 00:24:25 INFO mapreduce.Job:  map 91% reduce 0%
16/12/20 00:24:58 INFO mapreduce.Job:  map 92% reduce 0%
16/12/20 00:25:13 INFO mapreduce.Job:  map 93% reduce 0%
16/12/20 00:25:31 INFO mapreduce.Job:  map 94% reduce 0%
16/12/20 00:25:58 INFO mapreduce.Job:  map 95% reduce 0%
16/12/20 00:25:59 INFO mapreduce.Job:  map 94% reduce 0%
16/12/20 00:26:00 INFO mapreduce.Job:  map 95% reduce 0%
16/12/20 00:26:33 INFO mapreduce.Job:  map 96% reduce 0%
16/12/20 00:27:02 INFO mapreduce.Job:  map 97% reduce 0%
16/12/20 00:27:44 INFO mapreduce.Job:  map 98% reduce 0%
16/12/20 00:28:07 INFO mapreduce.Job:  map 99% reduce 0%
16/12/20 00:28:43 INFO mapreduce.Job:  map 100% reduce 0%
16/12/20 00:29:23 INFO mapreduce.Job: Job job_1478649307064_886156 completed successfully
16/12/20 00:29:23 INFO mapreduce.Job: Counters: 32
	File System Counters
		FILE: Number of bytes read=0
		FILE: Number of bytes written=19623490
		FILE: Number of read operations=0
		FILE: Number of large read operations=0
		FILE: Number of write operations=0
		HDFS: Number of bytes read=121245200552
		HDFS: Number of bytes written=0
		HDFS: Number of read operations=1389
		HDFS: Number of large read operations=0
		HDFS: Number of write operations=0
	Job Counters 
		Launched map tasks=138
		Other local map tasks=14
		Data-local map tasks=69
		Rack-local map tasks=55
		Total time spent by all maps in occupied slots (ms)=194583780
		Total time spent by all reduces in occupied slots (ms)=0
		Total time spent by all map tasks (ms)=97291890
		Total vcore-milliseconds taken by all map tasks=97291890
		Total megabyte-milliseconds taken by all map tasks=398507581440
	Map-Reduce Framework
		Map input records=743110912
		Map output records=743110912
		Input split bytes=125442
		Spilled Records=0
		Failed Shuffles=0
		Merged Map outputs=0
		GC time elapsed (ms)=642683
		CPU time spent (ms)=17856960
		Physical memory (bytes) snapshot=58012688384
		Virtual memory (bytes) snapshot=580063313920
		Total committed heap usage (bytes)=50281840640
	File Input Format Counters 
		Bytes Read=0
	File Output Format Counters 
		Bytes Written=0
16/12/20 00:29:23 INFO processor.TeradataOutputProcessor: output postprocessor com.teradata.connector.teradata.processor.TeradataBatchInsertProcessor starts at:  1482218963921
16/12/20 00:29:24 INFO processor.TeradataBatchInsertProcessor: insert from staget table to target table 
16/12/20 00:29:24 INFO processor.TeradataBatchInsertProcessor: the insert select sql starts at: 1482218964054
16/12/20 00:31:20 INFO processor.TeradataBatchInsertProcessor: the insert select sql ends at: 1482219080166
16/12/20 00:31:20 INFO processor.TeradataBatchInsertProcessor: the total elapsed time of the insert select sql  is: 116s
16/12/20 00:31:21 INFO processor.TeradataBatchInsertProcessor: drop stage table "ShopAcctCntctEml_STG_120845765"
16/12/20 00:31:21 INFO processor.TeradataOutputProcessor: output postprocessor com.teradata.connector.teradata.processor.TeradataBatchInsertProcessor ends at:  1482218963921
16/12/20 00:31:21 INFO processor.TeradataOutputProcessor: the total elapsed time of output postprocessor com.teradata.connector.teradata.processor.TeradataBatchInsertProcessor is: 117s
16/12/20 00:31:21 INFO tool.ConnectorExportTool: ConnectorExportTool ends at 1482219081490
16/12/20 00:31:21 INFO tool.ConnectorExportTool: ConnectorExportTool time is 1359s
16/12/20 00:31:21 INFO tool.ConnectorExportTool: job completed with exit code 0
BTEQ 15.00.00.02 Tue Dec 20 00:31:21 2016 PID: 32399
 
+---------+---------+---------+---------+---------+---------+---------+----
/************************************************************************ 
**
**        NAME:  ShopAcctCntctEml-Hourly3.btq
**
**      INPUTS:  P_HadoopImp.vsShopAcctCntctEml_STG
**
**     OUTPUTS:  P_HadoopImp.vtShopAcctCntctEml
**
**     HISTORY:  AUTHOR    	        DATE                DESCRIPTION
**               MZWOLAK	      	2014-07-16.01       Original script
**               BMOSLEY            2015-05-14.02       Created to Load GD3 in Parallel
************************************************************************/

.SET ECHOREQ ON
+---------+---------+---------+---------+---------+---------+---------+----
.SET ERROROUT STDOUT
 *** Error messages now directed to STDOUT.
+---------+---------+---------+---------+---------+---------+---------+----
.SET WIDTH 256
+---------+---------+---------+---------+---------+---------+---------+---------+---------+---------+---------+---------+---------+-

.LOGON godaddy3.prod.phx3.gdg/P_BTCH_HadoopImp,

 *** Logon successfully completed.
 *** Teradata Database Release is 15.00.02.03                   
 *** Teradata Database Version is 15.00.02.05                     
 *** Transaction Semantics are BTET.
 *** Session Character Set Name is 'ASCII'.
 
 *** Total elapsed time was 1 second.
 
+---------+---------+---------+---------+---------+---------+---------+---------+---------+---------+---------+---------+---------+-

LOCKING ROW FOR ACCESS SELECT TOP 1 * FROM P_HadoopImp_S.ShopAcctCntctEml_STG;

 *** Query completed. One row found. 16 columns returned. 
 *** Total elapsed time was 1 second.

ShopAcctId   CustMapId                EmlId     SentDt                SentDtTm   PrivlblId IscCd           EmlSrcId   EmlSrcKey     TemplId MsgId
---------- ----------- -------------------- ---------- ----------------------- ----------- ------------ ----------- ----------- ----------- --------------------------------------------------------------------------------------------------------------------
67588601     106989622           4828942307 2016-07-07 2016-07-07 17:25:00.000           1 gd6721am              15           0           0 99999999-9999-9999-9999-999999999999

+---------+---------+---------+---------+---------+---------+---------+---------+---------+---------+---------+---------+---------+-

.IF ACTIVITYCOUNT = 0 THEN .GOTO E003;
+---------+---------+---------+---------+---------+---------+---------+---------+---------+---------+---------+---------+---------+-

BEGIN TRANSACTION;

 *** Begin transaction accepted. 
 *** Total elapsed time was 1 second.


+---------+---------+---------+---------+---------+---------+---------+---------+---------+---------+---------+---------+---------+-

DELETE P_HadoopImp_T.ShopAcctCntctEml ALL;

 *** Delete completed. 744458689 rows removed. 
 *** Total elapsed time was one minute and 24 seconds.


+---------+---------+---------+---------+---------+---------+---------+---------+---------+---------+---------+---------+---------+-

INSERT P_HadoopImp_T.ShopAcctCntctEml
(   ShopAcctId
    ,CustMapId
    ,EmlId
    ,SentDt
    ,SentDtTm
    ,PrivlblId
    ,IscCd
    ,EmlSrcId
    ,EmlSrcKey
    ,TemplId
    ,MsgId
    ,BtchId
    ,ErrCdId
    ,EmlFrMt
    ,Lang
    ,AudCrtDtTm
    ,DelInd
    ,EtlInsLdId
    ,EtlUpdLdId
 )
SELECT  ShopAcctId
        ,CustMapId
        ,EmlId
        ,SentDt
        ,SentDtTm
        ,PrivlblId
        ,IscCd
        ,EmlSrcId
        ,EmlSrcKey
        ,TemplId
        ,MsgId
        ,BtchId
        ,ErrCdId
        ,EmlFrMt
        ,Lang
        ,CAST(AudCrtDtTm AS TIMESTAMP(3) FORMAT 'YYYY-MM-DDBHH:MI:SS.S(3)')
        ,'A'
        ,0
        ,0
FROM P_HadoopImp_S.ShopAcctCntctEml_STG;

 *** Insert completed. 743110912 rows added. 
 *** Total elapsed time was one minute and 55 seconds.


+---------+---------+---------+---------+---------+---------+---------+---------+---------+---------+---------+---------+---------+-

DELETE P_HadoopImp_S.ShopAcctCntctEml_STG ALL;

 *** Delete completed. 743110912 rows removed. 
 *** Total elapsed time was one minute and 41 seconds.


+---------+---------+---------+---------+---------+---------+---------+---------+---------+---------+---------+---------+---------+-


.IF ERRORCODE <> 0 THEN .GOTO E003
+---------+---------+---------+---------+---------+---------+---------+---------+---------+---------+---------+---------+---------+-


END TRANSACTION;

 *** End transaction accepted. 
 *** Total elapsed time was 1 second.


+---------+---------+---------+---------+---------+---------+---------+---------+---------+---------+---------+---------+---------+-

.LOGOFF
 *** You are now logged off from the DBC.
+---------+---------+---------+---------+---------+---------+---------+---------+---------+---------+---------+---------+---------+-
.QUIT
 *** Exiting BTEQ...
 *** RC (return code) = 0 
