
Logging initialized using configuration in file:/etc/hive/conf/hive-log4j.properties
OK
Time taken: 3.59 seconds
Query ID = hdp_oc_team_20161220070057_1e20b7ea-0ed3-4389-8f15-1a9925474538
Total jobs = 3
Launching Job 1 out of 3
Number of reduce tasks is set to 0 since there's no reduce operator
16/12/20 07:01:03 ERROR mr.ExecDriver: yarn
16/12/20 07:01:05 WARN mapreduce.JobResourceUploader: Hadoop command-line option parsing not performed. Implement the Tool interface and execute your application with ToolRunner to remedy this.
Starting Job = job_1478649307064_895630, Tracking URL = http://p3plpaname02.prod.phx3.gdg:8088/proxy/application_1478649307064_895630/
Kill Command = /usr/lib/hadoop/bin/hadoop job  -kill job_1478649307064_895630
Hadoop job information for Stage-1: number of mappers: 41; number of reducers: 0
16/12/20 07:01:19 WARN mapreduce.Counters: Group org.apache.hadoop.mapred.Task$Counter is deprecated. Use org.apache.hadoop.mapreduce.TaskCounter instead
2016-12-20 07:01:19,587 Stage-1 map = 0%,  reduce = 0%
2016-12-20 07:01:30,522 Stage-1 map = 12%,  reduce = 0%, Cumulative CPU 17.33 sec
2016-12-20 07:01:31,668 Stage-1 map = 20%,  reduce = 0%, Cumulative CPU 27.81 sec
2016-12-20 07:01:32,815 Stage-1 map = 29%,  reduce = 0%, Cumulative CPU 42.0 sec
2016-12-20 07:01:34,057 Stage-1 map = 51%,  reduce = 0%, Cumulative CPU 74.32 sec
2016-12-20 07:01:35,222 Stage-1 map = 73%,  reduce = 0%, Cumulative CPU 105.07 sec
2016-12-20 07:01:36,376 Stage-1 map = 85%,  reduce = 0%, Cumulative CPU 123.08 sec
2016-12-20 07:01:37,595 Stage-1 map = 88%,  reduce = 0%, Cumulative CPU 126.11 sec
2016-12-20 07:01:38,679 Stage-1 map = 98%,  reduce = 0%, Cumulative CPU 140.67 sec
2016-12-20 07:01:42,504 Stage-1 map = 100%,  reduce = 0%, Cumulative CPU 144.62 sec
MapReduce Total cumulative CPU time: 2 minutes 24 seconds 620 msec
Ended Job = job_1478649307064_895630
Stage-4 is filtered out by condition resolver.
Stage-3 is selected by condition resolver.
Stage-5 is filtered out by condition resolver.
Launching Job 3 out of 3
Number of reduce tasks is set to 0 since there's no reduce operator
16/12/20 07:01:43 ERROR mr.ExecDriver: yarn
16/12/20 07:01:44 WARN mapreduce.JobResourceUploader: Hadoop command-line option parsing not performed. Implement the Tool interface and execute your application with ToolRunner to remedy this.
Starting Job = job_1478649307064_895651, Tracking URL = http://p3plpaname02.prod.phx3.gdg:8088/proxy/application_1478649307064_895651/
Kill Command = /usr/lib/hadoop/bin/hadoop job  -kill job_1478649307064_895651
Hadoop job information for Stage-3: number of mappers: 1; number of reducers: 0
16/12/20 07:01:59 WARN mapreduce.Counters: Group org.apache.hadoop.mapred.Task$Counter is deprecated. Use org.apache.hadoop.mapreduce.TaskCounter instead
2016-12-20 07:01:59,383 Stage-3 map = 0%,  reduce = 0%
2016-12-20 07:02:15,129 Stage-3 map = 100%,  reduce = 0%, Cumulative CPU 3.31 sec
MapReduce Total cumulative CPU time: 3 seconds 310 msec
Ended Job = job_1478649307064_895651
Loading data to table hdp_oc_team.shopnpsresp
Moved: 'hdfs://production/user/hdp_oc_team/hdp_oc_team.db/shopnpsresp/000000_0' to trash at: hdfs://production/user/hdp_oc_team/.Trash/Current
Table hdp_oc_team.shopnpsresp stats: [numFiles=1, numRows=975, totalSize=43968, rawDataSize=42993]
MapReduce Jobs Launched: 
Stage-Stage-1: Map: 41   Cumulative CPU: 144.62 sec   HDFS Read: 2641459 HDFS Write: 47244 SUCCESS
Stage-Stage-3: Map: 1   Cumulative CPU: 3.31 sec   HDFS Read: 52780 HDFS Write: 43968 SUCCESS
Total MapReduce CPU Time Spent: 2 minutes 27 seconds 930 msec
OK
Time taken: 79.846 seconds
16/12/20 07:02:19 INFO tool.ConnectorExportTool: ConnectorExportTool starts at 1482242539612
16/12/20 07:02:21 INFO common.ConnectorPlugin: load plugins in file:/tmp/hadoop-unjar5842466714450693646/teradata.connector.plugins.xml
16/12/20 07:02:21 INFO processor.TeradataOutputProcessor: output preprocessor com.teradata.connector.teradata.processor.TeradataBatchInsertProcessor starts at:  1482242541869
16/12/20 07:02:23 INFO utils.TeradataUtils: the output database product is Teradata
16/12/20 07:02:23 INFO utils.TeradataUtils: the output database version is 15.0
16/12/20 07:02:23 INFO utils.TeradataUtils: the jdbc driver version is 15.0
16/12/20 07:02:24 INFO processor.TeradataOutputProcessor: the teradata connector for hadoop version is: 1.4.2
16/12/20 07:02:24 INFO processor.TeradataOutputProcessor: output jdbc properties are jdbc:teradata://godaddy3.prod.phx3.gdg/DATABASE=P_HadoopImp_S
16/12/20 07:02:25 INFO processor.TeradataBatchInsertProcessor: create output stage table ShopNPSResp_STG_070225330the sql is CREATE MULTISET TABLE "ShopNPSResp_STG_070225330", DATABLOCKSIZE = 130048 BYTES, NO FALLBACK, NO BEFORE JOURNAL, NO AFTER JOURNAL, CHECKSUM = DEFAULT ("ShopAcctID" VARCHAR(10) CHARACTER SET LATIN NOT CASESPECIFIC NULL, "SurveyName" VARCHAR(1000) CHARACTER SET LATIN NOT CASESPECIFIC NULL, "RespDt" DATE NULL, "TDCH_BI_TASKID" VARCHAR(40) NOT CASESPECIFIC NULL) NO PRIMARY INDEX  
16/12/20 07:02:25 INFO processor.TeradataOutputProcessor: the number of mappers are 144
16/12/20 07:02:25 INFO processor.TeradataOutputProcessor: output preprocessor com.teradata.connector.teradata.processor.TeradataBatchInsertProcessor ends at:  1482242545473
16/12/20 07:02:25 INFO processor.TeradataOutputProcessor: the total elapsed time of output preprocessor com.teradata.connector.teradata.processor.TeradataBatchInsertProcessor is: 3s
16/12/20 07:02:28 INFO hdfs.DFSClient: Created HDFS_DELEGATION_TOKEN token 20996377 for hdp_oc_team on ha-hdfs:production
16/12/20 07:02:28 INFO security.TokenCache: Got dt for hdfs://production; Kind: HDFS_DELEGATION_TOKEN, Service: ha-hdfs:production, Ident: (HDFS_DELEGATION_TOKEN token 20996377 for hdp_oc_team)
16/12/20 07:02:29 INFO input.FileInputFormat: Total input paths to process : 1
16/12/20 07:02:29 INFO input.FileInputFormat: Total input paths to process : 1
16/12/20 07:02:29 INFO input.CombineFileInputFormat: DEBUG: Terminated node allocation with : CompletedNodes: 1, size left: 0
16/12/20 07:02:29 INFO mapreduce.JobSubmitter: number of splits:144
16/12/20 07:02:29 INFO mapreduce.JobSubmitter: Submitting tokens for job: job_1478649307064_895679
16/12/20 07:02:29 INFO mapreduce.JobSubmitter: Kind: HDFS_DELEGATION_TOKEN, Service: ha-hdfs:production, Ident: (HDFS_DELEGATION_TOKEN token 20996377 for hdp_oc_team)
16/12/20 07:02:30 INFO impl.YarnClientImpl: Submitted application application_1478649307064_895679
16/12/20 07:02:30 INFO mapreduce.Job: The url to track the job: http://p3plpaname02.prod.phx3.gdg:8088/proxy/application_1478649307064_895679/
16/12/20 07:02:30 INFO mapreduce.Job: Running job: job_1478649307064_895679
16/12/20 07:02:42 INFO mapreduce.Job: Job job_1478649307064_895679 running in uber mode : false
16/12/20 07:02:42 INFO mapreduce.Job:  map 0% reduce 0%
16/12/20 07:02:51 INFO mapreduce.Job:  map 1% reduce 0%
16/12/20 07:02:52 INFO mapreduce.Job:  map 3% reduce 0%
16/12/20 07:02:53 INFO mapreduce.Job:  map 10% reduce 0%
16/12/20 07:02:54 INFO mapreduce.Job:  map 11% reduce 0%
16/12/20 07:02:55 INFO mapreduce.Job:  map 13% reduce 0%
16/12/20 07:02:57 INFO mapreduce.Job:  map 17% reduce 0%
16/12/20 07:02:58 INFO mapreduce.Job:  map 23% reduce 0%
16/12/20 07:02:59 INFO mapreduce.Job:  map 26% reduce 0%
16/12/20 07:03:00 INFO mapreduce.Job:  map 31% reduce 0%
16/12/20 07:03:01 INFO mapreduce.Job:  map 33% reduce 0%
16/12/20 07:03:02 INFO mapreduce.Job:  map 38% reduce 0%
16/12/20 07:03:03 INFO mapreduce.Job:  map 39% reduce 0%
16/12/20 07:03:04 INFO mapreduce.Job:  map 44% reduce 0%
16/12/20 07:03:05 INFO mapreduce.Job:  map 51% reduce 0%
16/12/20 07:03:06 INFO mapreduce.Job:  map 58% reduce 0%
16/12/20 07:03:07 INFO mapreduce.Job:  map 61% reduce 0%
16/12/20 07:03:08 INFO mapreduce.Job:  map 64% reduce 0%
16/12/20 07:03:09 INFO mapreduce.Job:  map 70% reduce 0%
16/12/20 07:03:10 INFO mapreduce.Job:  map 76% reduce 0%
16/12/20 07:03:11 INFO mapreduce.Job:  map 77% reduce 0%
16/12/20 07:03:12 INFO mapreduce.Job:  map 83% reduce 0%
16/12/20 07:03:13 INFO mapreduce.Job:  map 86% reduce 0%
16/12/20 07:03:14 INFO mapreduce.Job:  map 87% reduce 0%
16/12/20 07:03:16 INFO mapreduce.Job:  map 97% reduce 0%
16/12/20 07:03:17 INFO mapreduce.Job:  map 98% reduce 0%
16/12/20 07:03:18 INFO mapreduce.Job:  map 99% reduce 0%
16/12/20 07:03:20 INFO mapreduce.Job:  map 100% reduce 0%
16/12/20 07:03:21 INFO mapreduce.Job: Job job_1478649307064_895679 completed successfully
16/12/20 07:03:21 INFO mapreduce.Job: Counters: 32
	File System Counters
		FILE: Number of bytes read=0
		FILE: Number of bytes written=20184850
		FILE: Number of read operations=0
		FILE: Number of large read operations=0
		FILE: Number of write operations=0
		HDFS: Number of bytes read=3214704
		HDFS: Number of bytes written=0
		HDFS: Number of read operations=289
		HDFS: Number of large read operations=0
		HDFS: Number of write operations=0
	Job Counters 
		Launched map tasks=144
		Other local map tasks=98
		Data-local map tasks=3
		Rack-local map tasks=43
		Total time spent by all maps in occupied slots (ms)=3058368
		Total time spent by all reduces in occupied slots (ms)=0
		Total time spent by all map tasks (ms)=1529184
		Total vcore-milliseconds taken by all map tasks=1529184
		Total megabyte-milliseconds taken by all map tasks=6263537664
	Map-Reduce Framework
		Map input records=975
		Map output records=975
		Input split bytes=23415
		Spilled Records=0
		Failed Shuffles=0
		Merged Map outputs=0
		GC time elapsed (ms)=40072
		CPU time spent (ms)=634160
		Physical memory (bytes) snapshot=51340247040
		Virtual memory (bytes) snapshot=604715892736
		Total committed heap usage (bytes)=59462647808
	File Input Format Counters 
		Bytes Read=0
	File Output Format Counters 
		Bytes Written=0
16/12/20 07:03:21 INFO processor.TeradataOutputProcessor: output postprocessor com.teradata.connector.teradata.processor.TeradataBatchInsertProcessor starts at:  1482242601823
16/12/20 07:03:21 INFO processor.TeradataBatchInsertProcessor: insert from staget table to target table 
16/12/20 07:03:21 INFO processor.TeradataBatchInsertProcessor: the insert select sql starts at: 1482242601998
16/12/20 07:03:22 INFO processor.TeradataBatchInsertProcessor: the insert select sql ends at: 1482242602137
16/12/20 07:03:22 INFO processor.TeradataBatchInsertProcessor: the total elapsed time of the insert select sql  is: 0s
16/12/20 07:03:22 INFO processor.TeradataBatchInsertProcessor: drop stage table "ShopNPSResp_STG_070225330"
16/12/20 07:03:22 INFO processor.TeradataOutputProcessor: output postprocessor com.teradata.connector.teradata.processor.TeradataBatchInsertProcessor ends at:  1482242601823
16/12/20 07:03:22 INFO processor.TeradataOutputProcessor: the total elapsed time of output postprocessor com.teradata.connector.teradata.processor.TeradataBatchInsertProcessor is: 0s
16/12/20 07:03:22 INFO tool.ConnectorExportTool: ConnectorExportTool ends at 1482242602359
16/12/20 07:03:22 INFO tool.ConnectorExportTool: ConnectorExportTool time is 62s
16/12/20 07:03:22 INFO tool.ConnectorExportTool: job completed with exit code 0
BTEQ 15.00.00.02 Tue Dec 20 07:03:22 2016 PID: 5636
 
+---------+---------+---------+---------+---------+---------+---------+----
.SET ECHOREQ ON
+---------+---------+---------+---------+---------+---------+---------+----
.SET ERROROUT STDOUT
 *** Error messages now directed to STDOUT.
+---------+---------+---------+---------+---------+---------+---------+----
.SET WIDTH 256
+---------+---------+---------+---------+---------+---------+---------+---------+---------+---------+---------+---------+---------+-


.LOGON godaddy3.prod.phx3.gdg/P_BTCH_HadoopImp,

 *** Logon successfully completed.
 *** Teradata Database Release is 15.00.02.03                   
 *** Teradata Database Version is 15.00.02.05                     
 *** Transaction Semantics are BTET.
 *** Session Character Set Name is 'ASCII'.
 
 *** Total elapsed time was 1 second.
 
+---------+---------+---------+---------+---------+---------+---------+---------+---------+---------+---------+---------+---------+-

SELECT TOP 1 * FROM P_HadoopImp_S.ShopNPSResp_STG;

 *** Query completed. One row found. 3 columns returned. 
 *** Total elapsed time was 1 second.

ShopAcctID SurveyName
---------- -----------------------------------------------------------------------------------------------------------------------------------------------------------------------------------------------------------------------------------------------------
103362872  GoDaddy Relationship NPS

+---------+---------+---------+---------+---------+---------+---------+---------+---------+---------+---------+---------+---------+-

.IF ACTIVITYCOUNT = 0 THEN .GOTO E086
+---------+---------+---------+---------+---------+---------+---------+---------+---------+---------+---------+---------+---------+-

DELETE P_ARM_IMPORT.ShopNPSResp ALL;

 *** Delete completed. 973 rows removed. 
 *** Total elapsed time was 1 second.


+---------+---------+---------+---------+---------+---------+---------+---------+---------+---------+---------+---------+---------+-

.IF ERRORCODE <> 0 THEN .GOTO E003
+---------+---------+---------+---------+---------+---------+---------+---------+---------+---------+---------+---------+---------+-

INSERT INTO P_ARM_IMPORT.ShopNPSResp
SELECT 
ShopAcctID,
SurveyName,
RespDt
FROM P_HadoopImp_S.ShopNPSResp_STG;

 *** Insert completed. 975 rows added. 
 *** Total elapsed time was 1 second.


+---------+---------+---------+---------+---------+---------+---------+---------+---------+---------+---------+---------+---------+-

.IF ERRORCODE <> 0 THEN .GOTO E003
+---------+---------+---------+---------+---------+---------+---------+---------+---------+---------+---------+---------+---------+-

COLLECT STATS P_ARM_IMPORT.ShopNPSResp COLUMN(ShopAcctID);

 *** Update completed. 2 rows changed. 
 *** Total elapsed time was 1 second.


+---------+---------+---------+---------+---------+---------+---------+---------+---------+---------+---------+---------+---------+-
COLLECT STATS P_ARM_IMPORT.ShopNPSResp COLUMN(RespDt);

 *** Update completed. 2 rows changed. 
 *** Total elapsed time was 1 second.


+---------+---------+---------+---------+---------+---------+---------+---------+---------+---------+---------+---------+---------+-
COLLECT STATS P_ARM_IMPORT.ShopNPSResp COLUMN(ShopAcctID, RespDt);

 *** Update completed. 2 rows changed. 
 *** Total elapsed time was 1 second.


+---------+---------+---------+---------+---------+---------+---------+---------+---------+---------+---------+---------+---------+-

.IF ERRORCODE <> 0 THEN .GOTO E003
+---------+---------+---------+---------+---------+---------+---------+---------+---------+---------+---------+---------+---------+-

DELETE P_HADOOPIMP_S.ShopNPSResp_STG ALL;

 *** Delete completed. 975 rows removed. 
 *** Total elapsed time was 1 second.


+---------+---------+---------+---------+---------+---------+---------+---------+---------+---------+---------+---------+---------+-

.IF ERRORCODE <> 0 THEN .GOTO E003
+---------+---------+---------+---------+---------+---------+---------+---------+---------+---------+---------+---------+---------+-

------------------------------------------------------------------------
--  086 - Good exit
------------------------------------------------------------------------

.LABEL E086
+---------+---------+---------+---------+---------+---------+---------+---------+---------+---------+---------+---------+---------+-
.LOGOFF
 *** You are now logged off from the DBC.
+---------+---------+---------+---------+---------+---------+---------+---------+---------+---------+---------+---------+---------+-
.QUIT
 *** Exiting BTEQ...
 *** RC (return code) = 0 
