
Logging initialized using configuration in file:/etc/hive/conf/hive-log4j.properties
OK
Time taken: 13.186 seconds
Query ID = hdp_oc_team_20161220043319_10a91c82-edd6-43fc-82be-8f22b6188a9f
Total jobs = 1
Launching Job 1 out of 1
Number of reduce tasks not specified. Estimated from input data size: 99
In order to change the average load for a reducer (in bytes):
  set hive.exec.reducers.bytes.per.reducer=<number>
In order to limit the maximum number of reducers:
  set hive.exec.reducers.max=<number>
In order to set a constant number of reducers:
  set mapreduce.job.reduces=<number>
16/12/20 04:33:37 ERROR mr.ExecDriver: yarn
16/12/20 04:33:45 WARN mapreduce.JobResourceUploader: Hadoop command-line option parsing not performed. Implement the Tool interface and execute your application with ToolRunner to remedy this.
Starting Job = job_1478649307064_892241, Tracking URL = http://p3plpaname02.prod.phx3.gdg:8088/proxy/application_1478649307064_892241/
Kill Command = /usr/lib/hadoop/bin/hadoop job  -kill job_1478649307064_892241
Hadoop job information for Stage-1: number of mappers: 187; number of reducers: 99
16/12/20 04:34:05 WARN mapreduce.Counters: Group org.apache.hadoop.mapred.Task$Counter is deprecated. Use org.apache.hadoop.mapreduce.TaskCounter instead
2016-12-20 04:34:05,246 Stage-1 map = 0%,  reduce = 0%
2016-12-20 04:34:21,782 Stage-1 map = 4%,  reduce = 0%, Cumulative CPU 87.39 sec
2016-12-20 04:34:22,837 Stage-1 map = 9%,  reduce = 0%, Cumulative CPU 280.85 sec
2016-12-20 04:34:23,899 Stage-1 map = 16%,  reduce = 0%, Cumulative CPU 528.61 sec
2016-12-20 04:34:24,984 Stage-1 map = 21%,  reduce = 0%, Cumulative CPU 978.27 sec
2016-12-20 04:34:26,027 Stage-1 map = 27%,  reduce = 0%, Cumulative CPU 1434.76 sec
2016-12-20 04:34:27,075 Stage-1 map = 31%,  reduce = 0%, Cumulative CPU 1854.9 sec
2016-12-20 04:34:28,130 Stage-1 map = 33%,  reduce = 0%, Cumulative CPU 2235.27 sec
2016-12-20 04:34:29,172 Stage-1 map = 37%,  reduce = 0%, Cumulative CPU 2457.92 sec
2016-12-20 04:34:30,247 Stage-1 map = 42%,  reduce = 0%, Cumulative CPU 2709.97 sec
2016-12-20 04:34:31,304 Stage-1 map = 48%,  reduce = 0%, Cumulative CPU 2992.17 sec
2016-12-20 04:34:32,360 Stage-1 map = 50%,  reduce = 0%, Cumulative CPU 3164.42 sec
2016-12-20 04:34:33,415 Stage-1 map = 56%,  reduce = 0%, Cumulative CPU 3375.24 sec
2016-12-20 04:34:34,495 Stage-1 map = 60%,  reduce = 0%, Cumulative CPU 3583.28 sec
2016-12-20 04:34:35,603 Stage-1 map = 65%,  reduce = 0%, Cumulative CPU 3790.1 sec
2016-12-20 04:34:36,659 Stage-1 map = 69%,  reduce = 0%, Cumulative CPU 3947.15 sec
2016-12-20 04:34:37,713 Stage-1 map = 75%,  reduce = 0%, Cumulative CPU 4148.53 sec
2016-12-20 04:34:38,846 Stage-1 map = 77%,  reduce = 1%, Cumulative CPU 4288.92 sec
2016-12-20 04:34:39,916 Stage-1 map = 80%,  reduce = 2%, Cumulative CPU 4377.43 sec
2016-12-20 04:34:40,961 Stage-1 map = 82%,  reduce = 5%, Cumulative CPU 4565.47 sec
2016-12-20 04:34:42,005 Stage-1 map = 84%,  reduce = 8%, Cumulative CPU 4678.72 sec
2016-12-20 04:34:43,050 Stage-1 map = 86%,  reduce = 11%, Cumulative CPU 4732.95 sec
2016-12-20 04:34:44,170 Stage-1 map = 88%,  reduce = 18%, Cumulative CPU 4909.55 sec
2016-12-20 04:34:45,226 Stage-1 map = 90%,  reduce = 21%, Cumulative CPU 5027.98 sec
2016-12-20 04:34:46,267 Stage-1 map = 92%,  reduce = 22%, Cumulative CPU 5075.04 sec
2016-12-20 04:34:47,311 Stage-1 map = 93%,  reduce = 25%, Cumulative CPU 5154.39 sec
2016-12-20 04:34:48,367 Stage-1 map = 94%,  reduce = 25%, Cumulative CPU 5235.05 sec
2016-12-20 04:34:49,411 Stage-1 map = 94%,  reduce = 27%, Cumulative CPU 5267.21 sec
2016-12-20 04:34:50,457 Stage-1 map = 96%,  reduce = 28%, Cumulative CPU 5310.96 sec
2016-12-20 04:34:51,522 Stage-1 map = 98%,  reduce = 28%, Cumulative CPU 5346.39 sec
2016-12-20 04:34:52,571 Stage-1 map = 99%,  reduce = 30%, Cumulative CPU 5380.01 sec
2016-12-20 04:34:53,619 Stage-1 map = 99%,  reduce = 32%, Cumulative CPU 5400.92 sec
2016-12-20 04:34:57,803 Stage-1 map = 99%,  reduce = 33%, Cumulative CPU 5494.68 sec
2016-12-20 04:35:03,052 Stage-1 map = 100%,  reduce = 34%, Cumulative CPU 5550.12 sec
2016-12-20 04:35:04,106 Stage-1 map = 100%,  reduce = 41%, Cumulative CPU 5587.89 sec
2016-12-20 04:35:05,184 Stage-1 map = 100%,  reduce = 58%, Cumulative CPU 5804.23 sec
2016-12-20 04:35:06,240 Stage-1 map = 100%,  reduce = 83%, Cumulative CPU 6234.4 sec
2016-12-20 04:35:07,311 Stage-1 map = 100%,  reduce = 92%, Cumulative CPU 6410.27 sec
2016-12-20 04:35:08,501 Stage-1 map = 100%,  reduce = 97%, Cumulative CPU 6538.28 sec
2016-12-20 04:35:09,577 Stage-1 map = 100%,  reduce = 99%, Cumulative CPU 6591.67 sec
2016-12-20 04:35:11,676 Stage-1 map = 100%,  reduce = 100%, Cumulative CPU 6605.96 sec
MapReduce Total cumulative CPU time: 0 days 1 hours 50 minutes 5 seconds 960 msec
Ended Job = job_1478649307064_892241
Loading data to table hdp_oc_team.shopdomainregnaics
Moved: 'hdfs://production/user/hdp_oc_team/hdp_oc_team.db/shopdomainregnaics/000000_0' to trash at: hdfs://production/user/hdp_oc_team/.Trash/Current
Moved: 'hdfs://production/user/hdp_oc_team/hdp_oc_team.db/shopdomainregnaics/000001_0' to trash at: hdfs://production/user/hdp_oc_team/.Trash/Current
Moved: 'hdfs://production/user/hdp_oc_team/hdp_oc_team.db/shopdomainregnaics/000002_0' to trash at: hdfs://production/user/hdp_oc_team/.Trash/Current
Moved: 'hdfs://production/user/hdp_oc_team/hdp_oc_team.db/shopdomainregnaics/000003_0' to trash at: hdfs://production/user/hdp_oc_team/.Trash/Current
Moved: 'hdfs://production/user/hdp_oc_team/hdp_oc_team.db/shopdomainregnaics/000004_0' to trash at: hdfs://production/user/hdp_oc_team/.Trash/Current
Moved: 'hdfs://production/user/hdp_oc_team/hdp_oc_team.db/shopdomainregnaics/000005_0' to trash at: hdfs://production/user/hdp_oc_team/.Trash/Current
Moved: 'hdfs://production/user/hdp_oc_team/hdp_oc_team.db/shopdomainregnaics/000006_0' to trash at: hdfs://production/user/hdp_oc_team/.Trash/Current
Moved: 'hdfs://production/user/hdp_oc_team/hdp_oc_team.db/shopdomainregnaics/000007_0' to trash at: hdfs://production/user/hdp_oc_team/.Trash/Current
Moved: 'hdfs://production/user/hdp_oc_team/hdp_oc_team.db/shopdomainregnaics/000008_0' to trash at: hdfs://production/user/hdp_oc_team/.Trash/Current
Moved: 'hdfs://production/user/hdp_oc_team/hdp_oc_team.db/shopdomainregnaics/000009_0' to trash at: hdfs://production/user/hdp_oc_team/.Trash/Current
Moved: 'hdfs://production/user/hdp_oc_team/hdp_oc_team.db/shopdomainregnaics/000010_0' to trash at: hdfs://production/user/hdp_oc_team/.Trash/Current
Moved: 'hdfs://production/user/hdp_oc_team/hdp_oc_team.db/shopdomainregnaics/000011_0' to trash at: hdfs://production/user/hdp_oc_team/.Trash/Current
Moved: 'hdfs://production/user/hdp_oc_team/hdp_oc_team.db/shopdomainregnaics/000012_0' to trash at: hdfs://production/user/hdp_oc_team/.Trash/Current
Moved: 'hdfs://production/user/hdp_oc_team/hdp_oc_team.db/shopdomainregnaics/000013_0' to trash at: hdfs://production/user/hdp_oc_team/.Trash/Current
Moved: 'hdfs://production/user/hdp_oc_team/hdp_oc_team.db/shopdomainregnaics/000014_0' to trash at: hdfs://production/user/hdp_oc_team/.Trash/Current
Moved: 'hdfs://production/user/hdp_oc_team/hdp_oc_team.db/shopdomainregnaics/000015_0' to trash at: hdfs://production/user/hdp_oc_team/.Trash/Current
Moved: 'hdfs://production/user/hdp_oc_team/hdp_oc_team.db/shopdomainregnaics/000016_0' to trash at: hdfs://production/user/hdp_oc_team/.Trash/Current
Moved: 'hdfs://production/user/hdp_oc_team/hdp_oc_team.db/shopdomainregnaics/000017_0' to trash at: hdfs://production/user/hdp_oc_team/.Trash/Current
Moved: 'hdfs://production/user/hdp_oc_team/hdp_oc_team.db/shopdomainregnaics/000018_0' to trash at: hdfs://production/user/hdp_oc_team/.Trash/Current
Moved: 'hdfs://production/user/hdp_oc_team/hdp_oc_team.db/shopdomainregnaics/000019_0' to trash at: hdfs://production/user/hdp_oc_team/.Trash/Current
Moved: 'hdfs://production/user/hdp_oc_team/hdp_oc_team.db/shopdomainregnaics/000020_0' to trash at: hdfs://production/user/hdp_oc_team/.Trash/Current
Moved: 'hdfs://production/user/hdp_oc_team/hdp_oc_team.db/shopdomainregnaics/000021_0' to trash at: hdfs://production/user/hdp_oc_team/.Trash/Current
Moved: 'hdfs://production/user/hdp_oc_team/hdp_oc_team.db/shopdomainregnaics/000022_0' to trash at: hdfs://production/user/hdp_oc_team/.Trash/Current
Moved: 'hdfs://production/user/hdp_oc_team/hdp_oc_team.db/shopdomainregnaics/000023_0' to trash at: hdfs://production/user/hdp_oc_team/.Trash/Current
Moved: 'hdfs://production/user/hdp_oc_team/hdp_oc_team.db/shopdomainregnaics/000024_0' to trash at: hdfs://production/user/hdp_oc_team/.Trash/Current
Moved: 'hdfs://production/user/hdp_oc_team/hdp_oc_team.db/shopdomainregnaics/000025_0' to trash at: hdfs://production/user/hdp_oc_team/.Trash/Current
Moved: 'hdfs://production/user/hdp_oc_team/hdp_oc_team.db/shopdomainregnaics/000026_0' to trash at: hdfs://production/user/hdp_oc_team/.Trash/Current
Moved: 'hdfs://production/user/hdp_oc_team/hdp_oc_team.db/shopdomainregnaics/000027_0' to trash at: hdfs://production/user/hdp_oc_team/.Trash/Current
Moved: 'hdfs://production/user/hdp_oc_team/hdp_oc_team.db/shopdomainregnaics/000028_0' to trash at: hdfs://production/user/hdp_oc_team/.Trash/Current
Moved: 'hdfs://production/user/hdp_oc_team/hdp_oc_team.db/shopdomainregnaics/000029_0' to trash at: hdfs://production/user/hdp_oc_team/.Trash/Current
Moved: 'hdfs://production/user/hdp_oc_team/hdp_oc_team.db/shopdomainregnaics/000030_0' to trash at: hdfs://production/user/hdp_oc_team/.Trash/Current
Moved: 'hdfs://production/user/hdp_oc_team/hdp_oc_team.db/shopdomainregnaics/000031_0' to trash at: hdfs://production/user/hdp_oc_team/.Trash/Current
Moved: 'hdfs://production/user/hdp_oc_team/hdp_oc_team.db/shopdomainregnaics/000032_0' to trash at: hdfs://production/user/hdp_oc_team/.Trash/Current
Moved: 'hdfs://production/user/hdp_oc_team/hdp_oc_team.db/shopdomainregnaics/000033_0' to trash at: hdfs://production/user/hdp_oc_team/.Trash/Current
Moved: 'hdfs://production/user/hdp_oc_team/hdp_oc_team.db/shopdomainregnaics/000034_0' to trash at: hdfs://production/user/hdp_oc_team/.Trash/Current
Moved: 'hdfs://production/user/hdp_oc_team/hdp_oc_team.db/shopdomainregnaics/000035_0' to trash at: hdfs://production/user/hdp_oc_team/.Trash/Current
Moved: 'hdfs://production/user/hdp_oc_team/hdp_oc_team.db/shopdomainregnaics/000036_0' to trash at: hdfs://production/user/hdp_oc_team/.Trash/Current
Moved: 'hdfs://production/user/hdp_oc_team/hdp_oc_team.db/shopdomainregnaics/000037_0' to trash at: hdfs://production/user/hdp_oc_team/.Trash/Current
Moved: 'hdfs://production/user/hdp_oc_team/hdp_oc_team.db/shopdomainregnaics/000038_0' to trash at: hdfs://production/user/hdp_oc_team/.Trash/Current
Moved: 'hdfs://production/user/hdp_oc_team/hdp_oc_team.db/shopdomainregnaics/000039_0' to trash at: hdfs://production/user/hdp_oc_team/.Trash/Current
Moved: 'hdfs://production/user/hdp_oc_team/hdp_oc_team.db/shopdomainregnaics/000040_0' to trash at: hdfs://production/user/hdp_oc_team/.Trash/Current
Moved: 'hdfs://production/user/hdp_oc_team/hdp_oc_team.db/shopdomainregnaics/000041_0' to trash at: hdfs://production/user/hdp_oc_team/.Trash/Current
Moved: 'hdfs://production/user/hdp_oc_team/hdp_oc_team.db/shopdomainregnaics/000042_0' to trash at: hdfs://production/user/hdp_oc_team/.Trash/Current
Moved: 'hdfs://production/user/hdp_oc_team/hdp_oc_team.db/shopdomainregnaics/000043_0' to trash at: hdfs://production/user/hdp_oc_team/.Trash/Current
Moved: 'hdfs://production/user/hdp_oc_team/hdp_oc_team.db/shopdomainregnaics/000044_0' to trash at: hdfs://production/user/hdp_oc_team/.Trash/Current
Moved: 'hdfs://production/user/hdp_oc_team/hdp_oc_team.db/shopdomainregnaics/000045_0' to trash at: hdfs://production/user/hdp_oc_team/.Trash/Current
Moved: 'hdfs://production/user/hdp_oc_team/hdp_oc_team.db/shopdomainregnaics/000046_0' to trash at: hdfs://production/user/hdp_oc_team/.Trash/Current
Moved: 'hdfs://production/user/hdp_oc_team/hdp_oc_team.db/shopdomainregnaics/000047_0' to trash at: hdfs://production/user/hdp_oc_team/.Trash/Current
Moved: 'hdfs://production/user/hdp_oc_team/hdp_oc_team.db/shopdomainregnaics/000048_0' to trash at: hdfs://production/user/hdp_oc_team/.Trash/Current
Moved: 'hdfs://production/user/hdp_oc_team/hdp_oc_team.db/shopdomainregnaics/000049_0' to trash at: hdfs://production/user/hdp_oc_team/.Trash/Current
Moved: 'hdfs://production/user/hdp_oc_team/hdp_oc_team.db/shopdomainregnaics/000050_0' to trash at: hdfs://production/user/hdp_oc_team/.Trash/Current
Moved: 'hdfs://production/user/hdp_oc_team/hdp_oc_team.db/shopdomainregnaics/000051_0' to trash at: hdfs://production/user/hdp_oc_team/.Trash/Current
Moved: 'hdfs://production/user/hdp_oc_team/hdp_oc_team.db/shopdomainregnaics/000052_0' to trash at: hdfs://production/user/hdp_oc_team/.Trash/Current
Moved: 'hdfs://production/user/hdp_oc_team/hdp_oc_team.db/shopdomainregnaics/000053_0' to trash at: hdfs://production/user/hdp_oc_team/.Trash/Current
Moved: 'hdfs://production/user/hdp_oc_team/hdp_oc_team.db/shopdomainregnaics/000054_0' to trash at: hdfs://production/user/hdp_oc_team/.Trash/Current
Moved: 'hdfs://production/user/hdp_oc_team/hdp_oc_team.db/shopdomainregnaics/000055_0' to trash at: hdfs://production/user/hdp_oc_team/.Trash/Current
Moved: 'hdfs://production/user/hdp_oc_team/hdp_oc_team.db/shopdomainregnaics/000056_0' to trash at: hdfs://production/user/hdp_oc_team/.Trash/Current
Moved: 'hdfs://production/user/hdp_oc_team/hdp_oc_team.db/shopdomainregnaics/000057_0' to trash at: hdfs://production/user/hdp_oc_team/.Trash/Current
Moved: 'hdfs://production/user/hdp_oc_team/hdp_oc_team.db/shopdomainregnaics/000058_0' to trash at: hdfs://production/user/hdp_oc_team/.Trash/Current
Moved: 'hdfs://production/user/hdp_oc_team/hdp_oc_team.db/shopdomainregnaics/000059_0' to trash at: hdfs://production/user/hdp_oc_team/.Trash/Current
Moved: 'hdfs://production/user/hdp_oc_team/hdp_oc_team.db/shopdomainregnaics/000060_0' to trash at: hdfs://production/user/hdp_oc_team/.Trash/Current
Moved: 'hdfs://production/user/hdp_oc_team/hdp_oc_team.db/shopdomainregnaics/000061_0' to trash at: hdfs://production/user/hdp_oc_team/.Trash/Current
Moved: 'hdfs://production/user/hdp_oc_team/hdp_oc_team.db/shopdomainregnaics/000062_0' to trash at: hdfs://production/user/hdp_oc_team/.Trash/Current
Moved: 'hdfs://production/user/hdp_oc_team/hdp_oc_team.db/shopdomainregnaics/000063_0' to trash at: hdfs://production/user/hdp_oc_team/.Trash/Current
Moved: 'hdfs://production/user/hdp_oc_team/hdp_oc_team.db/shopdomainregnaics/000064_0' to trash at: hdfs://production/user/hdp_oc_team/.Trash/Current
Moved: 'hdfs://production/user/hdp_oc_team/hdp_oc_team.db/shopdomainregnaics/000065_0' to trash at: hdfs://production/user/hdp_oc_team/.Trash/Current
Moved: 'hdfs://production/user/hdp_oc_team/hdp_oc_team.db/shopdomainregnaics/000066_0' to trash at: hdfs://production/user/hdp_oc_team/.Trash/Current
Moved: 'hdfs://production/user/hdp_oc_team/hdp_oc_team.db/shopdomainregnaics/000067_0' to trash at: hdfs://production/user/hdp_oc_team/.Trash/Current
Moved: 'hdfs://production/user/hdp_oc_team/hdp_oc_team.db/shopdomainregnaics/000068_0' to trash at: hdfs://production/user/hdp_oc_team/.Trash/Current
Moved: 'hdfs://production/user/hdp_oc_team/hdp_oc_team.db/shopdomainregnaics/000069_0' to trash at: hdfs://production/user/hdp_oc_team/.Trash/Current
Moved: 'hdfs://production/user/hdp_oc_team/hdp_oc_team.db/shopdomainregnaics/000070_0' to trash at: hdfs://production/user/hdp_oc_team/.Trash/Current
Moved: 'hdfs://production/user/hdp_oc_team/hdp_oc_team.db/shopdomainregnaics/000071_0' to trash at: hdfs://production/user/hdp_oc_team/.Trash/Current
Moved: 'hdfs://production/user/hdp_oc_team/hdp_oc_team.db/shopdomainregnaics/000072_0' to trash at: hdfs://production/user/hdp_oc_team/.Trash/Current
Moved: 'hdfs://production/user/hdp_oc_team/hdp_oc_team.db/shopdomainregnaics/000073_0' to trash at: hdfs://production/user/hdp_oc_team/.Trash/Current
Moved: 'hdfs://production/user/hdp_oc_team/hdp_oc_team.db/shopdomainregnaics/000074_0' to trash at: hdfs://production/user/hdp_oc_team/.Trash/Current
Moved: 'hdfs://production/user/hdp_oc_team/hdp_oc_team.db/shopdomainregnaics/000075_0' to trash at: hdfs://production/user/hdp_oc_team/.Trash/Current
Moved: 'hdfs://production/user/hdp_oc_team/hdp_oc_team.db/shopdomainregnaics/000076_0' to trash at: hdfs://production/user/hdp_oc_team/.Trash/Current
Moved: 'hdfs://production/user/hdp_oc_team/hdp_oc_team.db/shopdomainregnaics/000077_0' to trash at: hdfs://production/user/hdp_oc_team/.Trash/Current
Moved: 'hdfs://production/user/hdp_oc_team/hdp_oc_team.db/shopdomainregnaics/000078_0' to trash at: hdfs://production/user/hdp_oc_team/.Trash/Current
Moved: 'hdfs://production/user/hdp_oc_team/hdp_oc_team.db/shopdomainregnaics/000079_0' to trash at: hdfs://production/user/hdp_oc_team/.Trash/Current
Moved: 'hdfs://production/user/hdp_oc_team/hdp_oc_team.db/shopdomainregnaics/000080_0' to trash at: hdfs://production/user/hdp_oc_team/.Trash/Current
Moved: 'hdfs://production/user/hdp_oc_team/hdp_oc_team.db/shopdomainregnaics/000081_0' to trash at: hdfs://production/user/hdp_oc_team/.Trash/Current
Moved: 'hdfs://production/user/hdp_oc_team/hdp_oc_team.db/shopdomainregnaics/000082_0' to trash at: hdfs://production/user/hdp_oc_team/.Trash/Current
Moved: 'hdfs://production/user/hdp_oc_team/hdp_oc_team.db/shopdomainregnaics/000083_0' to trash at: hdfs://production/user/hdp_oc_team/.Trash/Current
Moved: 'hdfs://production/user/hdp_oc_team/hdp_oc_team.db/shopdomainregnaics/000084_0' to trash at: hdfs://production/user/hdp_oc_team/.Trash/Current
Moved: 'hdfs://production/user/hdp_oc_team/hdp_oc_team.db/shopdomainregnaics/000085_0' to trash at: hdfs://production/user/hdp_oc_team/.Trash/Current
Moved: 'hdfs://production/user/hdp_oc_team/hdp_oc_team.db/shopdomainregnaics/000086_0' to trash at: hdfs://production/user/hdp_oc_team/.Trash/Current
Moved: 'hdfs://production/user/hdp_oc_team/hdp_oc_team.db/shopdomainregnaics/000087_0' to trash at: hdfs://production/user/hdp_oc_team/.Trash/Current
Moved: 'hdfs://production/user/hdp_oc_team/hdp_oc_team.db/shopdomainregnaics/000088_0' to trash at: hdfs://production/user/hdp_oc_team/.Trash/Current
Moved: 'hdfs://production/user/hdp_oc_team/hdp_oc_team.db/shopdomainregnaics/000089_0' to trash at: hdfs://production/user/hdp_oc_team/.Trash/Current
Moved: 'hdfs://production/user/hdp_oc_team/hdp_oc_team.db/shopdomainregnaics/000090_0' to trash at: hdfs://production/user/hdp_oc_team/.Trash/Current
Moved: 'hdfs://production/user/hdp_oc_team/hdp_oc_team.db/shopdomainregnaics/000091_0' to trash at: hdfs://production/user/hdp_oc_team/.Trash/Current
Moved: 'hdfs://production/user/hdp_oc_team/hdp_oc_team.db/shopdomainregnaics/000092_0' to trash at: hdfs://production/user/hdp_oc_team/.Trash/Current
Moved: 'hdfs://production/user/hdp_oc_team/hdp_oc_team.db/shopdomainregnaics/000093_0' to trash at: hdfs://production/user/hdp_oc_team/.Trash/Current
Moved: 'hdfs://production/user/hdp_oc_team/hdp_oc_team.db/shopdomainregnaics/000094_0' to trash at: hdfs://production/user/hdp_oc_team/.Trash/Current
Moved: 'hdfs://production/user/hdp_oc_team/hdp_oc_team.db/shopdomainregnaics/000095_0' to trash at: hdfs://production/user/hdp_oc_team/.Trash/Current
Moved: 'hdfs://production/user/hdp_oc_team/hdp_oc_team.db/shopdomainregnaics/000096_0' to trash at: hdfs://production/user/hdp_oc_team/.Trash/Current
Moved: 'hdfs://production/user/hdp_oc_team/hdp_oc_team.db/shopdomainregnaics/000097_0' to trash at: hdfs://production/user/hdp_oc_team/.Trash/Current
Moved: 'hdfs://production/user/hdp_oc_team/hdp_oc_team.db/shopdomainregnaics/000098_0' to trash at: hdfs://production/user/hdp_oc_team/.Trash/Current
Table hdp_oc_team.shopdomainregnaics stats: [numFiles=99, numRows=25465234, totalSize=1733435769, rawDataSize=1707970535]
MapReduce Jobs Launched: 
Stage-Stage-1: Map: 187  Reduce: 99   Cumulative CPU: 6605.96 sec   HDFS Read: 25266170274 HDFS Write: 1733445273 SUCCESS
Total MapReduce CPU Time Spent: 0 days 1 hours 50 minutes 5 seconds 960 msec
OK
Time taken: 117.431 seconds
16/12/20 04:35:18 INFO tool.ConnectorExportTool: ConnectorExportTool starts at 1482233718127
16/12/20 04:35:19 INFO common.ConnectorPlugin: load plugins in file:/tmp/hadoop-unjar2451050523763726998/teradata.connector.plugins.xml
16/12/20 04:35:19 INFO processor.TeradataOutputProcessor: output preprocessor com.teradata.connector.teradata.processor.TeradataBatchInsertProcessor starts at:  1482233719427
16/12/20 04:35:20 INFO utils.TeradataUtils: the output database product is Teradata
16/12/20 04:35:20 INFO utils.TeradataUtils: the output database version is 15.0
16/12/20 04:35:20 INFO utils.TeradataUtils: the jdbc driver version is 15.0
16/12/20 04:35:20 INFO processor.TeradataOutputProcessor: the teradata connector for hadoop version is: 1.4.2
16/12/20 04:35:20 INFO processor.TeradataOutputProcessor: output jdbc properties are jdbc:teradata://godaddy3.prod.phx3.gdg/DATABASE=P_HadoopImp_S
16/12/20 04:35:20 INFO processor.TeradataBatchInsertProcessor: create output stage table ShopDomainRegNaics_STG_043520883the sql is CREATE MULTISET TABLE "ShopDomainRegNaics_STG_043520883", DATABLOCKSIZE = 130048 BYTES, NO FALLBACK, NO BEFORE JOURNAL, NO AFTER JOURNAL, CHECKSUM = DEFAULT ("shopper_id" VARCHAR(10) CHARACTER SET LATIN NOT CASESPECIFIC NULL, "domainid" VARCHAR(25) CHARACTER SET LATIN NOT CASESPECIFIC NULL, "naics" INTEGER NULL, "conf_score" DECIMAL(18, 10) NULL, "vertical" VARCHAR(100) CHARACTER SET LATIN NOT CASESPECIFIC NULL, "rankVal" INTEGER NULL, "TDCH_BI_TASKID" VARCHAR(40) NOT CASESPECIFIC NULL) NO PRIMARY INDEX  
16/12/20 04:35:20 INFO processor.TeradataOutputProcessor: the number of mappers are 144
16/12/20 04:35:20 INFO processor.TeradataOutputProcessor: output preprocessor com.teradata.connector.teradata.processor.TeradataBatchInsertProcessor ends at:  1482233720943
16/12/20 04:35:20 INFO processor.TeradataOutputProcessor: the total elapsed time of output preprocessor com.teradata.connector.teradata.processor.TeradataBatchInsertProcessor is: 1s
16/12/20 04:35:22 INFO hdfs.DFSClient: Created HDFS_DELEGATION_TOKEN token 20992710 for hdp_oc_team on ha-hdfs:production
16/12/20 04:35:22 INFO security.TokenCache: Got dt for hdfs://production; Kind: HDFS_DELEGATION_TOKEN, Service: ha-hdfs:production, Ident: (HDFS_DELEGATION_TOKEN token 20992710 for hdp_oc_team)
16/12/20 04:35:23 INFO input.FileInputFormat: Total input paths to process : 99
16/12/20 04:35:23 INFO input.FileInputFormat: Total input paths to process : 99
16/12/20 04:35:23 INFO input.CombineFileInputFormat: DEBUG: Terminated node allocation with : CompletedNodes: 208, size left: 0
16/12/20 04:35:23 INFO mapreduce.JobSubmitter: number of splits:99
16/12/20 04:35:23 INFO mapreduce.JobSubmitter: Submitting tokens for job: job_1478649307064_892292
16/12/20 04:35:23 INFO mapreduce.JobSubmitter: Kind: HDFS_DELEGATION_TOKEN, Service: ha-hdfs:production, Ident: (HDFS_DELEGATION_TOKEN token 20992710 for hdp_oc_team)
16/12/20 04:35:24 INFO impl.YarnClientImpl: Submitted application application_1478649307064_892292
16/12/20 04:35:24 INFO mapreduce.Job: The url to track the job: http://p3plpaname02.prod.phx3.gdg:8088/proxy/application_1478649307064_892292/
16/12/20 04:35:24 INFO mapreduce.Job: Running job: job_1478649307064_892292
16/12/20 04:35:38 INFO mapreduce.Job: Job job_1478649307064_892292 running in uber mode : false
16/12/20 04:35:38 INFO mapreduce.Job:  map 0% reduce 0%
16/12/20 04:35:52 INFO mapreduce.Job:  map 1% reduce 0%
16/12/20 04:35:53 INFO mapreduce.Job:  map 7% reduce 0%
16/12/20 04:35:54 INFO mapreduce.Job:  map 16% reduce 0%
16/12/20 04:35:55 INFO mapreduce.Job:  map 27% reduce 0%
16/12/20 04:35:56 INFO mapreduce.Job:  map 38% reduce 0%
16/12/20 04:35:57 INFO mapreduce.Job:  map 45% reduce 0%
16/12/20 04:35:58 INFO mapreduce.Job:  map 55% reduce 0%
16/12/20 04:35:59 INFO mapreduce.Job:  map 63% reduce 0%
16/12/20 04:36:00 INFO mapreduce.Job:  map 66% reduce 0%
16/12/20 04:36:01 INFO mapreduce.Job:  map 70% reduce 0%
16/12/20 04:36:02 INFO mapreduce.Job:  map 78% reduce 0%
16/12/20 04:36:03 INFO mapreduce.Job:  map 86% reduce 0%
16/12/20 04:36:04 INFO mapreduce.Job:  map 92% reduce 0%
16/12/20 04:36:05 INFO mapreduce.Job:  map 97% reduce 0%
16/12/20 04:36:07 INFO mapreduce.Job:  map 99% reduce 0%
16/12/20 04:36:09 INFO mapreduce.Job:  map 100% reduce 0%
16/12/20 04:36:11 INFO mapreduce.Job: Job job_1478649307064_892292 completed successfully
16/12/20 04:36:11 INFO mapreduce.Job: Counters: 32
	File System Counters
		FILE: Number of bytes read=0
		FILE: Number of bytes written=13934042
		FILE: Number of read operations=0
		FILE: Number of large read operations=0
		FILE: Number of write operations=0
		HDFS: Number of bytes read=1739215352
		HDFS: Number of bytes written=0
		HDFS: Number of read operations=297
		HDFS: Number of large read operations=0
		HDFS: Number of write operations=0
	Job Counters 
		Launched map tasks=99
		Other local map tasks=22
		Data-local map tasks=19
		Rack-local map tasks=58
		Total time spent by all maps in occupied slots (ms)=3845000
		Total time spent by all reduces in occupied slots (ms)=0
		Total time spent by all map tasks (ms)=1922500
		Total vcore-milliseconds taken by all map tasks=1922500
		Total megabyte-milliseconds taken by all map tasks=7874560000
	Map-Reduce Framework
		Map input records=25465234
		Map output records=25465234
		Input split bytes=26037
		Spilled Records=0
		Failed Shuffles=0
		Merged Map outputs=0
		GC time elapsed (ms)=53830
		CPU time spent (ms)=1922770
		Physical memory (bytes) snapshot=42611523584
		Virtual memory (bytes) snapshot=416798580736
		Total committed heap usage (bytes)=41225289728
	File Input Format Counters 
		Bytes Read=0
	File Output Format Counters 
		Bytes Written=0
16/12/20 04:36:11 INFO processor.TeradataOutputProcessor: output postprocessor com.teradata.connector.teradata.processor.TeradataBatchInsertProcessor starts at:  1482233771993
16/12/20 04:36:12 INFO processor.TeradataBatchInsertProcessor: insert from staget table to target table 
16/12/20 04:36:12 INFO processor.TeradataBatchInsertProcessor: the insert select sql starts at: 1482233772146
16/12/20 04:36:26 INFO processor.TeradataBatchInsertProcessor: the insert select sql ends at: 1482233786158
16/12/20 04:36:26 INFO processor.TeradataBatchInsertProcessor: the total elapsed time of the insert select sql  is: 14s
16/12/20 04:36:26 INFO processor.TeradataBatchInsertProcessor: drop stage table "ShopDomainRegNaics_STG_043520883"
16/12/20 04:36:26 INFO processor.TeradataOutputProcessor: output postprocessor com.teradata.connector.teradata.processor.TeradataBatchInsertProcessor ends at:  1482233771993
16/12/20 04:36:26 INFO processor.TeradataOutputProcessor: the total elapsed time of output postprocessor com.teradata.connector.teradata.processor.TeradataBatchInsertProcessor is: 14s
16/12/20 04:36:26 INFO tool.ConnectorExportTool: ConnectorExportTool ends at 1482233786491
16/12/20 04:36:26 INFO tool.ConnectorExportTool: ConnectorExportTool time is 68s
16/12/20 04:36:26 INFO tool.ConnectorExportTool: job completed with exit code 0
BTEQ 15.00.00.02 Tue Dec 20 04:36:27 2016 PID: 24498
 
+---------+---------+---------+---------+---------+---------+---------+----
.SET ECHOREQ ON
+---------+---------+---------+---------+---------+---------+---------+----
.SET ERROROUT STDOUT
 *** Error messages now directed to STDOUT.
+---------+---------+---------+---------+---------+---------+---------+----
.SET WIDTH 256
+---------+---------+---------+---------+---------+---------+---------+---------+---------+---------+---------+---------+---------+-


.LOGON godaddy3.prod.phx3.gdg/P_BTCH_HadoopImp,

 *** Logon successfully completed.
 *** Teradata Database Release is 15.00.02.03                   
 *** Teradata Database Version is 15.00.02.05                     
 *** Transaction Semantics are BTET.
 *** Session Character Set Name is 'ASCII'.
 
 *** Total elapsed time was 1 second.
 
+---------+---------+---------+---------+---------+---------+---------+---------+---------+---------+---------+---------+---------+-

SELECT TOP 1 * FROM P_HadoopImp_S.ShopDomainRegNaics_STG;

 *** Query completed. One row found. 6 columns returned. 
 *** Total elapsed time was 1 second.

shopper_id  domainid                         naics            conf_score  vertical                                                                                                  rankVal
----------  -------------------------  -----------  --------------------  ----------------------------------------------------------------------------------------------------  -----------
66993019    149271380                          561           .0921248233  Regulated - Non-Medical                                                                                         2

+---------+---------+---------+---------+---------+---------+---------+---------+---------+---------+---------+---------+---------+-

.IF ACTIVITYCOUNT = 0 THEN .GOTO E086
+---------+---------+---------+---------+---------+---------+---------+---------+---------+---------+---------+---------+---------+-

delete P_ARM_IMPORT.ShopDomainRegNaics all;

 *** Delete completed. 25465234 rows removed. 
 *** Total elapsed time was 2 seconds.


+---------+---------+---------+---------+---------+---------+---------+---------+---------+---------+---------+---------+---------+-

.IF ERRORCODE <> 0 THEN .GOTO E003
+---------+---------+---------+---------+---------+---------+---------+---------+---------+---------+---------+---------+---------+-

insert into P_ARM_IMPORT.ShopDomainRegNaics
SELECT *
FROM P_HadoopImp_S.ShopDomainRegNaics_STG;

 *** Insert completed. 25465234 rows added. 
 *** Total elapsed time was 3 seconds.


+---------+---------+---------+---------+---------+---------+---------+---------+---------+---------+---------+---------+---------+-

.IF ERRORCODE <> 0 THEN .GOTO E003
+---------+---------+---------+---------+---------+---------+---------+---------+---------+---------+---------+---------+---------+-

COLLECT STATS P_ARM_IMPORT.ShopDomainRegNaics COLUMN(shopper_id);

 *** Update completed. 2 rows changed. 
 *** Total elapsed time was 2 seconds.


+---------+---------+---------+---------+---------+---------+---------+---------+---------+---------+---------+---------+---------+-

.IF ERRORCODE <> 0 THEN .GOTO E003
+---------+---------+---------+---------+---------+---------+---------+---------+---------+---------+---------+---------+---------+-

DELETE P_HADOOPIMP_S.ShopDomainRegNaics_STG ALL;

 *** Delete completed. 25465234 rows removed. 
 *** Total elapsed time was 1 second.


+---------+---------+---------+---------+---------+---------+---------+---------+---------+---------+---------+---------+---------+-

.IF ERRORCODE <> 0 THEN .GOTO E003
+---------+---------+---------+---------+---------+---------+---------+---------+---------+---------+---------+---------+---------+-

------------------------------------------------------------------------
--  086 - Good exit
------------------------------------------------------------------------

.LABEL E086
+---------+---------+---------+---------+---------+---------+---------+---------+---------+---------+---------+---------+---------+-
.LOGOFF
 *** You are now logged off from the DBC.
+---------+---------+---------+---------+---------+---------+---------+---------+---------+---------+---------+---------+---------+-
.QUIT
 *** Exiting BTEQ...
 *** RC (return code) = 0 
