
Logging initialized using configuration in file:/etc/hive/conf/hive-log4j.properties
OK
Time taken: 1.228 seconds
16/12/20 02:30:21 WARN parse.RowResolver: Duplicate column info for d.gdshop_supporttypeid was overwritten in RowResolver map: _col2: int by _col2: int
16/12/20 02:30:21 WARN parse.RowResolver: Duplicate column info for st1.supporttypedescription was overwritten in RowResolver map: _col3: string by _col3: string
16/12/20 02:30:21 WARN parse.RowResolver: Duplicate column info for d.contactinfo was overwritten in RowResolver map: _col4: string by _col4: string
Query ID = hdp_oc_team_20161220023020_cd5fea9c-7213-4ec7-b626-74747b2f595a
Total jobs = 1
Execution log at: /tmp/hdp_oc_team/hdp_oc_team_20161220023020_cd5fea9c-7213-4ec7-b626-74747b2f595a.log
2016-12-20 02:30:25	Starting to launch local task to process map join;	maximum memory = 2092433408
2016-12-20 02:30:26	Dump the side-table for tag: 1 with group count: 81 into file: file:/tmp/hdp_oc_team/4f6fb6e5-3b14-41c4-be93-1d8b2a51c84f/hive_2016-12-20_02-30-20_779_7904751828963240651-1/-local-10003/HashTable-Stage-2/MapJoin-mapfile01--.hashtable
2016-12-20 02:30:27	Uploaded 1 File to: file:/tmp/hdp_oc_team/4f6fb6e5-3b14-41c4-be93-1d8b2a51c84f/hive_2016-12-20_02-30-20_779_7904751828963240651-1/-local-10003/HashTable-Stage-2/MapJoin-mapfile01--.hashtable (3464 bytes)
2016-12-20 02:30:27	End of local task; Time Taken: 1.748 sec.
Execution completed successfully
MapredLocal task succeeded
Launching Job 1 out of 1
Number of reduce tasks not specified. Estimated from input data size: 1
In order to change the average load for a reducer (in bytes):
  set hive.exec.reducers.bytes.per.reducer=<number>
In order to limit the maximum number of reducers:
  set hive.exec.reducers.max=<number>
In order to set a constant number of reducers:
  set mapreduce.job.reduces=<number>
16/12/20 02:30:28 ERROR mr.ExecDriver: yarn
16/12/20 02:30:28 WARN mapreduce.JobResourceUploader: Hadoop command-line option parsing not performed. Implement the Tool interface and execute your application with ToolRunner to remedy this.
Starting Job = job_1478649307064_888884, Tracking URL = http://p3plpaname02.prod.phx3.gdg:8088/proxy/application_1478649307064_888884/
Kill Command = /usr/lib/hadoop/bin/hadoop job  -kill job_1478649307064_888884
Hadoop job information for Stage-2: number of mappers: 1; number of reducers: 1
16/12/20 02:30:37 WARN mapreduce.Counters: Group org.apache.hadoop.mapred.Task$Counter is deprecated. Use org.apache.hadoop.mapreduce.TaskCounter instead
2016-12-20 02:30:37,964 Stage-2 map = 0%,  reduce = 0%
2016-12-20 02:30:53,580 Stage-2 map = 100%,  reduce = 0%, Cumulative CPU 7.77 sec
2016-12-20 02:31:04,008 Stage-2 map = 100%,  reduce = 100%, Cumulative CPU 12.47 sec
MapReduce Total cumulative CPU time: 12 seconds 470 msec
Ended Job = job_1478649307064_888884
Loading data to table hdp_oc_team.supportcontactinfo
Moved: 'hdfs://production/user/hdp_oc_team/hdp_oc_team.db/supportcontactinfo/000000_0' to trash at: hdfs://production/user/hdp_oc_team/.Trash/Current
Table hdp_oc_team.supportcontactinfo stats: [numFiles=1, numRows=16408, totalSize=853289, rawDataSize=836881]
MapReduce Jobs Launched: 
Stage-Stage-2: Map: 1  Reduce: 1   Cumulative CPU: 12.47 sec   HDFS Read: 50790 HDFS Write: 853382 SUCCESS
Total MapReduce CPU Time Spent: 12 seconds 470 msec
OK
Time taken: 45.193 seconds
16/12/20 02:31:06 INFO tool.ConnectorExportTool: ConnectorExportTool starts at 1482226266832
16/12/20 02:31:08 INFO common.ConnectorPlugin: load plugins in file:/tmp/hadoop-unjar8168543929836403546/teradata.connector.plugins.xml
16/12/20 02:31:08 INFO processor.TeradataOutputProcessor: output preprocessor com.teradata.connector.teradata.processor.TeradataBatchInsertProcessor starts at:  1482226268081
16/12/20 02:31:08 INFO utils.TeradataUtils: the output database product is Teradata
16/12/20 02:31:08 INFO utils.TeradataUtils: the output database version is 15.0
16/12/20 02:31:08 INFO utils.TeradataUtils: the jdbc driver version is 15.0
16/12/20 02:31:08 INFO processor.TeradataOutputProcessor: the teradata connector for hadoop version is: 1.4.2
16/12/20 02:31:08 INFO processor.TeradataOutputProcessor: output jdbc properties are jdbc:teradata://godaddy3.prod.phx3.gdg/DATABASE=P_HadoopImp_S
16/12/20 02:31:14 INFO processor.TeradataBatchInsertProcessor: create output stage table SupportContactInfo_STG_023113719the sql is CREATE MULTISET TABLE "SupportContactInfo_STG_023113719", DATABLOCKSIZE = 130048 BYTES, NO FALLBACK, NO BEFORE JOURNAL, NO AFTER JOURNAL, CHECKSUM = DEFAULT ("LcleCd" VARCHAR(50) CHARACTER SET LATIN NOT CASESPECIFIC NULL, "PrivLblId" INTEGER NULL, "SpprtTypId" INTEGER NULL, "SpprtTypDesc" VARCHAR(100) CHARACTER SET LATIN NOT CASESPECIFIC NULL, "CntctInfo" VARCHAR(100) CHARACTER SET LATIN NOT CASESPECIFIC NULL, "TDCH_BI_TASKID" VARCHAR(40) NOT CASESPECIFIC NULL) NO PRIMARY INDEX  
16/12/20 02:31:14 INFO processor.TeradataOutputProcessor: the number of mappers are 144
16/12/20 02:31:14 INFO processor.TeradataOutputProcessor: output preprocessor com.teradata.connector.teradata.processor.TeradataBatchInsertProcessor ends at:  1482226274500
16/12/20 02:31:14 INFO processor.TeradataOutputProcessor: the total elapsed time of output preprocessor com.teradata.connector.teradata.processor.TeradataBatchInsertProcessor is: 6s
16/12/20 02:31:15 INFO hdfs.DFSClient: Created HDFS_DELEGATION_TOKEN token 20988906 for hdp_oc_team on ha-hdfs:production
16/12/20 02:31:15 INFO security.TokenCache: Got dt for hdfs://production; Kind: HDFS_DELEGATION_TOKEN, Service: ha-hdfs:production, Ident: (HDFS_DELEGATION_TOKEN token 20988906 for hdp_oc_team)
16/12/20 02:31:15 INFO input.FileInputFormat: Total input paths to process : 1
16/12/20 02:31:15 INFO input.FileInputFormat: Total input paths to process : 1
16/12/20 02:31:16 INFO input.CombineFileInputFormat: DEBUG: Terminated node allocation with : CompletedNodes: 1, size left: 0
16/12/20 02:31:16 INFO mapreduce.JobSubmitter: number of splits:144
16/12/20 02:31:16 INFO mapreduce.JobSubmitter: Submitting tokens for job: job_1478649307064_888912
16/12/20 02:31:16 INFO mapreduce.JobSubmitter: Kind: HDFS_DELEGATION_TOKEN, Service: ha-hdfs:production, Ident: (HDFS_DELEGATION_TOKEN token 20988906 for hdp_oc_team)
16/12/20 02:31:16 INFO impl.YarnClientImpl: Submitted application application_1478649307064_888912
16/12/20 02:31:16 INFO mapreduce.Job: The url to track the job: http://p3plpaname02.prod.phx3.gdg:8088/proxy/application_1478649307064_888912/
16/12/20 02:31:16 INFO mapreduce.Job: Running job: job_1478649307064_888912
16/12/20 02:31:24 INFO mapreduce.Job: Job job_1478649307064_888912 running in uber mode : false
16/12/20 02:31:24 INFO mapreduce.Job:  map 0% reduce 0%
16/12/20 02:31:32 INFO mapreduce.Job:  map 5% reduce 0%
16/12/20 02:31:33 INFO mapreduce.Job:  map 10% reduce 0%
16/12/20 02:31:34 INFO mapreduce.Job:  map 19% reduce 0%
16/12/20 02:31:35 INFO mapreduce.Job:  map 39% reduce 0%
16/12/20 02:31:36 INFO mapreduce.Job:  map 51% reduce 0%
16/12/20 02:31:37 INFO mapreduce.Job:  map 62% reduce 0%
16/12/20 02:31:38 INFO mapreduce.Job:  map 74% reduce 0%
16/12/20 02:31:39 INFO mapreduce.Job:  map 81% reduce 0%
16/12/20 02:31:40 INFO mapreduce.Job:  map 85% reduce 0%
16/12/20 02:31:41 INFO mapreduce.Job:  map 91% reduce 0%
16/12/20 02:31:42 INFO mapreduce.Job:  map 92% reduce 0%
16/12/20 02:31:43 INFO mapreduce.Job:  map 94% reduce 0%
16/12/20 02:31:44 INFO mapreduce.Job:  map 97% reduce 0%
16/12/20 02:31:45 INFO mapreduce.Job:  map 98% reduce 0%
16/12/20 02:31:46 INFO mapreduce.Job:  map 99% reduce 0%
16/12/20 02:31:47 INFO mapreduce.Job:  map 100% reduce 0%
16/12/20 02:31:47 INFO mapreduce.Job: Job job_1478649307064_888912 completed successfully
16/12/20 02:31:47 INFO mapreduce.Job: Counters: 32
	File System Counters
		FILE: Number of bytes read=0
		FILE: Number of bytes written=20242738
		FILE: Number of read operations=0
		FILE: Number of large read operations=0
		FILE: Number of write operations=0
		HDFS: Number of bytes read=17495488
		HDFS: Number of bytes written=0
		HDFS: Number of read operations=289
		HDFS: Number of large read operations=0
		HDFS: Number of write operations=0
	Job Counters 
		Launched map tasks=144
		Other local map tasks=110
		Data-local map tasks=1
		Rack-local map tasks=33
		Total time spent by all maps in occupied slots (ms)=2461248
		Total time spent by all reduces in occupied slots (ms)=0
		Total time spent by all map tasks (ms)=1230624
		Total vcore-milliseconds taken by all map tasks=1230624
		Total megabyte-milliseconds taken by all map tasks=5040635904
	Map-Reduce Framework
		Map input records=16408
		Map output records=16408
		Input split bytes=24430
		Spilled Records=0
		Failed Shuffles=0
		Merged Map outputs=0
		GC time elapsed (ms)=33875
		CPU time spent (ms)=545810
		Physical memory (bytes) snapshot=51353444352
		Virtual memory (bytes) snapshot=604838961152
		Total committed heap usage (bytes)=59472084992
	File Input Format Counters 
		Bytes Read=0
	File Output Format Counters 
		Bytes Written=0
16/12/20 02:31:47 INFO processor.TeradataOutputProcessor: output postprocessor com.teradata.connector.teradata.processor.TeradataBatchInsertProcessor starts at:  1482226307908
16/12/20 02:31:48 INFO processor.TeradataBatchInsertProcessor: insert from staget table to target table 
16/12/20 02:31:48 INFO processor.TeradataBatchInsertProcessor: the insert select sql starts at: 1482226308017
16/12/20 02:31:48 INFO processor.TeradataBatchInsertProcessor: the insert select sql ends at: 1482226308719
16/12/20 02:31:48 INFO processor.TeradataBatchInsertProcessor: the total elapsed time of the insert select sql  is: 0s
16/12/20 02:31:48 INFO processor.TeradataBatchInsertProcessor: drop stage table "SupportContactInfo_STG_023113719"
16/12/20 02:31:48 INFO processor.TeradataOutputProcessor: output postprocessor com.teradata.connector.teradata.processor.TeradataBatchInsertProcessor ends at:  1482226307908
16/12/20 02:31:48 INFO processor.TeradataOutputProcessor: the total elapsed time of output postprocessor com.teradata.connector.teradata.processor.TeradataBatchInsertProcessor is: 0s
16/12/20 02:31:48 INFO tool.ConnectorExportTool: ConnectorExportTool ends at 1482226308894
16/12/20 02:31:48 INFO tool.ConnectorExportTool: ConnectorExportTool time is 42s
16/12/20 02:31:48 INFO tool.ConnectorExportTool: job completed with exit code 0
BTEQ 15.00.00.02 Tue Dec 20 02:31:49 2016 PID: 18816
 
+---------+---------+---------+---------+---------+---------+---------+----
.SET ECHOREQ ON
+---------+---------+---------+---------+---------+---------+---------+----
.SET ERROROUT STDOUT
 *** Error messages now directed to STDOUT.
+---------+---------+---------+---------+---------+---------+---------+----
.SET WIDTH 256
+---------+---------+---------+---------+---------+---------+---------+---------+---------+---------+---------+---------+---------+-


.LOGON godaddy3.prod.phx3.gdg/P_BTCH_HadoopImp,

 *** Logon successfully completed.
 *** Teradata Database Release is 15.00.02.03                   
 *** Teradata Database Version is 15.00.02.05                     
 *** Transaction Semantics are BTET.
 *** Session Character Set Name is 'ASCII'.
 
 *** Total elapsed time was 1 second.
 
+---------+---------+---------+---------+---------+---------+---------+---------+---------+---------+---------+---------+---------+-

SELECT TOP 1 * FROM P_HadoopImp_S.SupportContactInfo_STG;

 *** Query completed. One row found. 5 columns returned. 
 *** Total elapsed time was 1 second.

LcleCd                                               PrivLblId  SpprtTypId SpprtTypDesc                                                                                         CntctInfo
-------------------------------------------------- ----------- ----------- ---------------------------------------------------------------------------------------------------- --------------------------------------------------------------------------------
en-PH                                                        3          66 tes.DONOTREPLY_EMAIL                                                                                 donotreply@secureserver.net

+---------+---------+---------+---------+---------+---------+---------+---------+---------+---------+---------+---------+---------+-

.IF ACTIVITYCOUNT = 0 THEN .GOTO E086
+---------+---------+---------+---------+---------+---------+---------+---------+---------+---------+---------+---------+---------+-

delete P_ARM_IMPORT.SupportContactInfo all;

 *** Delete completed. 16408 rows removed. 
 *** Total elapsed time was 1 second.


+---------+---------+---------+---------+---------+---------+---------+---------+---------+---------+---------+---------+---------+-

.IF ERRORCODE <> 0 THEN .GOTO E003
+---------+---------+---------+---------+---------+---------+---------+---------+---------+---------+---------+---------+---------+-

insert into P_ARM_IMPORT.SupportContactInfo
SELECT 
*
FROM P_HadoopImp_S.SupportContactInfo_STG;

 *** Insert completed. 16408 rows added. 
 *** Total elapsed time was 1 second.


+---------+---------+---------+---------+---------+---------+---------+---------+---------+---------+---------+---------+---------+-

.IF ERRORCODE <> 0 THEN .GOTO E003
+---------+---------+---------+---------+---------+---------+---------+---------+---------+---------+---------+---------+---------+-

COLLECT STATS P_ARM_IMPORT.SupportContactInfo COLUMN(LcleCd, PrivLblId, SpprtTypId);

 *** Update completed. 2 rows changed. 
 *** Total elapsed time was 1 second.


+---------+---------+---------+---------+---------+---------+---------+---------+---------+---------+---------+---------+---------+-

.IF ERRORCODE <> 0 THEN .GOTO E003
+---------+---------+---------+---------+---------+---------+---------+---------+---------+---------+---------+---------+---------+-

DELETE P_HADOOPIMP_S.SupportContactInfo_STG ALL;

 *** Delete completed. 16408 rows removed. 
 *** Total elapsed time was 1 second.


+---------+---------+---------+---------+---------+---------+---------+---------+---------+---------+---------+---------+---------+-

.IF ERRORCODE <> 0 THEN .GOTO E003
+---------+---------+---------+---------+---------+---------+---------+---------+---------+---------+---------+---------+---------+-

------------------------------------------------------------------------
--  086 - Good exit
------------------------------------------------------------------------

.LABEL E086
+---------+---------+---------+---------+---------+---------+---------+---------+---------+---------+---------+---------+---------+-
.LOGOFF
 *** You are now logged off from the DBC.
+---------+---------+---------+---------+---------+---------+---------+---------+---------+---------+---------+---------+---------+-
.QUIT
 *** Exiting BTEQ...
 *** RC (return code) = 0 
